[0.061s] Invoking command in '/home/hemingshan/exo_ws/src/build/exoskeleton_control': CMAKE_PREFIX_PATH=${CMAKE_PREFIX_PATH}:/home/hemingshan/exo_ws/install/pattern_recognition:/opt/ros/foxy /usr/bin/cmake --build /home/hemingshan/exo_ws/src/build/exoskeleton_control -- -j8 -l8
[0.691s] [  8%] Built target EciDemo113
[0.692s] [ 16%] Built target EciDemoCommon
[0.693s] [ 32%] Built target Exoskeleton_kinematics
[0.693s] [ 32%] Built target Exoskeleton_dynamics
[0.694s] [ 40%] Built target Test
[0.694s] [ 48%] Built target Admittance_control_Hardware
[0.696s] [ 56%] Built target Admittance_control_Software
[0.696s] [ 68%] Built target EciDemo
[0.697s] [ 80%] Built target Eci_keyboard
[0.697s] [ 88%] Built target Angle_Send
[0.697s] [100%] Built target Angle_Driver
[0.699s] Invoked command in '/home/hemingshan/exo_ws/src/build/exoskeleton_control' returned '0': CMAKE_PREFIX_PATH=${CMAKE_PREFIX_PATH}:/home/hemingshan/exo_ws/install/pattern_recognition:/opt/ros/foxy /usr/bin/cmake --build /home/hemingshan/exo_ws/src/build/exoskeleton_control -- -j8 -l8
[0.861s] Invoking command in '/home/hemingshan/exo_ws/src/build/exoskeleton_control': CMAKE_PREFIX_PATH=${CMAKE_PREFIX_PATH}:/home/hemingshan/exo_ws/install/pattern_recognition:/opt/ros/foxy /usr/bin/cmake --install /home/hemingshan/exo_ws/src/build/exoskeleton_control
[0.866s] -- Install configuration: ""
[0.867s] -- Up-to-date: /home/hemingshan/exo_ws/src/install/exoskeleton_control/lib/exoskeleton_control/EciDemo
[0.867s] -- Up-to-date: /home/hemingshan/exo_ws/src/install/exoskeleton_control/lib/exoskeleton_control/Eci_keyboard
[0.867s] -- Up-to-date: /home/hemingshan/exo_ws/src/install/exoskeleton_control/lib/exoskeleton_control/Angle_Send
[0.867s] -- Up-to-date: /home/hemingshan/exo_ws/src/install/exoskeleton_control/lib/exoskeleton_control/Angle_Driver
[0.867s] -- Up-to-date: /home/hemingshan/exo_ws/src/install/exoskeleton_control/lib/exoskeleton_control/Exoskeleton_kinematics
[0.867s] -- Up-to-date: /home/hemingshan/exo_ws/src/install/exoskeleton_control/lib/exoskeleton_control/Exoskeleton_dynamics
[0.868s] -- Up-to-date: /home/hemingshan/exo_ws/src/install/exoskeleton_control/lib/exoskeleton_control/Admittance_control_Software
[0.868s] -- Up-to-date: /home/hemingshan/exo_ws/src/install/exoskeleton_control/lib/exoskeleton_control/Admittance_control_Hardware
[0.868s] -- Up-to-date: /home/hemingshan/exo_ws/src/install/exoskeleton_control/lib/exoskeleton_control/Test
[0.870s] -- Up-to-date: /home/hemingshan/exo_ws/src/install/exoskeleton_control/share/ament_index/resource_index/package_run_dependencies/exoskeleton_control
[0.871s] -- Up-to-date: /home/hemingshan/exo_ws/src/install/exoskeleton_control/share/ament_index/resource_index/parent_prefix_path/exoskeleton_control
[0.871s] -- Up-to-date: /home/hemingshan/exo_ws/src/install/exoskeleton_control/share/exoskeleton_control/environment/ament_prefix_path.sh
[0.873s] -- Up-to-date: /home/hemingshan/exo_ws/src/install/exoskeleton_control/share/exoskeleton_control/environment/ament_prefix_path.dsv
[0.873s] -- Up-to-date: /home/hemingshan/exo_ws/src/install/exoskeleton_control/share/exoskeleton_control/environment/path.sh
[0.873s] -- Up-to-date: /home/hemingshan/exo_ws/src/install/exoskeleton_control/share/exoskeleton_control/environment/path.dsv
[0.873s] -- Up-to-date: /home/hemingshan/exo_ws/src/install/exoskeleton_control/share/exoskeleton_control/local_setup.bash
[0.874s] -- Up-to-date: /home/hemingshan/exo_ws/src/install/exoskeleton_control/share/exoskeleton_control/local_setup.sh
[0.874s] -- Up-to-date: /home/hemingshan/exo_ws/src/install/exoskeleton_control/share/exoskeleton_control/local_setup.zsh
[0.874s] -- Up-to-date: /home/hemingshan/exo_ws/src/install/exoskeleton_control/share/exoskeleton_control/local_setup.dsv
[0.875s] -- Installing: /home/hemingshan/exo_ws/src/install/exoskeleton_control/share/exoskeleton_control/package.dsv
[0.875s] -- Up-to-date: /home/hemingshan/exo_ws/src/install/exoskeleton_control/share/ament_index/resource_index/packages/exoskeleton_control
[0.875s] -- Up-to-date: /home/hemingshan/exo_ws/src/install/exoskeleton_control/share/exoskeleton_control/cmake/exoskeleton_controlConfig.cmake
[0.875s] -- Up-to-date: /home/hemingshan/exo_ws/src/install/exoskeleton_control/share/exoskeleton_control/cmake/exoskeleton_controlConfig-version.cmake
[0.875s] -- Up-to-date: /home/hemingshan/exo_ws/src/install/exoskeleton_control/share/exoskeleton_control/package.xml
[0.887s] Invoked command in '/home/hemingshan/exo_ws/src/build/exoskeleton_control' returned '0': CMAKE_PREFIX_PATH=${CMAKE_PREFIX_PATH}:/home/hemingshan/exo_ws/install/pattern_recognition:/opt/ros/foxy /usr/bin/cmake --install /home/hemingshan/exo_ws/src/build/exoskeleton_control
