In file included from [01m[K/home/hemingshan/exo_ws/src/sensor_module/src/IMU/MPU6050.cpp:1[m[K:
[01m[K/home/hemingshan/exo_ws/src/sensor_module/include/sensor_module/MPU6050.hpp:[m[K In member function ‘[01m[Kfloat* MPU6050::Read_Data()[m[K’:
[01m[K/home/hemingshan/exo_ws/src/sensor_module/include/sensor_module/MPU6050.hpp:109:28:[m[K [01;35m[Kwarning: [m[Kaddress of local variable ‘[01m[Kangle[m[K’ returned [[01;35m[K-Wreturn-local-addr[m[K]
  109 |                     return [01;35m[Kangle[m[K;
      |                            [01;35m[K^~~~~[m[K
[01m[K/home/hemingshan/exo_ws/src/sensor_module/include/sensor_module/MPU6050.hpp:107:27:[m[K [01;36m[Knote: [m[Kdeclared here
  107 |                     float [01;36m[Kangle[m[K[3] = {angle_x,angle_y,angle_z};
      |                           [01;36m[K^~~~~[m[K
In file included from [01m[K/home/hemingshan/exo_ws/src/sensor_module/src/IMU/Exoskeleton_Thigh.cpp:1[m[K:
[01m[K/home/hemingshan/exo_ws/src/sensor_module/include/sensor_module/MPU6050.hpp:[m[K In member function ‘[01m[Kfloat* MPU6050::Read_Data()[m[K’:
[01m[K/home/hemingshan/exo_ws/src/sensor_module/include/sensor_module/MPU6050.hpp:109:28:[m[K [01;35m[Kwarning: [m[Kaddress of local variable ‘[01m[Kangle[m[K’ returned [[01;35m[K-Wreturn-local-addr[m[K]
  109 |                     return [01;35m[Kangle[m[K;
      |                            [01;35m[K^~~~~[m[K
[01m[K/home/hemingshan/exo_ws/src/sensor_module/include/sensor_module/MPU6050.hpp:107:27:[m[K [01;36m[Knote: [m[Kdeclared here
  107 |                     float [01;36m[Kangle[m[K[3] = {angle_x,angle_y,angle_z};
      |                           [01;36m[K^~~~~[m[K
In file included from [01m[K/home/hemingshan/exo_ws/src/sensor_module/src/IMU/MPU6050_Calf.cpp:1[m[K:
[01m[K/home/hemingshan/exo_ws/src/sensor_module/include/sensor_module/MPU6050.hpp:[m[K In member function ‘[01m[Kfloat* MPU6050::Read_Data()[m[K’:
[01m[K/home/hemingshan/exo_ws/src/sensor_module/include/sensor_module/MPU6050.hpp:109:28:[m[K [01;35m[Kwarning: [m[Kaddress of local variable ‘[01m[Kangle[m[K’ returned [[01;35m[K-Wreturn-local-addr[m[K]
  109 |                     return [01;35m[Kangle[m[K;
      |                            [01;35m[K^~~~~[m[K
[01m[K/home/hemingshan/exo_ws/src/sensor_module/include/sensor_module/MPU6050.hpp:107:27:[m[K [01;36m[Knote: [m[Kdeclared here
  107 |                     float [01;36m[Kangle[m[K[3] = {angle_x,angle_y,angle_z};
      |                           [01;36m[K^~~~~[m[K
In file included from [01m[K/home/hemingshan/exo_ws/src/sensor_module/src/IMU/MPU6050_Thigh.cpp:1[m[K:
[01m[K/home/hemingshan/exo_ws/src/sensor_module/include/sensor_module/MPU6050.hpp:[m[K In member function ‘[01m[Kfloat* MPU6050::Read_Data()[m[K’:
[01m[K/home/hemingshan/exo_ws/src/sensor_module/include/sensor_module/MPU6050.hpp:109:28:[m[K [01;35m[Kwarning: [m[Kaddress of local variable ‘[01m[Kangle[m[K’ returned [[01;35m[K-Wreturn-local-addr[m[K]
  109 |                     return [01;35m[Kangle[m[K;
      |                            [01;35m[K^~~~~[m[K
[01m[K/home/hemingshan/exo_ws/src/sensor_module/include/sensor_module/MPU6050.hpp:107:27:[m[K [01;36m[Knote: [m[Kdeclared here
  107 |                     float [01;36m[Kangle[m[K[3] = {angle_x,angle_y,angle_z};
      |                           [01;36m[K^~~~~[m[K
In file included from [01m[K/home/hemingshan/exo_ws/src/sensor_module/src/IMU/Exoskeleton_Calf.cpp:1[m[K:
[01m[K/home/hemingshan/exo_ws/src/sensor_module/include/sensor_module/MPU6050.hpp:[m[K In member function ‘[01m[Kfloat* MPU6050::Read_Data()[m[K’:
[01m[K/home/hemingshan/exo_ws/src/sensor_module/include/sensor_module/MPU6050.hpp:109:28:[m[K [01;35m[Kwarning: [m[Kaddress of local variable ‘[01m[Kangle[m[K’ returned [[01;35m[K-Wreturn-local-addr[m[K]
  109 |                     return [01;35m[Kangle[m[K;
      |                            [01;35m[K^~~~~[m[K
[01m[K/home/hemingshan/exo_ws/src/sensor_module/include/sensor_module/MPU6050.hpp:107:27:[m[K [01;36m[Knote: [m[Kdeclared here
  107 |                     float [01;36m[Kangle[m[K[3] = {angle_x,angle_y,angle_z};
      |                           [01;36m[K^~~~~[m[K
[01m[K/home/hemingshan/exo_ws/src/sensor_module/src/IMU/MPU6050.cpp:[m[K At global scope:
[01m[K/home/hemingshan/exo_ws/src/sensor_module/src/IMU/MPU6050.cpp:20:28:[m[K [01;35m[Kwarning: [m[KISO C++ forbids converting a string constant to ‘[01m[Kchar*[m[K’ [[01;35m[K-Wwrite-strings[m[K]
   20 | MPU6050 mpu6050 = MPU6050 ([01;35m[K"/dev/ttyUSB1"[m[K,B115200,"Left_Knee");
      |                            [01;35m[K^~~~~~~~~~~~~~[m[K
[01m[K/home/hemingshan/exo_ws/src/sensor_module/src/IMU/MPU6050.cpp:20:51:[m[K [01;35m[Kwarning: [m[KISO C++ forbids converting a string constant to ‘[01m[Kchar*[m[K’ [[01;35m[K-Wwrite-strings[m[K]
   20 | MPU6050 mpu6050 = MPU6050 ("/dev/ttyUSB1",B115200,[01;35m[K"Left_Knee"[m[K);
      |                                                   [01;35m[K^~~~~~~~~~~[m[K
[01m[K/home/hemingshan/exo_ws/src/sensor_module/src/IMU/MPU6050.cpp:[m[K In lambda function:
[01m[K/home/hemingshan/exo_ws/src/sensor_module/src/IMU/MPU6050.cpp:43:28:[m[K [01;35m[Kwarning: [m[Kunused variable ‘[01m[Kcount[m[K’ [[01;35m[K-Wunused-variable[m[K]
   43 |             static int32_t [01;35m[Kcount[m[K = 0;
      |                            [01;35m[K^~~~~[m[K
[01m[K/home/hemingshan/exo_ws/src/sensor_module/src/IMU/MPU6050.cpp:47:21:[m[K [01;35m[Kwarning: [m[Kvariable ‘[01m[KAngle[m[K’ set but not used [[01;35m[K-Wunused-but-set-variable[m[K]
   47 |             float * [01;35m[KAngle[m[K;
      |                     [01;35m[K^~~~~[m[K
[01m[K/home/hemingshan/exo_ws/src/sensor_module/src/IMU/Exoskeleton_Thigh.cpp:[m[K At global scope:
[01m[K/home/hemingshan/exo_ws/src/sensor_module/src/IMU/Exoskeleton_Thigh.cpp:15:25:[m[K [01;35m[Kwarning: [m[KISO C++ forbids converting a string constant to ‘[01m[Kchar*[m[K’ [[01;35m[K-Wwrite-strings[m[K]
   15 | #define     USB_DEVICE  [01;35m[K"/dev/ttyUSB3"[m[K
      |                         [01;35m[K^~~~~~~~~~~~~~[m[K
[01m[K/home/hemingshan/exo_ws/src/sensor_module/src/IMU/Exoskeleton_Thigh.cpp:15:25:[m[K [01;36m[Knote: [m[Kin definition of macro ‘[01m[KUSB_DEVICE[m[K’
   15 | #define     USB_DEVICE  [01;36m[K"/dev/ttyUSB3"[m[K
      |                         [01;36m[K^~~~~~~~~~~~~~[m[K
[01m[K/home/hemingshan/exo_ws/src/sensor_module/src/IMU/Exoskeleton_Thigh.cpp:22:47:[m[K [01;35m[Kwarning: [m[KISO C++ forbids converting a string constant to ‘[01m[Kchar*[m[K’ [[01;35m[K-Wwrite-strings[m[K]
   22 | MPU6050 mpu6050 = MPU6050 (USB_DEVICE,B115200,[01;35m[K"Left_Thigh"[m[K);
      |                                               [01;35m[K^~~~~~~~~~~~[m[K
[01m[K/home/hemingshan/exo_ws/src/sensor_module/src/IMU/Exoskeleton_Thigh.cpp:[m[K In lambda function:
[01m[K/home/hemingshan/exo_ws/src/sensor_module/src/IMU/Exoskeleton_Thigh.cpp:46:28:[m[K [01;35m[Kwarning: [m[Kunused variable ‘[01m[Kcount[m[K’ [[01;35m[K-Wunused-variable[m[K]
   46 |             static int32_t [01;35m[Kcount[m[K = 0;
      |                            [01;35m[K^~~~~[m[K
[01m[K/home/hemingshan/exo_ws/src/sensor_module/src/IMU/Exoskeleton_Thigh.cpp:50:21:[m[K [01;35m[Kwarning: [m[Kvariable ‘[01m[KAngle[m[K’ set but not used [[01;35m[K-Wunused-but-set-variable[m[K]
   50 |             float * [01;35m[KAngle[m[K;
      |                     [01;35m[K^~~~~[m[K
[01m[K/home/hemingshan/exo_ws/src/sensor_module/src/IMU/MPU6050_Thigh.cpp:[m[K At global scope:
[01m[K/home/hemingshan/exo_ws/src/sensor_module/src/IMU/MPU6050_Thigh.cpp:15:25:[m[K [01;35m[Kwarning: [m[KISO C++ forbids converting a string constant to ‘[01m[Kchar*[m[K’ [[01;35m[K-Wwrite-strings[m[K]
   15 | #define     USB_DEVICE  [01;35m[K"/dev/ttyUSB1"[m[K
      |                         [01;35m[K^~~~~~~~~~~~~~[m[K
[01m[K/home/hemingshan/exo_ws/src/sensor_module/src/IMU/MPU6050_Thigh.cpp:15:25:[m[K [01;36m[Knote: [m[Kin definition of macro ‘[01m[KUSB_DEVICE[m[K’
   15 | #define     USB_DEVICE  [01;36m[K"/dev/ttyUSB1"[m[K
      |                         [01;36m[K^~~~~~~~~~~~~~[m[K
[01m[K/home/hemingshan/exo_ws/src/sensor_module/src/IMU/MPU6050_Thigh.cpp:22:47:[m[K [01;35m[Kwarning: [m[KISO C++ forbids converting a string constant to ‘[01m[Kchar*[m[K’ [[01;35m[K-Wwrite-strings[m[K]
   22 | MPU6050 mpu6050 = MPU6050 (USB_DEVICE,B115200,[01;35m[K"Left_Thigh"[m[K);
      |                                               [01;35m[K^~~~~~~~~~~~[m[K
[01m[K/home/hemingshan/exo_ws/src/sensor_module/src/IMU/Exoskeleton_Calf.cpp:[m[K At global scope:
[01m[K/home/hemingshan/exo_ws/src/sensor_module/src/IMU/Exoskeleton_Calf.cpp:15:25:[m[K [01;35m[Kwarning: [m[KISO C++ forbids converting a string constant to ‘[01m[Kchar*[m[K’ [[01;35m[K-Wwrite-strings[m[K]
   15 | #define     USB_DEVICE  [01;35m[K"/dev/ttyUSB4"[m[K
      |                         [01;35m[K^~~~~~~~~~~~~~[m[K
[01m[K/home/hemingshan/exo_ws/src/sensor_module/src/IMU/Exoskeleton_Calf.cpp:15:25:[m[K [01;36m[Knote: [m[Kin definition of macro ‘[01m[KUSB_DEVICE[m[K’
   15 | #define     USB_DEVICE  [01;36m[K"/dev/ttyUSB4"[m[K
      |                         [01;36m[K^~~~~~~~~~~~~~[m[K
[01m[K/home/hemingshan/exo_ws/src/sensor_module/src/IMU/Exoskeleton_Calf.cpp:22:47:[m[K [01;35m[Kwarning: [m[KISO C++ forbids converting a string constant to ‘[01m[Kchar*[m[K’ [[01;35m[K-Wwrite-strings[m[K]
   22 | MPU6050 mpu6050 = MPU6050 (USB_DEVICE,B115200,[01;35m[K"Left_Calf"[m[K);
      |                                               [01;35m[K^~~~~~~~~~~[m[K
[01m[K/home/hemingshan/exo_ws/src/sensor_module/src/IMU/Exoskeleton_Calf.cpp:[m[K In lambda function:
[01m[K/home/hemingshan/exo_ws/src/sensor_module/src/IMU/Exoskeleton_Calf.cpp:46:28:[m[K [01;35m[Kwarning: [m[Kunused variable ‘[01m[Kcount[m[K’ [[01;35m[K-Wunused-variable[m[K]
   46 |             static int32_t [01;35m[Kcount[m[K = 0;
      |                            [01;35m[K^~~~~[m[K
[01m[K/home/hemingshan/exo_ws/src/sensor_module/src/IMU/Exoskeleton_Calf.cpp:50:21:[m[K [01;35m[Kwarning: [m[Kvariable ‘[01m[KAngle[m[K’ set but not used [[01;35m[K-Wunused-but-set-variable[m[K]
   50 |             float * [01;35m[KAngle[m[K;
      |                     [01;35m[K^~~~~[m[K
[01m[K/home/hemingshan/exo_ws/src/sensor_module/src/IMU/MPU6050_Thigh.cpp:[m[K In lambda function:
[01m[K/home/hemingshan/exo_ws/src/sensor_module/src/IMU/MPU6050_Thigh.cpp:46:28:[m[K [01;35m[Kwarning: [m[Kunused variable ‘[01m[Kcount[m[K’ [[01;35m[K-Wunused-variable[m[K]
   46 |             static int32_t [01;35m[Kcount[m[K = 0;
      |                            [01;35m[K^~~~~[m[K
[01m[K/home/hemingshan/exo_ws/src/sensor_module/src/IMU/MPU6050_Thigh.cpp:50:21:[m[K [01;35m[Kwarning: [m[Kvariable ‘[01m[KAngle[m[K’ set but not used [[01;35m[K-Wunused-but-set-variable[m[K]
   50 |             float * [01;35m[KAngle[m[K;
      |                     [01;35m[K^~~~~[m[K
[01m[K/home/hemingshan/exo_ws/src/sensor_module/src/IMU/MPU6050_Calf.cpp:[m[K At global scope:
[01m[K/home/hemingshan/exo_ws/src/sensor_module/src/IMU/MPU6050_Calf.cpp:15:25:[m[K [01;35m[Kwarning: [m[KISO C++ forbids converting a string constant to ‘[01m[Kchar*[m[K’ [[01;35m[K-Wwrite-strings[m[K]
   15 | #define     USB_DEVICE  [01;35m[K"/dev/ttyUSB2"[m[K
      |                         [01;35m[K^~~~~~~~~~~~~~[m[K
[01m[K/home/hemingshan/exo_ws/src/sensor_module/src/IMU/MPU6050_Calf.cpp:15:25:[m[K [01;36m[Knote: [m[Kin definition of macro ‘[01m[KUSB_DEVICE[m[K’
   15 | #define     USB_DEVICE  [01;36m[K"/dev/ttyUSB2"[m[K
      |                         [01;36m[K^~~~~~~~~~~~~~[m[K
[01m[K/home/hemingshan/exo_ws/src/sensor_module/src/IMU/MPU6050_Calf.cpp:23:47:[m[K [01;35m[Kwarning: [m[KISO C++ forbids converting a string constant to ‘[01m[Kchar*[m[K’ [[01;35m[K-Wwrite-strings[m[K]
   23 | MPU6050 mpu6050 = MPU6050 (USB_DEVICE,B115200,[01;35m[K"Left_Calf"[m[K);
      |                                               [01;35m[K^~~~~~~~~~~[m[K
[01m[K/home/hemingshan/exo_ws/src/sensor_module/src/IMU/MPU6050_Calf.cpp:[m[K In lambda function:
[01m[K/home/hemingshan/exo_ws/src/sensor_module/src/IMU/MPU6050_Calf.cpp:47:28:[m[K [01;35m[Kwarning: [m[Kunused variable ‘[01m[Kcount[m[K’ [[01;35m[K-Wunused-variable[m[K]
   47 |             static int32_t [01;35m[Kcount[m[K = 0;
      |                            [01;35m[K^~~~~[m[K
[01m[K/home/hemingshan/exo_ws/src/sensor_module/src/IMU/MPU6050_Calf.cpp:51:21:[m[K [01;35m[Kwarning: [m[Kvariable ‘[01m[KAngle[m[K’ set but not used [[01;35m[K-Wunused-but-set-variable[m[K]
   51 |             float * [01;35m[KAngle[m[K;
      |                     [01;35m[K^~~~~[m[K
[01m[K/home/hemingshan/exo_ws/src/sensor_module/src/Force/Piezoelectric.cpp:15:25:[m[K [01;35m[Kwarning: [m[KISO C++ forbids converting a string constant to ‘[01m[Kchar*[m[K’ [[01;35m[K-Wwrite-strings[m[K]
   15 | #define     USB_DEVICE  [01;35m[K"/dev/ttyUSB0"[m[K
      |                         [01;35m[K^~~~~~~~~~~~~~[m[K
[01m[K/home/hemingshan/exo_ws/src/sensor_module/src/Force/Piezoelectric.cpp:15:25:[m[K [01;36m[Knote: [m[Kin definition of macro ‘[01m[KUSB_DEVICE[m[K’
   15 | #define     USB_DEVICE  [01;36m[K"/dev/ttyUSB0"[m[K
      |                         [01;36m[K^~~~~~~~~~~~~~[m[K
[01m[K/home/hemingshan/exo_ws/src/sensor_module/src/Force/Piezoelectric.cpp:[m[K In lambda function:
[01m[K/home/hemingshan/exo_ws/src/sensor_module/src/Force/Piezoelectric.cpp:45:28:[m[K [01;35m[Kwarning: [m[Kunused variable ‘[01m[Kcount[m[K’ [[01;35m[K-Wunused-variable[m[K]
   45 |             static int32_t [01;35m[Kcount[m[K = 0;
      |                            [01;35m[K^~~~~[m[K
In file included from [01m[K/home/hemingshan/exo_ws/src/sensor_module/src/IMU/MPU6050.cpp:1[m[K:
[01m[K/home/hemingshan/exo_ws/src/sensor_module/include/sensor_module/MPU6050.hpp:[m[K In member function ‘[01m[KEigen::Matrix<float, 3, 1> MPU6050::Read()[m[K’:
[01m[K/home/hemingshan/exo_ws/src/sensor_module/include/sensor_module/MPU6050.hpp:79:1:[m[K [01;35m[Kwarning: [m[Kcontrol reaches end of non-void function [[01;35m[K-Wreturn-type[m[K]
   79 | [01;35m[K}[m[K
      | [01;35m[K^[m[K
[01m[K/home/hemingshan/exo_ws/src/sensor_module/include/sensor_module/MPU6050.hpp:[m[K In member function ‘[01m[Kfloat* MPU6050::Read_Data()[m[K’:
[01m[K/home/hemingshan/exo_ws/src/sensor_module/include/sensor_module/MPU6050.hpp:114:1:[m[K [01;35m[Kwarning: [m[Kcontrol reaches end of non-void function [[01;35m[K-Wreturn-type[m[K]
  114 | [01;35m[K}[m[K
      | [01;35m[K^[m[K
In file included from [01m[K/home/hemingshan/exo_ws/src/sensor_module/src/IMU/Exoskeleton_Thigh.cpp:1[m[K:
[01m[K/home/hemingshan/exo_ws/src/sensor_module/include/sensor_module/MPU6050.hpp:[m[K In member function ‘[01m[KEigen::Matrix<float, 3, 1> MPU6050::Read()[m[K’:
[01m[K/home/hemingshan/exo_ws/src/sensor_module/include/sensor_module/MPU6050.hpp:79:1:[m[K [01;35m[Kwarning: [m[Kcontrol reaches end of non-void function [[01;35m[K-Wreturn-type[m[K]
   79 | [01;35m[K}[m[K
      | [01;35m[K^[m[K
[01m[K/home/hemingshan/exo_ws/src/sensor_module/include/sensor_module/MPU6050.hpp:[m[K In member function ‘[01m[Kfloat* MPU6050::Read_Data()[m[K’:
[01m[K/home/hemingshan/exo_ws/src/sensor_module/include/sensor_module/MPU6050.hpp:114:1:[m[K [01;35m[Kwarning: [m[Kcontrol reaches end of non-void function [[01;35m[K-Wreturn-type[m[K]
  114 | [01;35m[K}[m[K
      | [01;35m[K^[m[K
In file included from [01m[K/home/hemingshan/exo_ws/src/sensor_module/src/IMU/Exoskeleton_Calf.cpp:1[m[K:
[01m[K/home/hemingshan/exo_ws/src/sensor_module/include/sensor_module/MPU6050.hpp:[m[K In member function ‘[01m[KEigen::Matrix<float, 3, 1> MPU6050::Read()[m[K’:
[01m[K/home/hemingshan/exo_ws/src/sensor_module/include/sensor_module/MPU6050.hpp:79:1:[m[K [01;35m[Kwarning: [m[Kcontrol reaches end of non-void function [[01;35m[K-Wreturn-type[m[K]
   79 | [01;35m[K}[m[K
      | [01;35m[K^[m[K
[01m[K/home/hemingshan/exo_ws/src/sensor_module/include/sensor_module/MPU6050.hpp:[m[K In member function ‘[01m[Kfloat* MPU6050::Read_Data()[m[K’:
[01m[K/home/hemingshan/exo_ws/src/sensor_module/include/sensor_module/MPU6050.hpp:114:1:[m[K [01;35m[Kwarning: [m[Kcontrol reaches end of non-void function [[01;35m[K-Wreturn-type[m[K]
  114 | [01;35m[K}[m[K
      | [01;35m[K^[m[K
In file included from [01m[K/home/hemingshan/exo_ws/src/sensor_module/src/IMU/MPU6050_Thigh.cpp:1[m[K:
[01m[K/home/hemingshan/exo_ws/src/sensor_module/include/sensor_module/MPU6050.hpp:[m[K In member function ‘[01m[KEigen::Matrix<float, 3, 1> MPU6050::Read()[m[K’:
[01m[K/home/hemingshan/exo_ws/src/sensor_module/include/sensor_module/MPU6050.hpp:79:1:[m[K [01;35m[Kwarning: [m[Kcontrol reaches end of non-void function [[01;35m[K-Wreturn-type[m[K]
   79 | [01;35m[K}[m[K
      | [01;35m[K^[m[K
[01m[K/home/hemingshan/exo_ws/src/sensor_module/include/sensor_module/MPU6050.hpp:[m[K In member function ‘[01m[Kfloat* MPU6050::Read_Data()[m[K’:
[01m[K/home/hemingshan/exo_ws/src/sensor_module/include/sensor_module/MPU6050.hpp:114:1:[m[K [01;35m[Kwarning: [m[Kcontrol reaches end of non-void function [[01;35m[K-Wreturn-type[m[K]
  114 | [01;35m[K}[m[K
      | [01;35m[K^[m[K
In file included from [01m[K/home/hemingshan/exo_ws/src/sensor_module/src/IMU/MPU6050_Calf.cpp:1[m[K:
[01m[K/home/hemingshan/exo_ws/src/sensor_module/include/sensor_module/MPU6050.hpp:[m[K In member function ‘[01m[KEigen::Matrix<float, 3, 1> MPU6050::Read()[m[K’:
[01m[K/home/hemingshan/exo_ws/src/sensor_module/include/sensor_module/MPU6050.hpp:79:1:[m[K [01;35m[Kwarning: [m[Kcontrol reaches end of non-void function [[01;35m[K-Wreturn-type[m[K]
   79 | [01;35m[K}[m[K
      | [01;35m[K^[m[K
[01m[K/home/hemingshan/exo_ws/src/sensor_module/include/sensor_module/MPU6050.hpp:[m[K In member function ‘[01m[Kfloat* MPU6050::Read_Data()[m[K’:
[01m[K/home/hemingshan/exo_ws/src/sensor_module/include/sensor_module/MPU6050.hpp:114:1:[m[K [01;35m[Kwarning: [m[Kcontrol reaches end of non-void function [[01;35m[K-Wreturn-type[m[K]
  114 | [01;35m[K}[m[K
      | [01;35m[K^[m[K
