-- The C compiler identification is GNU 9.3.0
-- The CXX compiler identification is GNU 9.3.0
-- Check for working C compiler: /usr/bin/cc
-- Check for working C compiler: /usr/bin/cc -- works
-- Detecting C compiler ABI info
-- Detecting C compiler ABI info - done
-- Detecting C compile features
-- Detecting C compile features - done
-- Check for working CXX compiler: /usr/bin/c++
-- Check for working CXX compiler: /usr/bin/c++ -- works
-- Detecting CXX compiler ABI info
-- Detecting CXX compiler ABI info - done
-- Detecting CXX compile features
-- Detecting CXX compile features - done
-- Found ament_cmake: 0.9.8 (/opt/ros/foxy/share/ament_cmake/cmake)
-- Found PythonInterp: /usr/bin/python3 (found suitable version "3.8.5", minimum required is "3") 
-- Using PYTHON_EXECUTABLE: /usr/bin/python3
-- Found ament_lint_auto: 0.9.6 (/opt/ros/foxy/share/ament_lint_auto/cmake)
-- Found rclcpp: 2.3.0 (/opt/ros/foxy/share/rclcpp/cmake)
-- Using all available rosidl_typesupport_c: rosidl_typesupport_fastrtps_c;rosidl_typesupport_introspection_c
-- Found rosidl_adapter: 1.2.0 (/opt/ros/foxy/share/rosidl_adapter/cmake)
-- Found OpenSSL: /usr/lib/x86_64-linux-gnu/libcrypto.so (found version "1.1.1f")  
-- Found FastRTPS: /opt/ros/foxy/include  
-- Using all available rosidl_typesupport_cpp: rosidl_typesupport_fastrtps_cpp;rosidl_typesupport_introspection_cpp
-- Found rmw_implementation_cmake: 1.0.2 (/opt/ros/foxy/share/rmw_implementation_cmake/cmake)
-- Using RMW implementation 'rmw_fastrtps_cpp' as default
-- Looking for pthread.h
-- Looking for pthread.h - found
-- Performing Test CMAKE_HAVE_LIBC_PTHREAD
-- Performing Test CMAKE_HAVE_LIBC_PTHREAD - Failed
-- Looking for pthread_create in pthreads
-- Looking for pthread_create in pthreads - not found
-- Looking for pthread_create in pthread
-- Looking for pthread_create in pthread - found
-- Found Threads: TRUE  
-- Added test 'copyright' to check source files copyright and LICENSE
-- Added test 'cppcheck' to perform static code analysis on C / C++ code
-- Configured cppcheck include dirs: /home/hemingshan/exo_ws/src/sensor_module/include
-- Configured cppcheck exclude dirs and/or files: 
-- Added test 'cpplint' to check C / C++ code against the Google style
-- Configured cpplint exclude dirs and/or files: 
-- Added test 'flake8' to check Python code syntax and style conventions
-- Added test 'lint_cmake' to check CMake code style
-- Added test 'pep257' to check Python code against some of the style conventions in PEP 257
-- Added test 'uncrustify' to check C / C++ code style
-- Configured uncrustify additional arguments: 
-- Added test 'xmllint' to check XML markup files
-- Configuring done
-- Generating done
-- Build files have been written to: /home/hemingshan/exo_ws/src/build/sensor_module
[35m[1mScanning dependencies of target MPU6050[0m
[35m[1mScanning dependencies of target MPU6050_Thigh[0m
[35m[1mScanning dependencies of target Exoskeleton_Calf[0m
[35m[1mScanning dependencies of target MPU6050_Calf[0m
[35m[1mScanning dependencies of target Piezoelectric[0m
[35m[1mScanning dependencies of target Exoskeleton_Thigh[0m
[35m[1mScanning dependencies of target Sensor[0m
[  7%] [32mBuilding CXX object CMakeFiles/MPU6050.dir/src/IMU/MPU6050.cpp.o[0m
[ 14%] [32mBuilding CXX object CMakeFiles/MPU6050_Calf.dir/src/IMU/MPU6050_Calf.cpp.o[0m
[ 21%] [32mBuilding CXX object CMakeFiles/Exoskeleton_Calf.dir/src/IMU/Exoskeleton_Calf.cpp.o[0m
[ 28%] [32mBuilding CXX object CMakeFiles/Piezoelectric.dir/src/Force/Piezoelectric.cpp.o[0m
[ 35%] [32mBuilding CXX object CMakeFiles/MPU6050_Thigh.dir/src/IMU/MPU6050_Thigh.cpp.o[0m
[ 42%] [32mBuilding CXX object CMakeFiles/Exoskeleton_Thigh.dir/src/IMU/Exoskeleton_Thigh.cpp.o[0m
[ 50%] [32mBuilding CXX object CMakeFiles/Sensor.dir/src/Sensor.cpp.o[0m
In file included from [01m[K/home/hemingshan/exo_ws/src/sensor_module/src/IMU/MPU6050.cpp:1[m[K:
[01m[K/home/hemingshan/exo_ws/src/sensor_module/include/sensor_module/MPU6050.hpp:[m[K In member function ‘[01m[Kfloat* MPU6050::Read_Data()[m[K’:
[01m[K/home/hemingshan/exo_ws/src/sensor_module/include/sensor_module/MPU6050.hpp:109:28:[m[K [01;35m[Kwarning: [m[Kaddress of local variable ‘[01m[Kangle[m[K’ returned [[01;35m[K-Wreturn-local-addr[m[K]
  109 |                     return [01;35m[Kangle[m[K;
      |                            [01;35m[K^~~~~[m[K
[01m[K/home/hemingshan/exo_ws/src/sensor_module/include/sensor_module/MPU6050.hpp:107:27:[m[K [01;36m[Knote: [m[Kdeclared here
  107 |                     float [01;36m[Kangle[m[K[3] = {angle_x,angle_y,angle_z};
      |                           [01;36m[K^~~~~[m[K
In file included from [01m[K/home/hemingshan/exo_ws/src/sensor_module/src/IMU/Exoskeleton_Thigh.cpp:1[m[K:
[01m[K/home/hemingshan/exo_ws/src/sensor_module/include/sensor_module/MPU6050.hpp:[m[K In member function ‘[01m[Kfloat* MPU6050::Read_Data()[m[K’:
[01m[K/home/hemingshan/exo_ws/src/sensor_module/include/sensor_module/MPU6050.hpp:109:28:[m[K [01;35m[Kwarning: [m[Kaddress of local variable ‘[01m[Kangle[m[K’ returned [[01;35m[K-Wreturn-local-addr[m[K]
  109 |                     return [01;35m[Kangle[m[K;
      |                            [01;35m[K^~~~~[m[K
[01m[K/home/hemingshan/exo_ws/src/sensor_module/include/sensor_module/MPU6050.hpp:107:27:[m[K [01;36m[Knote: [m[Kdeclared here
  107 |                     float [01;36m[Kangle[m[K[3] = {angle_x,angle_y,angle_z};
      |                           [01;36m[K^~~~~[m[K
In file included from [01m[K/home/hemingshan/exo_ws/src/sensor_module/src/IMU/MPU6050_Calf.cpp:1[m[K:
[01m[K/home/hemingshan/exo_ws/src/sensor_module/include/sensor_module/MPU6050.hpp:[m[K In member function ‘[01m[Kfloat* MPU6050::Read_Data()[m[K’:
[01m[K/home/hemingshan/exo_ws/src/sensor_module/include/sensor_module/MPU6050.hpp:109:28:[m[K [01;35m[Kwarning: [m[Kaddress of local variable ‘[01m[Kangle[m[K’ returned [[01;35m[K-Wreturn-local-addr[m[K]
  109 |                     return [01;35m[Kangle[m[K;
      |                            [01;35m[K^~~~~[m[K
[01m[K/home/hemingshan/exo_ws/src/sensor_module/include/sensor_module/MPU6050.hpp:107:27:[m[K [01;36m[Knote: [m[Kdeclared here
  107 |                     float [01;36m[Kangle[m[K[3] = {angle_x,angle_y,angle_z};
      |                           [01;36m[K^~~~~[m[K
In file included from [01m[K/home/hemingshan/exo_ws/src/sensor_module/src/IMU/MPU6050_Thigh.cpp:1[m[K:
[01m[K/home/hemingshan/exo_ws/src/sensor_module/include/sensor_module/MPU6050.hpp:[m[K In member function ‘[01m[Kfloat* MPU6050::Read_Data()[m[K’:
[01m[K/home/hemingshan/exo_ws/src/sensor_module/include/sensor_module/MPU6050.hpp:109:28:[m[K [01;35m[Kwarning: [m[Kaddress of local variable ‘[01m[Kangle[m[K’ returned [[01;35m[K-Wreturn-local-addr[m[K]
  109 |                     return [01;35m[Kangle[m[K;
      |                            [01;35m[K^~~~~[m[K
[01m[K/home/hemingshan/exo_ws/src/sensor_module/include/sensor_module/MPU6050.hpp:107:27:[m[K [01;36m[Knote: [m[Kdeclared here
  107 |                     float [01;36m[Kangle[m[K[3] = {angle_x,angle_y,angle_z};
      |                           [01;36m[K^~~~~[m[K
In file included from [01m[K/home/hemingshan/exo_ws/src/sensor_module/src/IMU/Exoskeleton_Calf.cpp:1[m[K:
[01m[K/home/hemingshan/exo_ws/src/sensor_module/include/sensor_module/MPU6050.hpp:[m[K In member function ‘[01m[Kfloat* MPU6050::Read_Data()[m[K’:
[01m[K/home/hemingshan/exo_ws/src/sensor_module/include/sensor_module/MPU6050.hpp:109:28:[m[K [01;35m[Kwarning: [m[Kaddress of local variable ‘[01m[Kangle[m[K’ returned [[01;35m[K-Wreturn-local-addr[m[K]
  109 |                     return [01;35m[Kangle[m[K;
      |                            [01;35m[K^~~~~[m[K
[01m[K/home/hemingshan/exo_ws/src/sensor_module/include/sensor_module/MPU6050.hpp:107:27:[m[K [01;36m[Knote: [m[Kdeclared here
  107 |                     float [01;36m[Kangle[m[K[3] = {angle_x,angle_y,angle_z};
      |                           [01;36m[K^~~~~[m[K
[01m[K/home/hemingshan/exo_ws/src/sensor_module/src/IMU/MPU6050.cpp:[m[K At global scope:
[01m[K/home/hemingshan/exo_ws/src/sensor_module/src/IMU/MPU6050.cpp:20:28:[m[K [01;35m[Kwarning: [m[KISO C++ forbids converting a string constant to ‘[01m[Kchar*[m[K’ [[01;35m[K-Wwrite-strings[m[K]
   20 | MPU6050 mpu6050 = MPU6050 ([01;35m[K"/dev/ttyUSB1"[m[K,B115200,"Left_Knee");
      |                            [01;35m[K^~~~~~~~~~~~~~[m[K
[01m[K/home/hemingshan/exo_ws/src/sensor_module/src/IMU/MPU6050.cpp:20:51:[m[K [01;35m[Kwarning: [m[KISO C++ forbids converting a string constant to ‘[01m[Kchar*[m[K’ [[01;35m[K-Wwrite-strings[m[K]
   20 | MPU6050 mpu6050 = MPU6050 ("/dev/ttyUSB1",B115200,[01;35m[K"Left_Knee"[m[K);
      |                                                   [01;35m[K^~~~~~~~~~~[m[K
[01m[K/home/hemingshan/exo_ws/src/sensor_module/src/IMU/MPU6050.cpp:[m[K In lambda function:
[01m[K/home/hemingshan/exo_ws/src/sensor_module/src/IMU/MPU6050.cpp:43:28:[m[K [01;35m[Kwarning: [m[Kunused variable ‘[01m[Kcount[m[K’ [[01;35m[K-Wunused-variable[m[K]
   43 |             static int32_t [01;35m[Kcount[m[K = 0;
      |                            [01;35m[K^~~~~[m[K
[01m[K/home/hemingshan/exo_ws/src/sensor_module/src/IMU/MPU6050.cpp:47:21:[m[K [01;35m[Kwarning: [m[Kvariable ‘[01m[KAngle[m[K’ set but not used [[01;35m[K-Wunused-but-set-variable[m[K]
   47 |             float * [01;35m[KAngle[m[K;
      |                     [01;35m[K^~~~~[m[K
[01m[K/home/hemingshan/exo_ws/src/sensor_module/src/IMU/Exoskeleton_Thigh.cpp:[m[K At global scope:
[01m[K/home/hemingshan/exo_ws/src/sensor_module/src/IMU/Exoskeleton_Thigh.cpp:15:25:[m[K [01;35m[Kwarning: [m[KISO C++ forbids converting a string constant to ‘[01m[Kchar*[m[K’ [[01;35m[K-Wwrite-strings[m[K]
   15 | #define     USB_DEVICE  [01;35m[K"/dev/ttyUSB3"[m[K
      |                         [01;35m[K^~~~~~~~~~~~~~[m[K
[01m[K/home/hemingshan/exo_ws/src/sensor_module/src/IMU/Exoskeleton_Thigh.cpp:15:25:[m[K [01;36m[Knote: [m[Kin definition of macro ‘[01m[KUSB_DEVICE[m[K’
   15 | #define     USB_DEVICE  [01;36m[K"/dev/ttyUSB3"[m[K
      |                         [01;36m[K^~~~~~~~~~~~~~[m[K
[01m[K/home/hemingshan/exo_ws/src/sensor_module/src/IMU/Exoskeleton_Thigh.cpp:22:47:[m[K [01;35m[Kwarning: [m[KISO C++ forbids converting a string constant to ‘[01m[Kchar*[m[K’ [[01;35m[K-Wwrite-strings[m[K]
   22 | MPU6050 mpu6050 = MPU6050 (USB_DEVICE,B115200,[01;35m[K"Left_Thigh"[m[K);
      |                                               [01;35m[K^~~~~~~~~~~~[m[K
[01m[K/home/hemingshan/exo_ws/src/sensor_module/src/IMU/Exoskeleton_Thigh.cpp:[m[K In lambda function:
[01m[K/home/hemingshan/exo_ws/src/sensor_module/src/IMU/Exoskeleton_Thigh.cpp:46:28:[m[K [01;35m[Kwarning: [m[Kunused variable ‘[01m[Kcount[m[K’ [[01;35m[K-Wunused-variable[m[K]
   46 |             static int32_t [01;35m[Kcount[m[K = 0;
      |                            [01;35m[K^~~~~[m[K
[01m[K/home/hemingshan/exo_ws/src/sensor_module/src/IMU/Exoskeleton_Thigh.cpp:50:21:[m[K [01;35m[Kwarning: [m[Kvariable ‘[01m[KAngle[m[K’ set but not used [[01;35m[K-Wunused-but-set-variable[m[K]
   50 |             float * [01;35m[KAngle[m[K;
      |                     [01;35m[K^~~~~[m[K
[01m[K/home/hemingshan/exo_ws/src/sensor_module/src/IMU/MPU6050_Thigh.cpp:[m[K At global scope:
[01m[K/home/hemingshan/exo_ws/src/sensor_module/src/IMU/MPU6050_Thigh.cpp:15:25:[m[K [01;35m[Kwarning: [m[KISO C++ forbids converting a string constant to ‘[01m[Kchar*[m[K’ [[01;35m[K-Wwrite-strings[m[K]
   15 | #define     USB_DEVICE  [01;35m[K"/dev/ttyUSB1"[m[K
      |                         [01;35m[K^~~~~~~~~~~~~~[m[K
[01m[K/home/hemingshan/exo_ws/src/sensor_module/src/IMU/MPU6050_Thigh.cpp:15:25:[m[K [01;36m[Knote: [m[Kin definition of macro ‘[01m[KUSB_DEVICE[m[K’
   15 | #define     USB_DEVICE  [01;36m[K"/dev/ttyUSB1"[m[K
      |                         [01;36m[K^~~~~~~~~~~~~~[m[K
[01m[K/home/hemingshan/exo_ws/src/sensor_module/src/IMU/MPU6050_Thigh.cpp:22:47:[m[K [01;35m[Kwarning: [m[KISO C++ forbids converting a string constant to ‘[01m[Kchar*[m[K’ [[01;35m[K-Wwrite-strings[m[K]
   22 | MPU6050 mpu6050 = MPU6050 (USB_DEVICE,B115200,[01;35m[K"Left_Thigh"[m[K);
      |                                               [01;35m[K^~~~~~~~~~~~[m[K
[01m[K/home/hemingshan/exo_ws/src/sensor_module/src/IMU/Exoskeleton_Calf.cpp:[m[K At global scope:
[01m[K/home/hemingshan/exo_ws/src/sensor_module/src/IMU/Exoskeleton_Calf.cpp:15:25:[m[K [01;35m[Kwarning: [m[KISO C++ forbids converting a string constant to ‘[01m[Kchar*[m[K’ [[01;35m[K-Wwrite-strings[m[K]
   15 | #define     USB_DEVICE  [01;35m[K"/dev/ttyUSB4"[m[K
      |                         [01;35m[K^~~~~~~~~~~~~~[m[K
[01m[K/home/hemingshan/exo_ws/src/sensor_module/src/IMU/Exoskeleton_Calf.cpp:15:25:[m[K [01;36m[Knote: [m[Kin definition of macro ‘[01m[KUSB_DEVICE[m[K’
   15 | #define     USB_DEVICE  [01;36m[K"/dev/ttyUSB4"[m[K
      |                         [01;36m[K^~~~~~~~~~~~~~[m[K
[01m[K/home/hemingshan/exo_ws/src/sensor_module/src/IMU/Exoskeleton_Calf.cpp:22:47:[m[K [01;35m[Kwarning: [m[KISO C++ forbids converting a string constant to ‘[01m[Kchar*[m[K’ [[01;35m[K-Wwrite-strings[m[K]
   22 | MPU6050 mpu6050 = MPU6050 (USB_DEVICE,B115200,[01;35m[K"Left_Calf"[m[K);
      |                                               [01;35m[K^~~~~~~~~~~[m[K
[01m[K/home/hemingshan/exo_ws/src/sensor_module/src/IMU/Exoskeleton_Calf.cpp:[m[K In lambda function:
[01m[K/home/hemingshan/exo_ws/src/sensor_module/src/IMU/Exoskeleton_Calf.cpp:46:28:[m[K [01;35m[Kwarning: [m[Kunused variable ‘[01m[Kcount[m[K’ [[01;35m[K-Wunused-variable[m[K]
   46 |             static int32_t [01;35m[Kcount[m[K = 0;
      |                            [01;35m[K^~~~~[m[K
[01m[K/home/hemingshan/exo_ws/src/sensor_module/src/IMU/Exoskeleton_Calf.cpp:50:21:[m[K [01;35m[Kwarning: [m[Kvariable ‘[01m[KAngle[m[K’ set but not used [[01;35m[K-Wunused-but-set-variable[m[K]
   50 |             float * [01;35m[KAngle[m[K;
      |                     [01;35m[K^~~~~[m[K
[01m[K/home/hemingshan/exo_ws/src/sensor_module/src/IMU/MPU6050_Thigh.cpp:[m[K In lambda function:
[01m[K/home/hemingshan/exo_ws/src/sensor_module/src/IMU/MPU6050_Thigh.cpp:46:28:[m[K [01;35m[Kwarning: [m[Kunused variable ‘[01m[Kcount[m[K’ [[01;35m[K-Wunused-variable[m[K]
   46 |             static int32_t [01;35m[Kcount[m[K = 0;
      |                            [01;35m[K^~~~~[m[K
[01m[K/home/hemingshan/exo_ws/src/sensor_module/src/IMU/MPU6050_Thigh.cpp:50:21:[m[K [01;35m[Kwarning: [m[Kvariable ‘[01m[KAngle[m[K’ set but not used [[01;35m[K-Wunused-but-set-variable[m[K]
   50 |             float * [01;35m[KAngle[m[K;
      |                     [01;35m[K^~~~~[m[K
[01m[K/home/hemingshan/exo_ws/src/sensor_module/src/IMU/MPU6050_Calf.cpp:[m[K At global scope:
[01m[K/home/hemingshan/exo_ws/src/sensor_module/src/IMU/MPU6050_Calf.cpp:15:25:[m[K [01;35m[Kwarning: [m[KISO C++ forbids converting a string constant to ‘[01m[Kchar*[m[K’ [[01;35m[K-Wwrite-strings[m[K]
   15 | #define     USB_DEVICE  [01;35m[K"/dev/ttyUSB2"[m[K
      |                         [01;35m[K^~~~~~~~~~~~~~[m[K
[01m[K/home/hemingshan/exo_ws/src/sensor_module/src/IMU/MPU6050_Calf.cpp:15:25:[m[K [01;36m[Knote: [m[Kin definition of macro ‘[01m[KUSB_DEVICE[m[K’
   15 | #define     USB_DEVICE  [01;36m[K"/dev/ttyUSB2"[m[K
      |                         [01;36m[K^~~~~~~~~~~~~~[m[K
[01m[K/home/hemingshan/exo_ws/src/sensor_module/src/IMU/MPU6050_Calf.cpp:23:47:[m[K [01;35m[Kwarning: [m[KISO C++ forbids converting a string constant to ‘[01m[Kchar*[m[K’ [[01;35m[K-Wwrite-strings[m[K]
   23 | MPU6050 mpu6050 = MPU6050 (USB_DEVICE,B115200,[01;35m[K"Left_Calf"[m[K);
      |                                               [01;35m[K^~~~~~~~~~~[m[K
[01m[K/home/hemingshan/exo_ws/src/sensor_module/src/IMU/MPU6050_Calf.cpp:[m[K In lambda function:
[01m[K/home/hemingshan/exo_ws/src/sensor_module/src/IMU/MPU6050_Calf.cpp:47:28:[m[K [01;35m[Kwarning: [m[Kunused variable ‘[01m[Kcount[m[K’ [[01;35m[K-Wunused-variable[m[K]
   47 |             static int32_t [01;35m[Kcount[m[K = 0;
      |                            [01;35m[K^~~~~[m[K
[01m[K/home/hemingshan/exo_ws/src/sensor_module/src/IMU/MPU6050_Calf.cpp:51:21:[m[K [01;35m[Kwarning: [m[Kvariable ‘[01m[KAngle[m[K’ set but not used [[01;35m[K-Wunused-but-set-variable[m[K]
   51 |             float * [01;35m[KAngle[m[K;
      |                     [01;35m[K^~~~~[m[K
[01m[K/home/hemingshan/exo_ws/src/sensor_module/src/Force/Piezoelectric.cpp:15:25:[m[K [01;35m[Kwarning: [m[KISO C++ forbids converting a string constant to ‘[01m[Kchar*[m[K’ [[01;35m[K-Wwrite-strings[m[K]
   15 | #define     USB_DEVICE  [01;35m[K"/dev/ttyUSB0"[m[K
      |                         [01;35m[K^~~~~~~~~~~~~~[m[K
[01m[K/home/hemingshan/exo_ws/src/sensor_module/src/Force/Piezoelectric.cpp:15:25:[m[K [01;36m[Knote: [m[Kin definition of macro ‘[01m[KUSB_DEVICE[m[K’
   15 | #define     USB_DEVICE  [01;36m[K"/dev/ttyUSB0"[m[K
      |                         [01;36m[K^~~~~~~~~~~~~~[m[K
[01m[K/home/hemingshan/exo_ws/src/sensor_module/src/Force/Piezoelectric.cpp:[m[K In lambda function:
[01m[K/home/hemingshan/exo_ws/src/sensor_module/src/Force/Piezoelectric.cpp:45:28:[m[K [01;35m[Kwarning: [m[Kunused variable ‘[01m[Kcount[m[K’ [[01;35m[K-Wunused-variable[m[K]
   45 |             static int32_t [01;35m[Kcount[m[K = 0;
      |                            [01;35m[K^~~~~[m[K
In file included from [01m[K/home/hemingshan/exo_ws/src/sensor_module/src/IMU/MPU6050.cpp:1[m[K:
[01m[K/home/hemingshan/exo_ws/src/sensor_module/include/sensor_module/MPU6050.hpp:[m[K In member function ‘[01m[KEigen::Matrix<float, 3, 1> MPU6050::Read()[m[K’:
[01m[K/home/hemingshan/exo_ws/src/sensor_module/include/sensor_module/MPU6050.hpp:79:1:[m[K [01;35m[Kwarning: [m[Kcontrol reaches end of non-void function [[01;35m[K-Wreturn-type[m[K]
   79 | [01;35m[K}[m[K
      | [01;35m[K^[m[K
[01m[K/home/hemingshan/exo_ws/src/sensor_module/include/sensor_module/MPU6050.hpp:[m[K In member function ‘[01m[Kfloat* MPU6050::Read_Data()[m[K’:
[01m[K/home/hemingshan/exo_ws/src/sensor_module/include/sensor_module/MPU6050.hpp:114:1:[m[K [01;35m[Kwarning: [m[Kcontrol reaches end of non-void function [[01;35m[K-Wreturn-type[m[K]
  114 | [01;35m[K}[m[K
      | [01;35m[K^[m[K
In file included from [01m[K/home/hemingshan/exo_ws/src/sensor_module/src/IMU/Exoskeleton_Thigh.cpp:1[m[K:
[01m[K/home/hemingshan/exo_ws/src/sensor_module/include/sensor_module/MPU6050.hpp:[m[K In member function ‘[01m[KEigen::Matrix<float, 3, 1> MPU6050::Read()[m[K’:
[01m[K/home/hemingshan/exo_ws/src/sensor_module/include/sensor_module/MPU6050.hpp:79:1:[m[K [01;35m[Kwarning: [m[Kcontrol reaches end of non-void function [[01;35m[K-Wreturn-type[m[K]
   79 | [01;35m[K}[m[K
      | [01;35m[K^[m[K
[01m[K/home/hemingshan/exo_ws/src/sensor_module/include/sensor_module/MPU6050.hpp:[m[K In member function ‘[01m[Kfloat* MPU6050::Read_Data()[m[K’:
[01m[K/home/hemingshan/exo_ws/src/sensor_module/include/sensor_module/MPU6050.hpp:114:1:[m[K [01;35m[Kwarning: [m[Kcontrol reaches end of non-void function [[01;35m[K-Wreturn-type[m[K]
  114 | [01;35m[K}[m[K
      | [01;35m[K^[m[K
In file included from [01m[K/home/hemingshan/exo_ws/src/sensor_module/src/IMU/Exoskeleton_Calf.cpp:1[m[K:
[01m[K/home/hemingshan/exo_ws/src/sensor_module/include/sensor_module/MPU6050.hpp:[m[K In member function ‘[01m[KEigen::Matrix<float, 3, 1> MPU6050::Read()[m[K’:
[01m[K/home/hemingshan/exo_ws/src/sensor_module/include/sensor_module/MPU6050.hpp:79:1:[m[K [01;35m[Kwarning: [m[Kcontrol reaches end of non-void function [[01;35m[K-Wreturn-type[m[K]
   79 | [01;35m[K}[m[K
      | [01;35m[K^[m[K
[01m[K/home/hemingshan/exo_ws/src/sensor_module/include/sensor_module/MPU6050.hpp:[m[K In member function ‘[01m[Kfloat* MPU6050::Read_Data()[m[K’:
[01m[K/home/hemingshan/exo_ws/src/sensor_module/include/sensor_module/MPU6050.hpp:114:1:[m[K [01;35m[Kwarning: [m[Kcontrol reaches end of non-void function [[01;35m[K-Wreturn-type[m[K]
  114 | [01;35m[K}[m[K
      | [01;35m[K^[m[K
In file included from [01m[K/home/hemingshan/exo_ws/src/sensor_module/src/IMU/MPU6050_Thigh.cpp:1[m[K:
[01m[K/home/hemingshan/exo_ws/src/sensor_module/include/sensor_module/MPU6050.hpp:[m[K In member function ‘[01m[KEigen::Matrix<float, 3, 1> MPU6050::Read()[m[K’:
[01m[K/home/hemingshan/exo_ws/src/sensor_module/include/sensor_module/MPU6050.hpp:79:1:[m[K [01;35m[Kwarning: [m[Kcontrol reaches end of non-void function [[01;35m[K-Wreturn-type[m[K]
   79 | [01;35m[K}[m[K
      | [01;35m[K^[m[K
[01m[K/home/hemingshan/exo_ws/src/sensor_module/include/sensor_module/MPU6050.hpp:[m[K In member function ‘[01m[Kfloat* MPU6050::Read_Data()[m[K’:
[01m[K/home/hemingshan/exo_ws/src/sensor_module/include/sensor_module/MPU6050.hpp:114:1:[m[K [01;35m[Kwarning: [m[Kcontrol reaches end of non-void function [[01;35m[K-Wreturn-type[m[K]
  114 | [01;35m[K}[m[K
      | [01;35m[K^[m[K
In file included from [01m[K/home/hemingshan/exo_ws/src/sensor_module/src/IMU/MPU6050_Calf.cpp:1[m[K:
[01m[K/home/hemingshan/exo_ws/src/sensor_module/include/sensor_module/MPU6050.hpp:[m[K In member function ‘[01m[KEigen::Matrix<float, 3, 1> MPU6050::Read()[m[K’:
[01m[K/home/hemingshan/exo_ws/src/sensor_module/include/sensor_module/MPU6050.hpp:79:1:[m[K [01;35m[Kwarning: [m[Kcontrol reaches end of non-void function [[01;35m[K-Wreturn-type[m[K]
   79 | [01;35m[K}[m[K
      | [01;35m[K^[m[K
[01m[K/home/hemingshan/exo_ws/src/sensor_module/include/sensor_module/MPU6050.hpp:[m[K In member function ‘[01m[Kfloat* MPU6050::Read_Data()[m[K’:
[01m[K/home/hemingshan/exo_ws/src/sensor_module/include/sensor_module/MPU6050.hpp:114:1:[m[K [01;35m[Kwarning: [m[Kcontrol reaches end of non-void function [[01;35m[K-Wreturn-type[m[K]
  114 | [01;35m[K}[m[K
      | [01;35m[K^[m[K
[ 57%] [32m[1mLinking CXX executable MPU6050[0m
[ 57%] Built target MPU6050
[ 64%] [32m[1mLinking CXX executable Exoskeleton_Thigh[0m
[ 71%] [32m[1mLinking CXX executable Exoskeleton_Calf[0m
[ 71%] Built target Exoskeleton_Thigh
[ 78%] [32m[1mLinking CXX executable Piezoelectric[0m
[ 85%] [32m[1mLinking CXX executable MPU6050_Thigh[0m
[ 92%] [32m[1mLinking CXX executable MPU6050_Calf[0m
[ 92%] Built target Exoskeleton_Calf
[ 92%] Built target Piezoelectric
[ 92%] Built target MPU6050_Calf
[ 92%] Built target MPU6050_Thigh
[100%] [32m[1mLinking CXX executable Sensor[0m
[100%] Built target Sensor
-- Install configuration: ""
-- Installing: /home/hemingshan/exo_ws/src/install/sensor_module/lib/sensor_module/MPU6050_Thigh
-- Set runtime path of "/home/hemingshan/exo_ws/src/install/sensor_module/lib/sensor_module/MPU6050_Thigh" to ""
-- Installing: /home/hemingshan/exo_ws/src/install/sensor_module/lib/sensor_module/MPU6050_Calf
-- Set runtime path of "/home/hemingshan/exo_ws/src/install/sensor_module/lib/sensor_module/MPU6050_Calf" to ""
-- Installing: /home/hemingshan/exo_ws/src/install/sensor_module/lib/sensor_module/Exoskeleton_Thigh
-- Set runtime path of "/home/hemingshan/exo_ws/src/install/sensor_module/lib/sensor_module/Exoskeleton_Thigh" to ""
-- Installing: /home/hemingshan/exo_ws/src/install/sensor_module/lib/sensor_module/Exoskeleton_Calf
-- Set runtime path of "/home/hemingshan/exo_ws/src/install/sensor_module/lib/sensor_module/Exoskeleton_Calf" to ""
-- Installing: /home/hemingshan/exo_ws/src/install/sensor_module/lib/sensor_module/Piezoelectric
-- Set runtime path of "/home/hemingshan/exo_ws/src/install/sensor_module/lib/sensor_module/Piezoelectric" to ""
-- Installing: /home/hemingshan/exo_ws/src/install/sensor_module/lib/sensor_module/Sensor
-- Set runtime path of "/home/hemingshan/exo_ws/src/install/sensor_module/lib/sensor_module/Sensor" to ""
-- Installing: /home/hemingshan/exo_ws/src/install/sensor_module/share/sensor_module/launch
-- Installing: /home/hemingshan/exo_ws/src/install/sensor_module/share/sensor_module/launch/sensor_module_launch.py
-- Installing: /home/hemingshan/exo_ws/src/install/sensor_module/share/ament_index/resource_index/package_run_dependencies/sensor_module
-- Installing: /home/hemingshan/exo_ws/src/install/sensor_module/share/ament_index/resource_index/parent_prefix_path/sensor_module
-- Installing: /home/hemingshan/exo_ws/src/install/sensor_module/share/sensor_module/environment/ament_prefix_path.sh
-- Installing: /home/hemingshan/exo_ws/src/install/sensor_module/share/sensor_module/environment/ament_prefix_path.dsv
-- Installing: /home/hemingshan/exo_ws/src/install/sensor_module/share/sensor_module/environment/path.sh
-- Installing: /home/hemingshan/exo_ws/src/install/sensor_module/share/sensor_module/environment/path.dsv
-- Installing: /home/hemingshan/exo_ws/src/install/sensor_module/share/sensor_module/local_setup.bash
-- Installing: /home/hemingshan/exo_ws/src/install/sensor_module/share/sensor_module/local_setup.sh
-- Installing: /home/hemingshan/exo_ws/src/install/sensor_module/share/sensor_module/local_setup.zsh
-- Installing: /home/hemingshan/exo_ws/src/install/sensor_module/share/sensor_module/local_setup.dsv
-- Installing: /home/hemingshan/exo_ws/src/install/sensor_module/share/sensor_module/package.dsv
-- Installing: /home/hemingshan/exo_ws/src/install/sensor_module/share/ament_index/resource_index/packages/sensor_module
-- Installing: /home/hemingshan/exo_ws/src/install/sensor_module/share/sensor_module/cmake/sensor_moduleConfig.cmake
-- Installing: /home/hemingshan/exo_ws/src/install/sensor_module/share/sensor_module/cmake/sensor_moduleConfig-version.cmake
-- Installing: /home/hemingshan/exo_ws/src/install/sensor_module/share/sensor_module/package.xml
