[0.788s] Invoking command in '/home/hemingshan/exo_ws/src/build/sensor_module': CMAKE_PREFIX_PATH=${CMAKE_PREFIX_PATH}:/home/hemingshan/exo_ws/install/pattern_recognition:/opt/ros/foxy /usr/bin/cmake /home/hemingshan/exo_ws/src/sensor_module -DCMAKE_INSTALL_PREFIX=/home/hemingshan/exo_ws/src/install/sensor_module
[0.928s] -- The C compiler identification is GNU 9.3.0
[1.033s] -- The CXX compiler identification is GNU 9.3.0
[1.042s] -- Check for working C compiler: /usr/bin/cc
[1.167s] -- Check for working C compiler: /usr/bin/cc -- works
[1.169s] -- Detecting C compiler ABI info
[1.283s] -- Detecting C compiler ABI info - done
[1.307s] -- Detecting C compile features
[1.308s] -- Detecting C compile features - done
[1.313s] -- Check for working CXX compiler: /usr/bin/c++
[1.466s] -- Check for working CXX compiler: /usr/bin/c++ -- works
[1.468s] -- Detecting CXX compiler ABI info
[1.583s] -- Detecting CXX compiler ABI info - done
[1.598s] -- Detecting CXX compile features
[1.598s] -- Detecting CXX compile features - done
[1.601s] -- Found ament_cmake: 0.9.8 (/opt/ros/foxy/share/ament_cmake/cmake)
[1.628s] -- Found PythonInterp: /usr/bin/python3 (found suitable version "3.8.5", minimum required is "3") 
[1.628s] -- Using PYTHON_EXECUTABLE: /usr/bin/python3
[1.956s] -- Found ament_lint_auto: 0.9.6 (/opt/ros/foxy/share/ament_lint_auto/cmake)
[2.080s] -- Found rclcpp: 2.3.0 (/opt/ros/foxy/share/rclcpp/cmake)
[2.148s] -- Using all available rosidl_typesupport_c: rosidl_typesupport_fastrtps_c;rosidl_typesupport_introspection_c
[2.155s] -- Found rosidl_adapter: 1.2.0 (/opt/ros/foxy/share/rosidl_adapter/cmake)
[2.255s] -- Found OpenSSL: /usr/lib/x86_64-linux-gnu/libcrypto.so (found version "1.1.1f")  
[2.305s] -- Found FastRTPS: /opt/ros/foxy/include  
[2.434s] -- Using all available rosidl_typesupport_cpp: rosidl_typesupport_fastrtps_cpp;rosidl_typesupport_introspection_cpp
[2.539s] -- Found rmw_implementation_cmake: 1.0.2 (/opt/ros/foxy/share/rmw_implementation_cmake/cmake)
[2.542s] -- Using RMW implementation 'rmw_fastrtps_cpp' as default
[2.544s] -- Looking for pthread.h
[2.778s] -- Looking for pthread.h - found
[2.778s] -- Performing Test CMAKE_HAVE_LIBC_PTHREAD
[3.076s] -- Performing Test CMAKE_HAVE_LIBC_PTHREAD - Failed
[3.077s] -- Looking for pthread_create in pthreads
[3.456s] -- Looking for pthread_create in pthreads - not found
[3.457s] -- Looking for pthread_create in pthread
[3.906s] -- Looking for pthread_create in pthread - found
[3.909s] -- Found Threads: TRUE  
[4.571s] -- Added test 'copyright' to check source files copyright and LICENSE
[4.582s] -- Added test 'cppcheck' to perform static code analysis on C / C++ code
[4.583s] -- Configured cppcheck include dirs: /home/hemingshan/exo_ws/src/sensor_module/include
[4.584s] -- Configured cppcheck exclude dirs and/or files: 
[4.598s] -- Added test 'cpplint' to check C / C++ code against the Google style
[4.598s] -- Configured cpplint exclude dirs and/or files: 
[4.599s] -- Added test 'flake8' to check Python code syntax and style conventions
[4.601s] -- Added test 'lint_cmake' to check CMake code style
[4.615s] -- Added test 'pep257' to check Python code against some of the style conventions in PEP 257
[4.625s] -- Added test 'uncrustify' to check C / C++ code style
[4.625s] -- Configured uncrustify additional arguments: 
[4.626s] -- Added test 'xmllint' to check XML markup files
[4.632s] -- Configuring done
[4.694s] -- Generating done
[4.698s] -- Build files have been written to: /home/hemingshan/exo_ws/src/build/sensor_module
[4.721s] Invoked command in '/home/hemingshan/exo_ws/src/build/sensor_module' returned '0': CMAKE_PREFIX_PATH=${CMAKE_PREFIX_PATH}:/home/hemingshan/exo_ws/install/pattern_recognition:/opt/ros/foxy /usr/bin/cmake /home/hemingshan/exo_ws/src/sensor_module -DCMAKE_INSTALL_PREFIX=/home/hemingshan/exo_ws/src/install/sensor_module
[4.722s] Invoking command in '/home/hemingshan/exo_ws/src/build/sensor_module': CMAKE_PREFIX_PATH=${CMAKE_PREFIX_PATH}:/home/hemingshan/exo_ws/install/pattern_recognition:/opt/ros/foxy /usr/bin/cmake --build /home/hemingshan/exo_ws/src/build/sensor_module -- -j8 -l8
[4.913s] [35m[1mScanning dependencies of target MPU6050[0m
[4.932s] [35m[1mScanning dependencies of target MPU6050_Thigh[0m
[4.945s] [35m[1mScanning dependencies of target Exoskeleton_Calf[0m
[4.954s] [35m[1mScanning dependencies of target MPU6050_Calf[0m
[4.961s] [35m[1mScanning dependencies of target Piezoelectric[0m
[4.990s] [35m[1mScanning dependencies of target Exoskeleton_Thigh[0m
[5.013s] [35m[1mScanning dependencies of target Sensor[0m
[5.088s] [  7%] [32mBuilding CXX object CMakeFiles/MPU6050.dir/src/IMU/MPU6050.cpp.o[0m
[5.130s] [ 14%] [32mBuilding CXX object CMakeFiles/MPU6050_Calf.dir/src/IMU/MPU6050_Calf.cpp.o[0m
[5.155s] [ 21%] [32mBuilding CXX object CMakeFiles/Exoskeleton_Calf.dir/src/IMU/Exoskeleton_Calf.cpp.o[0m
[5.169s] [ 28%] [32mBuilding CXX object CMakeFiles/Piezoelectric.dir/src/Force/Piezoelectric.cpp.o[0m
[5.179s] [ 35%] [32mBuilding CXX object CMakeFiles/MPU6050_Thigh.dir/src/IMU/MPU6050_Thigh.cpp.o[0m
[5.188s] [ 42%] [32mBuilding CXX object CMakeFiles/Exoskeleton_Thigh.dir/src/IMU/Exoskeleton_Thigh.cpp.o[0m
[5.227s] [ 50%] [32mBuilding CXX object CMakeFiles/Sensor.dir/src/Sensor.cpp.o[0m
[7.145s] In file included from [01m[K/home/hemingshan/exo_ws/src/sensor_module/src/IMU/MPU6050.cpp:1[m[K:
[7.146s] [01m[K/home/hemingshan/exo_ws/src/sensor_module/include/sensor_module/MPU6050.hpp:[m[K In member function ‘[01m[Kfloat* MPU6050::Read_Data()[m[K’:
[7.146s] [01m[K/home/hemingshan/exo_ws/src/sensor_module/include/sensor_module/MPU6050.hpp:109:28:[m[K [01;35m[Kwarning: [m[Kaddress of local variable ‘[01m[Kangle[m[K’ returned [[01;35m[K-Wreturn-local-addr[m[K]
[7.146s]   109 |                     return [01;35m[Kangle[m[K;
[7.147s]       |                            [01;35m[K^~~~~[m[K
[7.147s] [01m[K/home/hemingshan/exo_ws/src/sensor_module/include/sensor_module/MPU6050.hpp:107:27:[m[K [01;36m[Knote: [m[Kdeclared here
[7.147s]   107 |                     float [01;36m[Kangle[m[K[3] = {angle_x,angle_y,angle_z};
[7.147s]       |                           [01;36m[K^~~~~[m[K
[8.707s] In file included from [01m[K/home/hemingshan/exo_ws/src/sensor_module/src/IMU/Exoskeleton_Thigh.cpp:1[m[K:
[8.707s] [01m[K/home/hemingshan/exo_ws/src/sensor_module/include/sensor_module/MPU6050.hpp:[m[K In member function ‘[01m[Kfloat* MPU6050::Read_Data()[m[K’:
[8.707s] [01m[K/home/hemingshan/exo_ws/src/sensor_module/include/sensor_module/MPU6050.hpp:109:28:[m[K [01;35m[Kwarning: [m[Kaddress of local variable ‘[01m[Kangle[m[K’ returned [[01;35m[K-Wreturn-local-addr[m[K]
[8.707s]   109 |                     return [01;35m[Kangle[m[K;
[8.708s]       |                            [01;35m[K^~~~~[m[K
[8.729s] [01m[K/home/hemingshan/exo_ws/src/sensor_module/include/sensor_module/MPU6050.hpp:107:27:[m[K [01;36m[Knote: [m[Kdeclared here
[8.730s]   107 |                     float [01;36m[Kangle[m[K[3] = {angle_x,angle_y,angle_z};
[8.730s]       |                           [01;36m[K^~~~~[m[K
[8.899s] In file included from [01m[K/home/hemingshan/exo_ws/src/sensor_module/src/IMU/MPU6050_Calf.cpp:1[m[K:
[8.899s] [01m[K/home/hemingshan/exo_ws/src/sensor_module/include/sensor_module/MPU6050.hpp:[m[K In member function ‘[01m[Kfloat* MPU6050::Read_Data()[m[K’:
[8.899s] [01m[K/home/hemingshan/exo_ws/src/sensor_module/include/sensor_module/MPU6050.hpp:109:28:[m[K [01;35m[Kwarning: [m[Kaddress of local variable ‘[01m[Kangle[m[K’ returned [[01;35m[K-Wreturn-local-addr[m[K]
[8.906s]   109 |                     return [01;35m[Kangle[m[K;
[8.906s]       |                            [01;35m[K^~~~~[m[K
[8.907s] [01m[K/home/hemingshan/exo_ws/src/sensor_module/include/sensor_module/MPU6050.hpp:107:27:[m[K [01;36m[Knote: [m[Kdeclared here
[8.907s]   107 |                     float [01;36m[Kangle[m[K[3] = {angle_x,angle_y,angle_z};
[8.907s]       |                           [01;36m[K^~~~~[m[K
[9.099s] In file included from [01m[K/home/hemingshan/exo_ws/src/sensor_module/src/IMU/MPU6050_Thigh.cpp:1[m[K:
[9.100s] [01m[K/home/hemingshan/exo_ws/src/sensor_module/include/sensor_module/MPU6050.hpp:[m[K In member function ‘[01m[Kfloat* MPU6050::Read_Data()[m[K’:
[9.100s] [01m[K/home/hemingshan/exo_ws/src/sensor_module/include/sensor_module/MPU6050.hpp:109:28:[m[K [01;35m[Kwarning: [m[Kaddress of local variable ‘[01m[Kangle[m[K’ returned [[01;35m[K-Wreturn-local-addr[m[K]
[9.100s]   109 |                     return [01;35m[Kangle[m[K;
[9.100s]       |                            [01;35m[K^~~~~[m[K
[9.100s] [01m[K/home/hemingshan/exo_ws/src/sensor_module/include/sensor_module/MPU6050.hpp:107:27:[m[K [01;36m[Knote: [m[Kdeclared here
[9.100s]   107 |                     float [01;36m[Kangle[m[K[3] = {angle_x,angle_y,angle_z};
[9.100s]       |                           [01;36m[K^~~~~[m[K
[9.111s] In file included from [01m[K/home/hemingshan/exo_ws/src/sensor_module/src/IMU/Exoskeleton_Calf.cpp:1[m[K:
[9.111s] [01m[K/home/hemingshan/exo_ws/src/sensor_module/include/sensor_module/MPU6050.hpp:[m[K In member function ‘[01m[Kfloat* MPU6050::Read_Data()[m[K’:
[9.111s] [01m[K/home/hemingshan/exo_ws/src/sensor_module/include/sensor_module/MPU6050.hpp:109:28:[m[K [01;35m[Kwarning: [m[Kaddress of local variable ‘[01m[Kangle[m[K’ returned [[01;35m[K-Wreturn-local-addr[m[K]
[9.111s]   109 |                     return [01;35m[Kangle[m[K;
[9.111s]       |                            [01;35m[K^~~~~[m[K
[9.129s] [01m[K/home/hemingshan/exo_ws/src/sensor_module/include/sensor_module/MPU6050.hpp:107:27:[m[K [01;36m[Knote: [m[Kdeclared here
[9.129s]   107 |                     float [01;36m[Kangle[m[K[3] = {angle_x,angle_y,angle_z};
[9.129s]       |                           [01;36m[K^~~~~[m[K
[11.308s] [01m[K/home/hemingshan/exo_ws/src/sensor_module/src/IMU/MPU6050.cpp:[m[K At global scope:
[11.308s] [01m[K/home/hemingshan/exo_ws/src/sensor_module/src/IMU/MPU6050.cpp:20:28:[m[K [01;35m[Kwarning: [m[KISO C++ forbids converting a string constant to ‘[01m[Kchar*[m[K’ [[01;35m[K-Wwrite-strings[m[K]
[11.308s]    20 | MPU6050 mpu6050 = MPU6050 ([01;35m[K"/dev/ttyUSB1"[m[K,B115200,"Left_Knee");
[11.309s]       |                            [01;35m[K^~~~~~~~~~~~~~[m[K
[11.309s] [01m[K/home/hemingshan/exo_ws/src/sensor_module/src/IMU/MPU6050.cpp:20:51:[m[K [01;35m[Kwarning: [m[KISO C++ forbids converting a string constant to ‘[01m[Kchar*[m[K’ [[01;35m[K-Wwrite-strings[m[K]
[11.310s]    20 | MPU6050 mpu6050 = MPU6050 ("/dev/ttyUSB1",B115200,[01;35m[K"Left_Knee"[m[K);
[11.310s]       |                                                   [01;35m[K^~~~~~~~~~~[m[K
[11.348s] [01m[K/home/hemingshan/exo_ws/src/sensor_module/src/IMU/MPU6050.cpp:[m[K In lambda function:
[11.348s] [01m[K/home/hemingshan/exo_ws/src/sensor_module/src/IMU/MPU6050.cpp:43:28:[m[K [01;35m[Kwarning: [m[Kunused variable ‘[01m[Kcount[m[K’ [[01;35m[K-Wunused-variable[m[K]
[11.348s]    43 |             static int32_t [01;35m[Kcount[m[K = 0;
[11.349s]       |                            [01;35m[K^~~~~[m[K
[11.349s] [01m[K/home/hemingshan/exo_ws/src/sensor_module/src/IMU/MPU6050.cpp:47:21:[m[K [01;35m[Kwarning: [m[Kvariable ‘[01m[KAngle[m[K’ set but not used [[01;35m[K-Wunused-but-set-variable[m[K]
[11.349s]    47 |             float * [01;35m[KAngle[m[K;
[11.349s]       |                     [01;35m[K^~~~~[m[K
[12.126s] [01m[K/home/hemingshan/exo_ws/src/sensor_module/src/IMU/Exoskeleton_Thigh.cpp:[m[K At global scope:
[12.126s] [01m[K/home/hemingshan/exo_ws/src/sensor_module/src/IMU/Exoskeleton_Thigh.cpp:15:25:[m[K [01;35m[Kwarning: [m[KISO C++ forbids converting a string constant to ‘[01m[Kchar*[m[K’ [[01;35m[K-Wwrite-strings[m[K]
[12.126s]    15 | #define     USB_DEVICE  [01;35m[K"/dev/ttyUSB3"[m[K
[12.126s]       |                         [01;35m[K^~~~~~~~~~~~~~[m[K
[12.127s] [01m[K/home/hemingshan/exo_ws/src/sensor_module/src/IMU/Exoskeleton_Thigh.cpp:15:25:[m[K [01;36m[Knote: [m[Kin definition of macro ‘[01m[KUSB_DEVICE[m[K’
[12.127s]    15 | #define     USB_DEVICE  [01;36m[K"/dev/ttyUSB3"[m[K
[12.127s]       |                         [01;36m[K^~~~~~~~~~~~~~[m[K
[12.127s] [01m[K/home/hemingshan/exo_ws/src/sensor_module/src/IMU/Exoskeleton_Thigh.cpp:22:47:[m[K [01;35m[Kwarning: [m[KISO C++ forbids converting a string constant to ‘[01m[Kchar*[m[K’ [[01;35m[K-Wwrite-strings[m[K]
[12.127s]    22 | MPU6050 mpu6050 = MPU6050 (USB_DEVICE,B115200,[01;35m[K"Left_Thigh"[m[K);
[12.127s]       |                                               [01;35m[K^~~~~~~~~~~~[m[K
[12.191s] [01m[K/home/hemingshan/exo_ws/src/sensor_module/src/IMU/Exoskeleton_Thigh.cpp:[m[K In lambda function:
[12.191s] [01m[K/home/hemingshan/exo_ws/src/sensor_module/src/IMU/Exoskeleton_Thigh.cpp:46:28:[m[K [01;35m[Kwarning: [m[Kunused variable ‘[01m[Kcount[m[K’ [[01;35m[K-Wunused-variable[m[K]
[12.191s]    46 |             static int32_t [01;35m[Kcount[m[K = 0;
[12.191s]       |                            [01;35m[K^~~~~[m[K
[12.191s] [01m[K/home/hemingshan/exo_ws/src/sensor_module/src/IMU/Exoskeleton_Thigh.cpp:50:21:[m[K [01;35m[Kwarning: [m[Kvariable ‘[01m[KAngle[m[K’ set but not used [[01;35m[K-Wunused-but-set-variable[m[K]
[12.191s]    50 |             float * [01;35m[KAngle[m[K;
[12.192s]       |                     [01;35m[K^~~~~[m[K
[12.852s] [01m[K/home/hemingshan/exo_ws/src/sensor_module/src/IMU/MPU6050_Thigh.cpp:[m[K At global scope:
[12.853s] [01m[K/home/hemingshan/exo_ws/src/sensor_module/src/IMU/MPU6050_Thigh.cpp:15:25:[m[K [01;35m[Kwarning: [m[KISO C++ forbids converting a string constant to ‘[01m[Kchar*[m[K’ [[01;35m[K-Wwrite-strings[m[K]
[12.853s]    15 | #define     USB_DEVICE  [01;35m[K"/dev/ttyUSB1"[m[K
[12.853s]       |                         [01;35m[K^~~~~~~~~~~~~~[m[K
[12.853s] [01m[K/home/hemingshan/exo_ws/src/sensor_module/src/IMU/MPU6050_Thigh.cpp:15:25:[m[K [01;36m[Knote: [m[Kin definition of macro ‘[01m[KUSB_DEVICE[m[K’
[12.853s]    15 | #define     USB_DEVICE  [01;36m[K"/dev/ttyUSB1"[m[K
[12.853s]       |                         [01;36m[K^~~~~~~~~~~~~~[m[K
[12.865s] [01m[K/home/hemingshan/exo_ws/src/sensor_module/src/IMU/MPU6050_Thigh.cpp:22:47:[m[K [01;35m[Kwarning: [m[KISO C++ forbids converting a string constant to ‘[01m[Kchar*[m[K’ [[01;35m[K-Wwrite-strings[m[K]
[12.865s]    22 | MPU6050 mpu6050 = MPU6050 (USB_DEVICE,B115200,[01;35m[K"Left_Thigh"[m[K);
[12.865s]       |                                               [01;35m[K^~~~~~~~~~~~[m[K
[12.865s] [01m[K/home/hemingshan/exo_ws/src/sensor_module/src/IMU/Exoskeleton_Calf.cpp:[m[K At global scope:
[12.865s] [01m[K/home/hemingshan/exo_ws/src/sensor_module/src/IMU/Exoskeleton_Calf.cpp:15:25:[m[K [01;35m[Kwarning: [m[KISO C++ forbids converting a string constant to ‘[01m[Kchar*[m[K’ [[01;35m[K-Wwrite-strings[m[K]
[12.865s]    15 | #define     USB_DEVICE  [01;35m[K"/dev/ttyUSB4"[m[K
[12.866s]       |                         [01;35m[K^~~~~~~~~~~~~~[m[K
[12.867s] [01m[K/home/hemingshan/exo_ws/src/sensor_module/src/IMU/Exoskeleton_Calf.cpp:15:25:[m[K [01;36m[Knote: [m[Kin definition of macro ‘[01m[KUSB_DEVICE[m[K’
[12.867s]    15 | #define     USB_DEVICE  [01;36m[K"/dev/ttyUSB4"[m[K
[12.867s]       |                         [01;36m[K^~~~~~~~~~~~~~[m[K
[12.867s] [01m[K/home/hemingshan/exo_ws/src/sensor_module/src/IMU/Exoskeleton_Calf.cpp:22:47:[m[K [01;35m[Kwarning: [m[KISO C++ forbids converting a string constant to ‘[01m[Kchar*[m[K’ [[01;35m[K-Wwrite-strings[m[K]
[12.868s]    22 | MPU6050 mpu6050 = MPU6050 (USB_DEVICE,B115200,[01;35m[K"Left_Calf"[m[K);
[12.868s]       |                                               [01;35m[K^~~~~~~~~~~[m[K
[12.965s] [01m[K/home/hemingshan/exo_ws/src/sensor_module/src/IMU/Exoskeleton_Calf.cpp:[m[K In lambda function:
[12.966s] [01m[K/home/hemingshan/exo_ws/src/sensor_module/src/IMU/Exoskeleton_Calf.cpp:46:28:[m[K [01;35m[Kwarning: [m[Kunused variable ‘[01m[Kcount[m[K’ [[01;35m[K-Wunused-variable[m[K]
[12.966s]    46 |             static int32_t [01;35m[Kcount[m[K = 0;
[12.966s]       |                            [01;35m[K^~~~~[m[K
[12.966s] [01m[K/home/hemingshan/exo_ws/src/sensor_module/src/IMU/Exoskeleton_Calf.cpp:50:21:[m[K [01;35m[Kwarning: [m[Kvariable ‘[01m[KAngle[m[K’ set but not used [[01;35m[K-Wunused-but-set-variable[m[K]
[12.966s]    50 |             float * [01;35m[KAngle[m[K;
[12.966s]       |                     [01;35m[K^~~~~[m[K
[12.973s] [01m[K/home/hemingshan/exo_ws/src/sensor_module/src/IMU/MPU6050_Thigh.cpp:[m[K In lambda function:
[12.973s] [01m[K/home/hemingshan/exo_ws/src/sensor_module/src/IMU/MPU6050_Thigh.cpp:46:28:[m[K [01;35m[Kwarning: [m[Kunused variable ‘[01m[Kcount[m[K’ [[01;35m[K-Wunused-variable[m[K]
[12.974s]    46 |             static int32_t [01;35m[Kcount[m[K = 0;
[12.974s]       |                            [01;35m[K^~~~~[m[K
[12.974s] [01m[K/home/hemingshan/exo_ws/src/sensor_module/src/IMU/MPU6050_Thigh.cpp:50:21:[m[K [01;35m[Kwarning: [m[Kvariable ‘[01m[KAngle[m[K’ set but not used [[01;35m[K-Wunused-but-set-variable[m[K]
[12.974s]    50 |             float * [01;35m[KAngle[m[K;
[12.974s]       |                     [01;35m[K^~~~~[m[K
[13.033s] [01m[K/home/hemingshan/exo_ws/src/sensor_module/src/IMU/MPU6050_Calf.cpp:[m[K At global scope:
[13.033s] [01m[K/home/hemingshan/exo_ws/src/sensor_module/src/IMU/MPU6050_Calf.cpp:15:25:[m[K [01;35m[Kwarning: [m[KISO C++ forbids converting a string constant to ‘[01m[Kchar*[m[K’ [[01;35m[K-Wwrite-strings[m[K]
[13.033s]    15 | #define     USB_DEVICE  [01;35m[K"/dev/ttyUSB2"[m[K
[13.034s]       |                         [01;35m[K^~~~~~~~~~~~~~[m[K
[13.034s] [01m[K/home/hemingshan/exo_ws/src/sensor_module/src/IMU/MPU6050_Calf.cpp:15:25:[m[K [01;36m[Knote: [m[Kin definition of macro ‘[01m[KUSB_DEVICE[m[K’
[13.034s]    15 | #define     USB_DEVICE  [01;36m[K"/dev/ttyUSB2"[m[K
[13.034s]       |                         [01;36m[K^~~~~~~~~~~~~~[m[K
[13.034s] [01m[K/home/hemingshan/exo_ws/src/sensor_module/src/IMU/MPU6050_Calf.cpp:23:47:[m[K [01;35m[Kwarning: [m[KISO C++ forbids converting a string constant to ‘[01m[Kchar*[m[K’ [[01;35m[K-Wwrite-strings[m[K]
[13.034s]    23 | MPU6050 mpu6050 = MPU6050 (USB_DEVICE,B115200,[01;35m[K"Left_Calf"[m[K);
[13.035s]       |                                               [01;35m[K^~~~~~~~~~~[m[K
[13.109s] [01m[K/home/hemingshan/exo_ws/src/sensor_module/src/IMU/MPU6050_Calf.cpp:[m[K In lambda function:
[13.109s] [01m[K/home/hemingshan/exo_ws/src/sensor_module/src/IMU/MPU6050_Calf.cpp:47:28:[m[K [01;35m[Kwarning: [m[Kunused variable ‘[01m[Kcount[m[K’ [[01;35m[K-Wunused-variable[m[K]
[13.109s]    47 |             static int32_t [01;35m[Kcount[m[K = 0;
[13.109s]       |                            [01;35m[K^~~~~[m[K
[13.109s] [01m[K/home/hemingshan/exo_ws/src/sensor_module/src/IMU/MPU6050_Calf.cpp:51:21:[m[K [01;35m[Kwarning: [m[Kvariable ‘[01m[KAngle[m[K’ set but not used [[01;35m[K-Wunused-but-set-variable[m[K]
[13.110s]    51 |             float * [01;35m[KAngle[m[K;
[13.110s]       |                     [01;35m[K^~~~~[m[K
[13.344s] [01m[K/home/hemingshan/exo_ws/src/sensor_module/src/Force/Piezoelectric.cpp:15:25:[m[K [01;35m[Kwarning: [m[KISO C++ forbids converting a string constant to ‘[01m[Kchar*[m[K’ [[01;35m[K-Wwrite-strings[m[K]
[13.345s]    15 | #define     USB_DEVICE  [01;35m[K"/dev/ttyUSB0"[m[K
[13.345s]       |                         [01;35m[K^~~~~~~~~~~~~~[m[K
[13.345s] [01m[K/home/hemingshan/exo_ws/src/sensor_module/src/Force/Piezoelectric.cpp:15:25:[m[K [01;36m[Knote: [m[Kin definition of macro ‘[01m[KUSB_DEVICE[m[K’
[13.345s]    15 | #define     USB_DEVICE  [01;36m[K"/dev/ttyUSB0"[m[K
[13.345s]       |                         [01;36m[K^~~~~~~~~~~~~~[m[K
[13.388s] [01m[K/home/hemingshan/exo_ws/src/sensor_module/src/Force/Piezoelectric.cpp:[m[K In lambda function:
[13.389s] [01m[K/home/hemingshan/exo_ws/src/sensor_module/src/Force/Piezoelectric.cpp:45:28:[m[K [01;35m[Kwarning: [m[Kunused variable ‘[01m[Kcount[m[K’ [[01;35m[K-Wunused-variable[m[K]
[13.389s]    45 |             static int32_t [01;35m[Kcount[m[K = 0;
[13.389s]       |                            [01;35m[K^~~~~[m[K
[13.977s] In file included from [01m[K/home/hemingshan/exo_ws/src/sensor_module/src/IMU/MPU6050.cpp:1[m[K:
[13.977s] [01m[K/home/hemingshan/exo_ws/src/sensor_module/include/sensor_module/MPU6050.hpp:[m[K In member function ‘[01m[KEigen::Matrix<float, 3, 1> MPU6050::Read()[m[K’:
[13.977s] [01m[K/home/hemingshan/exo_ws/src/sensor_module/include/sensor_module/MPU6050.hpp:79:1:[m[K [01;35m[Kwarning: [m[Kcontrol reaches end of non-void function [[01;35m[K-Wreturn-type[m[K]
[13.977s]    79 | [01;35m[K}[m[K
[13.978s]       | [01;35m[K^[m[K
[13.981s] [01m[K/home/hemingshan/exo_ws/src/sensor_module/include/sensor_module/MPU6050.hpp:[m[K In member function ‘[01m[Kfloat* MPU6050::Read_Data()[m[K’:
[13.981s] [01m[K/home/hemingshan/exo_ws/src/sensor_module/include/sensor_module/MPU6050.hpp:114:1:[m[K [01;35m[Kwarning: [m[Kcontrol reaches end of non-void function [[01;35m[K-Wreturn-type[m[K]
[13.981s]   114 | [01;35m[K}[m[K
[13.982s]       | [01;35m[K^[m[K
[15.118s] In file included from [01m[K/home/hemingshan/exo_ws/src/sensor_module/src/IMU/Exoskeleton_Thigh.cpp:1[m[K:
[15.118s] [01m[K/home/hemingshan/exo_ws/src/sensor_module/include/sensor_module/MPU6050.hpp:[m[K In member function ‘[01m[KEigen::Matrix<float, 3, 1> MPU6050::Read()[m[K’:
[15.118s] [01m[K/home/hemingshan/exo_ws/src/sensor_module/include/sensor_module/MPU6050.hpp:79:1:[m[K [01;35m[Kwarning: [m[Kcontrol reaches end of non-void function [[01;35m[K-Wreturn-type[m[K]
[15.119s]    79 | [01;35m[K}[m[K
[15.119s]       | [01;35m[K^[m[K
[15.123s] [01m[K/home/hemingshan/exo_ws/src/sensor_module/include/sensor_module/MPU6050.hpp:[m[K In member function ‘[01m[Kfloat* MPU6050::Read_Data()[m[K’:
[15.123s] [01m[K/home/hemingshan/exo_ws/src/sensor_module/include/sensor_module/MPU6050.hpp:114:1:[m[K [01;35m[Kwarning: [m[Kcontrol reaches end of non-void function [[01;35m[K-Wreturn-type[m[K]
[15.123s]   114 | [01;35m[K}[m[K
[15.124s]       | [01;35m[K^[m[K
[16.025s] In file included from [01m[K/home/hemingshan/exo_ws/src/sensor_module/src/IMU/Exoskeleton_Calf.cpp:1[m[K:
[16.025s] [01m[K/home/hemingshan/exo_ws/src/sensor_module/include/sensor_module/MPU6050.hpp:[m[K In member function ‘[01m[KEigen::Matrix<float, 3, 1> MPU6050::Read()[m[K’:
[16.025s] [01m[K/home/hemingshan/exo_ws/src/sensor_module/include/sensor_module/MPU6050.hpp:79:1:[m[K [01;35m[Kwarning: [m[Kcontrol reaches end of non-void function [[01;35m[K-Wreturn-type[m[K]
[16.025s]    79 | [01;35m[K}[m[K
[16.025s]       | [01;35m[K^[m[K
[16.028s] [01m[K/home/hemingshan/exo_ws/src/sensor_module/include/sensor_module/MPU6050.hpp:[m[K In member function ‘[01m[Kfloat* MPU6050::Read_Data()[m[K’:
[16.029s] [01m[K/home/hemingshan/exo_ws/src/sensor_module/include/sensor_module/MPU6050.hpp:114:1:[m[K [01;35m[Kwarning: [m[Kcontrol reaches end of non-void function [[01;35m[K-Wreturn-type[m[K]
[16.029s]   114 | [01;35m[K}[m[K
[16.029s]       | [01;35m[K^[m[K
[16.488s] In file included from [01m[K/home/hemingshan/exo_ws/src/sensor_module/src/IMU/MPU6050_Thigh.cpp:1[m[K:
[16.488s] [01m[K/home/hemingshan/exo_ws/src/sensor_module/include/sensor_module/MPU6050.hpp:[m[K In member function ‘[01m[KEigen::Matrix<float, 3, 1> MPU6050::Read()[m[K’:
[16.488s] [01m[K/home/hemingshan/exo_ws/src/sensor_module/include/sensor_module/MPU6050.hpp:79:1:[m[K [01;35m[Kwarning: [m[Kcontrol reaches end of non-void function [[01;35m[K-Wreturn-type[m[K]
[16.488s]    79 | [01;35m[K}[m[K
[16.489s]       | [01;35m[K^[m[K
[16.491s] [01m[K/home/hemingshan/exo_ws/src/sensor_module/include/sensor_module/MPU6050.hpp:[m[K In member function ‘[01m[Kfloat* MPU6050::Read_Data()[m[K’:
[16.491s] [01m[K/home/hemingshan/exo_ws/src/sensor_module/include/sensor_module/MPU6050.hpp:114:1:[m[K [01;35m[Kwarning: [m[Kcontrol reaches end of non-void function [[01;35m[K-Wreturn-type[m[K]
[16.492s]   114 | [01;35m[K}[m[K
[16.492s]       | [01;35m[K^[m[K
[16.647s] In file included from [01m[K/home/hemingshan/exo_ws/src/sensor_module/src/IMU/MPU6050_Calf.cpp:1[m[K:
[16.647s] [01m[K/home/hemingshan/exo_ws/src/sensor_module/include/sensor_module/MPU6050.hpp:[m[K In member function ‘[01m[KEigen::Matrix<float, 3, 1> MPU6050::Read()[m[K’:
[16.647s] [01m[K/home/hemingshan/exo_ws/src/sensor_module/include/sensor_module/MPU6050.hpp:79:1:[m[K [01;35m[Kwarning: [m[Kcontrol reaches end of non-void function [[01;35m[K-Wreturn-type[m[K]
[16.648s]    79 | [01;35m[K}[m[K
[16.648s]       | [01;35m[K^[m[K
[16.651s] [01m[K/home/hemingshan/exo_ws/src/sensor_module/include/sensor_module/MPU6050.hpp:[m[K In member function ‘[01m[Kfloat* MPU6050::Read_Data()[m[K’:
[16.651s] [01m[K/home/hemingshan/exo_ws/src/sensor_module/include/sensor_module/MPU6050.hpp:114:1:[m[K [01;35m[Kwarning: [m[Kcontrol reaches end of non-void function [[01;35m[K-Wreturn-type[m[K]
[16.651s]   114 | [01;35m[K}[m[K
[16.651s]       | [01;35m[K^[m[K
[17.235s] [ 57%] [32m[1mLinking CXX executable MPU6050[0m
[17.829s] [ 57%] Built target MPU6050
[18.387s] [ 64%] [32m[1mLinking CXX executable Exoskeleton_Thigh[0m
[18.799s] [ 71%] [32m[1mLinking CXX executable Exoskeleton_Calf[0m
[18.994s] [ 71%] Built target Exoskeleton_Thigh
[19.271s] [ 78%] [32m[1mLinking CXX executable Piezoelectric[0m
[19.418s] [ 85%] [32m[1mLinking CXX executable MPU6050_Thigh[0m
[19.420s] [ 92%] [32m[1mLinking CXX executable MPU6050_Calf[0m
[19.438s] [ 92%] Built target Exoskeleton_Calf
[19.913s] [ 92%] Built target Piezoelectric
[20.003s] [ 92%] Built target MPU6050_Calf
[20.004s] [ 92%] Built target MPU6050_Thigh
[21.424s] [100%] [32m[1mLinking CXX executable Sensor[0m
[21.892s] [100%] Built target Sensor
[21.907s] Invoked command in '/home/hemingshan/exo_ws/src/build/sensor_module' returned '0': CMAKE_PREFIX_PATH=${CMAKE_PREFIX_PATH}:/home/hemingshan/exo_ws/install/pattern_recognition:/opt/ros/foxy /usr/bin/cmake --build /home/hemingshan/exo_ws/src/build/sensor_module -- -j8 -l8
[21.959s] Invoking command in '/home/hemingshan/exo_ws/src/build/sensor_module': CMAKE_PREFIX_PATH=${CMAKE_PREFIX_PATH}:/home/hemingshan/exo_ws/install/pattern_recognition:/opt/ros/foxy /usr/bin/cmake --install /home/hemingshan/exo_ws/src/build/sensor_module
[21.974s] -- Install configuration: ""
[21.974s] -- Installing: /home/hemingshan/exo_ws/src/install/sensor_module/lib/sensor_module/MPU6050_Thigh
[21.975s] -- Set runtime path of "/home/hemingshan/exo_ws/src/install/sensor_module/lib/sensor_module/MPU6050_Thigh" to ""
[21.976s] -- Installing: /home/hemingshan/exo_ws/src/install/sensor_module/lib/sensor_module/MPU6050_Calf
[21.977s] -- Set runtime path of "/home/hemingshan/exo_ws/src/install/sensor_module/lib/sensor_module/MPU6050_Calf" to ""
[21.978s] -- Installing: /home/hemingshan/exo_ws/src/install/sensor_module/lib/sensor_module/Exoskeleton_Thigh
[21.979s] -- Set runtime path of "/home/hemingshan/exo_ws/src/install/sensor_module/lib/sensor_module/Exoskeleton_Thigh" to ""
[21.979s] -- Installing: /home/hemingshan/exo_ws/src/install/sensor_module/lib/sensor_module/Exoskeleton_Calf
[21.981s] -- Set runtime path of "/home/hemingshan/exo_ws/src/install/sensor_module/lib/sensor_module/Exoskeleton_Calf" to ""
[21.981s] -- Installing: /home/hemingshan/exo_ws/src/install/sensor_module/lib/sensor_module/Piezoelectric
[21.983s] -- Set runtime path of "/home/hemingshan/exo_ws/src/install/sensor_module/lib/sensor_module/Piezoelectric" to ""
[21.983s] -- Installing: /home/hemingshan/exo_ws/src/install/sensor_module/lib/sensor_module/Sensor
[21.987s] -- Set runtime path of "/home/hemingshan/exo_ws/src/install/sensor_module/lib/sensor_module/Sensor" to ""
[21.987s] -- Installing: /home/hemingshan/exo_ws/src/install/sensor_module/share/sensor_module/launch
[21.988s] -- Installing: /home/hemingshan/exo_ws/src/install/sensor_module/share/sensor_module/launch/sensor_module_launch.py
[21.988s] -- Installing: /home/hemingshan/exo_ws/src/install/sensor_module/share/ament_index/resource_index/package_run_dependencies/sensor_module
[21.988s] -- Installing: /home/hemingshan/exo_ws/src/install/sensor_module/share/ament_index/resource_index/parent_prefix_path/sensor_module
[21.988s] -- Installing: /home/hemingshan/exo_ws/src/install/sensor_module/share/sensor_module/environment/ament_prefix_path.sh
[21.989s] -- Installing: /home/hemingshan/exo_ws/src/install/sensor_module/share/sensor_module/environment/ament_prefix_path.dsv
[21.989s] -- Installing: /home/hemingshan/exo_ws/src/install/sensor_module/share/sensor_module/environment/path.sh
[21.989s] -- Installing: /home/hemingshan/exo_ws/src/install/sensor_module/share/sensor_module/environment/path.dsv
[21.989s] -- Installing: /home/hemingshan/exo_ws/src/install/sensor_module/share/sensor_module/local_setup.bash
[21.990s] -- Installing: /home/hemingshan/exo_ws/src/install/sensor_module/share/sensor_module/local_setup.sh
[21.990s] -- Installing: /home/hemingshan/exo_ws/src/install/sensor_module/share/sensor_module/local_setup.zsh
[21.990s] -- Installing: /home/hemingshan/exo_ws/src/install/sensor_module/share/sensor_module/local_setup.dsv
[21.990s] -- Installing: /home/hemingshan/exo_ws/src/install/sensor_module/share/sensor_module/package.dsv
[21.990s] -- Installing: /home/hemingshan/exo_ws/src/install/sensor_module/share/ament_index/resource_index/packages/sensor_module
[21.991s] -- Installing: /home/hemingshan/exo_ws/src/install/sensor_module/share/sensor_module/cmake/sensor_moduleConfig.cmake
[21.991s] -- Installing: /home/hemingshan/exo_ws/src/install/sensor_module/share/sensor_module/cmake/sensor_moduleConfig-version.cmake
[21.991s] -- Installing: /home/hemingshan/exo_ws/src/install/sensor_module/share/sensor_module/package.xml
[21.995s] Invoked command in '/home/hemingshan/exo_ws/src/build/sensor_module' returned '0': CMAKE_PREFIX_PATH=${CMAKE_PREFIX_PATH}:/home/hemingshan/exo_ws/install/pattern_recognition:/opt/ros/foxy /usr/bin/cmake --install /home/hemingshan/exo_ws/src/build/sensor_module
