-- Install configuration: ""
-- Up-to-date: /home/hemingshan/exo_ws/src/install/exoskeleton_description/share/exoskeleton_description/launch
-- Up-to-date: /home/hemingshan/exo_ws/src/install/exoskeleton_description/share/exoskeleton_description/launch/view_robot_launch.py
-- Up-to-date: /home/hemingshan/exo_ws/src/install/exoskeleton_description/share/exoskeleton_description/rviz
-- Up-to-date: /home/hemingshan/exo_ws/src/install/exoskeleton_description/share/exoskeleton_description/rviz/default.rviz
-- Up-to-date: /home/hemingshan/exo_ws/src/install/exoskeleton_description/share/exoskeleton_description/rviz/view.rviz
-- Up-to-date: /home/hemingshan/exo_ws/src/install/exoskeleton_description/share/exoskeleton_description/urdf
-- Up-to-date: /home/hemingshan/exo_ws/src/install/exoskeleton_description/share/exoskeleton_description/urdf/lower_limb.urdf
-- Up-to-date: /home/hemingshan/exo_ws/src/install/exoskeleton_description/share/exoskeleton_description/urdf/lower_limb.csv
-- Up-to-date: /home/hemingshan/exo_ws/src/install/exoskeleton_description/share/exoskeleton_description/meshes
-- Up-to-date: /home/hemingshan/exo_ws/src/install/exoskeleton_description/share/exoskeleton_description/meshes/collision
-- Up-to-date: /home/hemingshan/exo_ws/src/install/exoskeleton_description/share/exoskeleton_description/meshes/collision/Right_Calf_Link.stl
-- Up-to-date: /home/hemingshan/exo_ws/src/install/exoskeleton_description/share/exoskeleton_description/meshes/collision/Left_Calf_Link.stl
-- Up-to-date: /home/hemingshan/exo_ws/src/install/exoskeleton_description/share/exoskeleton_description/meshes/collision/Right_Hip_Link.stl
-- Up-to-date: /home/hemingshan/exo_ws/src/install/exoskeleton_description/share/exoskeleton_description/meshes/collision/Back_Base_Link.stl
-- Up-to-date: /home/hemingshan/exo_ws/src/install/exoskeleton_description/share/exoskeleton_description/meshes/collision/Right_Ankle_Link.stl
-- Up-to-date: /home/hemingshan/exo_ws/src/install/exoskeleton_description/share/exoskeleton_description/meshes/collision/Left_Hip_Link.stl
-- Up-to-date: /home/hemingshan/exo_ws/src/install/exoskeleton_description/share/exoskeleton_description/meshes/collision/Left_Thigh_Link.stl
-- Up-to-date: /home/hemingshan/exo_ws/src/install/exoskeleton_description/share/exoskeleton_description/meshes/collision/Right_Thigh_Link.stl
-- Up-to-date: /home/hemingshan/exo_ws/src/install/exoskeleton_description/share/exoskeleton_description/meshes/collision/Left_Ankle_Link.stl
-- Up-to-date: /home/hemingshan/exo_ws/src/install/exoskeleton_description/share/exoskeleton_description/meshes/visual
-- Up-to-date: /home/hemingshan/exo_ws/src/install/exoskeleton_description/share/exoskeleton_description/meshes/visual/Right_Calf_Link.stl
-- Up-to-date: /home/hemingshan/exo_ws/src/install/exoskeleton_description/share/exoskeleton_description/meshes/visual/Left_Calf_Link.stl
-- Up-to-date: /home/hemingshan/exo_ws/src/install/exoskeleton_description/share/exoskeleton_description/meshes/visual/Right_Hip_Link.stl
-- Up-to-date: /home/hemingshan/exo_ws/src/install/exoskeleton_description/share/exoskeleton_description/meshes/visual/Back_Base_Link.stl
-- Up-to-date: /home/hemingshan/exo_ws/src/install/exoskeleton_description/share/exoskeleton_description/meshes/visual/Right_Ankle_Link.stl
-- Up-to-date: /home/hemingshan/exo_ws/src/install/exoskeleton_description/share/exoskeleton_description/meshes/visual/Left_Hip_Link.stl
-- Up-to-date: /home/hemingshan/exo_ws/src/install/exoskeleton_description/share/exoskeleton_description/meshes/visual/Left_Thigh_Link.stl
-- Up-to-date: /home/hemingshan/exo_ws/src/install/exoskeleton_description/share/exoskeleton_description/meshes/visual/Right_Thigh_Link.stl
-- Up-to-date: /home/hemingshan/exo_ws/src/install/exoskeleton_description/share/exoskeleton_description/meshes/visual/Left_Ankle_Link.stl
-- Up-to-date: /home/hemingshan/exo_ws/src/install/exoskeleton_description/share/exoskeleton_description/meshes/Back_Base_Link.STL
-- Up-to-date: /home/hemingshan/exo_ws/src/install/exoskeleton_description/share/exoskeleton_description/meshes/Right_Hip_Link.STL
-- Up-to-date: /home/hemingshan/exo_ws/src/install/exoskeleton_description/share/exoskeleton_description/meshes/Left_Hip_Link.STL
-- Up-to-date: /home/hemingshan/exo_ws/src/install/exoskeleton_description/share/exoskeleton_description/meshes/Left_Calf_Link.STL
-- Up-to-date: /home/hemingshan/exo_ws/src/install/exoskeleton_description/share/exoskeleton_description/meshes/Right_Ankle_Link.STL
-- Up-to-date: /home/hemingshan/exo_ws/src/install/exoskeleton_description/share/exoskeleton_description/meshes/Left_Thigh_Link.STL
-- Up-to-date: /home/hemingshan/exo_ws/src/install/exoskeleton_description/share/exoskeleton_description/meshes/Right_Calf_Link.STL
-- Up-to-date: /home/hemingshan/exo_ws/src/install/exoskeleton_description/share/exoskeleton_description/meshes/Right_Thigh_Link.STL
-- Up-to-date: /home/hemingshan/exo_ws/src/install/exoskeleton_description/share/exoskeleton_description/meshes/Left_Ankle_Link.STL
-- Up-to-date: /home/hemingshan/exo_ws/src/install/exoskeleton_description/share/ament_index/resource_index/package_run_dependencies/exoskeleton_description
-- Up-to-date: /home/hemingshan/exo_ws/src/install/exoskeleton_description/share/ament_index/resource_index/parent_prefix_path/exoskeleton_description
-- Up-to-date: /home/hemingshan/exo_ws/src/install/exoskeleton_description/share/exoskeleton_description/environment/ament_prefix_path.sh
-- Up-to-date: /home/hemingshan/exo_ws/src/install/exoskeleton_description/share/exoskeleton_description/environment/ament_prefix_path.dsv
-- Up-to-date: /home/hemingshan/exo_ws/src/install/exoskeleton_description/share/exoskeleton_description/environment/path.sh
-- Up-to-date: /home/hemingshan/exo_ws/src/install/exoskeleton_description/share/exoskeleton_description/environment/path.dsv
-- Up-to-date: /home/hemingshan/exo_ws/src/install/exoskeleton_description/share/exoskeleton_description/local_setup.bash
-- Up-to-date: /home/hemingshan/exo_ws/src/install/exoskeleton_description/share/exoskeleton_description/local_setup.sh
-- Up-to-date: /home/hemingshan/exo_ws/src/install/exoskeleton_description/share/exoskeleton_description/local_setup.zsh
-- Up-to-date: /home/hemingshan/exo_ws/src/install/exoskeleton_description/share/exoskeleton_description/local_setup.dsv
-- Up-to-date: /home/hemingshan/exo_ws/src/install/exoskeleton_description/share/exoskeleton_description/package.dsv
-- Up-to-date: /home/hemingshan/exo_ws/src/install/exoskeleton_description/share/ament_index/resource_index/packages/exoskeleton_description
-- Up-to-date: /home/hemingshan/exo_ws/src/install/exoskeleton_description/share/exoskeleton_description/cmake/exoskeleton_descriptionConfig.cmake
-- Up-to-date: /home/hemingshan/exo_ws/src/install/exoskeleton_description/share/exoskeleton_description/cmake/exoskeleton_descriptionConfig-version.cmake
-- Up-to-date: /home/hemingshan/exo_ws/src/install/exoskeleton_description/share/exoskeleton_description/package.xml
