[0.056s] Invoking command in '/home/hemingshan/exo_ws/src/build/exoskeleton_description': CMAKE_PREFIX_PATH=${CMAKE_PREFIX_PATH}:/home/hemingshan/exo_ws/install/pattern_recognition:/opt/ros/foxy /usr/bin/cmake --build /home/hemingshan/exo_ws/src/build/exoskeleton_description -- -j8 -l8
[0.683s] Invoked command in '/home/hemingshan/exo_ws/src/build/exoskeleton_description' returned '0': CMAKE_PREFIX_PATH=${CMAKE_PREFIX_PATH}:/home/hemingshan/exo_ws/install/pattern_recognition:/opt/ros/foxy /usr/bin/cmake --build /home/hemingshan/exo_ws/src/build/exoskeleton_description -- -j8 -l8
[0.785s] Invoking command in '/home/hemingshan/exo_ws/src/build/exoskeleton_description': CMAKE_PREFIX_PATH=${CMAKE_PREFIX_PATH}:/home/hemingshan/exo_ws/install/pattern_recognition:/opt/ros/foxy /usr/bin/cmake --install /home/hemingshan/exo_ws/src/build/exoskeleton_description
[0.811s] -- Install configuration: ""
[0.812s] -- Up-to-date: /home/hemingshan/exo_ws/src/install/exoskeleton_description/share/exoskeleton_description/launch
[0.812s] -- Up-to-date: /home/hemingshan/exo_ws/src/install/exoskeleton_description/share/exoskeleton_description/launch/view_robot_launch.py
[0.812s] -- Up-to-date: /home/hemingshan/exo_ws/src/install/exoskeleton_description/share/exoskeleton_description/rviz
[0.812s] -- Up-to-date: /home/hemingshan/exo_ws/src/install/exoskeleton_description/share/exoskeleton_description/rviz/default.rviz
[0.812s] -- Up-to-date: /home/hemingshan/exo_ws/src/install/exoskeleton_description/share/exoskeleton_description/rviz/view.rviz
[0.812s] -- Up-to-date: /home/hemingshan/exo_ws/src/install/exoskeleton_description/share/exoskeleton_description/urdf
[0.813s] -- Up-to-date: /home/hemingshan/exo_ws/src/install/exoskeleton_description/share/exoskeleton_description/urdf/lower_limb.urdf
[0.813s] -- Up-to-date: /home/hemingshan/exo_ws/src/install/exoskeleton_description/share/exoskeleton_description/urdf/lower_limb.csv
[0.813s] -- Up-to-date: /home/hemingshan/exo_ws/src/install/exoskeleton_description/share/exoskeleton_description/meshes
[0.813s] -- Up-to-date: /home/hemingshan/exo_ws/src/install/exoskeleton_description/share/exoskeleton_description/meshes/collision
[0.813s] -- Up-to-date: /home/hemingshan/exo_ws/src/install/exoskeleton_description/share/exoskeleton_description/meshes/collision/Right_Calf_Link.stl
[0.813s] -- Up-to-date: /home/hemingshan/exo_ws/src/install/exoskeleton_description/share/exoskeleton_description/meshes/collision/Left_Calf_Link.stl
[0.813s] -- Up-to-date: /home/hemingshan/exo_ws/src/install/exoskeleton_description/share/exoskeleton_description/meshes/collision/Right_Hip_Link.stl
[0.814s] -- Up-to-date: /home/hemingshan/exo_ws/src/install/exoskeleton_description/share/exoskeleton_description/meshes/collision/Back_Base_Link.stl
[0.814s] -- Up-to-date: /home/hemingshan/exo_ws/src/install/exoskeleton_description/share/exoskeleton_description/meshes/collision/Right_Ankle_Link.stl
[0.814s] -- Up-to-date: /home/hemingshan/exo_ws/src/install/exoskeleton_description/share/exoskeleton_description/meshes/collision/Left_Hip_Link.stl
[0.814s] -- Up-to-date: /home/hemingshan/exo_ws/src/install/exoskeleton_description/share/exoskeleton_description/meshes/collision/Left_Thigh_Link.stl
[0.814s] -- Up-to-date: /home/hemingshan/exo_ws/src/install/exoskeleton_description/share/exoskeleton_description/meshes/collision/Right_Thigh_Link.stl
[0.815s] -- Up-to-date: /home/hemingshan/exo_ws/src/install/exoskeleton_description/share/exoskeleton_description/meshes/collision/Left_Ankle_Link.stl
[0.815s] -- Up-to-date: /home/hemingshan/exo_ws/src/install/exoskeleton_description/share/exoskeleton_description/meshes/visual
[0.815s] -- Up-to-date: /home/hemingshan/exo_ws/src/install/exoskeleton_description/share/exoskeleton_description/meshes/visual/Right_Calf_Link.stl
[0.817s] -- Up-to-date: /home/hemingshan/exo_ws/src/install/exoskeleton_description/share/exoskeleton_description/meshes/visual/Left_Calf_Link.stl
[0.817s] -- Up-to-date: /home/hemingshan/exo_ws/src/install/exoskeleton_description/share/exoskeleton_description/meshes/visual/Right_Hip_Link.stl
[0.818s] -- Up-to-date: /home/hemingshan/exo_ws/src/install/exoskeleton_description/share/exoskeleton_description/meshes/visual/Back_Base_Link.stl
[0.818s] -- Up-to-date: /home/hemingshan/exo_ws/src/install/exoskeleton_description/share/exoskeleton_description/meshes/visual/Right_Ankle_Link.stl
[0.818s] -- Up-to-date: /home/hemingshan/exo_ws/src/install/exoskeleton_description/share/exoskeleton_description/meshes/visual/Left_Hip_Link.stl
[0.819s] -- Up-to-date: /home/hemingshan/exo_ws/src/install/exoskeleton_description/share/exoskeleton_description/meshes/visual/Left_Thigh_Link.stl
[0.819s] -- Up-to-date: /home/hemingshan/exo_ws/src/install/exoskeleton_description/share/exoskeleton_description/meshes/visual/Right_Thigh_Link.stl
[0.819s] -- Up-to-date: /home/hemingshan/exo_ws/src/install/exoskeleton_description/share/exoskeleton_description/meshes/visual/Left_Ankle_Link.stl
[0.820s] -- Up-to-date: /home/hemingshan/exo_ws/src/install/exoskeleton_description/share/exoskeleton_description/meshes/Back_Base_Link.STL
[0.821s] -- Up-to-date: /home/hemingshan/exo_ws/src/install/exoskeleton_description/share/exoskeleton_description/meshes/Right_Hip_Link.STL
[0.822s] -- Up-to-date: /home/hemingshan/exo_ws/src/install/exoskeleton_description/share/exoskeleton_description/meshes/Left_Hip_Link.STL
[0.822s] -- Up-to-date: /home/hemingshan/exo_ws/src/install/exoskeleton_description/share/exoskeleton_description/meshes/Left_Calf_Link.STL
[0.822s] -- Up-to-date: /home/hemingshan/exo_ws/src/install/exoskeleton_description/share/exoskeleton_description/meshes/Right_Ankle_Link.STL
[0.824s] -- Up-to-date: /home/hemingshan/exo_ws/src/install/exoskeleton_description/share/exoskeleton_description/meshes/Left_Thigh_Link.STL
[0.824s] -- Up-to-date: /home/hemingshan/exo_ws/src/install/exoskeleton_description/share/exoskeleton_description/meshes/Right_Calf_Link.STL
[0.824s] -- Up-to-date: /home/hemingshan/exo_ws/src/install/exoskeleton_description/share/exoskeleton_description/meshes/Right_Thigh_Link.STL
[0.825s] -- Up-to-date: /home/hemingshan/exo_ws/src/install/exoskeleton_description/share/exoskeleton_description/meshes/Left_Ankle_Link.STL
[0.825s] -- Up-to-date: /home/hemingshan/exo_ws/src/install/exoskeleton_description/share/ament_index/resource_index/package_run_dependencies/exoskeleton_description
[0.826s] -- Up-to-date: /home/hemingshan/exo_ws/src/install/exoskeleton_description/share/ament_index/resource_index/parent_prefix_path/exoskeleton_description
[0.826s] -- Up-to-date: /home/hemingshan/exo_ws/src/install/exoskeleton_description/share/exoskeleton_description/environment/ament_prefix_path.sh
[0.826s] -- Up-to-date: /home/hemingshan/exo_ws/src/install/exoskeleton_description/share/exoskeleton_description/environment/ament_prefix_path.dsv
[0.827s] -- Up-to-date: /home/hemingshan/exo_ws/src/install/exoskeleton_description/share/exoskeleton_description/environment/path.sh
[0.827s] -- Up-to-date: /home/hemingshan/exo_ws/src/install/exoskeleton_description/share/exoskeleton_description/environment/path.dsv
[0.828s] -- Up-to-date: /home/hemingshan/exo_ws/src/install/exoskeleton_description/share/exoskeleton_description/local_setup.bash
[0.829s] -- Up-to-date: /home/hemingshan/exo_ws/src/install/exoskeleton_description/share/exoskeleton_description/local_setup.sh
[0.830s] -- Up-to-date: /home/hemingshan/exo_ws/src/install/exoskeleton_description/share/exoskeleton_description/local_setup.zsh
[0.831s] -- Up-to-date: /home/hemingshan/exo_ws/src/install/exoskeleton_description/share/exoskeleton_description/local_setup.dsv
[0.832s] -- Up-to-date: /home/hemingshan/exo_ws/src/install/exoskeleton_description/share/exoskeleton_description/package.dsv
[0.834s] -- Up-to-date: /home/hemingshan/exo_ws/src/install/exoskeleton_description/share/ament_index/resource_index/packages/exoskeleton_description
[0.835s] -- Up-to-date: /home/hemingshan/exo_ws/src/install/exoskeleton_description/share/exoskeleton_description/cmake/exoskeleton_descriptionConfig.cmake
[0.835s] -- Up-to-date: /home/hemingshan/exo_ws/src/install/exoskeleton_description/share/exoskeleton_description/cmake/exoskeleton_descriptionConfig-version.cmake
[0.836s] -- Up-to-date: /home/hemingshan/exo_ws/src/install/exoskeleton_description/share/exoskeleton_description/package.xml
[0.843s] Invoked command in '/home/hemingshan/exo_ws/src/build/exoskeleton_description' returned '0': CMAKE_PREFIX_PATH=${CMAKE_PREFIX_PATH}:/home/hemingshan/exo_ws/install/pattern_recognition:/opt/ros/foxy /usr/bin/cmake --install /home/hemingshan/exo_ws/src/build/exoskeleton_description
