running egg_info
creating ../build/pattern_recognition/pattern_recognition.egg-info
writing ../build/pattern_recognition/pattern_recognition.egg-info/PKG-INFO
writing dependency_links to ../build/pattern_recognition/pattern_recognition.egg-info/dependency_links.txt
writing entry points to ../build/pattern_recognition/pattern_recognition.egg-info/entry_points.txt
writing requirements to ../build/pattern_recognition/pattern_recognition.egg-info/requires.txt
writing top-level names to ../build/pattern_recognition/pattern_recognition.egg-info/top_level.txt
writing manifest file '../build/pattern_recognition/pattern_recognition.egg-info/SOURCES.txt'
reading manifest file '../build/pattern_recognition/pattern_recognition.egg-info/SOURCES.txt'
writing manifest file '../build/pattern_recognition/pattern_recognition.egg-info/SOURCES.txt'
running build
running build_py
creating /home/hemingshan/exo_ws/src/build/pattern_recognition/build
creating /home/hemingshan/exo_ws/src/build/pattern_recognition/build/lib
creating /home/hemingshan/exo_ws/src/build/pattern_recognition/build/lib/pattern_recognition
copying pattern_recognition/publisher_member_function.py -> /home/hemingshan/exo_ws/src/build/pattern_recognition/build/lib/pattern_recognition
copying pattern_recognition/train_data_create.py -> /home/hemingshan/exo_ws/src/build/pattern_recognition/build/lib/pattern_recognition
copying pattern_recognition/__init__.py -> /home/hemingshan/exo_ws/src/build/pattern_recognition/build/lib/pattern_recognition
running install
running install_lib
creating /home/hemingshan/exo_ws/src/install/pattern_recognition/lib/python3.8/site-packages/pattern_recognition
copying /home/hemingshan/exo_ws/src/build/pattern_recognition/build/lib/pattern_recognition/publisher_member_function.py -> /home/hemingshan/exo_ws/src/install/pattern_recognition/lib/python3.8/site-packages/pattern_recognition
copying /home/hemingshan/exo_ws/src/build/pattern_recognition/build/lib/pattern_recognition/train_data_create.py -> /home/hemingshan/exo_ws/src/install/pattern_recognition/lib/python3.8/site-packages/pattern_recognition
copying /home/hemingshan/exo_ws/src/build/pattern_recognition/build/lib/pattern_recognition/__init__.py -> /home/hemingshan/exo_ws/src/install/pattern_recognition/lib/python3.8/site-packages/pattern_recognition
byte-compiling /home/hemingshan/exo_ws/src/install/pattern_recognition/lib/python3.8/site-packages/pattern_recognition/publisher_member_function.py to publisher_member_function.cpython-38.pyc
byte-compiling /home/hemingshan/exo_ws/src/install/pattern_recognition/lib/python3.8/site-packages/pattern_recognition/train_data_create.py to train_data_create.cpython-38.pyc
byte-compiling /home/hemingshan/exo_ws/src/install/pattern_recognition/lib/python3.8/site-packages/pattern_recognition/__init__.py to __init__.cpython-38.pyc
running install_data
creating /home/hemingshan/exo_ws/src/install/pattern_recognition/share/ament_index
creating /home/hemingshan/exo_ws/src/install/pattern_recognition/share/ament_index/resource_index
creating /home/hemingshan/exo_ws/src/install/pattern_recognition/share/ament_index/resource_index/packages
copying resource/pattern_recognition -> /home/hemingshan/exo_ws/src/install/pattern_recognition/share/ament_index/resource_index/packages
copying package.xml -> /home/hemingshan/exo_ws/src/install/pattern_recognition/share/pattern_recognition
running install_egg_info
Copying ../build/pattern_recognition/pattern_recognition.egg-info to /home/hemingshan/exo_ws/src/install/pattern_recognition/lib/python3.8/site-packages/pattern_recognition-0.0.0-py3.8.egg-info
running install_scripts
Installing talker script to /home/hemingshan/exo_ws/src/install/pattern_recognition/lib/pattern_recognition
writing list of installed files to '/home/hemingshan/exo_ws/src/build/pattern_recognition/install.log'
