[0.843s] Invoking command in '/home/hemingshan/exo_ws/src/pattern_recognition': PYTHONPATH=/home/hemingshan/exo_ws/src/install/pattern_recognition/lib/python3.8/site-packages:${PYTHONPATH} /usr/bin/python3 setup.py egg_info --egg-base ../build/pattern_recognition build --build-base /home/hemingshan/exo_ws/src/build/pattern_recognition/build install --prefix /home/hemingshan/exo_ws/src/install/pattern_recognition --record /home/hemingshan/exo_ws/src/build/pattern_recognition/install.log --single-version-externally-managed
[1.318s] running egg_info
[1.322s] creating ../build/pattern_recognition/pattern_recognition.egg-info
[1.322s] writing ../build/pattern_recognition/pattern_recognition.egg-info/PKG-INFO
[1.323s] writing dependency_links to ../build/pattern_recognition/pattern_recognition.egg-info/dependency_links.txt
[1.323s] writing entry points to ../build/pattern_recognition/pattern_recognition.egg-info/entry_points.txt
[1.323s] writing requirements to ../build/pattern_recognition/pattern_recognition.egg-info/requires.txt
[1.323s] writing top-level names to ../build/pattern_recognition/pattern_recognition.egg-info/top_level.txt
[1.323s] writing manifest file '../build/pattern_recognition/pattern_recognition.egg-info/SOURCES.txt'
[1.379s] reading manifest file '../build/pattern_recognition/pattern_recognition.egg-info/SOURCES.txt'
[1.380s] writing manifest file '../build/pattern_recognition/pattern_recognition.egg-info/SOURCES.txt'
[1.382s] running build
[1.383s] running build_py
[1.383s] creating /home/hemingshan/exo_ws/src/build/pattern_recognition/build
[1.384s] creating /home/hemingshan/exo_ws/src/build/pattern_recognition/build/lib
[1.384s] creating /home/hemingshan/exo_ws/src/build/pattern_recognition/build/lib/pattern_recognition
[1.384s] copying pattern_recognition/publisher_member_function.py -> /home/hemingshan/exo_ws/src/build/pattern_recognition/build/lib/pattern_recognition
[1.384s] copying pattern_recognition/train_data_create.py -> /home/hemingshan/exo_ws/src/build/pattern_recognition/build/lib/pattern_recognition
[1.384s] copying pattern_recognition/__init__.py -> /home/hemingshan/exo_ws/src/build/pattern_recognition/build/lib/pattern_recognition
[1.385s] running install
[1.386s] running install_lib
[1.388s] creating /home/hemingshan/exo_ws/src/install/pattern_recognition/lib/python3.8/site-packages/pattern_recognition
[1.388s] copying /home/hemingshan/exo_ws/src/build/pattern_recognition/build/lib/pattern_recognition/publisher_member_function.py -> /home/hemingshan/exo_ws/src/install/pattern_recognition/lib/python3.8/site-packages/pattern_recognition
[1.389s] copying /home/hemingshan/exo_ws/src/build/pattern_recognition/build/lib/pattern_recognition/train_data_create.py -> /home/hemingshan/exo_ws/src/install/pattern_recognition/lib/python3.8/site-packages/pattern_recognition
[1.389s] copying /home/hemingshan/exo_ws/src/build/pattern_recognition/build/lib/pattern_recognition/__init__.py -> /home/hemingshan/exo_ws/src/install/pattern_recognition/lib/python3.8/site-packages/pattern_recognition
[1.389s] byte-compiling /home/hemingshan/exo_ws/src/install/pattern_recognition/lib/python3.8/site-packages/pattern_recognition/publisher_member_function.py to publisher_member_function.cpython-38.pyc
[1.390s] byte-compiling /home/hemingshan/exo_ws/src/install/pattern_recognition/lib/python3.8/site-packages/pattern_recognition/train_data_create.py to train_data_create.cpython-38.pyc
[1.391s] byte-compiling /home/hemingshan/exo_ws/src/install/pattern_recognition/lib/python3.8/site-packages/pattern_recognition/__init__.py to __init__.cpython-38.pyc
[1.392s] running install_data
[1.393s] creating /home/hemingshan/exo_ws/src/install/pattern_recognition/share/ament_index
[1.394s] creating /home/hemingshan/exo_ws/src/install/pattern_recognition/share/ament_index/resource_index
[1.394s] creating /home/hemingshan/exo_ws/src/install/pattern_recognition/share/ament_index/resource_index/packages
[1.394s] copying resource/pattern_recognition -> /home/hemingshan/exo_ws/src/install/pattern_recognition/share/ament_index/resource_index/packages
[1.394s] copying package.xml -> /home/hemingshan/exo_ws/src/install/pattern_recognition/share/pattern_recognition
[1.395s] running install_egg_info
[1.398s] Copying ../build/pattern_recognition/pattern_recognition.egg-info to /home/hemingshan/exo_ws/src/install/pattern_recognition/lib/python3.8/site-packages/pattern_recognition-0.0.0-py3.8.egg-info
[1.399s] running install_scripts
[1.431s] Installing talker script to /home/hemingshan/exo_ws/src/install/pattern_recognition/lib/pattern_recognition
[1.432s] writing list of installed files to '/home/hemingshan/exo_ws/src/build/pattern_recognition/install.log'
[1.484s] Invoked command in '/home/hemingshan/exo_ws/src/pattern_recognition' returned '0': PYTHONPATH=/home/hemingshan/exo_ws/src/install/pattern_recognition/lib/python3.8/site-packages:${PYTHONPATH} /usr/bin/python3 setup.py egg_info --egg-base ../build/pattern_recognition build --build-base /home/hemingshan/exo_ws/src/build/pattern_recognition/build install --prefix /home/hemingshan/exo_ws/src/install/pattern_recognition --record /home/hemingshan/exo_ws/src/build/pattern_recognition/install.log --single-version-externally-managed
