[0.051s] Invoking command in '/home/hemingshan/exo_ws/src/build/exoskeleton_description': CMAKE_PREFIX_PATH=${CMAKE_PREFIX_PATH}:/home/hemingshan/exo_ws/install/pattern_recognition:/opt/ros/foxy /usr/bin/cmake /home/hemingshan/exo_ws/src/exoskeleton_description -DCMAKE_INSTALL_PREFIX=/home/hemingshan/exo_ws/src/install/exoskeleton_description
[0.834s] -- The C compiler identification is GNU 9.3.0
[0.834s] -- The CXX compiler identification is GNU 9.3.0
[0.834s] -- Check for working C compiler: /usr/bin/cc
[0.834s] -- Check for working C compiler: /usr/bin/cc -- works
[0.834s] -- Detecting C compiler ABI info
[0.834s] -- Detecting C compiler ABI info - done
[0.834s] -- Detecting C compile features
[0.834s] -- Detecting C compile features - done
[0.835s] -- Check for working CXX compiler: /usr/bin/c++
[0.835s] -- Check for working CXX compiler: /usr/bin/c++ -- works
[0.835s] -- Detecting CXX compiler ABI info
[0.835s] -- Detecting CXX compiler ABI info - done
[0.835s] -- Detecting CXX compile features
[0.835s] -- Detecting CXX compile features - done
[0.835s] -- Found ament_cmake: 0.9.8 (/opt/ros/foxy/share/ament_cmake/cmake)
[0.836s] -- Found PythonInterp: /usr/bin/python3 (found suitable version "3.8.5", minimum required is "3") 
[0.836s] -- Using PYTHON_EXECUTABLE: /usr/bin/python3
[1.036s] -- Found ament_lint_auto: 0.9.6 (/opt/ros/foxy/share/ament_lint_auto/cmake)
[1.184s] -- Found urdf: 2.4.0 (/opt/ros/foxy/share/urdf/cmake)
[1.231s] -- Found rclcpp: 2.3.0 (/opt/ros/foxy/share/rclcpp/cmake)
[1.304s] -- Using all available rosidl_typesupport_c: rosidl_typesupport_fastrtps_c;rosidl_typesupport_introspection_c
[1.317s] -- Found rosidl_adapter: 1.2.0 (/opt/ros/foxy/share/rosidl_adapter/cmake)
[1.491s] -- Found OpenSSL: /usr/lib/x86_64-linux-gnu/libcrypto.so (found version "1.1.1f")  
[1.553s] -- Found FastRTPS: /opt/ros/foxy/include  
[1.667s] -- Using all available rosidl_typesupport_cpp: rosidl_typesupport_fastrtps_cpp;rosidl_typesupport_introspection_cpp
[1.734s] -- Found rmw_implementation_cmake: 1.0.2 (/opt/ros/foxy/share/rmw_implementation_cmake/cmake)
[1.736s] -- Using RMW implementation 'rmw_fastrtps_cpp' as default
[1.737s] -- Looking for pthread.h
[1.835s] -- Looking for pthread.h - found
[1.835s] -- Performing Test CMAKE_HAVE_LIBC_PTHREAD
[1.939s] -- Performing Test CMAKE_HAVE_LIBC_PTHREAD - Failed
[1.939s] -- Looking for pthread_create in pthreads
[2.024s] -- Looking for pthread_create in pthreads - not found
[2.024s] -- Looking for pthread_create in pthread
[2.110s] -- Looking for pthread_create in pthread - found
[2.112s] -- Found Threads: TRUE  
[2.339s] -- Found sensor_msgs: 2.0.3 (/opt/ros/foxy/share/sensor_msgs/cmake)
[2.548s] -- Added test 'copyright' to check source files copyright and LICENSE
[2.554s] -- Added test 'flake8' to check Python code syntax and style conventions
[2.556s] -- Added test 'lint_cmake' to check CMake code style
[2.557s] -- Added test 'pep257' to check Python code against some of the style conventions in PEP 257
[2.561s] -- Added test 'xmllint' to check XML markup files
[2.566s] -- Configuring done
[2.569s] -- Generating done
[2.571s] -- Build files have been written to: /home/hemingshan/exo_ws/src/build/exoskeleton_description
[2.587s] Invoked command in '/home/hemingshan/exo_ws/src/build/exoskeleton_description' returned '0': CMAKE_PREFIX_PATH=${CMAKE_PREFIX_PATH}:/home/hemingshan/exo_ws/install/pattern_recognition:/opt/ros/foxy /usr/bin/cmake /home/hemingshan/exo_ws/src/exoskeleton_description -DCMAKE_INSTALL_PREFIX=/home/hemingshan/exo_ws/src/install/exoskeleton_description
[2.590s] Invoking command in '/home/hemingshan/exo_ws/src/build/exoskeleton_description': CMAKE_PREFIX_PATH=${CMAKE_PREFIX_PATH}:/home/hemingshan/exo_ws/install/pattern_recognition:/opt/ros/foxy /usr/bin/cmake --build /home/hemingshan/exo_ws/src/build/exoskeleton_description -- -j8 -l8
[2.665s] Invoked command in '/home/hemingshan/exo_ws/src/build/exoskeleton_description' returned '0': CMAKE_PREFIX_PATH=${CMAKE_PREFIX_PATH}:/home/hemingshan/exo_ws/install/pattern_recognition:/opt/ros/foxy /usr/bin/cmake --build /home/hemingshan/exo_ws/src/build/exoskeleton_description -- -j8 -l8
[2.803s] Invoking command in '/home/hemingshan/exo_ws/src/build/exoskeleton_description': CMAKE_PREFIX_PATH=${CMAKE_PREFIX_PATH}:/home/hemingshan/exo_ws/install/pattern_recognition:/opt/ros/foxy /usr/bin/cmake --install /home/hemingshan/exo_ws/src/build/exoskeleton_description
[2.827s] -- Install configuration: ""
[2.834s] -- Installing: /home/hemingshan/exo_ws/src/install/exoskeleton_description/share/exoskeleton_description/launch
[2.834s] -- Installing: /home/hemingshan/exo_ws/src/install/exoskeleton_description/share/exoskeleton_description/launch/view_robot_launch.py
[2.834s] -- Installing: /home/hemingshan/exo_ws/src/install/exoskeleton_description/share/exoskeleton_description/rviz
[2.834s] -- Installing: /home/hemingshan/exo_ws/src/install/exoskeleton_description/share/exoskeleton_description/rviz/default.rviz
[2.834s] -- Installing: /home/hemingshan/exo_ws/src/install/exoskeleton_description/share/exoskeleton_description/rviz/view.rviz
[2.834s] -- Installing: /home/hemingshan/exo_ws/src/install/exoskeleton_description/share/exoskeleton_description/urdf
[2.834s] -- Installing: /home/hemingshan/exo_ws/src/install/exoskeleton_description/share/exoskeleton_description/urdf/lower_limb.urdf
[2.835s] -- Installing: /home/hemingshan/exo_ws/src/install/exoskeleton_description/share/exoskeleton_description/urdf/lower_limb.csv
[2.835s] -- Installing: /home/hemingshan/exo_ws/src/install/exoskeleton_description/share/exoskeleton_description/meshes
[2.835s] -- Installing: /home/hemingshan/exo_ws/src/install/exoskeleton_description/share/exoskeleton_description/meshes/collision
[2.835s] -- Installing: /home/hemingshan/exo_ws/src/install/exoskeleton_description/share/exoskeleton_description/meshes/collision/Right_Calf_Link.stl
[2.835s] -- Installing: /home/hemingshan/exo_ws/src/install/exoskeleton_description/share/exoskeleton_description/meshes/collision/Left_Calf_Link.stl
[2.835s] -- Installing: /home/hemingshan/exo_ws/src/install/exoskeleton_description/share/exoskeleton_description/meshes/collision/Right_Hip_Link.stl
[2.840s] -- Installing: /home/hemingshan/exo_ws/src/install/exoskeleton_description/share/exoskeleton_description/meshes/collision/Back_Base_Link.stl
[2.841s] -- Installing: /home/hemingshan/exo_ws/src/install/exoskeleton_description/share/exoskeleton_description/meshes/collision/Right_Ankle_Link.stl
[2.842s] -- Installing: /home/hemingshan/exo_ws/src/install/exoskeleton_description/share/exoskeleton_description/meshes/collision/Left_Hip_Link.stl
[2.847s] -- Installing: /home/hemingshan/exo_ws/src/install/exoskeleton_description/share/exoskeleton_description/meshes/collision/Left_Thigh_Link.stl
[2.854s] -- Installing: /home/hemingshan/exo_ws/src/install/exoskeleton_description/share/exoskeleton_description/meshes/collision/Right_Thigh_Link.stl
[2.859s] -- Installing: /home/hemingshan/exo_ws/src/install/exoskeleton_description/share/exoskeleton_description/meshes/collision/Left_Ankle_Link.stl
[2.860s] -- Installing: /home/hemingshan/exo_ws/src/install/exoskeleton_description/share/exoskeleton_description/meshes/visual
[2.860s] -- Installing: /home/hemingshan/exo_ws/src/install/exoskeleton_description/share/exoskeleton_description/meshes/visual/Right_Calf_Link.stl
[2.861s] -- Installing: /home/hemingshan/exo_ws/src/install/exoskeleton_description/share/exoskeleton_description/meshes/visual/Left_Calf_Link.stl
[2.863s] -- Installing: /home/hemingshan/exo_ws/src/install/exoskeleton_description/share/exoskeleton_description/meshes/visual/Right_Hip_Link.stl
[2.868s] -- Installing: /home/hemingshan/exo_ws/src/install/exoskeleton_description/share/exoskeleton_description/meshes/visual/Back_Base_Link.stl
[2.869s] -- Installing: /home/hemingshan/exo_ws/src/install/exoskeleton_description/share/exoskeleton_description/meshes/visual/Right_Ankle_Link.stl
[2.870s] -- Installing: /home/hemingshan/exo_ws/src/install/exoskeleton_description/share/exoskeleton_description/meshes/visual/Left_Hip_Link.stl
[2.875s] -- Installing: /home/hemingshan/exo_ws/src/install/exoskeleton_description/share/exoskeleton_description/meshes/visual/Left_Thigh_Link.stl
[2.883s] -- Installing: /home/hemingshan/exo_ws/src/install/exoskeleton_description/share/exoskeleton_description/meshes/visual/Right_Thigh_Link.stl
[2.890s] -- Installing: /home/hemingshan/exo_ws/src/install/exoskeleton_description/share/exoskeleton_description/meshes/visual/Left_Ankle_Link.stl
[2.891s] -- Installing: /home/hemingshan/exo_ws/src/install/exoskeleton_description/share/exoskeleton_description/meshes/Back_Base_Link.STL
[2.893s] -- Installing: /home/hemingshan/exo_ws/src/install/exoskeleton_description/share/exoskeleton_description/meshes/Right_Hip_Link.STL
[2.898s] -- Installing: /home/hemingshan/exo_ws/src/install/exoskeleton_description/share/exoskeleton_description/meshes/Left_Hip_Link.STL
[2.904s] -- Installing: /home/hemingshan/exo_ws/src/install/exoskeleton_description/share/exoskeleton_description/meshes/Left_Calf_Link.STL
[2.906s] -- Installing: /home/hemingshan/exo_ws/src/install/exoskeleton_description/share/exoskeleton_description/meshes/Right_Ankle_Link.STL
[2.907s] -- Installing: /home/hemingshan/exo_ws/src/install/exoskeleton_description/share/exoskeleton_description/meshes/Left_Thigh_Link.STL
[2.912s] -- Installing: /home/hemingshan/exo_ws/src/install/exoskeleton_description/share/exoskeleton_description/meshes/Right_Calf_Link.STL
[2.913s] -- Installing: /home/hemingshan/exo_ws/src/install/exoskeleton_description/share/exoskeleton_description/meshes/Right_Thigh_Link.STL
[2.918s] -- Installing: /home/hemingshan/exo_ws/src/install/exoskeleton_description/share/exoskeleton_description/meshes/Left_Ankle_Link.STL
[2.920s] -- Installing: /home/hemingshan/exo_ws/src/install/exoskeleton_description/share/ament_index/resource_index/package_run_dependencies/exoskeleton_description
[2.921s] -- Installing: /home/hemingshan/exo_ws/src/install/exoskeleton_description/share/ament_index/resource_index/parent_prefix_path/exoskeleton_description
[2.922s] -- Installing: /home/hemingshan/exo_ws/src/install/exoskeleton_description/share/exoskeleton_description/environment/ament_prefix_path.sh
[2.923s] -- Installing: /home/hemingshan/exo_ws/src/install/exoskeleton_description/share/exoskeleton_description/environment/ament_prefix_path.dsv
[2.923s] -- Installing: /home/hemingshan/exo_ws/src/install/exoskeleton_description/share/exoskeleton_description/environment/path.sh
[2.924s] -- Installing: /home/hemingshan/exo_ws/src/install/exoskeleton_description/share/exoskeleton_description/environment/path.dsv
[2.925s] -- Installing: /home/hemingshan/exo_ws/src/install/exoskeleton_description/share/exoskeleton_description/local_setup.bash
[2.925s] -- Installing: /home/hemingshan/exo_ws/src/install/exoskeleton_description/share/exoskeleton_description/local_setup.sh
[2.926s] -- Installing: /home/hemingshan/exo_ws/src/install/exoskeleton_description/share/exoskeleton_description/local_setup.zsh
[2.926s] -- Installing: /home/hemingshan/exo_ws/src/install/exoskeleton_description/share/exoskeleton_description/local_setup.dsv
[2.927s] -- Installing: /home/hemingshan/exo_ws/src/install/exoskeleton_description/share/exoskeleton_description/package.dsv
[2.927s] -- Installing: /home/hemingshan/exo_ws/src/install/exoskeleton_description/share/ament_index/resource_index/packages/exoskeleton_description
[2.928s] -- Installing: /home/hemingshan/exo_ws/src/install/exoskeleton_description/share/exoskeleton_description/cmake/exoskeleton_descriptionConfig.cmake
[2.928s] -- Installing: /home/hemingshan/exo_ws/src/install/exoskeleton_description/share/exoskeleton_description/cmake/exoskeleton_descriptionConfig-version.cmake
[2.929s] -- Installing: /home/hemingshan/exo_ws/src/install/exoskeleton_description/share/exoskeleton_description/package.xml
[2.945s] Invoked command in '/home/hemingshan/exo_ws/src/build/exoskeleton_description' returned '0': CMAKE_PREFIX_PATH=${CMAKE_PREFIX_PATH}:/home/hemingshan/exo_ws/install/pattern_recognition:/opt/ros/foxy /usr/bin/cmake --install /home/hemingshan/exo_ws/src/build/exoskeleton_description
