[0.367s] Invoking command in '/home/hemingshan/exo_ws/src/joint_state_publisher': PYTHONPATH=/home/hemingshan/exo_ws/src/install/joint_state_publisher/lib/python3.8/site-packages:${PYTHONPATH} /usr/bin/python3 setup.py egg_info --egg-base ../build/joint_state_publisher build --build-base /home/hemingshan/exo_ws/src/build/joint_state_publisher/build install --prefix /home/hemingshan/exo_ws/src/install/joint_state_publisher --record /home/hemingshan/exo_ws/src/build/joint_state_publisher/install.log --single-version-externally-managed
[0.672s] running egg_info
[0.672s] writing ../build/joint_state_publisher/joint_state_publisher.egg-info/PKG-INFO
[0.672s] writing dependency_links to ../build/joint_state_publisher/joint_state_publisher.egg-info/dependency_links.txt
[0.672s] writing entry points to ../build/joint_state_publisher/joint_state_publisher.egg-info/entry_points.txt
[0.672s] writing requirements to ../build/joint_state_publisher/joint_state_publisher.egg-info/requires.txt
[0.672s] writing top-level names to ../build/joint_state_publisher/joint_state_publisher.egg-info/top_level.txt
[0.673s] reading manifest file '../build/joint_state_publisher/joint_state_publisher.egg-info/SOURCES.txt'
[0.674s] writing manifest file '../build/joint_state_publisher/joint_state_publisher.egg-info/SOURCES.txt'
[0.674s] running build
[0.674s] running build_py
[0.674s] running install
[0.675s] running install_lib
[0.676s] running install_data
[0.676s] running install_egg_info
[0.680s] removing '/home/hemingshan/exo_ws/src/install/joint_state_publisher/lib/python3.8/site-packages/joint_state_publisher-2.2.0-py3.8.egg-info' (and everything under it)
[0.680s] Copying ../build/joint_state_publisher/joint_state_publisher.egg-info to /home/hemingshan/exo_ws/src/install/joint_state_publisher/lib/python3.8/site-packages/joint_state_publisher-2.2.0-py3.8.egg-info
[0.681s] running install_scripts
[0.713s] Installing joint_state_publisher script to /home/hemingshan/exo_ws/src/install/joint_state_publisher/lib/joint_state_publisher
[0.713s] writing list of installed files to '/home/hemingshan/exo_ws/src/build/joint_state_publisher/install.log'
[0.795s] Invoked command in '/home/hemingshan/exo_ws/src/joint_state_publisher' returned '0': PYTHONPATH=/home/hemingshan/exo_ws/src/install/joint_state_publisher/lib/python3.8/site-packages:${PYTHONPATH} /usr/bin/python3 setup.py egg_info --egg-base ../build/joint_state_publisher build --build-base /home/hemingshan/exo_ws/src/build/joint_state_publisher/build install --prefix /home/hemingshan/exo_ws/src/install/joint_state_publisher --record /home/hemingshan/exo_ws/src/build/joint_state_publisher/install.log --single-version-externally-managed
