-- The C compiler identification is GNU 9.3.0
-- The CXX compiler identification is GNU 9.3.0
-- Check for working C compiler: /usr/bin/cc
-- Check for working C compiler: /usr/bin/cc -- works
-- Detecting C compiler ABI info
-- Detecting C compiler ABI info - done
-- Detecting C compile features
-- Detecting C compile features - done
-- Check for working CXX compiler: /usr/bin/c++
-- Check for working CXX compiler: /usr/bin/c++ -- works
-- Detecting CXX compiler ABI info
-- Detecting CXX compiler ABI info - done
-- Detecting CXX compile features
-- Detecting CXX compile features - done
-- Found ament_cmake: 0.9.8 (/opt/ros/foxy/share/ament_cmake/cmake)
-- Found PythonInterp: /usr/bin/python3 (found suitable version "3.8.5", minimum required is "3") 
-- Using PYTHON_EXECUTABLE: /usr/bin/python3
-- Found ament_lint_auto: 0.9.6 (/opt/ros/foxy/share/ament_lint_auto/cmake)
-- Found rclcpp: 2.3.0 (/opt/ros/foxy/share/rclcpp/cmake)
-- Using all available rosidl_typesupport_c: rosidl_typesupport_fastrtps_c;rosidl_typesupport_introspection_c
-- Found rosidl_adapter: 1.2.0 (/opt/ros/foxy/share/rosidl_adapter/cmake)
-- Found OpenSSL: /usr/lib/x86_64-linux-gnu/libcrypto.so (found version "1.1.1f")  
-- Found FastRTPS: /opt/ros/foxy/include  
-- Using all available rosidl_typesupport_cpp: rosidl_typesupport_fastrtps_cpp;rosidl_typesupport_introspection_cpp
-- Found rmw_implementation_cmake: 1.0.2 (/opt/ros/foxy/share/rmw_implementation_cmake/cmake)
-- Using RMW implementation 'rmw_fastrtps_cpp' as default
-- Looking for pthread.h
-- Looking for pthread.h - found
-- Performing Test CMAKE_HAVE_LIBC_PTHREAD
-- Performing Test CMAKE_HAVE_LIBC_PTHREAD - Failed
-- Looking for pthread_create in pthreads
-- Looking for pthread_create in pthreads - not found
-- Looking for pthread_create in pthread
-- Looking for pthread_create in pthread - found
-- Found Threads: TRUE  
-- Found sensor_msgs: 2.0.3 (/opt/ros/foxy/share/sensor_msgs/cmake)
-- Added test 'copyright' to check source files copyright and LICENSE
-- Added test 'cppcheck' to perform static code analysis on C / C++ code
-- Configured cppcheck include dirs: /home/hemingshan/exo_ws/src/exoskeleton_control/include
-- Configured cppcheck exclude dirs and/or files: 
-- Added test 'cpplint' to check C / C++ code against the Google style
-- Configured cpplint exclude dirs and/or files: 
-- Added test 'lint_cmake' to check CMake code style
-- Added test 'uncrustify' to check C / C++ code style
-- Configured uncrustify additional arguments: 
-- Added test 'xmllint' to check XML markup files
-- Configuring done
-- Generating done
-- Build files have been written to: /home/hemingshan/exo_ws/src/build/exoskeleton_control
[35m[1mScanning dependencies of target EciDemoCommon[0m
[35m[1mScanning dependencies of target Admittance_control_Software[0m
[35m[1mScanning dependencies of target Exoskeleton_dynamics[0m
[35m[1mScanning dependencies of target EciDemo113[0m
[35m[1mScanning dependencies of target Test[0m
[35m[1mScanning dependencies of target Admittance_control_Hardware[0m
[  4%] [32mBuilding C object CMakeFiles/EciDemoCommon.dir/src/Eci/EciDemoCommon.c.o[0m
[  8%] [32mBuilding CXX object CMakeFiles/EciDemo113.dir/src/Eci/EciDemo113.cpp.o[0m
[35m[1mScanning dependencies of target Exoskeleton_kinematics[0m
[ 12%] [32mBuilding CXX object CMakeFiles/Exoskeleton_dynamics.dir/src/Kinematic_Dynamic/exoskeleton_dynamics.cpp.o[0m
[ 16%] [32mBuilding CXX object CMakeFiles/Exoskeleton_kinematics.dir/src/Kinematic_Dynamic/exoskeleton_kinematics.cpp.o[0m
In file included from [01m[K/home/hemingshan/exo_ws/src/exoskeleton_control/include/OsEci.h:22[m[K,
                 from [01m[K/home/hemingshan/exo_ws/src/exoskeleton_control/include/ECI_cantype.h:18[m[K,
                 from [01m[K/home/hemingshan/exo_ws/src/exoskeleton_control/include/ECI_hwtype.h:17[m[K,
                 from [01m[K/home/hemingshan/exo_ws/src/exoskeleton_control/include/eci/EciDemoCommon.h:17[m[K,
                 from [01m[K/home/hemingshan/exo_ws/src/exoskeleton_control/src/Eci/EciDemoCommon.c:17[m[K:
[01m[K/home/hemingshan/exo_ws/src/exoskeleton_control/include/ECI_error.h:64:19:[m[K [01;35m[Kwarning: [m[KISO C restricts enumerator values to range of ‘[01m[Kint[m[K’ [[01;35m[K-Wpedantic[m[K]
   64 |   ECI_ERR_FIRST = [01;35m[K([m[KSEV_ECI_ERROR | 0x0000),
      |                   [01;35m[K^[m[K
In file included from [01m[K/home/hemingshan/exo_ws/src/exoskeleton_control/include/eci/EciDemoCommon.h:17[m[K,
                 from [01m[K/home/hemingshan/exo_ws/src/exoskeleton_control/src/Eci/EciDemoCommon.c:17[m[K:
[01m[K/home/hemingshan/exo_ws/src/exoskeleton_control/include/ECI_hwtype.h:144:39:[m[K [01;35m[Kwarning: [m[KISO C restricts enumerator values to range of ‘[01m[Kint[m[K’ [[01;35m[K-Wpedantic[m[K]
  144 |   ECI_SETTINGS_FLAG_NO_FW_DOWNLOAD  = [01;35m[K0x80000000[m[K
      |                                       [01;35m[K^~~~~~~~~~[m[K
In file included from [01m[K/home/hemingshan/exo_ws/src/exoskeleton_control/src/Eci/EciDemo113.cpp:4[m[K:
[01m[K/home/hemingshan/exo_ws/src/exoskeleton_control/include/eci/EciDemoCommon.h:55:2:[m[K [01;35m[Kwarning: [m[Kextra ‘[01m[K;[m[K’ [[01;35m[K-Wpedantic[m[K]
   55 | }[01;35m[K;[m[K
      |  [01;35m[K^[m[K
[01m[K/home/hemingshan/exo_ws/src/exoskeleton_control/src/Eci/EciDemo113.cpp:[m[K In function ‘[01m[KHRESULT EciDemo113()[m[K’:
[01m[K/home/hemingshan/exo_ws/src/exoskeleton_control/src/Eci/EciDemo113.cpp:65:31:[m[K [01;35m[Kwarning: [m[Kmissing initializer for member ‘[01m[KECI_HW_PARA::dwFlags[m[K’ [[01;35m[K-Wmissing-field-initializers[m[K]
   65 |   ECI_HW_PARA stcHwPara   = {0[01;35m[K}[m[K;
      |                               [01;35m[K^[m[K
[01m[K/home/hemingshan/exo_ws/src/exoskeleton_control/src/Eci/EciDemo113.cpp:65:31:[m[K [01;35m[Kwarning: [m[Kmissing initializer for member ‘[01m[KECI_HW_PARA::u[m[K’ [[01;35m[K-Wmissing-field-initializers[m[K]
[01m[K/home/hemingshan/exo_ws/src/exoskeleton_control/src/Eci/EciDemo113.cpp:66:31:[m[K [01;35m[Kwarning: [m[Kmissing initializer for member ‘[01m[KECI_HW_INFO::u[m[K’ [[01;35m[K-Wmissing-field-initializers[m[K]
   66 |   ECI_HW_INFO stcHwInfo   = {0[01;35m[K}[m[K;
      |                               [01;35m[K^[m[K
[01m[K/home/hemingshan/exo_ws/src/exoskeleton_control/src/Eci/EciDemo113.cpp:[m[K In function ‘[01m[KHRESULT EciCanDemo113(DWORD, DWORD)[m[K’:
[01m[K/home/hemingshan/exo_ws/src/exoskeleton_control/src/Eci/EciDemo113.cpp:138:39:[m[K [01;35m[Kwarning: [m[Kmissing initializer for member ‘[01m[KECI_CTRL_CONFIG::u[m[K’ [[01;35m[K-Wmissing-field-initializers[m[K]
  138 |     ECI_CTRL_CONFIG stcCtrlConfig = {0[01;35m[K}[m[K;
      |                                       [01;35m[K^[m[K
[01m[K/home/hemingshan/exo_ws/src/exoskeleton_control/src/Eci/EciDemo113.cpp:155:43:[m[K [01;35m[Kwarning: [m[Kmissing initializer for member ‘[01m[KECI_CTRL_CAPABILITIES::u[m[K’ [[01;35m[K-Wmissing-field-initializers[m[K]
  155 |     ECI_CTRL_CAPABILITIES stcCtrlCaps = {0[01;35m[K}[m[K;
      |                                           [01;35m[K^[m[K
[01m[K/home/hemingshan/exo_ws/src/exoskeleton_control/src/Eci/EciDemo113.cpp:[m[K In function ‘[01m[KHRESULT Can_Tx_Data(HRESULT, BYTE (*)[8], DWORD*)[m[K’:
[01m[K/home/hemingshan/exo_ws/src/exoskeleton_control/src/Eci/EciDemo113.cpp:179:39:[m[K [01;35m[Kwarning: [m[Kmissing initializer for member ‘[01m[KECI_CTRL_MESSAGE::u[m[K’ [[01;35m[K-Wmissing-field-initializers[m[K]
  179 |     ECI_CTRL_MESSAGE stcCtrlMsg   = {0[01;35m[K}[m[K;
      |                                       [01;35m[K^[m[K
[01m[K/home/hemingshan/exo_ws/src/exoskeleton_control/src/Eci/EciDemo113.cpp:226:49:[m[K [01;35m[Kwarning: [m[Kmissing initializer for member ‘[01m[KECI_CTRL_MESSAGE::u[m[K’ [[01;35m[K-Wmissing-field-initializers[m[K]
  226 |         ECI_CTRL_MESSAGE  astcCtrlMsg[20] = {{0}[01;35m[K}[m[K;
      |                                                 [01;35m[K^[m[K
[01m[K/home/hemingshan/exo_ws/src/exoskeleton_control/src/Eci/EciDemo113.cpp:249:1:[m[K [01;35m[Kwarning: [m[Kno return statement in function returning non-void [[01;35m[K-Wreturn-type[m[K]
  249 | [01;35m[K}[m[K
      | [01;35m[K^[m[K
[01m[K/home/hemingshan/exo_ws/src/exoskeleton_control/src/Eci/EciDemo113.cpp:[m[K In function ‘[01m[KHRESULT Can_Rx_Data(HRESULT)[m[K’:
[01m[K/home/hemingshan/exo_ws/src/exoskeleton_control/src/Eci/EciDemo113.cpp:257:39:[m[K [01;35m[Kwarning: [m[Kmissing initializer for member ‘[01m[KECI_CTRL_MESSAGE::u[m[K’ [[01;35m[K-Wmissing-field-initializers[m[K]
  257 |     ECI_CTRL_MESSAGE stcCtrlMsg   = {0[01;35m[K}[m[K;
      |                                       [01;35m[K^[m[K
[01m[K/home/hemingshan/exo_ws/src/exoskeleton_control/src/Eci/EciDemo113.cpp:314:1:[m[K [01;35m[Kwarning: [m[Kno return statement in function returning non-void [[01;35m[K-Wreturn-type[m[K]
  314 | [01;35m[K}[m[K
      | [01;35m[K^[m[K
[01m[K/home/hemingshan/exo_ws/src/exoskeleton_control/src/Eci/EciDemo113.cpp:[m[K In function ‘[01m[KHRESULT close_can_rtx_data(HRESULT)[m[K’:
[01m[K/home/hemingshan/exo_ws/src/exoskeleton_control/src/Eci/EciDemo113.cpp:340:1:[m[K [01;35m[Kwarning: [m[Kno return statement in function returning non-void [[01;35m[K-Wreturn-type[m[K]
  340 | [01;35m[K}[m[K
      | [01;35m[K^[m[K
[ 24%] [32mBuilding CXX object CMakeFiles/Test.dir/src/Eci/Test.cpp.o[0m
[ 24%] [32mBuilding CXX object CMakeFiles/Admittance_control_Software.dir/src/Admittance_Control/Admittance_control_Software.cpp.o[0m
[ 28%] [32mBuilding CXX object CMakeFiles/Admittance_control_Hardware.dir/src/Admittance_Control/Admittance_control_Hardware.cpp.o[0m
[ 32%] [32m[1mLinking CXX static library libEciDemo113.a[0m
[ 36%] [32m[1mLinking C static library libEciDemoCommon.a[0m
[ 36%] Built target EciDemoCommon
[35m[1mScanning dependencies of target Eci_keyboard[0m
[ 36%] Built target EciDemo113
[35m[1mScanning dependencies of target EciDemo[0m
[ 40%] [32mBuilding CXX object CMakeFiles/Eci_keyboard.dir/src/Eci/EciDemo113.cpp.o[0m
[35m[1mScanning dependencies of target Angle_Send[0m
[ 44%] [32mBuilding CXX object CMakeFiles/EciDemo.dir/src/Eci/EciDemo113.cpp.o[0m
In file included from [01m[K/home/hemingshan/exo_ws/src/exoskeleton_control/src/Eci/EciDemo113.cpp:4[m[K:
[01m[K/home/hemingshan/exo_ws/src/exoskeleton_control/include/eci/EciDemoCommon.h:55:2:[m[K [01;35m[Kwarning: [m[Kextra ‘[01m[K;[m[K’ [[01;35m[K-Wpedantic[m[K]
   55 | }[01;35m[K;[m[K
      |  [01;35m[K^[m[K
[01m[K/home/hemingshan/exo_ws/src/exoskeleton_control/src/Eci/EciDemo113.cpp:[m[K In function ‘[01m[KHRESULT EciDemo113()[m[K’:
[01m[K/home/hemingshan/exo_ws/src/exoskeleton_control/src/Eci/EciDemo113.cpp:65:31:[m[K [01;35m[Kwarning: [m[Kmissing initializer for member ‘[01m[KECI_HW_PARA::dwFlags[m[K’ [[01;35m[K-Wmissing-field-initializers[m[K]
   65 |   ECI_HW_PARA stcHwPara   = {0[01;35m[K}[m[K;
      |                               [01;35m[K^[m[K
[01m[K/home/hemingshan/exo_ws/src/exoskeleton_control/src/Eci/EciDemo113.cpp:65:31:[m[K [01;35m[Kwarning: [m[Kmissing initializer for member ‘[01m[KECI_HW_PARA::u[m[K’ [[01;35m[K-Wmissing-field-initializers[m[K]
[01m[K/home/hemingshan/exo_ws/src/exoskeleton_control/src/Eci/EciDemo113.cpp:66:31:[m[K [01;35m[Kwarning: [m[Kmissing initializer for member ‘[01m[KECI_HW_INFO::u[m[K’ [[01;35m[K-Wmissing-field-initializers[m[K]
   66 |   ECI_HW_INFO stcHwInfo   = {0[01;35m[K}[m[K;
      |                               [01;35m[K^[m[K
[01m[K/home/hemingshan/exo_ws/src/exoskeleton_control/src/Eci/EciDemo113.cpp:[m[K In function ‘[01m[KHRESULT EciCanDemo113(DWORD, DWORD)[m[K’:
[01m[K/home/hemingshan/exo_ws/src/exoskeleton_control/src/Eci/EciDemo113.cpp:138:39:[m[K [01;35m[Kwarning: [m[Kmissing initializer for member ‘[01m[KECI_CTRL_CONFIG::u[m[K’ [[01;35m[K-Wmissing-field-initializers[m[K]
  138 |     ECI_CTRL_CONFIG stcCtrlConfig = {0[01;35m[K}[m[K;
      |                                       [01;35m[K^[m[K
[01m[K/home/hemingshan/exo_ws/src/exoskeleton_control/src/Eci/EciDemo113.cpp:155:43:[m[K [01;35m[Kwarning: [m[Kmissing initializer for member ‘[01m[KECI_CTRL_CAPABILITIES::u[m[K’ [[01;35m[K-Wmissing-field-initializers[m[K]
  155 |     ECI_CTRL_CAPABILITIES stcCtrlCaps = {0[01;35m[K}[m[K;
      |                                           [01;35m[K^[m[K
[01m[K/home/hemingshan/exo_ws/src/exoskeleton_control/src/Eci/EciDemo113.cpp:[m[K In function ‘[01m[KHRESULT Can_Tx_Data(HRESULT, BYTE (*)[8], DWORD*)[m[K’:
[01m[K/home/hemingshan/exo_ws/src/exoskeleton_control/src/Eci/EciDemo113.cpp:179:39:[m[K [01;35m[Kwarning: [m[Kmissing initializer for member ‘[01m[KECI_CTRL_MESSAGE::u[m[K’ [[01;35m[K-Wmissing-field-initializers[m[K]
  179 |     ECI_CTRL_MESSAGE stcCtrlMsg   = {0[01;35m[K}[m[K;
      |                                       [01;35m[K^[m[K
[01m[K/home/hemingshan/exo_ws/src/exoskeleton_control/src/Eci/EciDemo113.cpp:226:49:[m[K [01;35m[Kwarning: [m[Kmissing initializer for member ‘[01m[KECI_CTRL_MESSAGE::u[m[K’ [[01;35m[K-Wmissing-field-initializers[m[K]
  226 |         ECI_CTRL_MESSAGE  astcCtrlMsg[20] = {{0}[01;35m[K}[m[K;
      |                                                 [01;35m[K^[m[K
[01m[K/home/hemingshan/exo_ws/src/exoskeleton_control/src/Eci/EciDemo113.cpp:249:1:[m[K [01;35m[Kwarning: [m[Kno return statement in function returning non-void [[01;35m[K-Wreturn-type[m[K]
  249 | [01;35m[K}[m[K
      | [01;35m[K^[m[K
[01m[K/home/hemingshan/exo_ws/src/exoskeleton_control/src/Eci/EciDemo113.cpp:[m[K In function ‘[01m[KHRESULT Can_Rx_Data(HRESULT)[m[K’:
[01m[K/home/hemingshan/exo_ws/src/exoskeleton_control/src/Eci/EciDemo113.cpp:257:39:[m[K [01;35m[Kwarning: [m[Kmissing initializer for member ‘[01m[KECI_CTRL_MESSAGE::u[m[K’ [[01;35m[K-Wmissing-field-initializers[m[K]
  257 |     ECI_CTRL_MESSAGE stcCtrlMsg   = {0[01;35m[K}[m[K;
      |                                       [01;35m[K^[m[K
[01m[K/home/hemingshan/exo_ws/src/exoskeleton_control/src/Eci/EciDemo113.cpp:314:1:[m[K [01;35m[Kwarning: [m[Kno return statement in function returning non-void [[01;35m[K-Wreturn-type[m[K]
  314 | [01;35m[K}[m[K
      | [01;35m[K^[m[K
[01m[K/home/hemingshan/exo_ws/src/exoskeleton_control/src/Eci/EciDemo113.cpp:[m[K In function ‘[01m[KHRESULT close_can_rtx_data(HRESULT)[m[K’:
[01m[K/home/hemingshan/exo_ws/src/exoskeleton_control/src/Eci/EciDemo113.cpp:340:1:[m[K [01;35m[Kwarning: [m[Kno return statement in function returning non-void [[01;35m[K-Wreturn-type[m[K]
  340 | [01;35m[K}[m[K
      | [01;35m[K^[m[K
[ 48%] [32mBuilding CXX object CMakeFiles/Angle_Send.dir/src/Eci/Angle_Send.cpp.o[0m
In file included from [01m[K/home/hemingshan/exo_ws/src/exoskeleton_control/src/Eci/EciDemo113.cpp:4[m[K:
[01m[K/home/hemingshan/exo_ws/src/exoskeleton_control/include/eci/EciDemoCommon.h:55:2:[m[K [01;35m[Kwarning: [m[Kextra ‘[01m[K;[m[K’ [[01;35m[K-Wpedantic[m[K]
   55 | }[01;35m[K;[m[K
      |  [01;35m[K^[m[K
[01m[K/home/hemingshan/exo_ws/src/exoskeleton_control/src/Eci/EciDemo113.cpp:[m[K In function ‘[01m[KHRESULT EciDemo113()[m[K’:
[01m[K/home/hemingshan/exo_ws/src/exoskeleton_control/src/Eci/EciDemo113.cpp:65:31:[m[K [01;35m[Kwarning: [m[Kmissing initializer for member ‘[01m[KECI_HW_PARA::dwFlags[m[K’ [[01;35m[K-Wmissing-field-initializers[m[K]
   65 |   ECI_HW_PARA stcHwPara   = {0[01;35m[K}[m[K;
      |                               [01;35m[K^[m[K
[01m[K/home/hemingshan/exo_ws/src/exoskeleton_control/src/Eci/EciDemo113.cpp:65:31:[m[K [01;35m[Kwarning: [m[Kmissing initializer for member ‘[01m[KECI_HW_PARA::u[m[K’ [[01;35m[K-Wmissing-field-initializers[m[K]
[01m[K/home/hemingshan/exo_ws/src/exoskeleton_control/src/Eci/EciDemo113.cpp:66:31:[m[K [01;35m[Kwarning: [m[Kmissing initializer for member ‘[01m[KECI_HW_INFO::u[m[K’ [[01;35m[K-Wmissing-field-initializers[m[K]
   66 |   ECI_HW_INFO stcHwInfo   = {0[01;35m[K}[m[K;
      |                               [01;35m[K^[m[K
[01m[K/home/hemingshan/exo_ws/src/exoskeleton_control/src/Eci/EciDemo113.cpp:[m[K In function ‘[01m[KHRESULT EciCanDemo113(DWORD, DWORD)[m[K’:
[01m[K/home/hemingshan/exo_ws/src/exoskeleton_control/src/Eci/EciDemo113.cpp:138:39:[m[K [01;35m[Kwarning: [m[Kmissing initializer for member ‘[01m[KECI_CTRL_CONFIG::u[m[K’ [[01;35m[K-Wmissing-field-initializers[m[K]
  138 |     ECI_CTRL_CONFIG stcCtrlConfig = {0[01;35m[K}[m[K;
      |                                       [01;35m[K^[m[K
[01m[K/home/hemingshan/exo_ws/src/exoskeleton_control/src/Eci/EciDemo113.cpp:155:43:[m[K [01;35m[Kwarning: [m[Kmissing initializer for member ‘[01m[KECI_CTRL_CAPABILITIES::u[m[K’ [[01;35m[K-Wmissing-field-initializers[m[K]
  155 |     ECI_CTRL_CAPABILITIES stcCtrlCaps = {0[01;35m[K}[m[K;
      |                                           [01;35m[K^[m[K
[01m[K/home/hemingshan/exo_ws/src/exoskeleton_control/src/Eci/EciDemo113.cpp:[m[K In function ‘[01m[KHRESULT Can_Tx_Data(HRESULT, BYTE (*)[8], DWORD*)[m[K’:
[01m[K/home/hemingshan/exo_ws/src/exoskeleton_control/src/Eci/EciDemo113.cpp:179:39:[m[K [01;35m[Kwarning: [m[Kmissing initializer for member ‘[01m[KECI_CTRL_MESSAGE::u[m[K’ [[01;35m[K-Wmissing-field-initializers[m[K]
  179 |     ECI_CTRL_MESSAGE stcCtrlMsg   = {0[01;35m[K}[m[K;
      |                                       [01;35m[K^[m[K
[01m[K/home/hemingshan/exo_ws/src/exoskeleton_control/src/Eci/EciDemo113.cpp:226:49:[m[K [01;35m[Kwarning: [m[Kmissing initializer for member ‘[01m[KECI_CTRL_MESSAGE::u[m[K’ [[01;35m[K-Wmissing-field-initializers[m[K]
  226 |         ECI_CTRL_MESSAGE  astcCtrlMsg[20] = {{0}[01;35m[K}[m[K;
      |                                                 [01;35m[K^[m[K
[01m[K/home/hemingshan/exo_ws/src/exoskeleton_control/src/Eci/EciDemo113.cpp:249:1:[m[K [01;35m[Kwarning: [m[Kno return statement in function returning non-void [[01;35m[K-Wreturn-type[m[K]
  249 | [01;35m[K}[m[K
      | [01;35m[K^[m[K
[01m[K/home/hemingshan/exo_ws/src/exoskeleton_control/src/Eci/EciDemo113.cpp:[m[K In function ‘[01m[KHRESULT Can_Rx_Data(HRESULT)[m[K’:
[01m[K/home/hemingshan/exo_ws/src/exoskeleton_control/src/Eci/EciDemo113.cpp:257:39:[m[K [01;35m[Kwarning: [m[Kmissing initializer for member ‘[01m[KECI_CTRL_MESSAGE::u[m[K’ [[01;35m[K-Wmissing-field-initializers[m[K]
  257 |     ECI_CTRL_MESSAGE stcCtrlMsg   = {0[01;35m[K}[m[K;
      |                                       [01;35m[K^[m[K
[01m[K/home/hemingshan/exo_ws/src/exoskeleton_control/src/Eci/EciDemo113.cpp:314:1:[m[K [01;35m[Kwarning: [m[Kno return statement in function returning non-void [[01;35m[K-Wreturn-type[m[K]
  314 | [01;35m[K}[m[K
      | [01;35m[K^[m[K
[01m[K/home/hemingshan/exo_ws/src/exoskeleton_control/src/Eci/EciDemo113.cpp:[m[K In function ‘[01m[KHRESULT close_can_rtx_data(HRESULT)[m[K’:
[01m[K/home/hemingshan/exo_ws/src/exoskeleton_control/src/Eci/EciDemo113.cpp:340:1:[m[K [01;35m[Kwarning: [m[Kno return statement in function returning non-void [[01;35m[K-Wreturn-type[m[K]
  340 | [01;35m[K}[m[K
      | [01;35m[K^[m[K
[ 52%] [32mBuilding CXX object CMakeFiles/Eci_keyboard.dir/src/Eci/Eci_keyboard.cpp.o[0m
[ 56%] [32mBuilding CXX object CMakeFiles/EciDemo.dir/src/Eci/LinuxEciDemo.cpp.o[0m
[01m[K/home/hemingshan/exo_ws/src/exoskeleton_control/src/Eci/LinuxEciDemo.cpp:[m[K In function ‘[01m[Kint main(int, char**, char**)[m[K’:
[01m[K/home/hemingshan/exo_ws/src/exoskeleton_control/src/Eci/LinuxEciDemo.cpp:460:9:[m[K [01;35m[Kwarning: [m[Kunused variable ‘[01m[KLK_rxflag[m[K’ [[01;35m[K-Wunused-variable[m[K]
  460 |     int [01;35m[KLK_rxflag[m[K=1;
      |         [01;35m[K^~~~~~~~~[m[K
[01m[K/home/hemingshan/exo_ws/src/exoskeleton_control/src/Eci/LinuxEciDemo.cpp:461:9:[m[K [01;35m[Kwarning: [m[Kunused variable ‘[01m[KLH_rxflag[m[K’ [[01;35m[K-Wunused-variable[m[K]
  461 |     int [01;35m[KLH_rxflag[m[K=1;
      |         [01;35m[K^~~~~~~~~[m[K
[01m[K/home/hemingshan/exo_ws/src/exoskeleton_control/src/Eci/LinuxEciDemo.cpp:462:9:[m[K [01;35m[Kwarning: [m[Kunused variable ‘[01m[KRK_rxflag[m[K’ [[01;35m[K-Wunused-variable[m[K]
  462 |     int [01;35m[KRK_rxflag[m[K=1;
      |         [01;35m[K^~~~~~~~~[m[K
[01m[K/home/hemingshan/exo_ws/src/exoskeleton_control/src/Eci/LinuxEciDemo.cpp:463:9:[m[K [01;35m[Kwarning: [m[Kunused variable ‘[01m[KRH_rxflag[m[K’ [[01;35m[K-Wunused-variable[m[K]
  463 |     int [01;35m[KRH_rxflag[m[K=1;
      |         [01;35m[K^~~~~~~~~[m[K
[01m[K/home/hemingshan/exo_ws/src/exoskeleton_control/src/Eci/LinuxEciDemo.cpp:478:9:[m[K [01;35m[Kwarning: [m[Kvariable ‘[01m[Klefthip_len[m[K’ set but not used [[01;35m[K-Wunused-but-set-variable[m[K]
  478 |     int [01;35m[Klefthip_len[m[K=0;
      |         [01;35m[K^~~~~~~~~~~[m[K
[01m[K/home/hemingshan/exo_ws/src/exoskeleton_control/src/Eci/LinuxEciDemo.cpp:479:9:[m[K [01;35m[Kwarning: [m[Kvariable ‘[01m[Kleftknee_len[m[K’ set but not used [[01;35m[K-Wunused-but-set-variable[m[K]
  479 |     int [01;35m[Kleftknee_len[m[K=0;
      |         [01;35m[K^~~~~~~~~~~~[m[K
[01m[K/home/hemingshan/exo_ws/src/exoskeleton_control/src/Eci/LinuxEciDemo.cpp:480:9:[m[K [01;35m[Kwarning: [m[Kvariable ‘[01m[Krighthip_len[m[K’ set but not used [[01;35m[K-Wunused-but-set-variable[m[K]
  480 |     int [01;35m[Krighthip_len[m[K=0;
      |         [01;35m[K^~~~~~~~~~~~[m[K
[01m[K/home/hemingshan/exo_ws/src/exoskeleton_control/src/Eci/LinuxEciDemo.cpp:481:9:[m[K [01;35m[Kwarning: [m[Kvariable ‘[01m[Krightknee_len[m[K’ set but not used [[01;35m[K-Wunused-but-set-variable[m[K]
  481 |     int [01;35m[Krightknee_len[m[K=0;
      |         [01;35m[K^~~~~~~~~~~~~[m[K
[01m[K/home/hemingshan/exo_ws/src/exoskeleton_control/src/Eci/LinuxEciDemo.cpp:483:9:[m[K [01;35m[Kwarning: [m[Kvariable ‘[01m[Kleft_hip_len[m[K’ set but not used [[01;35m[K-Wunused-but-set-variable[m[K]
  483 |     int [01;35m[Kleft_hip_len[m[K=0;
      |         [01;35m[K^~~~~~~~~~~~[m[K
[01m[K/home/hemingshan/exo_ws/src/exoskeleton_control/src/Eci/LinuxEciDemo.cpp:484:9:[m[K [01;35m[Kwarning: [m[Kvariable ‘[01m[Kleft_knee_len[m[K’ set but not used [[01;35m[K-Wunused-but-set-variable[m[K]
  484 |     int [01;35m[Kleft_knee_len[m[K=0;
      |         [01;35m[K^~~~~~~~~~~~~[m[K
[01m[K/home/hemingshan/exo_ws/src/exoskeleton_control/src/Eci/LinuxEciDemo.cpp:485:9:[m[K [01;35m[Kwarning: [m[Kvariable ‘[01m[Kright_hip_len[m[K’ set but not used [[01;35m[K-Wunused-but-set-variable[m[K]
  485 |     int [01;35m[Kright_hip_len[m[K=0;
      |         [01;35m[K^~~~~~~~~~~~~[m[K
[01m[K/home/hemingshan/exo_ws/src/exoskeleton_control/src/Eci/LinuxEciDemo.cpp:486:9:[m[K [01;35m[Kwarning: [m[Kvariable ‘[01m[Kright_knee_len[m[K’ set but not used [[01;35m[K-Wunused-but-set-variable[m[K]
  486 |     int [01;35m[Kright_knee_len[m[K=0;
      |         [01;35m[K^~~~~~~~~~~~~~[m[K
[01m[K/home/hemingshan/exo_ws/src/exoskeleton_control/src/Eci/LinuxEciDemo.cpp:494:11:[m[K [01;35m[Kwarning: [m[Kunused variable ‘[01m[Kleftknee_angle_move[m[K’ [[01;35m[K-Wunused-variable[m[K]
  494 |     float [01;35m[Kleftknee_angle_move[m[K;
      |           [01;35m[K^~~~~~~~~~~~~~~~~~~[m[K
[01m[K/home/hemingshan/exo_ws/src/exoskeleton_control/src/Eci/LinuxEciDemo.cpp:496:11:[m[K [01;35m[Kwarning: [m[Kunused variable ‘[01m[Krightknee_angle_move[m[K’ [[01;35m[K-Wunused-variable[m[K]
  496 |     float [01;35m[Krightknee_angle_move[m[K;
      |           [01;35m[K^~~~~~~~~~~~~~~~~~~~[m[K
[01m[K/home/hemingshan/exo_ws/src/exoskeleton_control/src/Eci/LinuxEciDemo.cpp:526:10:[m[K [01;35m[Kwarning: [m[Kunused variable ‘[01m[KTX_pos_move[m[K’ [[01;35m[K-Wunused-variable[m[K]
  526 |     BYTE [01;35m[KTX_pos_move[m[K[12][8]      = {
      |          [01;35m[K^~~~~~~~~~~[m[K
[01m[K/home/hemingshan/exo_ws/src/exoskeleton_control/src/Eci/LinuxEciDemo.cpp:430:24:[m[K [01;35m[Kwarning: [m[Kunused parameter ‘[01m[Kargc[m[K’ [[01;35m[K-Wunused-parameter[m[K]
  430 | int   main( [01;35m[Kint        argc[m[K,
      |             [01;35m[K~~~~~~~~~~~^~~~[m[K
[01m[K/home/hemingshan/exo_ws/src/exoskeleton_control/src/Eci/LinuxEciDemo.cpp:431:24:[m[K [01;35m[Kwarning: [m[Kunused parameter ‘[01m[Kargv[m[K’ [[01;35m[K-Wunused-parameter[m[K]
  431 |             [01;35m[Kchar**     argv[m[K,
      |             [01;35m[K~~~~~~~~~~~^~~~[m[K
[01m[K/home/hemingshan/exo_ws/src/exoskeleton_control/src/Eci/LinuxEciDemo.cpp:432:24:[m[K [01;35m[Kwarning: [m[Kunused parameter ‘[01m[Kenvp[m[K’ [[01;35m[K-Wunused-parameter[m[K]
  432 |             [01;35m[Kchar**     envp[m[K )
      |             [01;35m[K~~~~~~~~~~~^~~~[m[K
[ 60%] [32m[1mLinking CXX executable Eci_keyboard[0m
[ 64%] [32m[1mLinking CXX executable EciDemo[0m
[ 64%] Built target Eci_keyboard
[35m[1mScanning dependencies of target Angle_Driver[0m
[ 64%] Built target EciDemo
[ 68%] [32mBuilding CXX object CMakeFiles/Angle_Driver.dir/src/Eci/Angle_Driver.cpp.o[0m
[ 72%] [32mBuilding CXX object CMakeFiles/Angle_Driver.dir/src/Eci/EciDemo113.cpp.o[0m
In file included from [01m[K/home/hemingshan/exo_ws/src/exoskeleton_control/src/Eci/EciDemo113.cpp:4[m[K:
[01m[K/home/hemingshan/exo_ws/src/exoskeleton_control/include/eci/EciDemoCommon.h:55:2:[m[K [01;35m[Kwarning: [m[Kextra ‘[01m[K;[m[K’ [[01;35m[K-Wpedantic[m[K]
   55 | }[01;35m[K;[m[K
      |  [01;35m[K^[m[K
[01m[K/home/hemingshan/exo_ws/src/exoskeleton_control/src/Eci/EciDemo113.cpp:[m[K In function ‘[01m[KHRESULT EciDemo113()[m[K’:
[01m[K/home/hemingshan/exo_ws/src/exoskeleton_control/src/Eci/EciDemo113.cpp:65:31:[m[K [01;35m[Kwarning: [m[Kmissing initializer for member ‘[01m[KECI_HW_PARA::dwFlags[m[K’ [[01;35m[K-Wmissing-field-initializers[m[K]
   65 |   ECI_HW_PARA stcHwPara   = {0[01;35m[K}[m[K;
      |                               [01;35m[K^[m[K
[01m[K/home/hemingshan/exo_ws/src/exoskeleton_control/src/Eci/EciDemo113.cpp:65:31:[m[K [01;35m[Kwarning: [m[Kmissing initializer for member ‘[01m[KECI_HW_PARA::u[m[K’ [[01;35m[K-Wmissing-field-initializers[m[K]
[01m[K/home/hemingshan/exo_ws/src/exoskeleton_control/src/Eci/EciDemo113.cpp:66:31:[m[K [01;35m[Kwarning: [m[Kmissing initializer for member ‘[01m[KECI_HW_INFO::u[m[K’ [[01;35m[K-Wmissing-field-initializers[m[K]
   66 |   ECI_HW_INFO stcHwInfo   = {0[01;35m[K}[m[K;
      |                               [01;35m[K^[m[K
[01m[K/home/hemingshan/exo_ws/src/exoskeleton_control/src/Eci/EciDemo113.cpp:[m[K In function ‘[01m[KHRESULT EciCanDemo113(DWORD, DWORD)[m[K’:
[01m[K/home/hemingshan/exo_ws/src/exoskeleton_control/src/Eci/EciDemo113.cpp:138:39:[m[K [01;35m[Kwarning: [m[Kmissing initializer for member ‘[01m[KECI_CTRL_CONFIG::u[m[K’ [[01;35m[K-Wmissing-field-initializers[m[K]
  138 |     ECI_CTRL_CONFIG stcCtrlConfig = {0[01;35m[K}[m[K;
      |                                       [01;35m[K^[m[K
[01m[K/home/hemingshan/exo_ws/src/exoskeleton_control/src/Eci/EciDemo113.cpp:155:43:[m[K [01;35m[Kwarning: [m[Kmissing initializer for member ‘[01m[KECI_CTRL_CAPABILITIES::u[m[K’ [[01;35m[K-Wmissing-field-initializers[m[K]
  155 |     ECI_CTRL_CAPABILITIES stcCtrlCaps = {0[01;35m[K}[m[K;
      |                                           [01;35m[K^[m[K
[01m[K/home/hemingshan/exo_ws/src/exoskeleton_control/src/Eci/EciDemo113.cpp:[m[K In function ‘[01m[KHRESULT Can_Tx_Data(HRESULT, BYTE (*)[8], DWORD*)[m[K’:
[01m[K/home/hemingshan/exo_ws/src/exoskeleton_control/src/Eci/EciDemo113.cpp:179:39:[m[K [01;35m[Kwarning: [m[Kmissing initializer for member ‘[01m[KECI_CTRL_MESSAGE::u[m[K’ [[01;35m[K-Wmissing-field-initializers[m[K]
  179 |     ECI_CTRL_MESSAGE stcCtrlMsg   = {0[01;35m[K}[m[K;
      |                                       [01;35m[K^[m[K
[01m[K/home/hemingshan/exo_ws/src/exoskeleton_control/src/Eci/EciDemo113.cpp:226:49:[m[K [01;35m[Kwarning: [m[Kmissing initializer for member ‘[01m[KECI_CTRL_MESSAGE::u[m[K’ [[01;35m[K-Wmissing-field-initializers[m[K]
  226 |         ECI_CTRL_MESSAGE  astcCtrlMsg[20] = {{0}[01;35m[K}[m[K;
      |                                                 [01;35m[K^[m[K
[01m[K/home/hemingshan/exo_ws/src/exoskeleton_control/src/Eci/EciDemo113.cpp:249:1:[m[K [01;35m[Kwarning: [m[Kno return statement in function returning non-void [[01;35m[K-Wreturn-type[m[K]
  249 | [01;35m[K}[m[K
      | [01;35m[K^[m[K
[01m[K/home/hemingshan/exo_ws/src/exoskeleton_control/src/Eci/EciDemo113.cpp:[m[K In function ‘[01m[KHRESULT Can_Rx_Data(HRESULT)[m[K’:
[01m[K/home/hemingshan/exo_ws/src/exoskeleton_control/src/Eci/EciDemo113.cpp:257:39:[m[K [01;35m[Kwarning: [m[Kmissing initializer for member ‘[01m[KECI_CTRL_MESSAGE::u[m[K’ [[01;35m[K-Wmissing-field-initializers[m[K]
  257 |     ECI_CTRL_MESSAGE stcCtrlMsg   = {0[01;35m[K}[m[K;
      |                                       [01;35m[K^[m[K
[01m[K/home/hemingshan/exo_ws/src/exoskeleton_control/src/Eci/EciDemo113.cpp:314:1:[m[K [01;35m[Kwarning: [m[Kno return statement in function returning non-void [[01;35m[K-Wreturn-type[m[K]
  314 | [01;35m[K}[m[K
      | [01;35m[K^[m[K
[01m[K/home/hemingshan/exo_ws/src/exoskeleton_control/src/Eci/EciDemo113.cpp:[m[K In function ‘[01m[KHRESULT close_can_rtx_data(HRESULT)[m[K’:
[01m[K/home/hemingshan/exo_ws/src/exoskeleton_control/src/Eci/EciDemo113.cpp:340:1:[m[K [01;35m[Kwarning: [m[Kno return statement in function returning non-void [[01;35m[K-Wreturn-type[m[K]
  340 | [01;35m[K}[m[K
      | [01;35m[K^[m[K
[01m[K/home/hemingshan/exo_ws/src/exoskeleton_control/src/Kinematic_Dynamic/exoskeleton_kinematics.cpp:[m[K In function ‘[01m[Kint main()[m[K’:
[01m[K/home/hemingshan/exo_ws/src/exoskeleton_control/src/Kinematic_Dynamic/exoskeleton_kinematics.cpp:11:30:[m[K [01;35m[Kwarning: [m[Kvariable ‘[01m[Kangle[m[K’ set but not used [[01;35m[K-Wunused-but-set-variable[m[K]
   11 |     Eigen::Matrix<float,4,1> [01;35m[Kangle[m[K = exoskeleton_kinetic.inverse_kinematics(T_end);
      |                              [01;35m[K^~~~~[m[K
[ 76%] [32m[1mLinking CXX executable Exoskeleton_kinematics[0m
[ 76%] Built target Exoskeleton_kinematics
[ 80%] [32m[1mLinking CXX executable Exoskeleton_dynamics[0m
[ 80%] Built target Exoskeleton_dynamics
[ 84%] [32m[1mLinking CXX executable Angle_Send[0m
[ 84%] Built target Angle_Send
[ 88%] [32m[1mLinking CXX executable Test[0m
[ 88%] Built target Test
[ 92%] [32m[1mLinking CXX executable Angle_Driver[0m
[ 92%] Built target Angle_Driver
[ 96%] [32m[1mLinking CXX executable Admittance_control_Hardware[0m
[ 96%] Built target Admittance_control_Hardware
[100%] [32m[1mLinking CXX executable Admittance_control_Software[0m
[100%] Built target Admittance_control_Software
-- Install configuration: ""
-- Installing: /home/hemingshan/exo_ws/src/install/exoskeleton_control/lib/exoskeleton_control/EciDemo
-- Installing: /home/hemingshan/exo_ws/src/install/exoskeleton_control/lib/exoskeleton_control/Eci_keyboard
-- Installing: /home/hemingshan/exo_ws/src/install/exoskeleton_control/lib/exoskeleton_control/Angle_Send
-- Set runtime path of "/home/hemingshan/exo_ws/src/install/exoskeleton_control/lib/exoskeleton_control/Angle_Send" to ""
-- Installing: /home/hemingshan/exo_ws/src/install/exoskeleton_control/lib/exoskeleton_control/Angle_Driver
-- Set runtime path of "/home/hemingshan/exo_ws/src/install/exoskeleton_control/lib/exoskeleton_control/Angle_Driver" to ""
-- Installing: /home/hemingshan/exo_ws/src/install/exoskeleton_control/lib/exoskeleton_control/Exoskeleton_kinematics
-- Set runtime path of "/home/hemingshan/exo_ws/src/install/exoskeleton_control/lib/exoskeleton_control/Exoskeleton_kinematics" to ""
-- Installing: /home/hemingshan/exo_ws/src/install/exoskeleton_control/lib/exoskeleton_control/Exoskeleton_dynamics
-- Set runtime path of "/home/hemingshan/exo_ws/src/install/exoskeleton_control/lib/exoskeleton_control/Exoskeleton_dynamics" to ""
-- Installing: /home/hemingshan/exo_ws/src/install/exoskeleton_control/lib/exoskeleton_control/Admittance_control_Software
-- Set runtime path of "/home/hemingshan/exo_ws/src/install/exoskeleton_control/lib/exoskeleton_control/Admittance_control_Software" to ""
-- Installing: /home/hemingshan/exo_ws/src/install/exoskeleton_control/lib/exoskeleton_control/Admittance_control_Hardware
-- Set runtime path of "/home/hemingshan/exo_ws/src/install/exoskeleton_control/lib/exoskeleton_control/Admittance_control_Hardware" to ""
-- Installing: /home/hemingshan/exo_ws/src/install/exoskeleton_control/lib/exoskeleton_control/Test
-- Set runtime path of "/home/hemingshan/exo_ws/src/install/exoskeleton_control/lib/exoskeleton_control/Test" to ""
-- Installing: /home/hemingshan/exo_ws/src/install/exoskeleton_control/share/ament_index/resource_index/package_run_dependencies/exoskeleton_control
-- Installing: /home/hemingshan/exo_ws/src/install/exoskeleton_control/share/ament_index/resource_index/parent_prefix_path/exoskeleton_control
-- Installing: /home/hemingshan/exo_ws/src/install/exoskeleton_control/share/exoskeleton_control/environment/ament_prefix_path.sh
-- Installing: /home/hemingshan/exo_ws/src/install/exoskeleton_control/share/exoskeleton_control/environment/ament_prefix_path.dsv
-- Installing: /home/hemingshan/exo_ws/src/install/exoskeleton_control/share/exoskeleton_control/environment/path.sh
-- Installing: /home/hemingshan/exo_ws/src/install/exoskeleton_control/share/exoskeleton_control/environment/path.dsv
-- Installing: /home/hemingshan/exo_ws/src/install/exoskeleton_control/share/exoskeleton_control/local_setup.bash
-- Installing: /home/hemingshan/exo_ws/src/install/exoskeleton_control/share/exoskeleton_control/local_setup.sh
-- Installing: /home/hemingshan/exo_ws/src/install/exoskeleton_control/share/exoskeleton_control/local_setup.zsh
-- Installing: /home/hemingshan/exo_ws/src/install/exoskeleton_control/share/exoskeleton_control/local_setup.dsv
-- Installing: /home/hemingshan/exo_ws/src/install/exoskeleton_control/share/exoskeleton_control/package.dsv
-- Installing: /home/hemingshan/exo_ws/src/install/exoskeleton_control/share/ament_index/resource_index/packages/exoskeleton_control
-- Installing: /home/hemingshan/exo_ws/src/install/exoskeleton_control/share/exoskeleton_control/cmake/exoskeleton_controlConfig.cmake
-- Installing: /home/hemingshan/exo_ws/src/install/exoskeleton_control/share/exoskeleton_control/cmake/exoskeleton_controlConfig-version.cmake
-- Installing: /home/hemingshan/exo_ws/src/install/exoskeleton_control/share/exoskeleton_control/package.xml
