-- The C compiler identification is GNU 9.3.0
-- The CXX compiler identification is GNU 9.3.0
-- Check for working C compiler: /usr/bin/cc
-- Check for working C compiler: /usr/bin/cc -- works
-- Detecting C compiler ABI info
-- Detecting C compiler ABI info - done
-- Detecting C compile features
-- Detecting C compile features - done
-- Check for working CXX compiler: /usr/bin/c++
-- Check for working CXX compiler: /usr/bin/c++ -- works
-- Detecting CXX compiler ABI info
-- Detecting CXX compiler ABI info - done
-- Detecting CXX compile features
-- Detecting CXX compile features - done
-- Found ament_cmake: 0.9.8 (/opt/ros/foxy/share/ament_cmake/cmake)
-- Found PythonInterp: /usr/bin/python3 (found suitable version "3.8.5", minimum required is "3") 
-- Using PYTHON_EXECUTABLE: /usr/bin/python3
-- Found ament_lint_auto: 0.9.6 (/opt/ros/foxy/share/ament_lint_auto/cmake)
-- Found rclcpp: 2.3.0 (/opt/ros/foxy/share/rclcpp/cmake)
-- Using all available rosidl_typesupport_c: rosidl_typesupport_fastrtps_c;rosidl_typesupport_introspection_c
-- Found rosidl_adapter: 1.2.0 (/opt/ros/foxy/share/rosidl_adapter/cmake)
-- Found OpenSSL: /usr/lib/x86_64-linux-gnu/libcrypto.so (found version "1.1.1f")  
-- Found FastRTPS: /opt/ros/foxy/include  
-- Using all available rosidl_typesupport_cpp: rosidl_typesupport_fastrtps_cpp;rosidl_typesupport_introspection_cpp
-- Found rmw_implementation_cmake: 1.0.2 (/opt/ros/foxy/share/rmw_implementation_cmake/cmake)
-- Using RMW implementation 'rmw_fastrtps_cpp' as default
-- Looking for pthread.h
-- Looking for pthread.h - found
-- Performing Test CMAKE_HAVE_LIBC_PTHREAD
-- Performing Test CMAKE_HAVE_LIBC_PTHREAD - Failed
-- Looking for pthread_create in pthreads
-- Looking for pthread_create in pthreads - not found
-- Looking for pthread_create in pthread
-- Looking for pthread_create in pthread - found
-- Found Threads: TRUE  
-- Found sensor_msgs: 2.0.3 (/opt/ros/foxy/share/sensor_msgs/cmake)
-- Added test 'copyright' to check source files copyright and LICENSE
-- Added test 'cppcheck' to perform static code analysis on C / C++ code
-- Configured cppcheck include dirs: /home/hemingshan/exo_ws/src/exoskeleton_control/include
-- Configured cppcheck exclude dirs and/or files: 
-- Added test 'cpplint' to check C / C++ code against the Google style
-- Configured cpplint exclude dirs and/or files: 
-- Added test 'lint_cmake' to check CMake code style
-- Added test 'uncrustify' to check C / C++ code style
-- Configured uncrustify additional arguments: 
-- Added test 'xmllint' to check XML markup files
-- Configuring done
-- Generating done
-- Build files have been written to: /home/hemingshan/exo_ws/src/build/exoskeleton_control
[35m[1mScanning dependencies of target EciDemoCommon[0m
[35m[1mScanning dependencies of target Admittance_control_Software[0m
[35m[1mScanning dependencies of target Exoskeleton_dynamics[0m
[35m[1mScanning dependencies of target EciDemo113[0m
[35m[1mScanning dependencies of target Test[0m
[35m[1mScanning dependencies of target Admittance_control_Hardware[0m
[  4%] [32mBuilding C object CMakeFiles/EciDemoCommon.dir/src/Eci/EciDemoCommon.c.o[0m
[  8%] [32mBuilding CXX object CMakeFiles/EciDemo113.dir/src/Eci/EciDemo113.cpp.o[0m
[35m[1mScanning dependencies of target Exoskeleton_kinematics[0m
[ 12%] [32mBuilding CXX object CMakeFiles/Exoskeleton_dynamics.dir/src/Kinematic_Dynamic/exoskeleton_dynamics.cpp.o[0m
[ 16%] [32mBuilding CXX object CMakeFiles/Exoskeleton_kinematics.dir/src/Kinematic_Dynamic/exoskeleton_kinematics.cpp.o[0m
[ 24%] [32mBuilding CXX object CMakeFiles/Test.dir/src/Eci/Test.cpp.o[0m
[ 24%] [32mBuilding CXX object CMakeFiles/Admittance_control_Software.dir/src/Admittance_Control/Admittance_control_Software.cpp.o[0m
[ 28%] [32mBuilding CXX object CMakeFiles/Admittance_control_Hardware.dir/src/Admittance_Control/Admittance_control_Hardware.cpp.o[0m
[ 32%] [32m[1mLinking CXX static library libEciDemo113.a[0m
[ 36%] [32m[1mLinking C static library libEciDemoCommon.a[0m
[ 36%] Built target EciDemoCommon
[35m[1mScanning dependencies of target Eci_keyboard[0m
[ 36%] Built target EciDemo113
[35m[1mScanning dependencies of target EciDemo[0m
[ 40%] [32mBuilding CXX object CMakeFiles/Eci_keyboard.dir/src/Eci/EciDemo113.cpp.o[0m
[35m[1mScanning dependencies of target Angle_Send[0m
[ 44%] [32mBuilding CXX object CMakeFiles/EciDemo.dir/src/Eci/EciDemo113.cpp.o[0m
[ 48%] [32mBuilding CXX object CMakeFiles/Angle_Send.dir/src/Eci/Angle_Send.cpp.o[0m
[ 52%] [32mBuilding CXX object CMakeFiles/Eci_keyboard.dir/src/Eci/Eci_keyboard.cpp.o[0m
[ 56%] [32mBuilding CXX object CMakeFiles/EciDemo.dir/src/Eci/LinuxEciDemo.cpp.o[0m
[ 60%] [32m[1mLinking CXX executable Eci_keyboard[0m
[ 64%] [32m[1mLinking CXX executable EciDemo[0m
[ 64%] Built target Eci_keyboard
[35m[1mScanning dependencies of target Angle_Driver[0m
[ 64%] Built target EciDemo
[ 68%] [32mBuilding CXX object CMakeFiles/Angle_Driver.dir/src/Eci/Angle_Driver.cpp.o[0m
[ 72%] [32mBuilding CXX object CMakeFiles/Angle_Driver.dir/src/Eci/EciDemo113.cpp.o[0m
[ 76%] [32m[1mLinking CXX executable Exoskeleton_kinematics[0m
[ 76%] Built target Exoskeleton_kinematics
[ 80%] [32m[1mLinking CXX executable Exoskeleton_dynamics[0m
[ 80%] Built target Exoskeleton_dynamics
[ 84%] [32m[1mLinking CXX executable Angle_Send[0m
[ 84%] Built target Angle_Send
[ 88%] [32m[1mLinking CXX executable Test[0m
[ 88%] Built target Test
[ 92%] [32m[1mLinking CXX executable Angle_Driver[0m
[ 92%] Built target Angle_Driver
[ 96%] [32m[1mLinking CXX executable Admittance_control_Hardware[0m
[ 96%] Built target Admittance_control_Hardware
[100%] [32m[1mLinking CXX executable Admittance_control_Software[0m
[100%] Built target Admittance_control_Software
-- Install configuration: ""
-- Installing: /home/hemingshan/exo_ws/src/install/exoskeleton_control/lib/exoskeleton_control/EciDemo
-- Installing: /home/hemingshan/exo_ws/src/install/exoskeleton_control/lib/exoskeleton_control/Eci_keyboard
-- Installing: /home/hemingshan/exo_ws/src/install/exoskeleton_control/lib/exoskeleton_control/Angle_Send
-- Set runtime path of "/home/hemingshan/exo_ws/src/install/exoskeleton_control/lib/exoskeleton_control/Angle_Send" to ""
-- Installing: /home/hemingshan/exo_ws/src/install/exoskeleton_control/lib/exoskeleton_control/Angle_Driver
-- Set runtime path of "/home/hemingshan/exo_ws/src/install/exoskeleton_control/lib/exoskeleton_control/Angle_Driver" to ""
-- Installing: /home/hemingshan/exo_ws/src/install/exoskeleton_control/lib/exoskeleton_control/Exoskeleton_kinematics
-- Set runtime path of "/home/hemingshan/exo_ws/src/install/exoskeleton_control/lib/exoskeleton_control/Exoskeleton_kinematics" to ""
-- Installing: /home/hemingshan/exo_ws/src/install/exoskeleton_control/lib/exoskeleton_control/Exoskeleton_dynamics
-- Set runtime path of "/home/hemingshan/exo_ws/src/install/exoskeleton_control/lib/exoskeleton_control/Exoskeleton_dynamics" to ""
-- Installing: /home/hemingshan/exo_ws/src/install/exoskeleton_control/lib/exoskeleton_control/Admittance_control_Software
-- Set runtime path of "/home/hemingshan/exo_ws/src/install/exoskeleton_control/lib/exoskeleton_control/Admittance_control_Software" to ""
-- Installing: /home/hemingshan/exo_ws/src/install/exoskeleton_control/lib/exoskeleton_control/Admittance_control_Hardware
-- Set runtime path of "/home/hemingshan/exo_ws/src/install/exoskeleton_control/lib/exoskeleton_control/Admittance_control_Hardware" to ""
-- Installing: /home/hemingshan/exo_ws/src/install/exoskeleton_control/lib/exoskeleton_control/Test
-- Set runtime path of "/home/hemingshan/exo_ws/src/install/exoskeleton_control/lib/exoskeleton_control/Test" to ""
-- Installing: /home/hemingshan/exo_ws/src/install/exoskeleton_control/share/ament_index/resource_index/package_run_dependencies/exoskeleton_control
-- Installing: /home/hemingshan/exo_ws/src/install/exoskeleton_control/share/ament_index/resource_index/parent_prefix_path/exoskeleton_control
-- Installing: /home/hemingshan/exo_ws/src/install/exoskeleton_control/share/exoskeleton_control/environment/ament_prefix_path.sh
-- Installing: /home/hemingshan/exo_ws/src/install/exoskeleton_control/share/exoskeleton_control/environment/ament_prefix_path.dsv
-- Installing: /home/hemingshan/exo_ws/src/install/exoskeleton_control/share/exoskeleton_control/environment/path.sh
-- Installing: /home/hemingshan/exo_ws/src/install/exoskeleton_control/share/exoskeleton_control/environment/path.dsv
-- Installing: /home/hemingshan/exo_ws/src/install/exoskeleton_control/share/exoskeleton_control/local_setup.bash
-- Installing: /home/hemingshan/exo_ws/src/install/exoskeleton_control/share/exoskeleton_control/local_setup.sh
-- Installing: /home/hemingshan/exo_ws/src/install/exoskeleton_control/share/exoskeleton_control/local_setup.zsh
-- Installing: /home/hemingshan/exo_ws/src/install/exoskeleton_control/share/exoskeleton_control/local_setup.dsv
-- Installing: /home/hemingshan/exo_ws/src/install/exoskeleton_control/share/exoskeleton_control/package.dsv
-- Installing: /home/hemingshan/exo_ws/src/install/exoskeleton_control/share/ament_index/resource_index/packages/exoskeleton_control
-- Installing: /home/hemingshan/exo_ws/src/install/exoskeleton_control/share/exoskeleton_control/cmake/exoskeleton_controlConfig.cmake
-- Installing: /home/hemingshan/exo_ws/src/install/exoskeleton_control/share/exoskeleton_control/cmake/exoskeleton_controlConfig-version.cmake
-- Installing: /home/hemingshan/exo_ws/src/install/exoskeleton_control/share/exoskeleton_control/package.xml
