[0.686s] Invoking command in '/home/hemingshan/exo_ws/src/pattern_recognition': PYTHONPATH=/home/hemingshan/exo_ws/src/install/pattern_recognition/lib/python3.8/site-packages:${PYTHONPATH} /usr/bin/python3 setup.py egg_info --egg-base ../build/pattern_recognition build --build-base /home/hemingshan/exo_ws/src/build/pattern_recognition/build install --prefix /home/hemingshan/exo_ws/src/install/pattern_recognition --record /home/hemingshan/exo_ws/src/build/pattern_recognition/install.log --single-version-externally-managed
[1.054s] running egg_info
[1.055s] writing ../build/pattern_recognition/pattern_recognition.egg-info/PKG-INFO
[1.055s] writing dependency_links to ../build/pattern_recognition/pattern_recognition.egg-info/dependency_links.txt
[1.055s] writing entry points to ../build/pattern_recognition/pattern_recognition.egg-info/entry_points.txt
[1.056s] writing requirements to ../build/pattern_recognition/pattern_recognition.egg-info/requires.txt
[1.056s] writing top-level names to ../build/pattern_recognition/pattern_recognition.egg-info/top_level.txt
[1.094s] reading manifest file '../build/pattern_recognition/pattern_recognition.egg-info/SOURCES.txt'
[1.095s] writing manifest file '../build/pattern_recognition/pattern_recognition.egg-info/SOURCES.txt'
[1.095s] running build
[1.095s] running build_py
[1.096s] running install
[1.096s] running install_lib
[1.098s] running install_data
[1.099s] running install_egg_info
[1.100s] removing '/home/hemingshan/exo_ws/src/install/pattern_recognition/lib/python3.8/site-packages/pattern_recognition-0.0.0-py3.8.egg-info' (and everything under it)
[1.101s] Copying ../build/pattern_recognition/pattern_recognition.egg-info to /home/hemingshan/exo_ws/src/install/pattern_recognition/lib/python3.8/site-packages/pattern_recognition-0.0.0-py3.8.egg-info
[1.101s] running install_scripts
[1.118s] Installing talker script to /home/hemingshan/exo_ws/src/install/pattern_recognition/lib/pattern_recognition
[1.119s] writing list of installed files to '/home/hemingshan/exo_ws/src/build/pattern_recognition/install.log'
[1.142s] Invoked command in '/home/hemingshan/exo_ws/src/pattern_recognition' returned '0': PYTHONPATH=/home/hemingshan/exo_ws/src/install/pattern_recognition/lib/python3.8/site-packages:${PYTHONPATH} /usr/bin/python3 setup.py egg_info --egg-base ../build/pattern_recognition build --build-base /home/hemingshan/exo_ws/src/build/pattern_recognition/build install --prefix /home/hemingshan/exo_ws/src/install/pattern_recognition --record /home/hemingshan/exo_ws/src/build/pattern_recognition/install.log --single-version-externally-managed
