[0.641s] Invoking command in '/home/hemingshan/exo_ws/src/build/security_module': CMAKE_PREFIX_PATH=${CMAKE_PREFIX_PATH}:/home/hemingshan/exo_ws/install/pattern_recognition:/opt/ros/foxy /usr/bin/cmake --build /home/hemingshan/exo_ws/src/build/security_module -- -j8 -l8
[0.745s] [100%] Built target Security_Position
[0.821s] Invoked command in '/home/hemingshan/exo_ws/src/build/security_module' returned '0': CMAKE_PREFIX_PATH=${CMAKE_PREFIX_PATH}:/home/hemingshan/exo_ws/install/pattern_recognition:/opt/ros/foxy /usr/bin/cmake --build /home/hemingshan/exo_ws/src/build/security_module -- -j8 -l8
[0.863s] Invoking command in '/home/hemingshan/exo_ws/src/build/security_module': CMAKE_PREFIX_PATH=${CMAKE_PREFIX_PATH}:/home/hemingshan/exo_ws/install/pattern_recognition:/opt/ros/foxy /usr/bin/cmake --install /home/hemingshan/exo_ws/src/build/security_module
[0.874s] -- Install configuration: ""
[0.880s] -- Up-to-date: /home/hemingshan/exo_ws/src/install/security_module/lib/security_module/Security_Position
[0.881s] -- Up-to-date: /home/hemingshan/exo_ws/src/install/security_module/share/ament_index/resource_index/package_run_dependencies/security_module
[0.881s] -- Up-to-date: /home/hemingshan/exo_ws/src/install/security_module/share/ament_index/resource_index/parent_prefix_path/security_module
[0.881s] -- Up-to-date: /home/hemingshan/exo_ws/src/install/security_module/share/security_module/environment/ament_prefix_path.sh
[0.881s] -- Up-to-date: /home/hemingshan/exo_ws/src/install/security_module/share/security_module/environment/ament_prefix_path.dsv
[0.881s] -- Up-to-date: /home/hemingshan/exo_ws/src/install/security_module/share/security_module/environment/path.sh
[0.881s] -- Up-to-date: /home/hemingshan/exo_ws/src/install/security_module/share/security_module/environment/path.dsv
[0.881s] -- Up-to-date: /home/hemingshan/exo_ws/src/install/security_module/share/security_module/local_setup.bash
[0.881s] -- Up-to-date: /home/hemingshan/exo_ws/src/install/security_module/share/security_module/local_setup.sh
[0.881s] -- Up-to-date: /home/hemingshan/exo_ws/src/install/security_module/share/security_module/local_setup.zsh
[0.881s] -- Up-to-date: /home/hemingshan/exo_ws/src/install/security_module/share/security_module/local_setup.dsv
[0.881s] -- Installing: /home/hemingshan/exo_ws/src/install/security_module/share/security_module/package.dsv
[0.882s] -- Up-to-date: /home/hemingshan/exo_ws/src/install/security_module/share/ament_index/resource_index/packages/security_module
[0.882s] -- Up-to-date: /home/hemingshan/exo_ws/src/install/security_module/share/security_module/cmake/security_moduleConfig.cmake
[0.882s] -- Up-to-date: /home/hemingshan/exo_ws/src/install/security_module/share/security_module/cmake/security_moduleConfig-version.cmake
[0.882s] -- Up-to-date: /home/hemingshan/exo_ws/src/install/security_module/share/security_module/package.xml
[0.899s] Invoked command in '/home/hemingshan/exo_ws/src/build/security_module' returned '0': CMAKE_PREFIX_PATH=${CMAKE_PREFIX_PATH}:/home/hemingshan/exo_ws/install/pattern_recognition:/opt/ros/foxy /usr/bin/cmake --install /home/hemingshan/exo_ws/src/build/security_module
