[0.158s] DEBUG:colcon:Command line arguments: ['/usr/bin/colcon', 'build']
[0.158s] DEBUG:colcon:Parsed command line arguments: Namespace(ament_cmake_args=None, base_paths=['.'], build_base='build', catkin_cmake_args=None, catkin_skip_building_tests=False, cmake_args=None, cmake_clean_cache=False, cmake_clean_first=False, cmake_force_configure=False, cmake_target=None, cmake_target_skip_unavailable=False, continue_on_error=False, event_handlers=None, executor='parallel', ignore_user_meta=False, install_base='install', log_base=None, log_level=None, main=<bound method BuildVerb.main of <colcon_core.verb.build.BuildVerb object at 0x7f4d9d097ca0>>, merge_install=False, metas=['./colcon.meta'], packages_above=None, packages_above_and_dependencies=None, packages_above_depth=None, packages_end=None, packages_ignore=None, packages_ignore_regex=None, packages_select=None, packages_select_build_failed=False, packages_select_by_dep=None, packages_select_regex=None, packages_select_test_failures=False, packages_skip=None, packages_skip_build_finished=False, packages_skip_by_dep=None, packages_skip_regex=None, packages_skip_test_passed=False, packages_skip_up_to=None, packages_start=None, packages_up_to=None, packages_up_to_regex=None, parallel_workers=8, paths=None, symlink_install=False, test_result_base=None, verb_extension=<colcon_core.verb.build.BuildVerb object at 0x7f4d9d097ca0>, verb_name='build', verb_parser=<colcon_defaults.argument_parser.defaults.DefaultArgumentsDecorator object at 0x7f4d9d0a2250>)
[0.164s] Level 1:colcon.colcon_core.package_discovery:discover_packages(colcon_meta) check parameters
[0.164s] Level 1:colcon.colcon_core.package_discovery:discover_packages(recursive) check parameters
[0.164s] Level 1:colcon.colcon_core.package_discovery:discover_packages(ignore) check parameters
[0.164s] Level 1:colcon.colcon_core.package_discovery:discover_packages(path) check parameters
[0.164s] Level 1:colcon.colcon_core.package_discovery:discover_packages(colcon_meta) discover
[0.164s] Level 1:colcon.colcon_core.package_discovery:discover_packages(recursive) discover
[0.164s] INFO:colcon.colcon_core.package_discovery:Crawling recursively for packages in '/home/hemingshan/exo_ws/src'
[0.164s] Level 1:colcon.colcon_core.package_identification:_identify(.) by extensions ['ignore', 'ignore_ament_install']
[0.164s] Level 1:colcon.colcon_core.package_identification:_identify(.) by extension 'ignore'
[0.164s] Level 1:colcon.colcon_core.package_identification:_identify(.) by extension 'ignore_ament_install'
[0.165s] Level 1:colcon.colcon_core.package_identification:_identify(.) by extensions ['colcon_pkg']
[0.165s] Level 1:colcon.colcon_core.package_identification:_identify(.) by extension 'colcon_pkg'
[0.165s] Level 1:colcon.colcon_core.package_identification:_identify(.) by extensions ['colcon_meta']
[0.165s] Level 1:colcon.colcon_core.package_identification:_identify(.) by extension 'colcon_meta'
[0.165s] Level 1:colcon.colcon_core.package_identification:_identify(.) by extensions ['ros']
[0.165s] Level 1:colcon.colcon_core.package_identification:_identify(.) by extension 'ros'
[0.176s] Level 1:colcon.colcon_core.package_identification:_identify(.) by extensions ['cmake', 'python']
[0.176s] Level 1:colcon.colcon_core.package_identification:_identify(.) by extension 'cmake'
[0.176s] Level 1:colcon.colcon_core.package_identification:_identify(.) by extension 'python'
[0.176s] Level 1:colcon.colcon_core.package_identification:_identify(.) by extensions ['python_setup_py']
[0.176s] Level 1:colcon.colcon_core.package_identification:_identify(.) by extension 'python_setup_py'
[0.177s] Level 1:colcon.colcon_core.package_identification:_identify(Image) by extensions ['ignore', 'ignore_ament_install']
[0.177s] Level 1:colcon.colcon_core.package_identification:_identify(Image) by extension 'ignore'
[0.177s] Level 1:colcon.colcon_core.package_identification:_identify(Image) by extension 'ignore_ament_install'
[0.177s] Level 1:colcon.colcon_core.package_identification:_identify(Image) by extensions ['colcon_pkg']
[0.177s] Level 1:colcon.colcon_core.package_identification:_identify(Image) by extension 'colcon_pkg'
[0.177s] Level 1:colcon.colcon_core.package_identification:_identify(Image) by extensions ['colcon_meta']
[0.177s] Level 1:colcon.colcon_core.package_identification:_identify(Image) by extension 'colcon_meta'
[0.177s] Level 1:colcon.colcon_core.package_identification:_identify(Image) by extensions ['ros']
[0.177s] Level 1:colcon.colcon_core.package_identification:_identify(Image) by extension 'ros'
[0.177s] Level 1:colcon.colcon_core.package_identification:_identify(Image) by extensions ['cmake', 'python']
[0.177s] Level 1:colcon.colcon_core.package_identification:_identify(Image) by extension 'cmake'
[0.177s] Level 1:colcon.colcon_core.package_identification:_identify(Image) by extension 'python'
[0.177s] Level 1:colcon.colcon_core.package_identification:_identify(Image) by extensions ['python_setup_py']
[0.177s] Level 1:colcon.colcon_core.package_identification:_identify(Image) by extension 'python_setup_py'
[0.177s] Level 1:colcon.colcon_core.package_identification:_identify(build) by extensions ['ignore', 'ignore_ament_install']
[0.178s] Level 1:colcon.colcon_core.package_identification:_identify(build) by extension 'ignore'
[0.178s] Level 1:colcon.colcon_core.package_identification:_identify(build) ignored
[0.178s] Level 1:colcon.colcon_core.package_identification:_identify(exoskeleton_control) by extensions ['ignore', 'ignore_ament_install']
[0.178s] Level 1:colcon.colcon_core.package_identification:_identify(exoskeleton_control) by extension 'ignore'
[0.178s] Level 1:colcon.colcon_core.package_identification:_identify(exoskeleton_control) by extension 'ignore_ament_install'
[0.178s] Level 1:colcon.colcon_core.package_identification:_identify(exoskeleton_control) by extensions ['colcon_pkg']
[0.178s] Level 1:colcon.colcon_core.package_identification:_identify(exoskeleton_control) by extension 'colcon_pkg'
[0.178s] Level 1:colcon.colcon_core.package_identification:_identify(exoskeleton_control) by extensions ['colcon_meta']
[0.178s] Level 1:colcon.colcon_core.package_identification:_identify(exoskeleton_control) by extension 'colcon_meta'
[0.178s] Level 1:colcon.colcon_core.package_identification:_identify(exoskeleton_control) by extensions ['ros']
[0.178s] Level 1:colcon.colcon_core.package_identification:_identify(exoskeleton_control) by extension 'ros'
[0.181s] DEBUG:colcon.colcon_core.package_identification:Package 'exoskeleton_control' with type 'ros.ament_cmake' and name 'exoskeleton_control'
[0.182s] Level 1:colcon.colcon_core.package_identification:_identify(exoskeleton_description) by extensions ['ignore', 'ignore_ament_install']
[0.182s] Level 1:colcon.colcon_core.package_identification:_identify(exoskeleton_description) by extension 'ignore'
[0.182s] Level 1:colcon.colcon_core.package_identification:_identify(exoskeleton_description) by extension 'ignore_ament_install'
[0.182s] Level 1:colcon.colcon_core.package_identification:_identify(exoskeleton_description) by extensions ['colcon_pkg']
[0.182s] Level 1:colcon.colcon_core.package_identification:_identify(exoskeleton_description) by extension 'colcon_pkg'
[0.182s] Level 1:colcon.colcon_core.package_identification:_identify(exoskeleton_description) by extensions ['colcon_meta']
[0.182s] Level 1:colcon.colcon_core.package_identification:_identify(exoskeleton_description) by extension 'colcon_meta'
[0.182s] Level 1:colcon.colcon_core.package_identification:_identify(exoskeleton_description) by extensions ['ros']
[0.182s] Level 1:colcon.colcon_core.package_identification:_identify(exoskeleton_description) by extension 'ros'
[0.183s] DEBUG:colcon.colcon_core.package_identification:Package 'exoskeleton_description' with type 'ros.ament_cmake' and name 'exoskeleton_description'
[0.183s] Level 1:colcon.colcon_core.package_identification:_identify(install) by extensions ['ignore', 'ignore_ament_install']
[0.183s] Level 1:colcon.colcon_core.package_identification:_identify(install) by extension 'ignore'
[0.183s] Level 1:colcon.colcon_core.package_identification:_identify(install) ignored
[0.184s] Level 1:colcon.colcon_core.package_identification:_identify(joint_state_publisher) by extensions ['ignore', 'ignore_ament_install']
[0.184s] Level 1:colcon.colcon_core.package_identification:_identify(joint_state_publisher) by extension 'ignore'
[0.184s] Level 1:colcon.colcon_core.package_identification:_identify(joint_state_publisher) by extension 'ignore_ament_install'
[0.184s] Level 1:colcon.colcon_core.package_identification:_identify(joint_state_publisher) by extensions ['colcon_pkg']
[0.184s] Level 1:colcon.colcon_core.package_identification:_identify(joint_state_publisher) by extension 'colcon_pkg'
[0.184s] Level 1:colcon.colcon_core.package_identification:_identify(joint_state_publisher) by extensions ['colcon_meta']
[0.184s] Level 1:colcon.colcon_core.package_identification:_identify(joint_state_publisher) by extension 'colcon_meta'
[0.184s] Level 1:colcon.colcon_core.package_identification:_identify(joint_state_publisher) by extensions ['ros']
[0.184s] Level 1:colcon.colcon_core.package_identification:_identify(joint_state_publisher) by extension 'ros'
[0.185s] DEBUG:colcon.colcon_core.package_identification:Failed to parse potential ROS package manifest in'joint_state_publisher': Error(s) in package 'joint_state_publisher/package.xml':
Error(s):
- The manifest of package "joint_state_publisher" (with format version 2) must not contain the following tags: member_of_group
[0.185s] Level 1:colcon.colcon_core.package_identification:_identify(joint_state_publisher) by extensions ['cmake', 'python']
[0.185s] Level 1:colcon.colcon_core.package_identification:_identify(joint_state_publisher) by extension 'cmake'
[0.185s] Level 1:colcon.colcon_core.package_identification:_identify(joint_state_publisher) by extension 'python'
[0.185s] DEBUG:colcon.colcon_core.package_identification:Python package in 'joint_state_publisher' passes arguments to the setup() function which requires a different identification extension than 'python'
[0.185s] Level 1:colcon.colcon_core.package_identification:_identify(joint_state_publisher) by extensions ['python_setup_py']
[0.185s] Level 1:colcon.colcon_core.package_identification:_identify(joint_state_publisher) by extension 'python_setup_py'
[0.448s] DEBUG:colcon.colcon_core.package_identification:Package 'joint_state_publisher' with type 'python' and name 'joint_state_publisher'
[0.448s] Level 1:colcon.colcon_core.package_identification:_identify(log) by extensions ['ignore', 'ignore_ament_install']
[0.449s] Level 1:colcon.colcon_core.package_identification:_identify(log) by extension 'ignore'
[0.449s] Level 1:colcon.colcon_core.package_identification:_identify(log) ignored
[0.449s] Level 1:colcon.colcon_core.package_identification:_identify(pattern_recognition) by extensions ['ignore', 'ignore_ament_install']
[0.449s] Level 1:colcon.colcon_core.package_identification:_identify(pattern_recognition) by extension 'ignore'
[0.449s] Level 1:colcon.colcon_core.package_identification:_identify(pattern_recognition) by extension 'ignore_ament_install'
[0.449s] Level 1:colcon.colcon_core.package_identification:_identify(pattern_recognition) by extensions ['colcon_pkg']
[0.449s] Level 1:colcon.colcon_core.package_identification:_identify(pattern_recognition) by extension 'colcon_pkg'
[0.449s] Level 1:colcon.colcon_core.package_identification:_identify(pattern_recognition) by extensions ['colcon_meta']
[0.449s] Level 1:colcon.colcon_core.package_identification:_identify(pattern_recognition) by extension 'colcon_meta'
[0.449s] Level 1:colcon.colcon_core.package_identification:_identify(pattern_recognition) by extensions ['ros']
[0.449s] Level 1:colcon.colcon_core.package_identification:_identify(pattern_recognition) by extension 'ros'
[0.450s] DEBUG:colcon.colcon_core.package_identification:Package 'pattern_recognition' with type 'ros.ament_python' and name 'pattern_recognition'
[0.450s] Level 1:colcon.colcon_core.package_identification:_identify(plantar-pressure-sensor) by extensions ['ignore', 'ignore_ament_install']
[0.450s] Level 1:colcon.colcon_core.package_identification:_identify(plantar-pressure-sensor) by extension 'ignore'
[0.450s] Level 1:colcon.colcon_core.package_identification:_identify(plantar-pressure-sensor) by extension 'ignore_ament_install'
[0.450s] Level 1:colcon.colcon_core.package_identification:_identify(plantar-pressure-sensor) by extensions ['colcon_pkg']
[0.450s] Level 1:colcon.colcon_core.package_identification:_identify(plantar-pressure-sensor) by extension 'colcon_pkg'
[0.450s] Level 1:colcon.colcon_core.package_identification:_identify(plantar-pressure-sensor) by extensions ['colcon_meta']
[0.450s] Level 1:colcon.colcon_core.package_identification:_identify(plantar-pressure-sensor) by extension 'colcon_meta'
[0.451s] Level 1:colcon.colcon_core.package_identification:_identify(plantar-pressure-sensor) by extensions ['ros']
[0.451s] Level 1:colcon.colcon_core.package_identification:_identify(plantar-pressure-sensor) by extension 'ros'
[0.451s] Level 1:colcon.colcon_core.package_identification:_identify(plantar-pressure-sensor) by extensions ['cmake', 'python']
[0.451s] Level 1:colcon.colcon_core.package_identification:_identify(plantar-pressure-sensor) by extension 'cmake'
[0.451s] Level 1:colcon.colcon_core.package_identification:_identify(plantar-pressure-sensor) by extension 'python'
[0.451s] Level 1:colcon.colcon_core.package_identification:_identify(plantar-pressure-sensor) by extensions ['python_setup_py']
[0.451s] Level 1:colcon.colcon_core.package_identification:_identify(plantar-pressure-sensor) by extension 'python_setup_py'
[0.451s] Level 1:colcon.colcon_core.package_identification:_identify(plantar-pressure-sensor/Ardunio) by extensions ['ignore', 'ignore_ament_install']
[0.451s] Level 1:colcon.colcon_core.package_identification:_identify(plantar-pressure-sensor/Ardunio) by extension 'ignore'
[0.451s] Level 1:colcon.colcon_core.package_identification:_identify(plantar-pressure-sensor/Ardunio) by extension 'ignore_ament_install'
[0.451s] Level 1:colcon.colcon_core.package_identification:_identify(plantar-pressure-sensor/Ardunio) by extensions ['colcon_pkg']
[0.451s] Level 1:colcon.colcon_core.package_identification:_identify(plantar-pressure-sensor/Ardunio) by extension 'colcon_pkg'
[0.451s] Level 1:colcon.colcon_core.package_identification:_identify(plantar-pressure-sensor/Ardunio) by extensions ['colcon_meta']
[0.451s] Level 1:colcon.colcon_core.package_identification:_identify(plantar-pressure-sensor/Ardunio) by extension 'colcon_meta'
[0.451s] Level 1:colcon.colcon_core.package_identification:_identify(plantar-pressure-sensor/Ardunio) by extensions ['ros']
[0.451s] Level 1:colcon.colcon_core.package_identification:_identify(plantar-pressure-sensor/Ardunio) by extension 'ros'
[0.451s] Level 1:colcon.colcon_core.package_identification:_identify(plantar-pressure-sensor/Ardunio) by extensions ['cmake', 'python']
[0.451s] Level 1:colcon.colcon_core.package_identification:_identify(plantar-pressure-sensor/Ardunio) by extension 'cmake'
[0.451s] Level 1:colcon.colcon_core.package_identification:_identify(plantar-pressure-sensor/Ardunio) by extension 'python'
[0.452s] Level 1:colcon.colcon_core.package_identification:_identify(plantar-pressure-sensor/Ardunio) by extensions ['python_setup_py']
[0.452s] Level 1:colcon.colcon_core.package_identification:_identify(plantar-pressure-sensor/Ardunio) by extension 'python_setup_py'
[0.452s] Level 1:colcon.colcon_core.package_identification:_identify(plantar-pressure-sensor/Ardunio/Picture) by extensions ['ignore', 'ignore_ament_install']
[0.452s] Level 1:colcon.colcon_core.package_identification:_identify(plantar-pressure-sensor/Ardunio/Picture) by extension 'ignore'
[0.452s] Level 1:colcon.colcon_core.package_identification:_identify(plantar-pressure-sensor/Ardunio/Picture) by extension 'ignore_ament_install'
[0.452s] Level 1:colcon.colcon_core.package_identification:_identify(plantar-pressure-sensor/Ardunio/Picture) by extensions ['colcon_pkg']
[0.452s] Level 1:colcon.colcon_core.package_identification:_identify(plantar-pressure-sensor/Ardunio/Picture) by extension 'colcon_pkg'
[0.452s] Level 1:colcon.colcon_core.package_identification:_identify(plantar-pressure-sensor/Ardunio/Picture) by extensions ['colcon_meta']
[0.452s] Level 1:colcon.colcon_core.package_identification:_identify(plantar-pressure-sensor/Ardunio/Picture) by extension 'colcon_meta'
[0.452s] Level 1:colcon.colcon_core.package_identification:_identify(plantar-pressure-sensor/Ardunio/Picture) by extensions ['ros']
[0.452s] Level 1:colcon.colcon_core.package_identification:_identify(plantar-pressure-sensor/Ardunio/Picture) by extension 'ros'
[0.452s] Level 1:colcon.colcon_core.package_identification:_identify(plantar-pressure-sensor/Ardunio/Picture) by extensions ['cmake', 'python']
[0.452s] Level 1:colcon.colcon_core.package_identification:_identify(plantar-pressure-sensor/Ardunio/Picture) by extension 'cmake'
[0.452s] Level 1:colcon.colcon_core.package_identification:_identify(plantar-pressure-sensor/Ardunio/Picture) by extension 'python'
[0.452s] Level 1:colcon.colcon_core.package_identification:_identify(plantar-pressure-sensor/Ardunio/Picture) by extensions ['python_setup_py']
[0.452s] Level 1:colcon.colcon_core.package_identification:_identify(plantar-pressure-sensor/Ardunio/Picture) by extension 'python_setup_py'
[0.452s] Level 1:colcon.colcon_core.package_identification:_identify(plantar-pressure-sensor/Ardunio/angle) by extensions ['ignore', 'ignore_ament_install']
[0.453s] Level 1:colcon.colcon_core.package_identification:_identify(plantar-pressure-sensor/Ardunio/angle) by extension 'ignore'
[0.453s] Level 1:colcon.colcon_core.package_identification:_identify(plantar-pressure-sensor/Ardunio/angle) by extension 'ignore_ament_install'
[0.453s] Level 1:colcon.colcon_core.package_identification:_identify(plantar-pressure-sensor/Ardunio/angle) by extensions ['colcon_pkg']
[0.453s] Level 1:colcon.colcon_core.package_identification:_identify(plantar-pressure-sensor/Ardunio/angle) by extension 'colcon_pkg'
[0.453s] Level 1:colcon.colcon_core.package_identification:_identify(plantar-pressure-sensor/Ardunio/angle) by extensions ['colcon_meta']
[0.453s] Level 1:colcon.colcon_core.package_identification:_identify(plantar-pressure-sensor/Ardunio/angle) by extension 'colcon_meta'
[0.453s] Level 1:colcon.colcon_core.package_identification:_identify(plantar-pressure-sensor/Ardunio/angle) by extensions ['ros']
[0.453s] Level 1:colcon.colcon_core.package_identification:_identify(plantar-pressure-sensor/Ardunio/angle) by extension 'ros'
[0.453s] Level 1:colcon.colcon_core.package_identification:_identify(plantar-pressure-sensor/Ardunio/angle) by extensions ['cmake', 'python']
[0.453s] Level 1:colcon.colcon_core.package_identification:_identify(plantar-pressure-sensor/Ardunio/angle) by extension 'cmake'
[0.453s] Level 1:colcon.colcon_core.package_identification:_identify(plantar-pressure-sensor/Ardunio/angle) by extension 'python'
[0.453s] Level 1:colcon.colcon_core.package_identification:_identify(plantar-pressure-sensor/Ardunio/angle) by extensions ['python_setup_py']
[0.453s] Level 1:colcon.colcon_core.package_identification:_identify(plantar-pressure-sensor/Ardunio/angle) by extension 'python_setup_py'
[0.453s] Level 1:colcon.colcon_core.package_identification:_identify(plantar-pressure-sensor/Ardunio/angle/softserial) by extensions ['ignore', 'ignore_ament_install']
[0.453s] Level 1:colcon.colcon_core.package_identification:_identify(plantar-pressure-sensor/Ardunio/angle/softserial) by extension 'ignore'
[0.453s] Level 1:colcon.colcon_core.package_identification:_identify(plantar-pressure-sensor/Ardunio/angle/softserial) by extension 'ignore_ament_install'
[0.453s] Level 1:colcon.colcon_core.package_identification:_identify(plantar-pressure-sensor/Ardunio/angle/softserial) by extensions ['colcon_pkg']
[0.453s] Level 1:colcon.colcon_core.package_identification:_identify(plantar-pressure-sensor/Ardunio/angle/softserial) by extension 'colcon_pkg'
[0.453s] Level 1:colcon.colcon_core.package_identification:_identify(plantar-pressure-sensor/Ardunio/angle/softserial) by extensions ['colcon_meta']
[0.453s] Level 1:colcon.colcon_core.package_identification:_identify(plantar-pressure-sensor/Ardunio/angle/softserial) by extension 'colcon_meta'
[0.454s] Level 1:colcon.colcon_core.package_identification:_identify(plantar-pressure-sensor/Ardunio/angle/softserial) by extensions ['ros']
[0.454s] Level 1:colcon.colcon_core.package_identification:_identify(plantar-pressure-sensor/Ardunio/angle/softserial) by extension 'ros'
[0.454s] Level 1:colcon.colcon_core.package_identification:_identify(plantar-pressure-sensor/Ardunio/angle/softserial) by extensions ['cmake', 'python']
[0.454s] Level 1:colcon.colcon_core.package_identification:_identify(plantar-pressure-sensor/Ardunio/angle/softserial) by extension 'cmake'
[0.454s] Level 1:colcon.colcon_core.package_identification:_identify(plantar-pressure-sensor/Ardunio/angle/softserial) by extension 'python'
[0.454s] Level 1:colcon.colcon_core.package_identification:_identify(plantar-pressure-sensor/Ardunio/angle/softserial) by extensions ['python_setup_py']
[0.454s] Level 1:colcon.colcon_core.package_identification:_identify(plantar-pressure-sensor/Ardunio/angle/softserial) by extension 'python_setup_py'
[0.454s] Level 1:colcon.colcon_core.package_identification:_identify(plantar-pressure-sensor/Ardunio/data) by extensions ['ignore', 'ignore_ament_install']
[0.454s] Level 1:colcon.colcon_core.package_identification:_identify(plantar-pressure-sensor/Ardunio/data) by extension 'ignore'
[0.454s] Level 1:colcon.colcon_core.package_identification:_identify(plantar-pressure-sensor/Ardunio/data) by extension 'ignore_ament_install'
[0.454s] Level 1:colcon.colcon_core.package_identification:_identify(plantar-pressure-sensor/Ardunio/data) by extensions ['colcon_pkg']
[0.454s] Level 1:colcon.colcon_core.package_identification:_identify(plantar-pressure-sensor/Ardunio/data) by extension 'colcon_pkg'
[0.454s] Level 1:colcon.colcon_core.package_identification:_identify(plantar-pressure-sensor/Ardunio/data) by extensions ['colcon_meta']
[0.454s] Level 1:colcon.colcon_core.package_identification:_identify(plantar-pressure-sensor/Ardunio/data) by extension 'colcon_meta'
[0.454s] Level 1:colcon.colcon_core.package_identification:_identify(plantar-pressure-sensor/Ardunio/data) by extensions ['ros']
[0.454s] Level 1:colcon.colcon_core.package_identification:_identify(plantar-pressure-sensor/Ardunio/data) by extension 'ros'
[0.454s] Level 1:colcon.colcon_core.package_identification:_identify(plantar-pressure-sensor/Ardunio/data) by extensions ['cmake', 'python']
[0.454s] Level 1:colcon.colcon_core.package_identification:_identify(plantar-pressure-sensor/Ardunio/data) by extension 'cmake'
[0.455s] Level 1:colcon.colcon_core.package_identification:_identify(plantar-pressure-sensor/Ardunio/data) by extension 'python'
[0.455s] Level 1:colcon.colcon_core.package_identification:_identify(plantar-pressure-sensor/Ardunio/data) by extensions ['python_setup_py']
[0.455s] Level 1:colcon.colcon_core.package_identification:_identify(plantar-pressure-sensor/Ardunio/data) by extension 'python_setup_py'
[0.455s] Level 1:colcon.colcon_core.package_identification:_identify(plantar-pressure-sensor/Ardunio/sensor) by extensions ['ignore', 'ignore_ament_install']
[0.455s] Level 1:colcon.colcon_core.package_identification:_identify(plantar-pressure-sensor/Ardunio/sensor) by extension 'ignore'
[0.455s] Level 1:colcon.colcon_core.package_identification:_identify(plantar-pressure-sensor/Ardunio/sensor) by extension 'ignore_ament_install'
[0.455s] Level 1:colcon.colcon_core.package_identification:_identify(plantar-pressure-sensor/Ardunio/sensor) by extensions ['colcon_pkg']
[0.455s] Level 1:colcon.colcon_core.package_identification:_identify(plantar-pressure-sensor/Ardunio/sensor) by extension 'colcon_pkg'
[0.455s] Level 1:colcon.colcon_core.package_identification:_identify(plantar-pressure-sensor/Ardunio/sensor) by extensions ['colcon_meta']
[0.455s] Level 1:colcon.colcon_core.package_identification:_identify(plantar-pressure-sensor/Ardunio/sensor) by extension 'colcon_meta'
[0.455s] Level 1:colcon.colcon_core.package_identification:_identify(plantar-pressure-sensor/Ardunio/sensor) by extensions ['ros']
[0.455s] Level 1:colcon.colcon_core.package_identification:_identify(plantar-pressure-sensor/Ardunio/sensor) by extension 'ros'
[0.455s] Level 1:colcon.colcon_core.package_identification:_identify(plantar-pressure-sensor/Ardunio/sensor) by extensions ['cmake', 'python']
[0.455s] Level 1:colcon.colcon_core.package_identification:_identify(plantar-pressure-sensor/Ardunio/sensor) by extension 'cmake'
[0.455s] Level 1:colcon.colcon_core.package_identification:_identify(plantar-pressure-sensor/Ardunio/sensor) by extension 'python'
[0.455s] Level 1:colcon.colcon_core.package_identification:_identify(plantar-pressure-sensor/Ardunio/sensor) by extensions ['python_setup_py']
[0.455s] Level 1:colcon.colcon_core.package_identification:_identify(plantar-pressure-sensor/Ardunio/sensor) by extension 'python_setup_py'
[0.455s] Level 1:colcon.colcon_core.package_identification:_identify(plantar-pressure-sensor/__pycache__) by extensions ['ignore', 'ignore_ament_install']
[0.456s] Level 1:colcon.colcon_core.package_identification:_identify(plantar-pressure-sensor/__pycache__) by extension 'ignore'
[0.456s] Level 1:colcon.colcon_core.package_identification:_identify(plantar-pressure-sensor/__pycache__) by extension 'ignore_ament_install'
[0.456s] Level 1:colcon.colcon_core.package_identification:_identify(plantar-pressure-sensor/__pycache__) by extensions ['colcon_pkg']
[0.456s] Level 1:colcon.colcon_core.package_identification:_identify(plantar-pressure-sensor/__pycache__) by extension 'colcon_pkg'
[0.456s] Level 1:colcon.colcon_core.package_identification:_identify(plantar-pressure-sensor/__pycache__) by extensions ['colcon_meta']
[0.456s] Level 1:colcon.colcon_core.package_identification:_identify(plantar-pressure-sensor/__pycache__) by extension 'colcon_meta'
[0.456s] Level 1:colcon.colcon_core.package_identification:_identify(plantar-pressure-sensor/__pycache__) by extensions ['ros']
[0.456s] Level 1:colcon.colcon_core.package_identification:_identify(plantar-pressure-sensor/__pycache__) by extension 'ros'
[0.456s] Level 1:colcon.colcon_core.package_identification:_identify(plantar-pressure-sensor/__pycache__) by extensions ['cmake', 'python']
[0.456s] Level 1:colcon.colcon_core.package_identification:_identify(plantar-pressure-sensor/__pycache__) by extension 'cmake'
[0.456s] Level 1:colcon.colcon_core.package_identification:_identify(plantar-pressure-sensor/__pycache__) by extension 'python'
[0.456s] Level 1:colcon.colcon_core.package_identification:_identify(plantar-pressure-sensor/__pycache__) by extensions ['python_setup_py']
[0.456s] Level 1:colcon.colcon_core.package_identification:_identify(plantar-pressure-sensor/__pycache__) by extension 'python_setup_py'
[0.456s] Level 1:colcon.colcon_core.package_identification:_identify(plantar-pressure-sensor/csv_file) by extensions ['ignore', 'ignore_ament_install']
[0.456s] Level 1:colcon.colcon_core.package_identification:_identify(plantar-pressure-sensor/csv_file) by extension 'ignore'
[0.456s] Level 1:colcon.colcon_core.package_identification:_identify(plantar-pressure-sensor/csv_file) by extension 'ignore_ament_install'
[0.456s] Level 1:colcon.colcon_core.package_identification:_identify(plantar-pressure-sensor/csv_file) by extensions ['colcon_pkg']
[0.456s] Level 1:colcon.colcon_core.package_identification:_identify(plantar-pressure-sensor/csv_file) by extension 'colcon_pkg'
[0.456s] Level 1:colcon.colcon_core.package_identification:_identify(plantar-pressure-sensor/csv_file) by extensions ['colcon_meta']
[0.456s] Level 1:colcon.colcon_core.package_identification:_identify(plantar-pressure-sensor/csv_file) by extension 'colcon_meta'
[0.457s] Level 1:colcon.colcon_core.package_identification:_identify(plantar-pressure-sensor/csv_file) by extensions ['ros']
[0.457s] Level 1:colcon.colcon_core.package_identification:_identify(plantar-pressure-sensor/csv_file) by extension 'ros'
[0.457s] Level 1:colcon.colcon_core.package_identification:_identify(plantar-pressure-sensor/csv_file) by extensions ['cmake', 'python']
[0.457s] Level 1:colcon.colcon_core.package_identification:_identify(plantar-pressure-sensor/csv_file) by extension 'cmake'
[0.457s] Level 1:colcon.colcon_core.package_identification:_identify(plantar-pressure-sensor/csv_file) by extension 'python'
[0.457s] Level 1:colcon.colcon_core.package_identification:_identify(plantar-pressure-sensor/csv_file) by extensions ['python_setup_py']
[0.457s] Level 1:colcon.colcon_core.package_identification:_identify(plantar-pressure-sensor/csv_file) by extension 'python_setup_py'
[0.457s] Level 1:colcon.colcon_core.package_identification:_identify(security_module) by extensions ['ignore', 'ignore_ament_install']
[0.457s] Level 1:colcon.colcon_core.package_identification:_identify(security_module) by extension 'ignore'
[0.457s] Level 1:colcon.colcon_core.package_identification:_identify(security_module) by extension 'ignore_ament_install'
[0.457s] Level 1:colcon.colcon_core.package_identification:_identify(security_module) by extensions ['colcon_pkg']
[0.457s] Level 1:colcon.colcon_core.package_identification:_identify(security_module) by extension 'colcon_pkg'
[0.457s] Level 1:colcon.colcon_core.package_identification:_identify(security_module) by extensions ['colcon_meta']
[0.457s] Level 1:colcon.colcon_core.package_identification:_identify(security_module) by extension 'colcon_meta'
[0.457s] Level 1:colcon.colcon_core.package_identification:_identify(security_module) by extensions ['ros']
[0.457s] Level 1:colcon.colcon_core.package_identification:_identify(security_module) by extension 'ros'
[0.458s] DEBUG:colcon.colcon_core.package_identification:Package 'security_module' with type 'ros.ament_cmake' and name 'security_module'
[0.458s] Level 1:colcon.colcon_core.package_identification:_identify(sensor_module) by extensions ['ignore', 'ignore_ament_install']
[0.458s] Level 1:colcon.colcon_core.package_identification:_identify(sensor_module) by extension 'ignore'
[0.458s] Level 1:colcon.colcon_core.package_identification:_identify(sensor_module) by extension 'ignore_ament_install'
[0.458s] Level 1:colcon.colcon_core.package_identification:_identify(sensor_module) by extensions ['colcon_pkg']
[0.458s] Level 1:colcon.colcon_core.package_identification:_identify(sensor_module) by extension 'colcon_pkg'
[0.458s] Level 1:colcon.colcon_core.package_identification:_identify(sensor_module) by extensions ['colcon_meta']
[0.458s] Level 1:colcon.colcon_core.package_identification:_identify(sensor_module) by extension 'colcon_meta'
[0.458s] Level 1:colcon.colcon_core.package_identification:_identify(sensor_module) by extensions ['ros']
[0.458s] Level 1:colcon.colcon_core.package_identification:_identify(sensor_module) by extension 'ros'
[0.459s] DEBUG:colcon.colcon_core.package_identification:Package 'sensor_module' with type 'ros.ament_cmake' and name 'sensor_module'
[0.459s] Level 1:colcon.colcon_core.package_discovery:discover_packages(recursive) using defaults
[0.459s] Level 1:colcon.colcon_core.package_discovery:discover_packages(ignore) discover
[0.459s] Level 1:colcon.colcon_core.package_discovery:discover_packages(ignore) using defaults
[0.459s] Level 1:colcon.colcon_core.package_discovery:discover_packages(path) discover
[0.459s] Level 1:colcon.colcon_core.package_discovery:discover_packages(path) using defaults
[0.484s] Level 5:colcon.colcon_core.verb:set package 'exoskeleton_control' build argument 'cmake_args' from command line to 'None'
[0.484s] Level 5:colcon.colcon_core.verb:set package 'exoskeleton_control' build argument 'cmake_target' from command line to 'None'
[0.484s] Level 5:colcon.colcon_core.verb:set package 'exoskeleton_control' build argument 'cmake_target_skip_unavailable' from command line to 'False'
[0.484s] Level 5:colcon.colcon_core.verb:set package 'exoskeleton_control' build argument 'cmake_clean_cache' from command line to 'False'
[0.484s] Level 5:colcon.colcon_core.verb:set package 'exoskeleton_control' build argument 'cmake_clean_first' from command line to 'False'
[0.484s] Level 5:colcon.colcon_core.verb:set package 'exoskeleton_control' build argument 'cmake_force_configure' from command line to 'False'
[0.484s] Level 5:colcon.colcon_core.verb:set package 'exoskeleton_control' build argument 'ament_cmake_args' from command line to 'None'
[0.484s] Level 5:colcon.colcon_core.verb:set package 'exoskeleton_control' build argument 'catkin_cmake_args' from command line to 'None'
[0.484s] Level 5:colcon.colcon_core.verb:set package 'exoskeleton_control' build argument 'catkin_skip_building_tests' from command line to 'False'
[0.484s] DEBUG:colcon.colcon_core.verb:Building package 'exoskeleton_control' with the following arguments: {'ament_cmake_args': None, 'build_base': '/home/hemingshan/exo_ws/src/build/exoskeleton_control', 'catkin_cmake_args': None, 'catkin_skip_building_tests': False, 'cmake_args': None, 'cmake_clean_cache': False, 'cmake_clean_first': False, 'cmake_force_configure': False, 'cmake_target': None, 'cmake_target_skip_unavailable': False, 'install_base': '/home/hemingshan/exo_ws/src/install/exoskeleton_control', 'merge_install': False, 'path': '/home/hemingshan/exo_ws/src/exoskeleton_control', 'symlink_install': False, 'test_result_base': None}
[0.487s] Level 5:colcon.colcon_core.verb:set package 'exoskeleton_description' build argument 'cmake_args' from command line to 'None'
[0.487s] Level 5:colcon.colcon_core.verb:set package 'exoskeleton_description' build argument 'cmake_target' from command line to 'None'
[0.487s] Level 5:colcon.colcon_core.verb:set package 'exoskeleton_description' build argument 'cmake_target_skip_unavailable' from command line to 'False'
[0.487s] Level 5:colcon.colcon_core.verb:set package 'exoskeleton_description' build argument 'cmake_clean_cache' from command line to 'False'
[0.487s] Level 5:colcon.colcon_core.verb:set package 'exoskeleton_description' build argument 'cmake_clean_first' from command line to 'False'
[0.487s] Level 5:colcon.colcon_core.verb:set package 'exoskeleton_description' build argument 'cmake_force_configure' from command line to 'False'
[0.488s] Level 5:colcon.colcon_core.verb:set package 'exoskeleton_description' build argument 'ament_cmake_args' from command line to 'None'
[0.488s] Level 5:colcon.colcon_core.verb:set package 'exoskeleton_description' build argument 'catkin_cmake_args' from command line to 'None'
[0.488s] Level 5:colcon.colcon_core.verb:set package 'exoskeleton_description' build argument 'catkin_skip_building_tests' from command line to 'False'
[0.488s] DEBUG:colcon.colcon_core.verb:Building package 'exoskeleton_description' with the following arguments: {'ament_cmake_args': None, 'build_base': '/home/hemingshan/exo_ws/src/build/exoskeleton_description', 'catkin_cmake_args': None, 'catkin_skip_building_tests': False, 'cmake_args': None, 'cmake_clean_cache': False, 'cmake_clean_first': False, 'cmake_force_configure': False, 'cmake_target': None, 'cmake_target_skip_unavailable': False, 'install_base': '/home/hemingshan/exo_ws/src/install/exoskeleton_description', 'merge_install': False, 'path': '/home/hemingshan/exo_ws/src/exoskeleton_description', 'symlink_install': False, 'test_result_base': None}
[0.490s] Level 5:colcon.colcon_core.verb:set package 'joint_state_publisher' build argument 'cmake_args' from command line to 'None'
[0.490s] Level 5:colcon.colcon_core.verb:set package 'joint_state_publisher' build argument 'cmake_target' from command line to 'None'
[0.490s] Level 5:colcon.colcon_core.verb:set package 'joint_state_publisher' build argument 'cmake_target_skip_unavailable' from command line to 'False'
[0.490s] Level 5:colcon.colcon_core.verb:set package 'joint_state_publisher' build argument 'cmake_clean_cache' from command line to 'False'
[0.491s] Level 5:colcon.colcon_core.verb:set package 'joint_state_publisher' build argument 'cmake_clean_first' from command line to 'False'
[0.491s] Level 5:colcon.colcon_core.verb:set package 'joint_state_publisher' build argument 'cmake_force_configure' from command line to 'False'
[0.491s] Level 5:colcon.colcon_core.verb:set package 'joint_state_publisher' build argument 'ament_cmake_args' from command line to 'None'
[0.491s] Level 5:colcon.colcon_core.verb:set package 'joint_state_publisher' build argument 'catkin_cmake_args' from command line to 'None'
[0.491s] Level 5:colcon.colcon_core.verb:set package 'joint_state_publisher' build argument 'catkin_skip_building_tests' from command line to 'False'
[0.491s] DEBUG:colcon.colcon_core.verb:Building package 'joint_state_publisher' with the following arguments: {'ament_cmake_args': None, 'build_base': '/home/hemingshan/exo_ws/src/build/joint_state_publisher', 'catkin_cmake_args': None, 'catkin_skip_building_tests': False, 'cmake_args': None, 'cmake_clean_cache': False, 'cmake_clean_first': False, 'cmake_force_configure': False, 'cmake_target': None, 'cmake_target_skip_unavailable': False, 'install_base': '/home/hemingshan/exo_ws/src/install/joint_state_publisher', 'merge_install': False, 'path': '/home/hemingshan/exo_ws/src/joint_state_publisher', 'symlink_install': False, 'test_result_base': None}
[0.493s] Level 5:colcon.colcon_core.verb:set package 'pattern_recognition' build argument 'cmake_args' from command line to 'None'
[0.493s] Level 5:colcon.colcon_core.verb:set package 'pattern_recognition' build argument 'cmake_target' from command line to 'None'
[0.493s] Level 5:colcon.colcon_core.verb:set package 'pattern_recognition' build argument 'cmake_target_skip_unavailable' from command line to 'False'
[0.493s] Level 5:colcon.colcon_core.verb:set package 'pattern_recognition' build argument 'cmake_clean_cache' from command line to 'False'
[0.494s] Level 5:colcon.colcon_core.verb:set package 'pattern_recognition' build argument 'cmake_clean_first' from command line to 'False'
[0.494s] Level 5:colcon.colcon_core.verb:set package 'pattern_recognition' build argument 'cmake_force_configure' from command line to 'False'
[0.494s] Level 5:colcon.colcon_core.verb:set package 'pattern_recognition' build argument 'ament_cmake_args' from command line to 'None'
[0.494s] Level 5:colcon.colcon_core.verb:set package 'pattern_recognition' build argument 'catkin_cmake_args' from command line to 'None'
[0.494s] Level 5:colcon.colcon_core.verb:set package 'pattern_recognition' build argument 'catkin_skip_building_tests' from command line to 'False'
[0.494s] DEBUG:colcon.colcon_core.verb:Building package 'pattern_recognition' with the following arguments: {'ament_cmake_args': None, 'build_base': '/home/hemingshan/exo_ws/src/build/pattern_recognition', 'catkin_cmake_args': None, 'catkin_skip_building_tests': False, 'cmake_args': None, 'cmake_clean_cache': False, 'cmake_clean_first': False, 'cmake_force_configure': False, 'cmake_target': None, 'cmake_target_skip_unavailable': False, 'install_base': '/home/hemingshan/exo_ws/src/install/pattern_recognition', 'merge_install': False, 'path': '/home/hemingshan/exo_ws/src/pattern_recognition', 'symlink_install': False, 'test_result_base': None}
[0.496s] Level 5:colcon.colcon_core.verb:set package 'security_module' build argument 'cmake_args' from command line to 'None'
[0.496s] Level 5:colcon.colcon_core.verb:set package 'security_module' build argument 'cmake_target' from command line to 'None'
[0.497s] Level 5:colcon.colcon_core.verb:set package 'security_module' build argument 'cmake_target_skip_unavailable' from command line to 'False'
[0.497s] Level 5:colcon.colcon_core.verb:set package 'security_module' build argument 'cmake_clean_cache' from command line to 'False'
[0.497s] Level 5:colcon.colcon_core.verb:set package 'security_module' build argument 'cmake_clean_first' from command line to 'False'
[0.497s] Level 5:colcon.colcon_core.verb:set package 'security_module' build argument 'cmake_force_configure' from command line to 'False'
[0.497s] Level 5:colcon.colcon_core.verb:set package 'security_module' build argument 'ament_cmake_args' from command line to 'None'
[0.497s] Level 5:colcon.colcon_core.verb:set package 'security_module' build argument 'catkin_cmake_args' from command line to 'None'
[0.497s] Level 5:colcon.colcon_core.verb:set package 'security_module' build argument 'catkin_skip_building_tests' from command line to 'False'
[0.497s] DEBUG:colcon.colcon_core.verb:Building package 'security_module' with the following arguments: {'ament_cmake_args': None, 'build_base': '/home/hemingshan/exo_ws/src/build/security_module', 'catkin_cmake_args': None, 'catkin_skip_building_tests': False, 'cmake_args': None, 'cmake_clean_cache': False, 'cmake_clean_first': False, 'cmake_force_configure': False, 'cmake_target': None, 'cmake_target_skip_unavailable': False, 'install_base': '/home/hemingshan/exo_ws/src/install/security_module', 'merge_install': False, 'path': '/home/hemingshan/exo_ws/src/security_module', 'symlink_install': False, 'test_result_base': None}
[0.500s] Level 5:colcon.colcon_core.verb:set package 'sensor_module' build argument 'cmake_args' from command line to 'None'
[0.500s] Level 5:colcon.colcon_core.verb:set package 'sensor_module' build argument 'cmake_target' from command line to 'None'
[0.500s] Level 5:colcon.colcon_core.verb:set package 'sensor_module' build argument 'cmake_target_skip_unavailable' from command line to 'False'
[0.500s] Level 5:colcon.colcon_core.verb:set package 'sensor_module' build argument 'cmake_clean_cache' from command line to 'False'
[0.500s] Level 5:colcon.colcon_core.verb:set package 'sensor_module' build argument 'cmake_clean_first' from command line to 'False'
[0.500s] Level 5:colcon.colcon_core.verb:set package 'sensor_module' build argument 'cmake_force_configure' from command line to 'False'
[0.500s] Level 5:colcon.colcon_core.verb:set package 'sensor_module' build argument 'ament_cmake_args' from command line to 'None'
[0.500s] Level 5:colcon.colcon_core.verb:set package 'sensor_module' build argument 'catkin_cmake_args' from command line to 'None'
[0.500s] Level 5:colcon.colcon_core.verb:set package 'sensor_module' build argument 'catkin_skip_building_tests' from command line to 'False'
[0.500s] DEBUG:colcon.colcon_core.verb:Building package 'sensor_module' with the following arguments: {'ament_cmake_args': None, 'build_base': '/home/hemingshan/exo_ws/src/build/sensor_module', 'catkin_cmake_args': None, 'catkin_skip_building_tests': False, 'cmake_args': None, 'cmake_clean_cache': False, 'cmake_clean_first': False, 'cmake_force_configure': False, 'cmake_target': None, 'cmake_target_skip_unavailable': False, 'install_base': '/home/hemingshan/exo_ws/src/install/sensor_module', 'merge_install': False, 'path': '/home/hemingshan/exo_ws/src/sensor_module', 'symlink_install': False, 'test_result_base': None}
[0.500s] INFO:colcon.colcon_core.executor:Executing jobs using 'parallel' executor
[0.503s] DEBUG:colcon.colcon_parallel_executor.executor.parallel:run_until_complete
[0.503s] INFO:colcon.colcon_ros.task.ament_cmake.build:Building ROS package in '/home/hemingshan/exo_ws/src/exoskeleton_control' with build type 'ament_cmake'
[0.504s] INFO:colcon.colcon_cmake.task.cmake.build:Building CMake package in '/home/hemingshan/exo_ws/src/exoskeleton_control'
[0.510s] INFO:colcon.colcon_core.plugin_system:Skipping extension 'colcon_core.shell.bat': Not used on non-Windows systems
[0.510s] INFO:colcon.colcon_core.shell:Skip shell extension 'powershell' for command environment: Not usable outside of PowerShell
[0.512s] DEBUG:colcon.colcon_core.shell:Skip shell extension 'dsv' for command environment
[0.515s] WARNING:colcon.colcon_ros.prefix_path.ament:The path '/home/hemingshan/exo_ws/install/eci' in the environment variable AMENT_PREFIX_PATH doesn't exist
[0.515s] WARNING:colcon.colcon_ros.prefix_path.catkin:The path '/home/hemingshan/exo_ws/install/eci' in the environment variable CMAKE_PREFIX_PATH doesn't exist
[0.515s] DEBUG:colcon.colcon_core.shell:Ignoring prefix path '/opt/ros/foxy'
[0.518s] INFO:colcon.colcon_ros.task.ament_cmake.build:Building ROS package in '/home/hemingshan/exo_ws/src/exoskeleton_description' with build type 'ament_cmake'
[0.518s] INFO:colcon.colcon_cmake.task.cmake.build:Building CMake package in '/home/hemingshan/exo_ws/src/exoskeleton_description'
[0.519s] INFO:colcon.colcon_core.shell:Skip shell extension 'powershell' for command environment: Not usable outside of PowerShell
[0.520s] DEBUG:colcon.colcon_core.shell:Skip shell extension 'dsv' for command environment
[0.522s] DEBUG:colcon.colcon_core.shell:Ignoring prefix path '/opt/ros/foxy'
[0.525s] INFO:colcon.colcon_core.task.python.build:Building Python package in '/home/hemingshan/exo_ws/src/joint_state_publisher'
[0.526s] INFO:colcon.colcon_core.shell:Skip shell extension 'powershell' for command environment: Not usable outside of PowerShell
[0.526s] DEBUG:colcon.colcon_core.shell:Skip shell extension 'dsv' for command environment
[0.530s] DEBUG:colcon.colcon_core.shell:Ignoring prefix path '/opt/ros/foxy'
[0.533s] INFO:colcon.colcon_ros.task.ament_python.build:Building ROS package in '/home/hemingshan/exo_ws/src/pattern_recognition' with build type 'ament_python'
[0.533s] Level 1:colcon.colcon_core.shell:create_environment_hook('pattern_recognition', 'ament_prefix_path')
[0.534s] INFO:colcon.colcon_core.shell:Creating environment hook '/home/hemingshan/exo_ws/src/install/pattern_recognition/share/pattern_recognition/hook/ament_prefix_path.ps1'
[0.535s] INFO:colcon.colcon_core.shell:Creating environment descriptor '/home/hemingshan/exo_ws/src/install/pattern_recognition/share/pattern_recognition/hook/ament_prefix_path.dsv'
[0.536s] INFO:colcon.colcon_core.shell:Creating environment hook '/home/hemingshan/exo_ws/src/install/pattern_recognition/share/pattern_recognition/hook/ament_prefix_path.sh'
[0.537s] INFO:colcon.colcon_core.shell:Skip shell extension 'powershell' for command environment: Not usable outside of PowerShell
[0.537s] DEBUG:colcon.colcon_core.shell:Skip shell extension 'dsv' for command environment
[0.539s] DEBUG:colcon.colcon_core.shell:Ignoring prefix path '/opt/ros/foxy'
[0.542s] INFO:colcon.colcon_ros.task.ament_cmake.build:Building ROS package in '/home/hemingshan/exo_ws/src/security_module' with build type 'ament_cmake'
[0.543s] INFO:colcon.colcon_cmake.task.cmake.build:Building CMake package in '/home/hemingshan/exo_ws/src/security_module'
[0.544s] INFO:colcon.colcon_core.shell:Skip shell extension 'powershell' for command environment: Not usable outside of PowerShell
[0.545s] DEBUG:colcon.colcon_core.shell:Skip shell extension 'dsv' for command environment
[0.548s] DEBUG:colcon.colcon_core.shell:Ignoring prefix path '/opt/ros/foxy'
[0.550s] INFO:colcon.colcon_ros.task.ament_cmake.build:Building ROS package in '/home/hemingshan/exo_ws/src/sensor_module' with build type 'ament_cmake'
[0.551s] INFO:colcon.colcon_cmake.task.cmake.build:Building CMake package in '/home/hemingshan/exo_ws/src/sensor_module'
[0.552s] INFO:colcon.colcon_core.shell:Skip shell extension 'powershell' for command environment: Not usable outside of PowerShell
[0.552s] DEBUG:colcon.colcon_core.shell:Skip shell extension 'dsv' for command environment
[0.555s] DEBUG:colcon.colcon_core.shell:Ignoring prefix path '/opt/ros/foxy'
[0.565s] DEBUG:colcon.colcon_core.event_handler.log_command:Invoking command in '/home/hemingshan/exo_ws/src/build/exoskeleton_control': CMAKE_PREFIX_PATH=${CMAKE_PREFIX_PATH}:/home/hemingshan/exo_ws/install/pattern_recognition:/opt/ros/foxy /usr/bin/cmake /home/hemingshan/exo_ws/src/exoskeleton_control -DCMAKE_INSTALL_PREFIX=/home/hemingshan/exo_ws/src/install/exoskeleton_control
[0.570s] DEBUG:colcon.colcon_core.event_handler.log_command:Invoking command in '/home/hemingshan/exo_ws/src/build/exoskeleton_description': CMAKE_PREFIX_PATH=${CMAKE_PREFIX_PATH}:/home/hemingshan/exo_ws/install/pattern_recognition:/opt/ros/foxy /usr/bin/cmake /home/hemingshan/exo_ws/src/exoskeleton_description -DCMAKE_INSTALL_PREFIX=/home/hemingshan/exo_ws/src/install/exoskeleton_description
[0.949s] DEBUG:colcon.colcon_core.event_handler.log_command:Invoking command in '/home/hemingshan/exo_ws/src/joint_state_publisher': PYTHONPATH=/home/hemingshan/exo_ws/src/install/joint_state_publisher/lib/python3.8/site-packages:${PYTHONPATH} /usr/bin/python3 setup.py egg_info --egg-base ../build/joint_state_publisher build --build-base /home/hemingshan/exo_ws/src/build/joint_state_publisher/build install --prefix /home/hemingshan/exo_ws/src/install/joint_state_publisher --record /home/hemingshan/exo_ws/src/build/joint_state_publisher/install.log --single-version-externally-managed
[1.312s] INFO:colcon.colcon_core.task.python.build:Building Python package in '/home/hemingshan/exo_ws/src/pattern_recognition'
[1.314s] INFO:colcon.colcon_core.shell:Skip shell extension 'powershell' for command environment: Not usable outside of PowerShell
[1.314s] DEBUG:colcon.colcon_core.shell:Skip shell extension 'dsv' for command environment
[1.318s] DEBUG:colcon.colcon_core.shell:Ignoring prefix path '/opt/ros/foxy'
[1.330s] DEBUG:colcon.colcon_core.event_handler.log_command:Invoking command in '/home/hemingshan/exo_ws/src/build/security_module': CMAKE_PREFIX_PATH=${CMAKE_PREFIX_PATH}:/home/hemingshan/exo_ws/install/pattern_recognition:/opt/ros/foxy /usr/bin/cmake /home/hemingshan/exo_ws/src/security_module -DCMAKE_INSTALL_PREFIX=/home/hemingshan/exo_ws/src/install/security_module
[1.339s] DEBUG:colcon.colcon_core.event_handler.log_command:Invoking command in '/home/hemingshan/exo_ws/src/build/sensor_module': CMAKE_PREFIX_PATH=${CMAKE_PREFIX_PATH}:/home/hemingshan/exo_ws/install/pattern_recognition:/opt/ros/foxy /usr/bin/cmake /home/hemingshan/exo_ws/src/sensor_module -DCMAKE_INSTALL_PREFIX=/home/hemingshan/exo_ws/src/install/sensor_module
[1.377s] DEBUG:colcon.colcon_core.event_handler.log_command:Invoking command in '/home/hemingshan/exo_ws/src/pattern_recognition': PYTHONPATH=/home/hemingshan/exo_ws/src/install/pattern_recognition/lib/python3.8/site-packages:${PYTHONPATH} /usr/bin/python3 setup.py egg_info --egg-base ../build/pattern_recognition build --build-base /home/hemingshan/exo_ws/src/build/pattern_recognition/build install --prefix /home/hemingshan/exo_ws/src/install/pattern_recognition --record /home/hemingshan/exo_ws/src/build/pattern_recognition/install.log --single-version-externally-managed
[1.406s] Level 1:colcon.colcon_core.environment:checking '/home/hemingshan/exo_ws/src/install/joint_state_publisher' for CMake module files
[1.406s] Level 1:colcon.colcon_core.environment:checking '/home/hemingshan/exo_ws/src/install/joint_state_publisher' for CMake config files
[1.408s] DEBUG:colcon.colcon_core.event_handler.log_command:Invoked command in '/home/hemingshan/exo_ws/src/joint_state_publisher' returned '0': PYTHONPATH=/home/hemingshan/exo_ws/src/install/joint_state_publisher/lib/python3.8/site-packages:${PYTHONPATH} /usr/bin/python3 setup.py egg_info --egg-base ../build/joint_state_publisher build --build-base /home/hemingshan/exo_ws/src/build/joint_state_publisher/build install --prefix /home/hemingshan/exo_ws/src/install/joint_state_publisher --record /home/hemingshan/exo_ws/src/build/joint_state_publisher/install.log --single-version-externally-managed
[1.409s] Level 1:colcon.colcon_core.environment:checking '/home/hemingshan/exo_ws/src/install/joint_state_publisher/lib'
[1.409s] Level 1:colcon.colcon_core.environment:checking '/home/hemingshan/exo_ws/src/install/joint_state_publisher/bin'
[1.409s] Level 1:colcon.colcon_core.environment:checking '/home/hemingshan/exo_ws/src/install/joint_state_publisher/lib/pkgconfig/joint_state_publisher.pc'
[1.412s] Level 1:colcon.colcon_core.environment:checking '/home/hemingshan/exo_ws/src/install/joint_state_publisher/lib/python3.8/site-packages'
[1.412s] Level 1:colcon.colcon_core.shell:create_environment_hook('joint_state_publisher', 'pythonpath')
[1.413s] INFO:colcon.colcon_core.shell:Creating environment hook '/home/hemingshan/exo_ws/src/install/joint_state_publisher/share/joint_state_publisher/hook/pythonpath.ps1'
[1.414s] INFO:colcon.colcon_core.shell:Creating environment descriptor '/home/hemingshan/exo_ws/src/install/joint_state_publisher/share/joint_state_publisher/hook/pythonpath.dsv'
[1.415s] INFO:colcon.colcon_core.shell:Creating environment hook '/home/hemingshan/exo_ws/src/install/joint_state_publisher/share/joint_state_publisher/hook/pythonpath.sh'
[1.416s] Level 1:colcon.colcon_core.environment:create_environment_scripts_only(joint_state_publisher)
[1.417s] INFO:colcon.colcon_core.shell:Creating package script '/home/hemingshan/exo_ws/src/install/joint_state_publisher/share/joint_state_publisher/package.ps1'
[1.419s] INFO:colcon.colcon_core.shell:Creating package descriptor '/home/hemingshan/exo_ws/src/install/joint_state_publisher/share/joint_state_publisher/package.dsv'
[1.420s] INFO:colcon.colcon_core.shell:Creating package script '/home/hemingshan/exo_ws/src/install/joint_state_publisher/share/joint_state_publisher/package.sh'
[1.420s] INFO:colcon.colcon_core.shell:Creating package script '/home/hemingshan/exo_ws/src/install/joint_state_publisher/share/joint_state_publisher/package.bash'
[1.421s] INFO:colcon.colcon_core.shell:Creating package script '/home/hemingshan/exo_ws/src/install/joint_state_publisher/share/joint_state_publisher/package.zsh'
[1.422s] Level 1:colcon.colcon_core.environment:create_file_with_runtime_dependencies(/home/hemingshan/exo_ws/src/install/joint_state_publisher/share/colcon-core/packages/joint_state_publisher)
[2.016s] Level 1:colcon.colcon_core.environment:checking '/home/hemingshan/exo_ws/src/install/pattern_recognition' for CMake module files
[2.018s] DEBUG:colcon.colcon_core.event_handler.log_command:Invoked command in '/home/hemingshan/exo_ws/src/pattern_recognition' returned '0': PYTHONPATH=/home/hemingshan/exo_ws/src/install/pattern_recognition/lib/python3.8/site-packages:${PYTHONPATH} /usr/bin/python3 setup.py egg_info --egg-base ../build/pattern_recognition build --build-base /home/hemingshan/exo_ws/src/build/pattern_recognition/build install --prefix /home/hemingshan/exo_ws/src/install/pattern_recognition --record /home/hemingshan/exo_ws/src/build/pattern_recognition/install.log --single-version-externally-managed
[2.019s] Level 1:colcon.colcon_core.environment:checking '/home/hemingshan/exo_ws/src/install/pattern_recognition' for CMake config files
[2.020s] Level 1:colcon.colcon_core.environment:checking '/home/hemingshan/exo_ws/src/install/pattern_recognition/lib'
[2.020s] Level 1:colcon.colcon_core.environment:checking '/home/hemingshan/exo_ws/src/install/pattern_recognition/bin'
[2.020s] Level 1:colcon.colcon_core.environment:checking '/home/hemingshan/exo_ws/src/install/pattern_recognition/lib/pkgconfig/pattern_recognition.pc'
[2.020s] Level 1:colcon.colcon_core.environment:checking '/home/hemingshan/exo_ws/src/install/pattern_recognition/lib/python3.8/site-packages'
[2.020s] Level 1:colcon.colcon_core.shell:create_environment_hook('pattern_recognition', 'pythonpath')
[2.021s] INFO:colcon.colcon_core.shell:Creating environment hook '/home/hemingshan/exo_ws/src/install/pattern_recognition/share/pattern_recognition/hook/pythonpath.ps1'
[2.022s] INFO:colcon.colcon_core.shell:Creating environment descriptor '/home/hemingshan/exo_ws/src/install/pattern_recognition/share/pattern_recognition/hook/pythonpath.dsv'
[2.022s] INFO:colcon.colcon_core.shell:Creating environment hook '/home/hemingshan/exo_ws/src/install/pattern_recognition/share/pattern_recognition/hook/pythonpath.sh'
[2.023s] Level 1:colcon.colcon_core.environment:create_environment_scripts_only(pattern_recognition)
[2.024s] INFO:colcon.colcon_core.shell:Creating package script '/home/hemingshan/exo_ws/src/install/pattern_recognition/share/pattern_recognition/package.ps1'
[2.025s] INFO:colcon.colcon_core.shell:Creating package descriptor '/home/hemingshan/exo_ws/src/install/pattern_recognition/share/pattern_recognition/package.dsv'
[2.025s] INFO:colcon.colcon_core.shell:Creating package script '/home/hemingshan/exo_ws/src/install/pattern_recognition/share/pattern_recognition/package.sh'
[2.026s] INFO:colcon.colcon_core.shell:Creating package script '/home/hemingshan/exo_ws/src/install/pattern_recognition/share/pattern_recognition/package.bash'
[2.026s] INFO:colcon.colcon_core.shell:Creating package script '/home/hemingshan/exo_ws/src/install/pattern_recognition/share/pattern_recognition/package.zsh'
[2.026s] Level 1:colcon.colcon_core.environment:create_file_with_runtime_dependencies(/home/hemingshan/exo_ws/src/install/pattern_recognition/share/colcon-core/packages/pattern_recognition)
[3.056s] DEBUG:colcon.colcon_core.event_handler.log_command:Invoked command in '/home/hemingshan/exo_ws/src/build/exoskeleton_control' returned '0': CMAKE_PREFIX_PATH=${CMAKE_PREFIX_PATH}:/home/hemingshan/exo_ws/install/pattern_recognition:/opt/ros/foxy /usr/bin/cmake /home/hemingshan/exo_ws/src/exoskeleton_control -DCMAKE_INSTALL_PREFIX=/home/hemingshan/exo_ws/src/install/exoskeleton_control
[3.062s] DEBUG:colcon.colcon_core.event_handler.log_command:Invoking command in '/home/hemingshan/exo_ws/src/build/exoskeleton_control': CMAKE_PREFIX_PATH=${CMAKE_PREFIX_PATH}:/home/hemingshan/exo_ws/install/pattern_recognition:/opt/ros/foxy /usr/bin/cmake --build /home/hemingshan/exo_ws/src/build/exoskeleton_control -- -j8 -l8
[3.106s] DEBUG:colcon.colcon_core.event_handler.log_command:Invoked command in '/home/hemingshan/exo_ws/src/build/exoskeleton_description' returned '0': CMAKE_PREFIX_PATH=${CMAKE_PREFIX_PATH}:/home/hemingshan/exo_ws/install/pattern_recognition:/opt/ros/foxy /usr/bin/cmake /home/hemingshan/exo_ws/src/exoskeleton_description -DCMAKE_INSTALL_PREFIX=/home/hemingshan/exo_ws/src/install/exoskeleton_description
[3.109s] DEBUG:colcon.colcon_core.event_handler.log_command:Invoking command in '/home/hemingshan/exo_ws/src/build/exoskeleton_description': CMAKE_PREFIX_PATH=${CMAKE_PREFIX_PATH}:/home/hemingshan/exo_ws/install/pattern_recognition:/opt/ros/foxy /usr/bin/cmake --build /home/hemingshan/exo_ws/src/build/exoskeleton_description -- -j8 -l8
[3.183s] DEBUG:colcon.colcon_core.event_handler.log_command:Invoked command in '/home/hemingshan/exo_ws/src/build/exoskeleton_description' returned '0': CMAKE_PREFIX_PATH=${CMAKE_PREFIX_PATH}:/home/hemingshan/exo_ws/install/pattern_recognition:/opt/ros/foxy /usr/bin/cmake --build /home/hemingshan/exo_ws/src/build/exoskeleton_description -- -j8 -l8
[3.321s] DEBUG:colcon.colcon_core.event_handler.log_command:Invoking command in '/home/hemingshan/exo_ws/src/build/exoskeleton_description': CMAKE_PREFIX_PATH=${CMAKE_PREFIX_PATH}:/home/hemingshan/exo_ws/install/pattern_recognition:/opt/ros/foxy /usr/bin/cmake --install /home/hemingshan/exo_ws/src/build/exoskeleton_description
[3.456s] Level 1:colcon.colcon_core.environment:create_environment_scripts_only(exoskeleton_description)
[3.458s] Level 1:colcon.colcon_core.environment:checking '/home/hemingshan/exo_ws/src/install/exoskeleton_description' for CMake module files
[3.459s] Level 1:colcon.colcon_core.environment:checking '/home/hemingshan/exo_ws/src/install/exoskeleton_description' for CMake config files
[3.460s] Level 1:colcon.colcon_core.shell:create_environment_hook('exoskeleton_description', 'cmake_prefix_path')
[3.461s] INFO:colcon.colcon_core.shell:Creating environment hook '/home/hemingshan/exo_ws/src/install/exoskeleton_description/share/exoskeleton_description/hook/cmake_prefix_path.ps1'
[3.462s] INFO:colcon.colcon_core.shell:Creating environment descriptor '/home/hemingshan/exo_ws/src/install/exoskeleton_description/share/exoskeleton_description/hook/cmake_prefix_path.dsv'
[3.463s] INFO:colcon.colcon_core.shell:Creating environment hook '/home/hemingshan/exo_ws/src/install/exoskeleton_description/share/exoskeleton_description/hook/cmake_prefix_path.sh'
[3.464s] DEBUG:colcon.colcon_core.event_handler.log_command:Invoked command in '/home/hemingshan/exo_ws/src/build/exoskeleton_description' returned '0': CMAKE_PREFIX_PATH=${CMAKE_PREFIX_PATH}:/home/hemingshan/exo_ws/install/pattern_recognition:/opt/ros/foxy /usr/bin/cmake --install /home/hemingshan/exo_ws/src/build/exoskeleton_description
[3.465s] Level 1:colcon.colcon_core.environment:checking '/home/hemingshan/exo_ws/src/install/exoskeleton_description/bin'
[3.465s] Level 1:colcon.colcon_core.environment:checking '/home/hemingshan/exo_ws/src/install/exoskeleton_description/lib/pkgconfig/exoskeleton_description.pc'
[3.465s] Level 1:colcon.colcon_core.environment:checking '/home/hemingshan/exo_ws/src/install/exoskeleton_description/lib/python3.8/site-packages'
[3.466s] INFO:colcon.colcon_core.shell:Creating package script '/home/hemingshan/exo_ws/src/install/exoskeleton_description/share/exoskeleton_description/package.ps1'
[3.467s] INFO:colcon.colcon_core.shell:Creating package descriptor '/home/hemingshan/exo_ws/src/install/exoskeleton_description/share/exoskeleton_description/package.dsv'
[3.468s] INFO:colcon.colcon_core.shell:Creating package script '/home/hemingshan/exo_ws/src/install/exoskeleton_description/share/exoskeleton_description/package.sh'
[3.469s] INFO:colcon.colcon_core.shell:Creating package script '/home/hemingshan/exo_ws/src/install/exoskeleton_description/share/exoskeleton_description/package.bash'
[3.469s] INFO:colcon.colcon_core.shell:Creating package script '/home/hemingshan/exo_ws/src/install/exoskeleton_description/share/exoskeleton_description/package.zsh'
[3.470s] Level 1:colcon.colcon_core.environment:create_file_with_runtime_dependencies(/home/hemingshan/exo_ws/src/install/exoskeleton_description/share/colcon-core/packages/exoskeleton_description)
[3.639s] Level 1:colcon.colcon_core.environment:create_environment_scripts_only(exoskeleton_description)
[3.642s] Level 1:colcon.colcon_core.environment:checking '/home/hemingshan/exo_ws/src/install/exoskeleton_description' for CMake module files
[3.646s] Level 1:colcon.colcon_core.environment:checking '/home/hemingshan/exo_ws/src/install/exoskeleton_description' for CMake config files
[3.647s] Level 1:colcon.colcon_core.shell:create_environment_hook('exoskeleton_description', 'cmake_prefix_path')
[3.649s] INFO:colcon.colcon_core.shell:Creating environment hook '/home/hemingshan/exo_ws/src/install/exoskeleton_description/share/exoskeleton_description/hook/cmake_prefix_path.ps1'
[3.650s] INFO:colcon.colcon_core.shell:Creating environment descriptor '/home/hemingshan/exo_ws/src/install/exoskeleton_description/share/exoskeleton_description/hook/cmake_prefix_path.dsv'
[3.651s] INFO:colcon.colcon_core.shell:Creating environment hook '/home/hemingshan/exo_ws/src/install/exoskeleton_description/share/exoskeleton_description/hook/cmake_prefix_path.sh'
[3.652s] Level 1:colcon.colcon_core.environment:checking '/home/hemingshan/exo_ws/src/install/exoskeleton_description/bin'
[3.652s] Level 1:colcon.colcon_core.environment:checking '/home/hemingshan/exo_ws/src/install/exoskeleton_description/lib/pkgconfig/exoskeleton_description.pc'
[3.652s] Level 1:colcon.colcon_core.environment:checking '/home/hemingshan/exo_ws/src/install/exoskeleton_description/lib/python3.8/site-packages'
[3.654s] INFO:colcon.colcon_core.shell:Creating package script '/home/hemingshan/exo_ws/src/install/exoskeleton_description/share/exoskeleton_description/package.ps1'
[3.659s] INFO:colcon.colcon_core.shell:Creating package descriptor '/home/hemingshan/exo_ws/src/install/exoskeleton_description/share/exoskeleton_description/package.dsv'
[3.661s] INFO:colcon.colcon_core.shell:Creating package script '/home/hemingshan/exo_ws/src/install/exoskeleton_description/share/exoskeleton_description/package.sh'
[3.663s] INFO:colcon.colcon_core.shell:Creating package script '/home/hemingshan/exo_ws/src/install/exoskeleton_description/share/exoskeleton_description/package.bash'
[3.666s] INFO:colcon.colcon_core.shell:Creating package script '/home/hemingshan/exo_ws/src/install/exoskeleton_description/share/exoskeleton_description/package.zsh'
[3.668s] Level 1:colcon.colcon_core.environment:create_file_with_runtime_dependencies(/home/hemingshan/exo_ws/src/install/exoskeleton_description/share/colcon-core/packages/exoskeleton_description)
[4.789s] DEBUG:colcon.colcon_core.event_handler.log_command:Invoked command in '/home/hemingshan/exo_ws/src/build/security_module' returned '0': CMAKE_PREFIX_PATH=${CMAKE_PREFIX_PATH}:/home/hemingshan/exo_ws/install/pattern_recognition:/opt/ros/foxy /usr/bin/cmake /home/hemingshan/exo_ws/src/security_module -DCMAKE_INSTALL_PREFIX=/home/hemingshan/exo_ws/src/install/security_module
[4.790s] DEBUG:colcon.colcon_core.event_handler.log_command:Invoking command in '/home/hemingshan/exo_ws/src/build/security_module': CMAKE_PREFIX_PATH=${CMAKE_PREFIX_PATH}:/home/hemingshan/exo_ws/install/pattern_recognition:/opt/ros/foxy /usr/bin/cmake --build /home/hemingshan/exo_ws/src/build/security_module -- -j8 -l8
[5.272s] DEBUG:colcon.colcon_core.event_handler.log_command:Invoked command in '/home/hemingshan/exo_ws/src/build/sensor_module' returned '0': CMAKE_PREFIX_PATH=${CMAKE_PREFIX_PATH}:/home/hemingshan/exo_ws/install/pattern_recognition:/opt/ros/foxy /usr/bin/cmake /home/hemingshan/exo_ws/src/sensor_module -DCMAKE_INSTALL_PREFIX=/home/hemingshan/exo_ws/src/install/sensor_module
[5.273s] DEBUG:colcon.colcon_core.event_handler.log_command:Invoking command in '/home/hemingshan/exo_ws/src/build/sensor_module': CMAKE_PREFIX_PATH=${CMAKE_PREFIX_PATH}:/home/hemingshan/exo_ws/install/pattern_recognition:/opt/ros/foxy /usr/bin/cmake --build /home/hemingshan/exo_ws/src/build/sensor_module -- -j8 -l8
[22.459s] DEBUG:colcon.colcon_core.event_handler.log_command:Invoked command in '/home/hemingshan/exo_ws/src/build/sensor_module' returned '0': CMAKE_PREFIX_PATH=${CMAKE_PREFIX_PATH}:/home/hemingshan/exo_ws/install/pattern_recognition:/opt/ros/foxy /usr/bin/cmake --build /home/hemingshan/exo_ws/src/build/sensor_module -- -j8 -l8
[22.511s] DEBUG:colcon.colcon_core.event_handler.log_command:Invoking command in '/home/hemingshan/exo_ws/src/build/sensor_module': CMAKE_PREFIX_PATH=${CMAKE_PREFIX_PATH}:/home/hemingshan/exo_ws/install/pattern_recognition:/opt/ros/foxy /usr/bin/cmake --install /home/hemingshan/exo_ws/src/build/sensor_module
[22.543s] Level 1:colcon.colcon_core.environment:create_environment_scripts_only(sensor_module)
[22.545s] Level 1:colcon.colcon_core.environment:checking '/home/hemingshan/exo_ws/src/install/sensor_module' for CMake module files
[22.547s] DEBUG:colcon.colcon_core.event_handler.log_command:Invoked command in '/home/hemingshan/exo_ws/src/build/sensor_module' returned '0': CMAKE_PREFIX_PATH=${CMAKE_PREFIX_PATH}:/home/hemingshan/exo_ws/install/pattern_recognition:/opt/ros/foxy /usr/bin/cmake --install /home/hemingshan/exo_ws/src/build/sensor_module
[22.547s] Level 1:colcon.colcon_core.environment:checking '/home/hemingshan/exo_ws/src/install/sensor_module' for CMake config files
[22.548s] Level 1:colcon.colcon_core.shell:create_environment_hook('sensor_module', 'cmake_prefix_path')
[22.549s] INFO:colcon.colcon_core.shell:Creating environment hook '/home/hemingshan/exo_ws/src/install/sensor_module/share/sensor_module/hook/cmake_prefix_path.ps1'
[22.550s] INFO:colcon.colcon_core.shell:Creating environment descriptor '/home/hemingshan/exo_ws/src/install/sensor_module/share/sensor_module/hook/cmake_prefix_path.dsv'
[22.550s] INFO:colcon.colcon_core.shell:Creating environment hook '/home/hemingshan/exo_ws/src/install/sensor_module/share/sensor_module/hook/cmake_prefix_path.sh'
[22.551s] Level 1:colcon.colcon_core.environment:checking '/home/hemingshan/exo_ws/src/install/sensor_module/lib'
[22.551s] Level 1:colcon.colcon_core.environment:checking '/home/hemingshan/exo_ws/src/install/sensor_module/bin'
[22.552s] Level 1:colcon.colcon_core.environment:checking '/home/hemingshan/exo_ws/src/install/sensor_module/lib/pkgconfig/sensor_module.pc'
[22.552s] Level 1:colcon.colcon_core.environment:checking '/home/hemingshan/exo_ws/src/install/sensor_module/lib/python3.8/site-packages'
[22.553s] INFO:colcon.colcon_core.shell:Creating package script '/home/hemingshan/exo_ws/src/install/sensor_module/share/sensor_module/package.ps1'
[22.554s] INFO:colcon.colcon_core.shell:Creating package descriptor '/home/hemingshan/exo_ws/src/install/sensor_module/share/sensor_module/package.dsv'
[22.554s] INFO:colcon.colcon_core.shell:Creating package script '/home/hemingshan/exo_ws/src/install/sensor_module/share/sensor_module/package.sh'
[22.555s] INFO:colcon.colcon_core.shell:Creating package script '/home/hemingshan/exo_ws/src/install/sensor_module/share/sensor_module/package.bash'
[22.556s] INFO:colcon.colcon_core.shell:Creating package script '/home/hemingshan/exo_ws/src/install/sensor_module/share/sensor_module/package.zsh'
[22.556s] Level 1:colcon.colcon_core.environment:create_file_with_runtime_dependencies(/home/hemingshan/exo_ws/src/install/sensor_module/share/colcon-core/packages/sensor_module)
[22.618s] Level 1:colcon.colcon_core.environment:create_environment_scripts_only(sensor_module)
[22.620s] Level 1:colcon.colcon_core.environment:checking '/home/hemingshan/exo_ws/src/install/sensor_module' for CMake module files
[22.621s] Level 1:colcon.colcon_core.environment:checking '/home/hemingshan/exo_ws/src/install/sensor_module' for CMake config files
[22.622s] Level 1:colcon.colcon_core.shell:create_environment_hook('sensor_module', 'cmake_prefix_path')
[22.623s] INFO:colcon.colcon_core.shell:Creating environment hook '/home/hemingshan/exo_ws/src/install/sensor_module/share/sensor_module/hook/cmake_prefix_path.ps1'
[22.624s] INFO:colcon.colcon_core.shell:Creating environment descriptor '/home/hemingshan/exo_ws/src/install/sensor_module/share/sensor_module/hook/cmake_prefix_path.dsv'
[22.626s] INFO:colcon.colcon_core.shell:Creating environment hook '/home/hemingshan/exo_ws/src/install/sensor_module/share/sensor_module/hook/cmake_prefix_path.sh'
[22.628s] Level 1:colcon.colcon_core.environment:checking '/home/hemingshan/exo_ws/src/install/sensor_module/lib'
[22.628s] Level 1:colcon.colcon_core.environment:checking '/home/hemingshan/exo_ws/src/install/sensor_module/bin'
[22.628s] Level 1:colcon.colcon_core.environment:checking '/home/hemingshan/exo_ws/src/install/sensor_module/lib/pkgconfig/sensor_module.pc'
[22.628s] Level 1:colcon.colcon_core.environment:checking '/home/hemingshan/exo_ws/src/install/sensor_module/lib/python3.8/site-packages'
[22.630s] INFO:colcon.colcon_core.shell:Creating package script '/home/hemingshan/exo_ws/src/install/sensor_module/share/sensor_module/package.ps1'
[22.631s] INFO:colcon.colcon_core.shell:Creating package descriptor '/home/hemingshan/exo_ws/src/install/sensor_module/share/sensor_module/package.dsv'
[22.632s] INFO:colcon.colcon_core.shell:Creating package script '/home/hemingshan/exo_ws/src/install/sensor_module/share/sensor_module/package.sh'
[22.633s] INFO:colcon.colcon_core.shell:Creating package script '/home/hemingshan/exo_ws/src/install/sensor_module/share/sensor_module/package.bash'
[22.634s] INFO:colcon.colcon_core.shell:Creating package script '/home/hemingshan/exo_ws/src/install/sensor_module/share/sensor_module/package.zsh'
[22.634s] Level 1:colcon.colcon_core.environment:create_file_with_runtime_dependencies(/home/hemingshan/exo_ws/src/install/sensor_module/share/colcon-core/packages/sensor_module)
[23.851s] DEBUG:colcon.colcon_core.event_handler.log_command:Invoked command in '/home/hemingshan/exo_ws/src/build/security_module' returned '0': CMAKE_PREFIX_PATH=${CMAKE_PREFIX_PATH}:/home/hemingshan/exo_ws/install/pattern_recognition:/opt/ros/foxy /usr/bin/cmake --build /home/hemingshan/exo_ws/src/build/security_module -- -j8 -l8
[23.874s] DEBUG:colcon.colcon_core.event_handler.log_command:Invoking command in '/home/hemingshan/exo_ws/src/build/security_module': CMAKE_PREFIX_PATH=${CMAKE_PREFIX_PATH}:/home/hemingshan/exo_ws/install/pattern_recognition:/opt/ros/foxy /usr/bin/cmake --install /home/hemingshan/exo_ws/src/build/security_module
[23.890s] Level 1:colcon.colcon_core.environment:create_environment_scripts_only(security_module)
[23.892s] Level 1:colcon.colcon_core.environment:checking '/home/hemingshan/exo_ws/src/install/security_module' for CMake module files
[23.893s] DEBUG:colcon.colcon_core.event_handler.log_command:Invoked command in '/home/hemingshan/exo_ws/src/build/security_module' returned '0': CMAKE_PREFIX_PATH=${CMAKE_PREFIX_PATH}:/home/hemingshan/exo_ws/install/pattern_recognition:/opt/ros/foxy /usr/bin/cmake --install /home/hemingshan/exo_ws/src/build/security_module
[23.894s] Level 1:colcon.colcon_core.environment:checking '/home/hemingshan/exo_ws/src/install/security_module' for CMake config files
[23.894s] Level 1:colcon.colcon_core.shell:create_environment_hook('security_module', 'cmake_prefix_path')
[23.895s] INFO:colcon.colcon_core.shell:Creating environment hook '/home/hemingshan/exo_ws/src/install/security_module/share/security_module/hook/cmake_prefix_path.ps1'
[23.895s] INFO:colcon.colcon_core.shell:Creating environment descriptor '/home/hemingshan/exo_ws/src/install/security_module/share/security_module/hook/cmake_prefix_path.dsv'
[23.896s] INFO:colcon.colcon_core.shell:Creating environment hook '/home/hemingshan/exo_ws/src/install/security_module/share/security_module/hook/cmake_prefix_path.sh'
[23.897s] Level 1:colcon.colcon_core.environment:checking '/home/hemingshan/exo_ws/src/install/security_module/lib'
[23.897s] Level 1:colcon.colcon_core.environment:checking '/home/hemingshan/exo_ws/src/install/security_module/bin'
[23.897s] Level 1:colcon.colcon_core.environment:checking '/home/hemingshan/exo_ws/src/install/security_module/lib/pkgconfig/security_module.pc'
[23.897s] Level 1:colcon.colcon_core.environment:checking '/home/hemingshan/exo_ws/src/install/security_module/lib/python3.8/site-packages'
[23.898s] INFO:colcon.colcon_core.shell:Creating package script '/home/hemingshan/exo_ws/src/install/security_module/share/security_module/package.ps1'
[23.898s] INFO:colcon.colcon_core.shell:Creating package descriptor '/home/hemingshan/exo_ws/src/install/security_module/share/security_module/package.dsv'
[23.899s] INFO:colcon.colcon_core.shell:Creating package script '/home/hemingshan/exo_ws/src/install/security_module/share/security_module/package.sh'
[23.899s] INFO:colcon.colcon_core.shell:Creating package script '/home/hemingshan/exo_ws/src/install/security_module/share/security_module/package.bash'
[23.900s] INFO:colcon.colcon_core.shell:Creating package script '/home/hemingshan/exo_ws/src/install/security_module/share/security_module/package.zsh'
[23.900s] Level 1:colcon.colcon_core.environment:create_file_with_runtime_dependencies(/home/hemingshan/exo_ws/src/install/security_module/share/colcon-core/packages/security_module)
[23.923s] Level 1:colcon.colcon_core.environment:create_environment_scripts_only(security_module)
[23.925s] Level 1:colcon.colcon_core.environment:checking '/home/hemingshan/exo_ws/src/install/security_module' for CMake module files
[23.926s] Level 1:colcon.colcon_core.environment:checking '/home/hemingshan/exo_ws/src/install/security_module' for CMake config files
[23.926s] Level 1:colcon.colcon_core.shell:create_environment_hook('security_module', 'cmake_prefix_path')
[23.928s] INFO:colcon.colcon_core.shell:Creating environment hook '/home/hemingshan/exo_ws/src/install/security_module/share/security_module/hook/cmake_prefix_path.ps1'
[23.929s] INFO:colcon.colcon_core.shell:Creating environment descriptor '/home/hemingshan/exo_ws/src/install/security_module/share/security_module/hook/cmake_prefix_path.dsv'
[23.929s] INFO:colcon.colcon_core.shell:Creating environment hook '/home/hemingshan/exo_ws/src/install/security_module/share/security_module/hook/cmake_prefix_path.sh'
[23.931s] Level 1:colcon.colcon_core.environment:checking '/home/hemingshan/exo_ws/src/install/security_module/lib'
[23.931s] Level 1:colcon.colcon_core.environment:checking '/home/hemingshan/exo_ws/src/install/security_module/bin'
[23.931s] Level 1:colcon.colcon_core.environment:checking '/home/hemingshan/exo_ws/src/install/security_module/lib/pkgconfig/security_module.pc'
[23.931s] Level 1:colcon.colcon_core.environment:checking '/home/hemingshan/exo_ws/src/install/security_module/lib/python3.8/site-packages'
[23.932s] INFO:colcon.colcon_core.shell:Creating package script '/home/hemingshan/exo_ws/src/install/security_module/share/security_module/package.ps1'
[23.933s] INFO:colcon.colcon_core.shell:Creating package descriptor '/home/hemingshan/exo_ws/src/install/security_module/share/security_module/package.dsv'
[23.934s] INFO:colcon.colcon_core.shell:Creating package script '/home/hemingshan/exo_ws/src/install/security_module/share/security_module/package.sh'
[23.935s] INFO:colcon.colcon_core.shell:Creating package script '/home/hemingshan/exo_ws/src/install/security_module/share/security_module/package.bash'
[23.935s] INFO:colcon.colcon_core.shell:Creating package script '/home/hemingshan/exo_ws/src/install/security_module/share/security_module/package.zsh'
[23.936s] Level 1:colcon.colcon_core.environment:create_file_with_runtime_dependencies(/home/hemingshan/exo_ws/src/install/security_module/share/colcon-core/packages/security_module)
[28.863s] DEBUG:colcon.colcon_core.event_handler.log_command:Invoked command in '/home/hemingshan/exo_ws/src/build/exoskeleton_control' returned '0': CMAKE_PREFIX_PATH=${CMAKE_PREFIX_PATH}:/home/hemingshan/exo_ws/install/pattern_recognition:/opt/ros/foxy /usr/bin/cmake --build /home/hemingshan/exo_ws/src/build/exoskeleton_control -- -j8 -l8
[28.905s] DEBUG:colcon.colcon_core.event_handler.log_command:Invoking command in '/home/hemingshan/exo_ws/src/build/exoskeleton_control': CMAKE_PREFIX_PATH=${CMAKE_PREFIX_PATH}:/home/hemingshan/exo_ws/install/pattern_recognition:/opt/ros/foxy /usr/bin/cmake --install /home/hemingshan/exo_ws/src/build/exoskeleton_control
[28.931s] Level 1:colcon.colcon_core.environment:create_environment_scripts_only(exoskeleton_control)
[28.933s] Level 1:colcon.colcon_core.environment:checking '/home/hemingshan/exo_ws/src/install/exoskeleton_control' for CMake module files
[28.934s] DEBUG:colcon.colcon_core.event_handler.log_command:Invoked command in '/home/hemingshan/exo_ws/src/build/exoskeleton_control' returned '0': CMAKE_PREFIX_PATH=${CMAKE_PREFIX_PATH}:/home/hemingshan/exo_ws/install/pattern_recognition:/opt/ros/foxy /usr/bin/cmake --install /home/hemingshan/exo_ws/src/build/exoskeleton_control
[28.935s] Level 1:colcon.colcon_core.environment:checking '/home/hemingshan/exo_ws/src/install/exoskeleton_control' for CMake config files
[28.935s] Level 1:colcon.colcon_core.shell:create_environment_hook('exoskeleton_control', 'cmake_prefix_path')
[28.936s] INFO:colcon.colcon_core.shell:Creating environment hook '/home/hemingshan/exo_ws/src/install/exoskeleton_control/share/exoskeleton_control/hook/cmake_prefix_path.ps1'
[28.937s] INFO:colcon.colcon_core.shell:Creating environment descriptor '/home/hemingshan/exo_ws/src/install/exoskeleton_control/share/exoskeleton_control/hook/cmake_prefix_path.dsv'
[28.937s] INFO:colcon.colcon_core.shell:Creating environment hook '/home/hemingshan/exo_ws/src/install/exoskeleton_control/share/exoskeleton_control/hook/cmake_prefix_path.sh'
[28.938s] Level 1:colcon.colcon_core.environment:checking '/home/hemingshan/exo_ws/src/install/exoskeleton_control/lib'
[28.938s] Level 1:colcon.colcon_core.environment:checking '/home/hemingshan/exo_ws/src/install/exoskeleton_control/bin'
[28.938s] Level 1:colcon.colcon_core.environment:checking '/home/hemingshan/exo_ws/src/install/exoskeleton_control/lib/pkgconfig/exoskeleton_control.pc'
[28.938s] Level 1:colcon.colcon_core.environment:checking '/home/hemingshan/exo_ws/src/install/exoskeleton_control/lib/python3.8/site-packages'
[28.939s] INFO:colcon.colcon_core.shell:Creating package script '/home/hemingshan/exo_ws/src/install/exoskeleton_control/share/exoskeleton_control/package.ps1'
[28.940s] INFO:colcon.colcon_core.shell:Creating package descriptor '/home/hemingshan/exo_ws/src/install/exoskeleton_control/share/exoskeleton_control/package.dsv'
[28.940s] INFO:colcon.colcon_core.shell:Creating package script '/home/hemingshan/exo_ws/src/install/exoskeleton_control/share/exoskeleton_control/package.sh'
[28.941s] INFO:colcon.colcon_core.shell:Creating package script '/home/hemingshan/exo_ws/src/install/exoskeleton_control/share/exoskeleton_control/package.bash'
[28.941s] INFO:colcon.colcon_core.shell:Creating package script '/home/hemingshan/exo_ws/src/install/exoskeleton_control/share/exoskeleton_control/package.zsh'
[28.942s] Level 1:colcon.colcon_core.environment:create_file_with_runtime_dependencies(/home/hemingshan/exo_ws/src/install/exoskeleton_control/share/colcon-core/packages/exoskeleton_control)
[28.985s] Level 1:colcon.colcon_core.environment:create_environment_scripts_only(exoskeleton_control)
[28.987s] Level 1:colcon.colcon_core.environment:checking '/home/hemingshan/exo_ws/src/install/exoskeleton_control' for CMake module files
[28.987s] Level 1:colcon.colcon_core.environment:checking '/home/hemingshan/exo_ws/src/install/exoskeleton_control' for CMake config files
[28.987s] Level 1:colcon.colcon_core.shell:create_environment_hook('exoskeleton_control', 'cmake_prefix_path')
[28.988s] INFO:colcon.colcon_core.shell:Creating environment hook '/home/hemingshan/exo_ws/src/install/exoskeleton_control/share/exoskeleton_control/hook/cmake_prefix_path.ps1'
[28.989s] INFO:colcon.colcon_core.shell:Creating environment descriptor '/home/hemingshan/exo_ws/src/install/exoskeleton_control/share/exoskeleton_control/hook/cmake_prefix_path.dsv'
[28.989s] INFO:colcon.colcon_core.shell:Creating environment hook '/home/hemingshan/exo_ws/src/install/exoskeleton_control/share/exoskeleton_control/hook/cmake_prefix_path.sh'
[28.990s] Level 1:colcon.colcon_core.environment:checking '/home/hemingshan/exo_ws/src/install/exoskeleton_control/lib'
[28.990s] Level 1:colcon.colcon_core.environment:checking '/home/hemingshan/exo_ws/src/install/exoskeleton_control/bin'
[28.990s] Level 1:colcon.colcon_core.environment:checking '/home/hemingshan/exo_ws/src/install/exoskeleton_control/lib/pkgconfig/exoskeleton_control.pc'
[28.990s] Level 1:colcon.colcon_core.environment:checking '/home/hemingshan/exo_ws/src/install/exoskeleton_control/lib/python3.8/site-packages'
[28.991s] INFO:colcon.colcon_core.shell:Creating package script '/home/hemingshan/exo_ws/src/install/exoskeleton_control/share/exoskeleton_control/package.ps1'
[28.991s] INFO:colcon.colcon_core.shell:Creating package descriptor '/home/hemingshan/exo_ws/src/install/exoskeleton_control/share/exoskeleton_control/package.dsv'
[28.992s] INFO:colcon.colcon_core.shell:Creating package script '/home/hemingshan/exo_ws/src/install/exoskeleton_control/share/exoskeleton_control/package.sh'
[28.992s] INFO:colcon.colcon_core.shell:Creating package script '/home/hemingshan/exo_ws/src/install/exoskeleton_control/share/exoskeleton_control/package.bash'
[28.992s] INFO:colcon.colcon_core.shell:Creating package script '/home/hemingshan/exo_ws/src/install/exoskeleton_control/share/exoskeleton_control/package.zsh'
[28.993s] Level 1:colcon.colcon_core.environment:create_file_with_runtime_dependencies(/home/hemingshan/exo_ws/src/install/exoskeleton_control/share/colcon-core/packages/exoskeleton_control)
[28.993s] DEBUG:colcon.colcon_parallel_executor.executor.parallel:closing loop
[28.994s] DEBUG:colcon.colcon_parallel_executor.executor.parallel:loop closed
[28.994s] DEBUG:colcon.colcon_parallel_executor.executor.parallel:run_until_complete finished with '0'
[28.994s] DEBUG:colcon.colcon_core.event_reactor:joining thread
[29.004s] INFO:colcon.colcon_core.plugin_system:Skipping extension 'colcon_notification.desktop_notification.terminal_notifier': Not used on non-Darwin systems
[29.004s] INFO:colcon.colcon_core.plugin_system:Skipping extension 'colcon_notification.desktop_notification.win32': Not used on non-Windows systems
[29.004s] INFO:colcon.colcon_notification.desktop_notification:Sending desktop notification using 'notify2'
[29.017s] DEBUG:colcon.colcon_core.event_reactor:joined thread
[29.018s] INFO:colcon.colcon_core.shell:Creating prefix script '/home/hemingshan/exo_ws/src/install/local_setup.ps1'
[29.019s] INFO:colcon.colcon_core.shell:Creating prefix util module '/home/hemingshan/exo_ws/src/install/_local_setup_util_ps1.py'
[29.021s] INFO:colcon.colcon_core.shell:Creating prefix chain script '/home/hemingshan/exo_ws/src/install/setup.ps1'
[29.023s] INFO:colcon.colcon_core.shell:Creating prefix script '/home/hemingshan/exo_ws/src/install/local_setup.sh'
[29.024s] INFO:colcon.colcon_core.shell:Creating prefix util module '/home/hemingshan/exo_ws/src/install/_local_setup_util_sh.py'
[29.024s] INFO:colcon.colcon_core.shell:Creating prefix chain script '/home/hemingshan/exo_ws/src/install/setup.sh'
[29.027s] INFO:colcon.colcon_core.shell:Creating prefix script '/home/hemingshan/exo_ws/src/install/local_setup.bash'
[29.028s] INFO:colcon.colcon_core.shell:Creating prefix chain script '/home/hemingshan/exo_ws/src/install/setup.bash'
[29.031s] INFO:colcon.colcon_core.shell:Creating prefix script '/home/hemingshan/exo_ws/src/install/local_setup.zsh'
[29.031s] INFO:colcon.colcon_core.shell:Creating prefix chain script '/home/hemingshan/exo_ws/src/install/setup.zsh'
