[ 14%] Built target Exoskeleton_Calf
[ 28%] Built target Piezoelectric
[ 42%] Built target MPU6050
[ 57%] Built target Sensor
[ 71%] Built target MPU6050_Thigh
[ 85%] Built target Exoskeleton_Thigh
[100%] Built target MPU6050_Calf
-- Install configuration: ""
-- Up-to-date: /home/hemingshan/exo_ws/src/install/sensor_module/lib/sensor_module/MPU6050_Thigh
-- Up-to-date: /home/hemingshan/exo_ws/src/install/sensor_module/lib/sensor_module/MPU6050_Calf
-- Up-to-date: /home/hemingshan/exo_ws/src/install/sensor_module/lib/sensor_module/Exoskeleton_Thigh
-- Up-to-date: /home/hemingshan/exo_ws/src/install/sensor_module/lib/sensor_module/Exoskeleton_Calf
-- Up-to-date: /home/hemingshan/exo_ws/src/install/sensor_module/lib/sensor_module/Piezoelectric
-- Up-to-date: /home/hemingshan/exo_ws/src/install/sensor_module/lib/sensor_module/Sensor
-- Up-to-date: /home/hemingshan/exo_ws/src/install/sensor_module/share/sensor_module/launch
-- Up-to-date: /home/hemingshan/exo_ws/src/install/sensor_module/share/sensor_module/launch/sensor_module_launch.py
-- Up-to-date: /home/hemingshan/exo_ws/src/install/sensor_module/share/ament_index/resource_index/package_run_dependencies/sensor_module
-- Up-to-date: /home/hemingshan/exo_ws/src/install/sensor_module/share/ament_index/resource_index/parent_prefix_path/sensor_module
-- Up-to-date: /home/hemingshan/exo_ws/src/install/sensor_module/share/sensor_module/environment/ament_prefix_path.sh
-- Up-to-date: /home/hemingshan/exo_ws/src/install/sensor_module/share/sensor_module/environment/ament_prefix_path.dsv
-- Up-to-date: /home/hemingshan/exo_ws/src/install/sensor_module/share/sensor_module/environment/path.sh
-- Up-to-date: /home/hemingshan/exo_ws/src/install/sensor_module/share/sensor_module/environment/path.dsv
-- Up-to-date: /home/hemingshan/exo_ws/src/install/sensor_module/share/sensor_module/local_setup.bash
-- Up-to-date: /home/hemingshan/exo_ws/src/install/sensor_module/share/sensor_module/local_setup.sh
-- Up-to-date: /home/hemingshan/exo_ws/src/install/sensor_module/share/sensor_module/local_setup.zsh
-- Up-to-date: /home/hemingshan/exo_ws/src/install/sensor_module/share/sensor_module/local_setup.dsv
-- Installing: /home/hemingshan/exo_ws/src/install/sensor_module/share/sensor_module/package.dsv
-- Up-to-date: /home/hemingshan/exo_ws/src/install/sensor_module/share/ament_index/resource_index/packages/sensor_module
-- Up-to-date: /home/hemingshan/exo_ws/src/install/sensor_module/share/sensor_module/cmake/sensor_moduleConfig.cmake
-- Up-to-date: /home/hemingshan/exo_ws/src/install/sensor_module/share/sensor_module/cmake/sensor_moduleConfig-version.cmake
-- Up-to-date: /home/hemingshan/exo_ws/src/install/sensor_module/share/sensor_module/package.xml
