[0.638s] Invoking command in '/home/hemingshan/exo_ws/src/build/sensor_module': CMAKE_PREFIX_PATH=${CMAKE_PREFIX_PATH}:/home/hemingshan/exo_ws/install/pattern_recognition:/opt/ros/foxy /usr/bin/cmake --build /home/hemingshan/exo_ws/src/build/sensor_module -- -j8 -l8
[0.763s] [ 14%] Built target Exoskeleton_Calf
[0.763s] [ 28%] Built target Piezoelectric
[0.766s] [ 42%] Built target MPU6050
[0.773s] [ 57%] Built target Sensor
[0.779s] [ 71%] Built target MPU6050_Thigh
[0.807s] [ 85%] Built target Exoskeleton_Thigh
[0.808s] [100%] Built target MPU6050_Calf
[0.831s] Invoked command in '/home/hemingshan/exo_ws/src/build/sensor_module' returned '0': CMAKE_PREFIX_PATH=${CMAKE_PREFIX_PATH}:/home/hemingshan/exo_ws/install/pattern_recognition:/opt/ros/foxy /usr/bin/cmake --build /home/hemingshan/exo_ws/src/build/sensor_module -- -j8 -l8
[0.885s] Invoking command in '/home/hemingshan/exo_ws/src/build/sensor_module': CMAKE_PREFIX_PATH=${CMAKE_PREFIX_PATH}:/home/hemingshan/exo_ws/install/pattern_recognition:/opt/ros/foxy /usr/bin/cmake --install /home/hemingshan/exo_ws/src/build/sensor_module
[0.896s] -- Install configuration: ""
[0.896s] -- Up-to-date: /home/hemingshan/exo_ws/src/install/sensor_module/lib/sensor_module/MPU6050_Thigh
[0.896s] -- Up-to-date: /home/hemingshan/exo_ws/src/install/sensor_module/lib/sensor_module/MPU6050_Calf
[0.897s] -- Up-to-date: /home/hemingshan/exo_ws/src/install/sensor_module/lib/sensor_module/Exoskeleton_Thigh
[0.899s] -- Up-to-date: /home/hemingshan/exo_ws/src/install/sensor_module/lib/sensor_module/Exoskeleton_Calf
[0.900s] -- Up-to-date: /home/hemingshan/exo_ws/src/install/sensor_module/lib/sensor_module/Piezoelectric
[0.900s] -- Up-to-date: /home/hemingshan/exo_ws/src/install/sensor_module/lib/sensor_module/Sensor
[0.901s] -- Up-to-date: /home/hemingshan/exo_ws/src/install/sensor_module/share/sensor_module/launch
[0.901s] -- Up-to-date: /home/hemingshan/exo_ws/src/install/sensor_module/share/sensor_module/launch/sensor_module_launch.py
[0.901s] -- Up-to-date: /home/hemingshan/exo_ws/src/install/sensor_module/share/ament_index/resource_index/package_run_dependencies/sensor_module
[0.902s] -- Up-to-date: /home/hemingshan/exo_ws/src/install/sensor_module/share/ament_index/resource_index/parent_prefix_path/sensor_module
[0.902s] -- Up-to-date: /home/hemingshan/exo_ws/src/install/sensor_module/share/sensor_module/environment/ament_prefix_path.sh
[0.902s] -- Up-to-date: /home/hemingshan/exo_ws/src/install/sensor_module/share/sensor_module/environment/ament_prefix_path.dsv
[0.902s] -- Up-to-date: /home/hemingshan/exo_ws/src/install/sensor_module/share/sensor_module/environment/path.sh
[0.903s] -- Up-to-date: /home/hemingshan/exo_ws/src/install/sensor_module/share/sensor_module/environment/path.dsv
[0.903s] -- Up-to-date: /home/hemingshan/exo_ws/src/install/sensor_module/share/sensor_module/local_setup.bash
[0.903s] -- Up-to-date: /home/hemingshan/exo_ws/src/install/sensor_module/share/sensor_module/local_setup.sh
[0.904s] -- Up-to-date: /home/hemingshan/exo_ws/src/install/sensor_module/share/sensor_module/local_setup.zsh
[0.904s] -- Up-to-date: /home/hemingshan/exo_ws/src/install/sensor_module/share/sensor_module/local_setup.dsv
[0.904s] -- Installing: /home/hemingshan/exo_ws/src/install/sensor_module/share/sensor_module/package.dsv
[0.906s] -- Up-to-date: /home/hemingshan/exo_ws/src/install/sensor_module/share/ament_index/resource_index/packages/sensor_module
[0.906s] -- Up-to-date: /home/hemingshan/exo_ws/src/install/sensor_module/share/sensor_module/cmake/sensor_moduleConfig.cmake
[0.906s] -- Up-to-date: /home/hemingshan/exo_ws/src/install/sensor_module/share/sensor_module/cmake/sensor_moduleConfig-version.cmake
[0.907s] -- Up-to-date: /home/hemingshan/exo_ws/src/install/sensor_module/share/sensor_module/package.xml
[0.926s] Invoked command in '/home/hemingshan/exo_ws/src/build/sensor_module' returned '0': CMAKE_PREFIX_PATH=${CMAKE_PREFIX_PATH}:/home/hemingshan/exo_ws/install/pattern_recognition:/opt/ros/foxy /usr/bin/cmake --install /home/hemingshan/exo_ws/src/build/sensor_module
