[0.423s] Invoking command in '/home/hemingshan/exo_ws/src/joint_state_publisher': PYTHONPATH=/home/hemingshan/exo_ws/src/install/joint_state_publisher/lib/python3.8/site-packages:${PYTHONPATH} /usr/bin/python3 setup.py egg_info --egg-base ../build/joint_state_publisher build --build-base /home/hemingshan/exo_ws/src/build/joint_state_publisher/build install --prefix /home/hemingshan/exo_ws/src/install/joint_state_publisher --record /home/hemingshan/exo_ws/src/build/joint_state_publisher/install.log --single-version-externally-managed
[0.835s] running egg_info
[0.836s] creating ../build/joint_state_publisher/joint_state_publisher.egg-info
[0.836s] writing ../build/joint_state_publisher/joint_state_publisher.egg-info/PKG-INFO
[0.836s] writing dependency_links to ../build/joint_state_publisher/joint_state_publisher.egg-info/dependency_links.txt
[0.836s] writing entry points to ../build/joint_state_publisher/joint_state_publisher.egg-info/entry_points.txt
[0.836s] writing requirements to ../build/joint_state_publisher/joint_state_publisher.egg-info/requires.txt
[0.836s] writing top-level names to ../build/joint_state_publisher/joint_state_publisher.egg-info/top_level.txt
[0.837s] writing manifest file '../build/joint_state_publisher/joint_state_publisher.egg-info/SOURCES.txt'
[0.837s] reading manifest file '../build/joint_state_publisher/joint_state_publisher.egg-info/SOURCES.txt'
[0.837s] writing manifest file '../build/joint_state_publisher/joint_state_publisher.egg-info/SOURCES.txt'
[0.837s] running build
[0.837s] running build_py
[0.837s] creating /home/hemingshan/exo_ws/src/build/joint_state_publisher/build
[0.837s] creating /home/hemingshan/exo_ws/src/build/joint_state_publisher/build/lib
[0.838s] creating /home/hemingshan/exo_ws/src/build/joint_state_publisher/build/lib/joint_state_publisher
[0.838s] copying joint_state_publisher/joint_state_publisher.py -> /home/hemingshan/exo_ws/src/build/joint_state_publisher/build/lib/joint_state_publisher
[0.838s] copying joint_state_publisher/__init__.py -> /home/hemingshan/exo_ws/src/build/joint_state_publisher/build/lib/joint_state_publisher
[0.838s] running install
[0.838s] running install_lib
[0.838s] creating /home/hemingshan/exo_ws/src/install/joint_state_publisher/lib/python3.8/site-packages/joint_state_publisher
[0.838s] copying /home/hemingshan/exo_ws/src/build/joint_state_publisher/build/lib/joint_state_publisher/joint_state_publisher.py -> /home/hemingshan/exo_ws/src/install/joint_state_publisher/lib/python3.8/site-packages/joint_state_publisher
[0.838s] copying /home/hemingshan/exo_ws/src/build/joint_state_publisher/build/lib/joint_state_publisher/__init__.py -> /home/hemingshan/exo_ws/src/install/joint_state_publisher/lib/python3.8/site-packages/joint_state_publisher
[0.839s] byte-compiling /home/hemingshan/exo_ws/src/install/joint_state_publisher/lib/python3.8/site-packages/joint_state_publisher/joint_state_publisher.py to joint_state_publisher.cpython-38.pyc
[0.839s] byte-compiling /home/hemingshan/exo_ws/src/install/joint_state_publisher/lib/python3.8/site-packages/joint_state_publisher/__init__.py to __init__.cpython-38.pyc
[0.839s] running install_data
[0.839s] creating /home/hemingshan/exo_ws/src/install/joint_state_publisher/share
[0.839s] creating /home/hemingshan/exo_ws/src/install/joint_state_publisher/share/ament_index
[0.839s] creating /home/hemingshan/exo_ws/src/install/joint_state_publisher/share/ament_index/resource_index
[0.839s] creating /home/hemingshan/exo_ws/src/install/joint_state_publisher/share/ament_index/resource_index/packages
[0.840s] copying resource/joint_state_publisher -> /home/hemingshan/exo_ws/src/install/joint_state_publisher/share/ament_index/resource_index/packages
[0.840s] creating /home/hemingshan/exo_ws/src/install/joint_state_publisher/share/joint_state_publisher
[0.840s] copying package.xml -> /home/hemingshan/exo_ws/src/install/joint_state_publisher/share/joint_state_publisher
[0.840s] running install_egg_info
[0.840s] Copying ../build/joint_state_publisher/joint_state_publisher.egg-info to /home/hemingshan/exo_ws/src/install/joint_state_publisher/lib/python3.8/site-packages/joint_state_publisher-2.2.0-py3.8.egg-info
[0.840s] running install_scripts
[0.840s] Installing joint_state_publisher script to /home/hemingshan/exo_ws/src/install/joint_state_publisher/lib/joint_state_publisher
[0.841s] writing list of installed files to '/home/hemingshan/exo_ws/src/build/joint_state_publisher/install.log'
[0.882s] Invoked command in '/home/hemingshan/exo_ws/src/joint_state_publisher' returned '0': PYTHONPATH=/home/hemingshan/exo_ws/src/install/joint_state_publisher/lib/python3.8/site-packages:${PYTHONPATH} /usr/bin/python3 setup.py egg_info --egg-base ../build/joint_state_publisher build --build-base /home/hemingshan/exo_ws/src/build/joint_state_publisher/build install --prefix /home/hemingshan/exo_ws/src/install/joint_state_publisher --record /home/hemingshan/exo_ws/src/build/joint_state_publisher/install.log --single-version-externally-managed
