[0.157s] DEBUG:colcon:Command line arguments: ['/usr/bin/colcon', 'build']
[0.157s] DEBUG:colcon:Parsed command line arguments: Namespace(ament_cmake_args=None, base_paths=['.'], build_base='build', catkin_cmake_args=None, catkin_skip_building_tests=False, cmake_args=None, cmake_clean_cache=False, cmake_clean_first=False, cmake_force_configure=False, cmake_target=None, cmake_target_skip_unavailable=False, continue_on_error=False, event_handlers=None, executor='parallel', ignore_user_meta=False, install_base='install', log_base=None, log_level=None, main=<bound method BuildVerb.main of <colcon_core.verb.build.BuildVerb object at 0x7f874a482d90>>, merge_install=False, metas=['./colcon.meta'], packages_above=None, packages_above_and_dependencies=None, packages_above_depth=None, packages_end=None, packages_ignore=None, packages_ignore_regex=None, packages_select=None, packages_select_build_failed=False, packages_select_by_dep=None, packages_select_regex=None, packages_select_test_failures=False, packages_skip=None, packages_skip_build_finished=False, packages_skip_by_dep=None, packages_skip_regex=None, packages_skip_test_passed=False, packages_skip_up_to=None, packages_start=None, packages_up_to=None, packages_up_to_regex=None, parallel_workers=8, paths=None, symlink_install=False, test_result_base=None, verb_extension=<colcon_core.verb.build.BuildVerb object at 0x7f874a482d90>, verb_name='build', verb_parser=<colcon_defaults.argument_parser.defaults.DefaultArgumentsDecorator object at 0x7f874a48d340>)
[0.162s] Level 1:colcon.colcon_core.package_discovery:discover_packages(colcon_meta) check parameters
[0.163s] Level 1:colcon.colcon_core.package_discovery:discover_packages(recursive) check parameters
[0.163s] Level 1:colcon.colcon_core.package_discovery:discover_packages(ignore) check parameters
[0.163s] Level 1:colcon.colcon_core.package_discovery:discover_packages(path) check parameters
[0.163s] Level 1:colcon.colcon_core.package_discovery:discover_packages(colcon_meta) discover
[0.163s] Level 1:colcon.colcon_core.package_discovery:discover_packages(recursive) discover
[0.163s] INFO:colcon.colcon_core.package_discovery:Crawling recursively for packages in '/home/hemingshan/exo_ws/src'
[0.163s] Level 1:colcon.colcon_core.package_identification:_identify(.) by extensions ['ignore', 'ignore_ament_install']
[0.163s] Level 1:colcon.colcon_core.package_identification:_identify(.) by extension 'ignore'
[0.163s] Level 1:colcon.colcon_core.package_identification:_identify(.) by extension 'ignore_ament_install'
[0.163s] Level 1:colcon.colcon_core.package_identification:_identify(.) by extensions ['colcon_pkg']
[0.163s] Level 1:colcon.colcon_core.package_identification:_identify(.) by extension 'colcon_pkg'
[0.163s] Level 1:colcon.colcon_core.package_identification:_identify(.) by extensions ['colcon_meta']
[0.163s] Level 1:colcon.colcon_core.package_identification:_identify(.) by extension 'colcon_meta'
[0.163s] Level 1:colcon.colcon_core.package_identification:_identify(.) by extensions ['ros']
[0.163s] Level 1:colcon.colcon_core.package_identification:_identify(.) by extension 'ros'
[0.175s] Level 1:colcon.colcon_core.package_identification:_identify(.) by extensions ['cmake', 'python']
[0.175s] Level 1:colcon.colcon_core.package_identification:_identify(.) by extension 'cmake'
[0.175s] Level 1:colcon.colcon_core.package_identification:_identify(.) by extension 'python'
[0.175s] Level 1:colcon.colcon_core.package_identification:_identify(.) by extensions ['python_setup_py']
[0.175s] Level 1:colcon.colcon_core.package_identification:_identify(.) by extension 'python_setup_py'
[0.175s] Level 1:colcon.colcon_core.package_identification:_identify(Image) by extensions ['ignore', 'ignore_ament_install']
[0.175s] Level 1:colcon.colcon_core.package_identification:_identify(Image) by extension 'ignore'
[0.175s] Level 1:colcon.colcon_core.package_identification:_identify(Image) by extension 'ignore_ament_install'
[0.175s] Level 1:colcon.colcon_core.package_identification:_identify(Image) by extensions ['colcon_pkg']
[0.175s] Level 1:colcon.colcon_core.package_identification:_identify(Image) by extension 'colcon_pkg'
[0.175s] Level 1:colcon.colcon_core.package_identification:_identify(Image) by extensions ['colcon_meta']
[0.175s] Level 1:colcon.colcon_core.package_identification:_identify(Image) by extension 'colcon_meta'
[0.176s] Level 1:colcon.colcon_core.package_identification:_identify(Image) by extensions ['ros']
[0.176s] Level 1:colcon.colcon_core.package_identification:_identify(Image) by extension 'ros'
[0.176s] Level 1:colcon.colcon_core.package_identification:_identify(Image) by extensions ['cmake', 'python']
[0.176s] Level 1:colcon.colcon_core.package_identification:_identify(Image) by extension 'cmake'
[0.176s] Level 1:colcon.colcon_core.package_identification:_identify(Image) by extension 'python'
[0.176s] Level 1:colcon.colcon_core.package_identification:_identify(Image) by extensions ['python_setup_py']
[0.176s] Level 1:colcon.colcon_core.package_identification:_identify(Image) by extension 'python_setup_py'
[0.176s] Level 1:colcon.colcon_core.package_identification:_identify(build) by extensions ['ignore', 'ignore_ament_install']
[0.176s] Level 1:colcon.colcon_core.package_identification:_identify(build) by extension 'ignore'
[0.176s] Level 1:colcon.colcon_core.package_identification:_identify(build) ignored
[0.176s] Level 1:colcon.colcon_core.package_identification:_identify(exoskeleton_control) by extensions ['ignore', 'ignore_ament_install']
[0.176s] Level 1:colcon.colcon_core.package_identification:_identify(exoskeleton_control) by extension 'ignore'
[0.176s] Level 1:colcon.colcon_core.package_identification:_identify(exoskeleton_control) by extension 'ignore_ament_install'
[0.176s] Level 1:colcon.colcon_core.package_identification:_identify(exoskeleton_control) by extensions ['colcon_pkg']
[0.176s] Level 1:colcon.colcon_core.package_identification:_identify(exoskeleton_control) by extension 'colcon_pkg'
[0.176s] Level 1:colcon.colcon_core.package_identification:_identify(exoskeleton_control) by extensions ['colcon_meta']
[0.176s] Level 1:colcon.colcon_core.package_identification:_identify(exoskeleton_control) by extension 'colcon_meta'
[0.177s] Level 1:colcon.colcon_core.package_identification:_identify(exoskeleton_control) by extensions ['ros']
[0.177s] Level 1:colcon.colcon_core.package_identification:_identify(exoskeleton_control) by extension 'ros'
[0.179s] DEBUG:colcon.colcon_core.package_identification:Package 'exoskeleton_control' with type 'ros.ament_cmake' and name 'exoskeleton_control'
[0.179s] Level 1:colcon.colcon_core.package_identification:_identify(exoskeleton_description) by extensions ['ignore', 'ignore_ament_install']
[0.179s] Level 1:colcon.colcon_core.package_identification:_identify(exoskeleton_description) by extension 'ignore'
[0.179s] Level 1:colcon.colcon_core.package_identification:_identify(exoskeleton_description) by extension 'ignore_ament_install'
[0.179s] Level 1:colcon.colcon_core.package_identification:_identify(exoskeleton_description) by extensions ['colcon_pkg']
[0.179s] Level 1:colcon.colcon_core.package_identification:_identify(exoskeleton_description) by extension 'colcon_pkg'
[0.180s] Level 1:colcon.colcon_core.package_identification:_identify(exoskeleton_description) by extensions ['colcon_meta']
[0.180s] Level 1:colcon.colcon_core.package_identification:_identify(exoskeleton_description) by extension 'colcon_meta'
[0.180s] Level 1:colcon.colcon_core.package_identification:_identify(exoskeleton_description) by extensions ['ros']
[0.180s] Level 1:colcon.colcon_core.package_identification:_identify(exoskeleton_description) by extension 'ros'
[0.181s] DEBUG:colcon.colcon_core.package_identification:Package 'exoskeleton_description' with type 'ros.ament_cmake' and name 'exoskeleton_description'
[0.181s] Level 1:colcon.colcon_core.package_identification:_identify(install) by extensions ['ignore', 'ignore_ament_install']
[0.181s] Level 1:colcon.colcon_core.package_identification:_identify(install) by extension 'ignore'
[0.181s] Level 1:colcon.colcon_core.package_identification:_identify(install) ignored
[0.181s] Level 1:colcon.colcon_core.package_identification:_identify(joint_state_publisher) by extensions ['ignore', 'ignore_ament_install']
[0.181s] Level 1:colcon.colcon_core.package_identification:_identify(joint_state_publisher) by extension 'ignore'
[0.181s] Level 1:colcon.colcon_core.package_identification:_identify(joint_state_publisher) by extension 'ignore_ament_install'
[0.181s] Level 1:colcon.colcon_core.package_identification:_identify(joint_state_publisher) by extensions ['colcon_pkg']
[0.181s] Level 1:colcon.colcon_core.package_identification:_identify(joint_state_publisher) by extension 'colcon_pkg'
[0.181s] Level 1:colcon.colcon_core.package_identification:_identify(joint_state_publisher) by extensions ['colcon_meta']
[0.181s] Level 1:colcon.colcon_core.package_identification:_identify(joint_state_publisher) by extension 'colcon_meta'
[0.181s] Level 1:colcon.colcon_core.package_identification:_identify(joint_state_publisher) by extensions ['ros']
[0.181s] Level 1:colcon.colcon_core.package_identification:_identify(joint_state_publisher) by extension 'ros'
[0.182s] DEBUG:colcon.colcon_core.package_identification:Failed to parse potential ROS package manifest in'joint_state_publisher': Error(s) in package 'joint_state_publisher/package.xml':
Error(s):
- The manifest of package "joint_state_publisher" (with format version 2) must not contain the following tags: member_of_group
[0.182s] Level 1:colcon.colcon_core.package_identification:_identify(joint_state_publisher) by extensions ['cmake', 'python']
[0.182s] Level 1:colcon.colcon_core.package_identification:_identify(joint_state_publisher) by extension 'cmake'
[0.182s] Level 1:colcon.colcon_core.package_identification:_identify(joint_state_publisher) by extension 'python'
[0.183s] DEBUG:colcon.colcon_core.package_identification:Python package in 'joint_state_publisher' passes arguments to the setup() function which requires a different identification extension than 'python'
[0.183s] Level 1:colcon.colcon_core.package_identification:_identify(joint_state_publisher) by extensions ['python_setup_py']
[0.183s] Level 1:colcon.colcon_core.package_identification:_identify(joint_state_publisher) by extension 'python_setup_py'
[0.447s] DEBUG:colcon.colcon_core.package_identification:Package 'joint_state_publisher' with type 'python' and name 'joint_state_publisher'
[0.447s] Level 1:colcon.colcon_core.package_identification:_identify(log) by extensions ['ignore', 'ignore_ament_install']
[0.447s] Level 1:colcon.colcon_core.package_identification:_identify(log) by extension 'ignore'
[0.447s] Level 1:colcon.colcon_core.package_identification:_identify(log) ignored
[0.447s] Level 1:colcon.colcon_core.package_identification:_identify(pattern_recognition) by extensions ['ignore', 'ignore_ament_install']
[0.447s] Level 1:colcon.colcon_core.package_identification:_identify(pattern_recognition) by extension 'ignore'
[0.447s] Level 1:colcon.colcon_core.package_identification:_identify(pattern_recognition) by extension 'ignore_ament_install'
[0.447s] Level 1:colcon.colcon_core.package_identification:_identify(pattern_recognition) by extensions ['colcon_pkg']
[0.447s] Level 1:colcon.colcon_core.package_identification:_identify(pattern_recognition) by extension 'colcon_pkg'
[0.447s] Level 1:colcon.colcon_core.package_identification:_identify(pattern_recognition) by extensions ['colcon_meta']
[0.448s] Level 1:colcon.colcon_core.package_identification:_identify(pattern_recognition) by extension 'colcon_meta'
[0.448s] Level 1:colcon.colcon_core.package_identification:_identify(pattern_recognition) by extensions ['ros']
[0.448s] Level 1:colcon.colcon_core.package_identification:_identify(pattern_recognition) by extension 'ros'
[0.448s] DEBUG:colcon.colcon_core.package_identification:Package 'pattern_recognition' with type 'ros.ament_python' and name 'pattern_recognition'
[0.448s] Level 1:colcon.colcon_core.package_identification:_identify(plantar-pressure-sensor) by extensions ['ignore', 'ignore_ament_install']
[0.449s] Level 1:colcon.colcon_core.package_identification:_identify(plantar-pressure-sensor) by extension 'ignore'
[0.449s] Level 1:colcon.colcon_core.package_identification:_identify(plantar-pressure-sensor) by extension 'ignore_ament_install'
[0.449s] Level 1:colcon.colcon_core.package_identification:_identify(plantar-pressure-sensor) by extensions ['colcon_pkg']
[0.449s] Level 1:colcon.colcon_core.package_identification:_identify(plantar-pressure-sensor) by extension 'colcon_pkg'
[0.449s] Level 1:colcon.colcon_core.package_identification:_identify(plantar-pressure-sensor) by extensions ['colcon_meta']
[0.449s] Level 1:colcon.colcon_core.package_identification:_identify(plantar-pressure-sensor) by extension 'colcon_meta'
[0.449s] Level 1:colcon.colcon_core.package_identification:_identify(plantar-pressure-sensor) by extensions ['ros']
[0.449s] Level 1:colcon.colcon_core.package_identification:_identify(plantar-pressure-sensor) by extension 'ros'
[0.449s] Level 1:colcon.colcon_core.package_identification:_identify(plantar-pressure-sensor) by extensions ['cmake', 'python']
[0.449s] Level 1:colcon.colcon_core.package_identification:_identify(plantar-pressure-sensor) by extension 'cmake'
[0.449s] Level 1:colcon.colcon_core.package_identification:_identify(plantar-pressure-sensor) by extension 'python'
[0.449s] Level 1:colcon.colcon_core.package_identification:_identify(plantar-pressure-sensor) by extensions ['python_setup_py']
[0.449s] Level 1:colcon.colcon_core.package_identification:_identify(plantar-pressure-sensor) by extension 'python_setup_py'
[0.449s] Level 1:colcon.colcon_core.package_identification:_identify(plantar-pressure-sensor/Ardunio) by extensions ['ignore', 'ignore_ament_install']
[0.449s] Level 1:colcon.colcon_core.package_identification:_identify(plantar-pressure-sensor/Ardunio) by extension 'ignore'
[0.449s] Level 1:colcon.colcon_core.package_identification:_identify(plantar-pressure-sensor/Ardunio) by extension 'ignore_ament_install'
[0.449s] Level 1:colcon.colcon_core.package_identification:_identify(plantar-pressure-sensor/Ardunio) by extensions ['colcon_pkg']
[0.449s] Level 1:colcon.colcon_core.package_identification:_identify(plantar-pressure-sensor/Ardunio) by extension 'colcon_pkg'
[0.450s] Level 1:colcon.colcon_core.package_identification:_identify(plantar-pressure-sensor/Ardunio) by extensions ['colcon_meta']
[0.450s] Level 1:colcon.colcon_core.package_identification:_identify(plantar-pressure-sensor/Ardunio) by extension 'colcon_meta'
[0.450s] Level 1:colcon.colcon_core.package_identification:_identify(plantar-pressure-sensor/Ardunio) by extensions ['ros']
[0.450s] Level 1:colcon.colcon_core.package_identification:_identify(plantar-pressure-sensor/Ardunio) by extension 'ros'
[0.450s] Level 1:colcon.colcon_core.package_identification:_identify(plantar-pressure-sensor/Ardunio) by extensions ['cmake', 'python']
[0.450s] Level 1:colcon.colcon_core.package_identification:_identify(plantar-pressure-sensor/Ardunio) by extension 'cmake'
[0.450s] Level 1:colcon.colcon_core.package_identification:_identify(plantar-pressure-sensor/Ardunio) by extension 'python'
[0.450s] Level 1:colcon.colcon_core.package_identification:_identify(plantar-pressure-sensor/Ardunio) by extensions ['python_setup_py']
[0.450s] Level 1:colcon.colcon_core.package_identification:_identify(plantar-pressure-sensor/Ardunio) by extension 'python_setup_py'
[0.450s] Level 1:colcon.colcon_core.package_identification:_identify(plantar-pressure-sensor/Ardunio/Picture) by extensions ['ignore', 'ignore_ament_install']
[0.450s] Level 1:colcon.colcon_core.package_identification:_identify(plantar-pressure-sensor/Ardunio/Picture) by extension 'ignore'
[0.450s] Level 1:colcon.colcon_core.package_identification:_identify(plantar-pressure-sensor/Ardunio/Picture) by extension 'ignore_ament_install'
[0.450s] Level 1:colcon.colcon_core.package_identification:_identify(plantar-pressure-sensor/Ardunio/Picture) by extensions ['colcon_pkg']
[0.450s] Level 1:colcon.colcon_core.package_identification:_identify(plantar-pressure-sensor/Ardunio/Picture) by extension 'colcon_pkg'
[0.450s] Level 1:colcon.colcon_core.package_identification:_identify(plantar-pressure-sensor/Ardunio/Picture) by extensions ['colcon_meta']
[0.450s] Level 1:colcon.colcon_core.package_identification:_identify(plantar-pressure-sensor/Ardunio/Picture) by extension 'colcon_meta'
[0.450s] Level 1:colcon.colcon_core.package_identification:_identify(plantar-pressure-sensor/Ardunio/Picture) by extensions ['ros']
[0.450s] Level 1:colcon.colcon_core.package_identification:_identify(plantar-pressure-sensor/Ardunio/Picture) by extension 'ros'
[0.450s] Level 1:colcon.colcon_core.package_identification:_identify(plantar-pressure-sensor/Ardunio/Picture) by extensions ['cmake', 'python']
[0.451s] Level 1:colcon.colcon_core.package_identification:_identify(plantar-pressure-sensor/Ardunio/Picture) by extension 'cmake'
[0.451s] Level 1:colcon.colcon_core.package_identification:_identify(plantar-pressure-sensor/Ardunio/Picture) by extension 'python'
[0.451s] Level 1:colcon.colcon_core.package_identification:_identify(plantar-pressure-sensor/Ardunio/Picture) by extensions ['python_setup_py']
[0.451s] Level 1:colcon.colcon_core.package_identification:_identify(plantar-pressure-sensor/Ardunio/Picture) by extension 'python_setup_py'
[0.451s] Level 1:colcon.colcon_core.package_identification:_identify(plantar-pressure-sensor/Ardunio/angle) by extensions ['ignore', 'ignore_ament_install']
[0.451s] Level 1:colcon.colcon_core.package_identification:_identify(plantar-pressure-sensor/Ardunio/angle) by extension 'ignore'
[0.451s] Level 1:colcon.colcon_core.package_identification:_identify(plantar-pressure-sensor/Ardunio/angle) by extension 'ignore_ament_install'
[0.451s] Level 1:colcon.colcon_core.package_identification:_identify(plantar-pressure-sensor/Ardunio/angle) by extensions ['colcon_pkg']
[0.451s] Level 1:colcon.colcon_core.package_identification:_identify(plantar-pressure-sensor/Ardunio/angle) by extension 'colcon_pkg'
[0.451s] Level 1:colcon.colcon_core.package_identification:_identify(plantar-pressure-sensor/Ardunio/angle) by extensions ['colcon_meta']
[0.451s] Level 1:colcon.colcon_core.package_identification:_identify(plantar-pressure-sensor/Ardunio/angle) by extension 'colcon_meta'
[0.451s] Level 1:colcon.colcon_core.package_identification:_identify(plantar-pressure-sensor/Ardunio/angle) by extensions ['ros']
[0.451s] Level 1:colcon.colcon_core.package_identification:_identify(plantar-pressure-sensor/Ardunio/angle) by extension 'ros'
[0.451s] Level 1:colcon.colcon_core.package_identification:_identify(plantar-pressure-sensor/Ardunio/angle) by extensions ['cmake', 'python']
[0.451s] Level 1:colcon.colcon_core.package_identification:_identify(plantar-pressure-sensor/Ardunio/angle) by extension 'cmake'
[0.451s] Level 1:colcon.colcon_core.package_identification:_identify(plantar-pressure-sensor/Ardunio/angle) by extension 'python'
[0.451s] Level 1:colcon.colcon_core.package_identification:_identify(plantar-pressure-sensor/Ardunio/angle) by extensions ['python_setup_py']
[0.451s] Level 1:colcon.colcon_core.package_identification:_identify(plantar-pressure-sensor/Ardunio/angle) by extension 'python_setup_py'
[0.451s] Level 1:colcon.colcon_core.package_identification:_identify(plantar-pressure-sensor/Ardunio/angle/softserial) by extensions ['ignore', 'ignore_ament_install']
[0.452s] Level 1:colcon.colcon_core.package_identification:_identify(plantar-pressure-sensor/Ardunio/angle/softserial) by extension 'ignore'
[0.452s] Level 1:colcon.colcon_core.package_identification:_identify(plantar-pressure-sensor/Ardunio/angle/softserial) by extension 'ignore_ament_install'
[0.452s] Level 1:colcon.colcon_core.package_identification:_identify(plantar-pressure-sensor/Ardunio/angle/softserial) by extensions ['colcon_pkg']
[0.452s] Level 1:colcon.colcon_core.package_identification:_identify(plantar-pressure-sensor/Ardunio/angle/softserial) by extension 'colcon_pkg'
[0.452s] Level 1:colcon.colcon_core.package_identification:_identify(plantar-pressure-sensor/Ardunio/angle/softserial) by extensions ['colcon_meta']
[0.452s] Level 1:colcon.colcon_core.package_identification:_identify(plantar-pressure-sensor/Ardunio/angle/softserial) by extension 'colcon_meta'
[0.452s] Level 1:colcon.colcon_core.package_identification:_identify(plantar-pressure-sensor/Ardunio/angle/softserial) by extensions ['ros']
[0.452s] Level 1:colcon.colcon_core.package_identification:_identify(plantar-pressure-sensor/Ardunio/angle/softserial) by extension 'ros'
[0.452s] Level 1:colcon.colcon_core.package_identification:_identify(plantar-pressure-sensor/Ardunio/angle/softserial) by extensions ['cmake', 'python']
[0.452s] Level 1:colcon.colcon_core.package_identification:_identify(plantar-pressure-sensor/Ardunio/angle/softserial) by extension 'cmake'
[0.452s] Level 1:colcon.colcon_core.package_identification:_identify(plantar-pressure-sensor/Ardunio/angle/softserial) by extension 'python'
[0.452s] Level 1:colcon.colcon_core.package_identification:_identify(plantar-pressure-sensor/Ardunio/angle/softserial) by extensions ['python_setup_py']
[0.452s] Level 1:colcon.colcon_core.package_identification:_identify(plantar-pressure-sensor/Ardunio/angle/softserial) by extension 'python_setup_py'
[0.452s] Level 1:colcon.colcon_core.package_identification:_identify(plantar-pressure-sensor/Ardunio/data) by extensions ['ignore', 'ignore_ament_install']
[0.452s] Level 1:colcon.colcon_core.package_identification:_identify(plantar-pressure-sensor/Ardunio/data) by extension 'ignore'
[0.452s] Level 1:colcon.colcon_core.package_identification:_identify(plantar-pressure-sensor/Ardunio/data) by extension 'ignore_ament_install'
[0.452s] Level 1:colcon.colcon_core.package_identification:_identify(plantar-pressure-sensor/Ardunio/data) by extensions ['colcon_pkg']
[0.453s] Level 1:colcon.colcon_core.package_identification:_identify(plantar-pressure-sensor/Ardunio/data) by extension 'colcon_pkg'
[0.453s] Level 1:colcon.colcon_core.package_identification:_identify(plantar-pressure-sensor/Ardunio/data) by extensions ['colcon_meta']
[0.453s] Level 1:colcon.colcon_core.package_identification:_identify(plantar-pressure-sensor/Ardunio/data) by extension 'colcon_meta'
[0.453s] Level 1:colcon.colcon_core.package_identification:_identify(plantar-pressure-sensor/Ardunio/data) by extensions ['ros']
[0.453s] Level 1:colcon.colcon_core.package_identification:_identify(plantar-pressure-sensor/Ardunio/data) by extension 'ros'
[0.453s] Level 1:colcon.colcon_core.package_identification:_identify(plantar-pressure-sensor/Ardunio/data) by extensions ['cmake', 'python']
[0.453s] Level 1:colcon.colcon_core.package_identification:_identify(plantar-pressure-sensor/Ardunio/data) by extension 'cmake'
[0.453s] Level 1:colcon.colcon_core.package_identification:_identify(plantar-pressure-sensor/Ardunio/data) by extension 'python'
[0.453s] Level 1:colcon.colcon_core.package_identification:_identify(plantar-pressure-sensor/Ardunio/data) by extensions ['python_setup_py']
[0.453s] Level 1:colcon.colcon_core.package_identification:_identify(plantar-pressure-sensor/Ardunio/data) by extension 'python_setup_py'
[0.453s] Level 1:colcon.colcon_core.package_identification:_identify(plantar-pressure-sensor/Ardunio/sensor) by extensions ['ignore', 'ignore_ament_install']
[0.453s] Level 1:colcon.colcon_core.package_identification:_identify(plantar-pressure-sensor/Ardunio/sensor) by extension 'ignore'
[0.453s] Level 1:colcon.colcon_core.package_identification:_identify(plantar-pressure-sensor/Ardunio/sensor) by extension 'ignore_ament_install'
[0.453s] Level 1:colcon.colcon_core.package_identification:_identify(plantar-pressure-sensor/Ardunio/sensor) by extensions ['colcon_pkg']
[0.453s] Level 1:colcon.colcon_core.package_identification:_identify(plantar-pressure-sensor/Ardunio/sensor) by extension 'colcon_pkg'
[0.453s] Level 1:colcon.colcon_core.package_identification:_identify(plantar-pressure-sensor/Ardunio/sensor) by extensions ['colcon_meta']
[0.453s] Level 1:colcon.colcon_core.package_identification:_identify(plantar-pressure-sensor/Ardunio/sensor) by extension 'colcon_meta'
[0.453s] Level 1:colcon.colcon_core.package_identification:_identify(plantar-pressure-sensor/Ardunio/sensor) by extensions ['ros']
[0.453s] Level 1:colcon.colcon_core.package_identification:_identify(plantar-pressure-sensor/Ardunio/sensor) by extension 'ros'
[0.454s] Level 1:colcon.colcon_core.package_identification:_identify(plantar-pressure-sensor/Ardunio/sensor) by extensions ['cmake', 'python']
[0.454s] Level 1:colcon.colcon_core.package_identification:_identify(plantar-pressure-sensor/Ardunio/sensor) by extension 'cmake'
[0.454s] Level 1:colcon.colcon_core.package_identification:_identify(plantar-pressure-sensor/Ardunio/sensor) by extension 'python'
[0.454s] Level 1:colcon.colcon_core.package_identification:_identify(plantar-pressure-sensor/Ardunio/sensor) by extensions ['python_setup_py']
[0.454s] Level 1:colcon.colcon_core.package_identification:_identify(plantar-pressure-sensor/Ardunio/sensor) by extension 'python_setup_py'
[0.454s] Level 1:colcon.colcon_core.package_identification:_identify(plantar-pressure-sensor/__pycache__) by extensions ['ignore', 'ignore_ament_install']
[0.454s] Level 1:colcon.colcon_core.package_identification:_identify(plantar-pressure-sensor/__pycache__) by extension 'ignore'
[0.454s] Level 1:colcon.colcon_core.package_identification:_identify(plantar-pressure-sensor/__pycache__) by extension 'ignore_ament_install'
[0.454s] Level 1:colcon.colcon_core.package_identification:_identify(plantar-pressure-sensor/__pycache__) by extensions ['colcon_pkg']
[0.454s] Level 1:colcon.colcon_core.package_identification:_identify(plantar-pressure-sensor/__pycache__) by extension 'colcon_pkg'
[0.454s] Level 1:colcon.colcon_core.package_identification:_identify(plantar-pressure-sensor/__pycache__) by extensions ['colcon_meta']
[0.454s] Level 1:colcon.colcon_core.package_identification:_identify(plantar-pressure-sensor/__pycache__) by extension 'colcon_meta'
[0.454s] Level 1:colcon.colcon_core.package_identification:_identify(plantar-pressure-sensor/__pycache__) by extensions ['ros']
[0.454s] Level 1:colcon.colcon_core.package_identification:_identify(plantar-pressure-sensor/__pycache__) by extension 'ros'
[0.454s] Level 1:colcon.colcon_core.package_identification:_identify(plantar-pressure-sensor/__pycache__) by extensions ['cmake', 'python']
[0.454s] Level 1:colcon.colcon_core.package_identification:_identify(plantar-pressure-sensor/__pycache__) by extension 'cmake'
[0.454s] Level 1:colcon.colcon_core.package_identification:_identify(plantar-pressure-sensor/__pycache__) by extension 'python'
[0.454s] Level 1:colcon.colcon_core.package_identification:_identify(plantar-pressure-sensor/__pycache__) by extensions ['python_setup_py']
[0.454s] Level 1:colcon.colcon_core.package_identification:_identify(plantar-pressure-sensor/__pycache__) by extension 'python_setup_py'
[0.455s] Level 1:colcon.colcon_core.package_identification:_identify(plantar-pressure-sensor/csv_file) by extensions ['ignore', 'ignore_ament_install']
[0.455s] Level 1:colcon.colcon_core.package_identification:_identify(plantar-pressure-sensor/csv_file) by extension 'ignore'
[0.455s] Level 1:colcon.colcon_core.package_identification:_identify(plantar-pressure-sensor/csv_file) by extension 'ignore_ament_install'
[0.455s] Level 1:colcon.colcon_core.package_identification:_identify(plantar-pressure-sensor/csv_file) by extensions ['colcon_pkg']
[0.455s] Level 1:colcon.colcon_core.package_identification:_identify(plantar-pressure-sensor/csv_file) by extension 'colcon_pkg'
[0.455s] Level 1:colcon.colcon_core.package_identification:_identify(plantar-pressure-sensor/csv_file) by extensions ['colcon_meta']
[0.455s] Level 1:colcon.colcon_core.package_identification:_identify(plantar-pressure-sensor/csv_file) by extension 'colcon_meta'
[0.455s] Level 1:colcon.colcon_core.package_identification:_identify(plantar-pressure-sensor/csv_file) by extensions ['ros']
[0.455s] Level 1:colcon.colcon_core.package_identification:_identify(plantar-pressure-sensor/csv_file) by extension 'ros'
[0.455s] Level 1:colcon.colcon_core.package_identification:_identify(plantar-pressure-sensor/csv_file) by extensions ['cmake', 'python']
[0.455s] Level 1:colcon.colcon_core.package_identification:_identify(plantar-pressure-sensor/csv_file) by extension 'cmake'
[0.455s] Level 1:colcon.colcon_core.package_identification:_identify(plantar-pressure-sensor/csv_file) by extension 'python'
[0.455s] Level 1:colcon.colcon_core.package_identification:_identify(plantar-pressure-sensor/csv_file) by extensions ['python_setup_py']
[0.455s] Level 1:colcon.colcon_core.package_identification:_identify(plantar-pressure-sensor/csv_file) by extension 'python_setup_py'
[0.455s] Level 1:colcon.colcon_core.package_identification:_identify(security_module) by extensions ['ignore', 'ignore_ament_install']
[0.456s] Level 1:colcon.colcon_core.package_identification:_identify(security_module) by extension 'ignore'
[0.456s] Level 1:colcon.colcon_core.package_identification:_identify(security_module) by extension 'ignore_ament_install'
[0.456s] Level 1:colcon.colcon_core.package_identification:_identify(security_module) by extensions ['colcon_pkg']
[0.456s] Level 1:colcon.colcon_core.package_identification:_identify(security_module) by extension 'colcon_pkg'
[0.456s] Level 1:colcon.colcon_core.package_identification:_identify(security_module) by extensions ['colcon_meta']
[0.456s] Level 1:colcon.colcon_core.package_identification:_identify(security_module) by extension 'colcon_meta'
[0.456s] Level 1:colcon.colcon_core.package_identification:_identify(security_module) by extensions ['ros']
[0.456s] Level 1:colcon.colcon_core.package_identification:_identify(security_module) by extension 'ros'
[0.457s] DEBUG:colcon.colcon_core.package_identification:Package 'security_module' with type 'ros.ament_cmake' and name 'security_module'
[0.457s] Level 1:colcon.colcon_core.package_identification:_identify(sensor_module) by extensions ['ignore', 'ignore_ament_install']
[0.457s] Level 1:colcon.colcon_core.package_identification:_identify(sensor_module) by extension 'ignore'
[0.457s] Level 1:colcon.colcon_core.package_identification:_identify(sensor_module) by extension 'ignore_ament_install'
[0.457s] Level 1:colcon.colcon_core.package_identification:_identify(sensor_module) by extensions ['colcon_pkg']
[0.457s] Level 1:colcon.colcon_core.package_identification:_identify(sensor_module) by extension 'colcon_pkg'
[0.457s] Level 1:colcon.colcon_core.package_identification:_identify(sensor_module) by extensions ['colcon_meta']
[0.457s] Level 1:colcon.colcon_core.package_identification:_identify(sensor_module) by extension 'colcon_meta'
[0.458s] Level 1:colcon.colcon_core.package_identification:_identify(sensor_module) by extensions ['ros']
[0.458s] Level 1:colcon.colcon_core.package_identification:_identify(sensor_module) by extension 'ros'
[0.458s] DEBUG:colcon.colcon_core.package_identification:Package 'sensor_module' with type 'ros.ament_cmake' and name 'sensor_module'
[0.458s] Level 1:colcon.colcon_core.package_discovery:discover_packages(recursive) using defaults
[0.458s] Level 1:colcon.colcon_core.package_discovery:discover_packages(ignore) discover
[0.458s] Level 1:colcon.colcon_core.package_discovery:discover_packages(ignore) using defaults
[0.458s] Level 1:colcon.colcon_core.package_discovery:discover_packages(path) discover
[0.458s] Level 1:colcon.colcon_core.package_discovery:discover_packages(path) using defaults
[0.483s] Level 5:colcon.colcon_core.verb:set package 'exoskeleton_control' build argument 'cmake_args' from command line to 'None'
[0.483s] Level 5:colcon.colcon_core.verb:set package 'exoskeleton_control' build argument 'cmake_target' from command line to 'None'
[0.483s] Level 5:colcon.colcon_core.verb:set package 'exoskeleton_control' build argument 'cmake_target_skip_unavailable' from command line to 'False'
[0.483s] Level 5:colcon.colcon_core.verb:set package 'exoskeleton_control' build argument 'cmake_clean_cache' from command line to 'False'
[0.483s] Level 5:colcon.colcon_core.verb:set package 'exoskeleton_control' build argument 'cmake_clean_first' from command line to 'False'
[0.483s] Level 5:colcon.colcon_core.verb:set package 'exoskeleton_control' build argument 'cmake_force_configure' from command line to 'False'
[0.483s] Level 5:colcon.colcon_core.verb:set package 'exoskeleton_control' build argument 'ament_cmake_args' from command line to 'None'
[0.483s] Level 5:colcon.colcon_core.verb:set package 'exoskeleton_control' build argument 'catkin_cmake_args' from command line to 'None'
[0.483s] Level 5:colcon.colcon_core.verb:set package 'exoskeleton_control' build argument 'catkin_skip_building_tests' from command line to 'False'
[0.483s] DEBUG:colcon.colcon_core.verb:Building package 'exoskeleton_control' with the following arguments: {'ament_cmake_args': None, 'build_base': '/home/hemingshan/exo_ws/src/build/exoskeleton_control', 'catkin_cmake_args': None, 'catkin_skip_building_tests': False, 'cmake_args': None, 'cmake_clean_cache': False, 'cmake_clean_first': False, 'cmake_force_configure': False, 'cmake_target': None, 'cmake_target_skip_unavailable': False, 'install_base': '/home/hemingshan/exo_ws/src/install/exoskeleton_control', 'merge_install': False, 'path': '/home/hemingshan/exo_ws/src/exoskeleton_control', 'symlink_install': False, 'test_result_base': None}
[0.486s] Level 5:colcon.colcon_core.verb:set package 'exoskeleton_description' build argument 'cmake_args' from command line to 'None'
[0.486s] Level 5:colcon.colcon_core.verb:set package 'exoskeleton_description' build argument 'cmake_target' from command line to 'None'
[0.486s] Level 5:colcon.colcon_core.verb:set package 'exoskeleton_description' build argument 'cmake_target_skip_unavailable' from command line to 'False'
[0.486s] Level 5:colcon.colcon_core.verb:set package 'exoskeleton_description' build argument 'cmake_clean_cache' from command line to 'False'
[0.486s] Level 5:colcon.colcon_core.verb:set package 'exoskeleton_description' build argument 'cmake_clean_first' from command line to 'False'
[0.486s] Level 5:colcon.colcon_core.verb:set package 'exoskeleton_description' build argument 'cmake_force_configure' from command line to 'False'
[0.486s] Level 5:colcon.colcon_core.verb:set package 'exoskeleton_description' build argument 'ament_cmake_args' from command line to 'None'
[0.487s] Level 5:colcon.colcon_core.verb:set package 'exoskeleton_description' build argument 'catkin_cmake_args' from command line to 'None'
[0.487s] Level 5:colcon.colcon_core.verb:set package 'exoskeleton_description' build argument 'catkin_skip_building_tests' from command line to 'False'
[0.487s] DEBUG:colcon.colcon_core.verb:Building package 'exoskeleton_description' with the following arguments: {'ament_cmake_args': None, 'build_base': '/home/hemingshan/exo_ws/src/build/exoskeleton_description', 'catkin_cmake_args': None, 'catkin_skip_building_tests': False, 'cmake_args': None, 'cmake_clean_cache': False, 'cmake_clean_first': False, 'cmake_force_configure': False, 'cmake_target': None, 'cmake_target_skip_unavailable': False, 'install_base': '/home/hemingshan/exo_ws/src/install/exoskeleton_description', 'merge_install': False, 'path': '/home/hemingshan/exo_ws/src/exoskeleton_description', 'symlink_install': False, 'test_result_base': None}
[0.489s] Level 5:colcon.colcon_core.verb:set package 'joint_state_publisher' build argument 'cmake_args' from command line to 'None'
[0.489s] Level 5:colcon.colcon_core.verb:set package 'joint_state_publisher' build argument 'cmake_target' from command line to 'None'
[0.489s] Level 5:colcon.colcon_core.verb:set package 'joint_state_publisher' build argument 'cmake_target_skip_unavailable' from command line to 'False'
[0.489s] Level 5:colcon.colcon_core.verb:set package 'joint_state_publisher' build argument 'cmake_clean_cache' from command line to 'False'
[0.489s] Level 5:colcon.colcon_core.verb:set package 'joint_state_publisher' build argument 'cmake_clean_first' from command line to 'False'
[0.490s] Level 5:colcon.colcon_core.verb:set package 'joint_state_publisher' build argument 'cmake_force_configure' from command line to 'False'
[0.490s] Level 5:colcon.colcon_core.verb:set package 'joint_state_publisher' build argument 'ament_cmake_args' from command line to 'None'
[0.490s] Level 5:colcon.colcon_core.verb:set package 'joint_state_publisher' build argument 'catkin_cmake_args' from command line to 'None'
[0.490s] Level 5:colcon.colcon_core.verb:set package 'joint_state_publisher' build argument 'catkin_skip_building_tests' from command line to 'False'
[0.490s] DEBUG:colcon.colcon_core.verb:Building package 'joint_state_publisher' with the following arguments: {'ament_cmake_args': None, 'build_base': '/home/hemingshan/exo_ws/src/build/joint_state_publisher', 'catkin_cmake_args': None, 'catkin_skip_building_tests': False, 'cmake_args': None, 'cmake_clean_cache': False, 'cmake_clean_first': False, 'cmake_force_configure': False, 'cmake_target': None, 'cmake_target_skip_unavailable': False, 'install_base': '/home/hemingshan/exo_ws/src/install/joint_state_publisher', 'merge_install': False, 'path': '/home/hemingshan/exo_ws/src/joint_state_publisher', 'symlink_install': False, 'test_result_base': None}
[0.492s] Level 5:colcon.colcon_core.verb:set package 'pattern_recognition' build argument 'cmake_args' from command line to 'None'
[0.492s] Level 5:colcon.colcon_core.verb:set package 'pattern_recognition' build argument 'cmake_target' from command line to 'None'
[0.492s] Level 5:colcon.colcon_core.verb:set package 'pattern_recognition' build argument 'cmake_target_skip_unavailable' from command line to 'False'
[0.493s] Level 5:colcon.colcon_core.verb:set package 'pattern_recognition' build argument 'cmake_clean_cache' from command line to 'False'
[0.493s] Level 5:colcon.colcon_core.verb:set package 'pattern_recognition' build argument 'cmake_clean_first' from command line to 'False'
[0.493s] Level 5:colcon.colcon_core.verb:set package 'pattern_recognition' build argument 'cmake_force_configure' from command line to 'False'
[0.493s] Level 5:colcon.colcon_core.verb:set package 'pattern_recognition' build argument 'ament_cmake_args' from command line to 'None'
[0.493s] Level 5:colcon.colcon_core.verb:set package 'pattern_recognition' build argument 'catkin_cmake_args' from command line to 'None'
[0.493s] Level 5:colcon.colcon_core.verb:set package 'pattern_recognition' build argument 'catkin_skip_building_tests' from command line to 'False'
[0.493s] DEBUG:colcon.colcon_core.verb:Building package 'pattern_recognition' with the following arguments: {'ament_cmake_args': None, 'build_base': '/home/hemingshan/exo_ws/src/build/pattern_recognition', 'catkin_cmake_args': None, 'catkin_skip_building_tests': False, 'cmake_args': None, 'cmake_clean_cache': False, 'cmake_clean_first': False, 'cmake_force_configure': False, 'cmake_target': None, 'cmake_target_skip_unavailable': False, 'install_base': '/home/hemingshan/exo_ws/src/install/pattern_recognition', 'merge_install': False, 'path': '/home/hemingshan/exo_ws/src/pattern_recognition', 'symlink_install': False, 'test_result_base': None}
[0.495s] Level 5:colcon.colcon_core.verb:set package 'security_module' build argument 'cmake_args' from command line to 'None'
[0.495s] Level 5:colcon.colcon_core.verb:set package 'security_module' build argument 'cmake_target' from command line to 'None'
[0.496s] Level 5:colcon.colcon_core.verb:set package 'security_module' build argument 'cmake_target_skip_unavailable' from command line to 'False'
[0.496s] Level 5:colcon.colcon_core.verb:set package 'security_module' build argument 'cmake_clean_cache' from command line to 'False'
[0.496s] Level 5:colcon.colcon_core.verb:set package 'security_module' build argument 'cmake_clean_first' from command line to 'False'
[0.496s] Level 5:colcon.colcon_core.verb:set package 'security_module' build argument 'cmake_force_configure' from command line to 'False'
[0.496s] Level 5:colcon.colcon_core.verb:set package 'security_module' build argument 'ament_cmake_args' from command line to 'None'
[0.496s] Level 5:colcon.colcon_core.verb:set package 'security_module' build argument 'catkin_cmake_args' from command line to 'None'
[0.496s] Level 5:colcon.colcon_core.verb:set package 'security_module' build argument 'catkin_skip_building_tests' from command line to 'False'
[0.496s] DEBUG:colcon.colcon_core.verb:Building package 'security_module' with the following arguments: {'ament_cmake_args': None, 'build_base': '/home/hemingshan/exo_ws/src/build/security_module', 'catkin_cmake_args': None, 'catkin_skip_building_tests': False, 'cmake_args': None, 'cmake_clean_cache': False, 'cmake_clean_first': False, 'cmake_force_configure': False, 'cmake_target': None, 'cmake_target_skip_unavailable': False, 'install_base': '/home/hemingshan/exo_ws/src/install/security_module', 'merge_install': False, 'path': '/home/hemingshan/exo_ws/src/security_module', 'symlink_install': False, 'test_result_base': None}
[0.498s] Level 5:colcon.colcon_core.verb:set package 'sensor_module' build argument 'cmake_args' from command line to 'None'
[0.499s] Level 5:colcon.colcon_core.verb:set package 'sensor_module' build argument 'cmake_target' from command line to 'None'
[0.499s] Level 5:colcon.colcon_core.verb:set package 'sensor_module' build argument 'cmake_target_skip_unavailable' from command line to 'False'
[0.499s] Level 5:colcon.colcon_core.verb:set package 'sensor_module' build argument 'cmake_clean_cache' from command line to 'False'
[0.499s] Level 5:colcon.colcon_core.verb:set package 'sensor_module' build argument 'cmake_clean_first' from command line to 'False'
[0.499s] Level 5:colcon.colcon_core.verb:set package 'sensor_module' build argument 'cmake_force_configure' from command line to 'False'
[0.499s] Level 5:colcon.colcon_core.verb:set package 'sensor_module' build argument 'ament_cmake_args' from command line to 'None'
[0.499s] Level 5:colcon.colcon_core.verb:set package 'sensor_module' build argument 'catkin_cmake_args' from command line to 'None'
[0.499s] Level 5:colcon.colcon_core.verb:set package 'sensor_module' build argument 'catkin_skip_building_tests' from command line to 'False'
[0.499s] DEBUG:colcon.colcon_core.verb:Building package 'sensor_module' with the following arguments: {'ament_cmake_args': None, 'build_base': '/home/hemingshan/exo_ws/src/build/sensor_module', 'catkin_cmake_args': None, 'catkin_skip_building_tests': False, 'cmake_args': None, 'cmake_clean_cache': False, 'cmake_clean_first': False, 'cmake_force_configure': False, 'cmake_target': None, 'cmake_target_skip_unavailable': False, 'install_base': '/home/hemingshan/exo_ws/src/install/sensor_module', 'merge_install': False, 'path': '/home/hemingshan/exo_ws/src/sensor_module', 'symlink_install': False, 'test_result_base': None}
[0.499s] INFO:colcon.colcon_core.executor:Executing jobs using 'parallel' executor
[0.502s] DEBUG:colcon.colcon_parallel_executor.executor.parallel:run_until_complete
[0.502s] INFO:colcon.colcon_ros.task.ament_cmake.build:Building ROS package in '/home/hemingshan/exo_ws/src/exoskeleton_control' with build type 'ament_cmake'
[0.502s] INFO:colcon.colcon_cmake.task.cmake.build:Building CMake package in '/home/hemingshan/exo_ws/src/exoskeleton_control'
[0.507s] INFO:colcon.colcon_core.plugin_system:Skipping extension 'colcon_core.shell.bat': Not used on non-Windows systems
[0.509s] INFO:colcon.colcon_core.shell:Skip shell extension 'powershell' for command environment: Not usable outside of PowerShell
[0.509s] DEBUG:colcon.colcon_core.shell:Skip shell extension 'dsv' for command environment
[0.513s] WARNING:colcon.colcon_ros.prefix_path.ament:The path '/home/hemingshan/exo_ws/install/eci' in the environment variable AMENT_PREFIX_PATH doesn't exist
[0.513s] WARNING:colcon.colcon_ros.prefix_path.catkin:The path '/home/hemingshan/exo_ws/install/eci' in the environment variable CMAKE_PREFIX_PATH doesn't exist
[0.513s] DEBUG:colcon.colcon_core.shell:Ignoring prefix path '/opt/ros/foxy'
[0.516s] INFO:colcon.colcon_ros.task.ament_cmake.build:Building ROS package in '/home/hemingshan/exo_ws/src/exoskeleton_description' with build type 'ament_cmake'
[0.517s] INFO:colcon.colcon_cmake.task.cmake.build:Building CMake package in '/home/hemingshan/exo_ws/src/exoskeleton_description'
[0.518s] INFO:colcon.colcon_core.shell:Skip shell extension 'powershell' for command environment: Not usable outside of PowerShell
[0.519s] DEBUG:colcon.colcon_core.shell:Skip shell extension 'dsv' for command environment
[0.523s] DEBUG:colcon.colcon_core.shell:Ignoring prefix path '/opt/ros/foxy'
[0.525s] INFO:colcon.colcon_core.task.python.build:Building Python package in '/home/hemingshan/exo_ws/src/joint_state_publisher'
[0.527s] INFO:colcon.colcon_core.shell:Skip shell extension 'powershell' for command environment: Not usable outside of PowerShell
[0.527s] DEBUG:colcon.colcon_core.shell:Skip shell extension 'dsv' for command environment
[0.530s] DEBUG:colcon.colcon_core.shell:Ignoring prefix path '/opt/ros/foxy'
[0.532s] INFO:colcon.colcon_ros.task.ament_python.build:Building ROS package in '/home/hemingshan/exo_ws/src/pattern_recognition' with build type 'ament_python'
[0.533s] Level 1:colcon.colcon_core.shell:create_environment_hook('pattern_recognition', 'ament_prefix_path')
[0.534s] INFO:colcon.colcon_core.shell:Creating environment hook '/home/hemingshan/exo_ws/src/install/pattern_recognition/share/pattern_recognition/hook/ament_prefix_path.ps1'
[0.536s] INFO:colcon.colcon_core.shell:Creating environment descriptor '/home/hemingshan/exo_ws/src/install/pattern_recognition/share/pattern_recognition/hook/ament_prefix_path.dsv'
[0.536s] INFO:colcon.colcon_core.shell:Creating environment hook '/home/hemingshan/exo_ws/src/install/pattern_recognition/share/pattern_recognition/hook/ament_prefix_path.sh'
[0.538s] INFO:colcon.colcon_core.shell:Skip shell extension 'powershell' for command environment: Not usable outside of PowerShell
[0.538s] DEBUG:colcon.colcon_core.shell:Skip shell extension 'dsv' for command environment
[0.540s] DEBUG:colcon.colcon_core.shell:Ignoring prefix path '/opt/ros/foxy'
[0.542s] INFO:colcon.colcon_ros.task.ament_cmake.build:Building ROS package in '/home/hemingshan/exo_ws/src/security_module' with build type 'ament_cmake'
[0.543s] INFO:colcon.colcon_cmake.task.cmake.build:Building CMake package in '/home/hemingshan/exo_ws/src/security_module'
[0.544s] INFO:colcon.colcon_core.shell:Skip shell extension 'powershell' for command environment: Not usable outside of PowerShell
[0.544s] DEBUG:colcon.colcon_core.shell:Skip shell extension 'dsv' for command environment
[0.547s] DEBUG:colcon.colcon_core.shell:Ignoring prefix path '/opt/ros/foxy'
[0.549s] INFO:colcon.colcon_ros.task.ament_cmake.build:Building ROS package in '/home/hemingshan/exo_ws/src/sensor_module' with build type 'ament_cmake'
[0.550s] INFO:colcon.colcon_cmake.task.cmake.build:Building CMake package in '/home/hemingshan/exo_ws/src/sensor_module'
[0.552s] INFO:colcon.colcon_core.shell:Skip shell extension 'powershell' for command environment: Not usable outside of PowerShell
[0.552s] DEBUG:colcon.colcon_core.shell:Skip shell extension 'dsv' for command environment
[0.555s] DEBUG:colcon.colcon_core.shell:Ignoring prefix path '/opt/ros/foxy'
[0.564s] DEBUG:colcon.colcon_core.event_handler.log_command:Invoking command in '/home/hemingshan/exo_ws/src/build/exoskeleton_control': CMAKE_PREFIX_PATH=${CMAKE_PREFIX_PATH}:/home/hemingshan/exo_ws/install/pattern_recognition:/opt/ros/foxy /usr/bin/cmake --build /home/hemingshan/exo_ws/src/build/exoskeleton_control -- -j8 -l8
[0.577s] DEBUG:colcon.colcon_core.event_handler.log_command:Invoking command in '/home/hemingshan/exo_ws/src/build/exoskeleton_description': CMAKE_PREFIX_PATH=${CMAKE_PREFIX_PATH}:/home/hemingshan/exo_ws/install/pattern_recognition:/opt/ros/foxy /usr/bin/cmake --build /home/hemingshan/exo_ws/src/build/exoskeleton_description -- -j8 -l8
[0.895s] DEBUG:colcon.colcon_core.event_handler.log_command:Invoking command in '/home/hemingshan/exo_ws/src/joint_state_publisher': PYTHONPATH=/home/hemingshan/exo_ws/src/install/joint_state_publisher/lib/python3.8/site-packages:${PYTHONPATH} /usr/bin/python3 setup.py egg_info --egg-base ../build/joint_state_publisher build --build-base /home/hemingshan/exo_ws/src/build/joint_state_publisher/build install --prefix /home/hemingshan/exo_ws/src/install/joint_state_publisher --record /home/hemingshan/exo_ws/src/build/joint_state_publisher/install.log --single-version-externally-managed
[1.173s] INFO:colcon.colcon_core.task.python.build:Building Python package in '/home/hemingshan/exo_ws/src/pattern_recognition'
[1.174s] INFO:colcon.colcon_core.shell:Skip shell extension 'powershell' for command environment: Not usable outside of PowerShell
[1.174s] DEBUG:colcon.colcon_core.shell:Skip shell extension 'dsv' for command environment
[1.176s] DEBUG:colcon.colcon_core.shell:Ignoring prefix path '/opt/ros/foxy'
[1.184s] DEBUG:colcon.colcon_core.event_handler.log_command:Invoking command in '/home/hemingshan/exo_ws/src/build/security_module': CMAKE_PREFIX_PATH=${CMAKE_PREFIX_PATH}:/home/hemingshan/exo_ws/install/pattern_recognition:/opt/ros/foxy /usr/bin/cmake --build /home/hemingshan/exo_ws/src/build/security_module -- -j8 -l8
[1.190s] DEBUG:colcon.colcon_core.event_handler.log_command:Invoking command in '/home/hemingshan/exo_ws/src/build/sensor_module': CMAKE_PREFIX_PATH=${CMAKE_PREFIX_PATH}:/home/hemingshan/exo_ws/install/pattern_recognition:/opt/ros/foxy /usr/bin/cmake --build /home/hemingshan/exo_ws/src/build/sensor_module -- -j8 -l8
[1.202s] DEBUG:colcon.colcon_core.event_handler.log_command:Invoked command in '/home/hemingshan/exo_ws/src/build/exoskeleton_control' returned '0': CMAKE_PREFIX_PATH=${CMAKE_PREFIX_PATH}:/home/hemingshan/exo_ws/install/pattern_recognition:/opt/ros/foxy /usr/bin/cmake --build /home/hemingshan/exo_ws/src/build/exoskeleton_control -- -j8 -l8
[1.205s] DEBUG:colcon.colcon_core.event_handler.log_command:Invoked command in '/home/hemingshan/exo_ws/src/build/exoskeleton_description' returned '0': CMAKE_PREFIX_PATH=${CMAKE_PREFIX_PATH}:/home/hemingshan/exo_ws/install/pattern_recognition:/opt/ros/foxy /usr/bin/cmake --build /home/hemingshan/exo_ws/src/build/exoskeleton_description -- -j8 -l8
[1.220s] DEBUG:colcon.colcon_core.event_handler.log_command:Invoking command in '/home/hemingshan/exo_ws/src/pattern_recognition': PYTHONPATH=/home/hemingshan/exo_ws/src/install/pattern_recognition/lib/python3.8/site-packages:${PYTHONPATH} /usr/bin/python3 setup.py egg_info --egg-base ../build/pattern_recognition build --build-base /home/hemingshan/exo_ws/src/build/pattern_recognition/build install --prefix /home/hemingshan/exo_ws/src/install/pattern_recognition --record /home/hemingshan/exo_ws/src/build/pattern_recognition/install.log --single-version-externally-managed
[1.307s] DEBUG:colcon.colcon_core.event_handler.log_command:Invoking command in '/home/hemingshan/exo_ws/src/build/exoskeleton_description': CMAKE_PREFIX_PATH=${CMAKE_PREFIX_PATH}:/home/hemingshan/exo_ws/install/pattern_recognition:/opt/ros/foxy /usr/bin/cmake --install /home/hemingshan/exo_ws/src/build/exoskeleton_description
[1.324s] DEBUG:colcon.colcon_core.event_handler.log_command:Invoked command in '/home/hemingshan/exo_ws/src/joint_state_publisher' returned '0': PYTHONPATH=/home/hemingshan/exo_ws/src/install/joint_state_publisher/lib/python3.8/site-packages:${PYTHONPATH} /usr/bin/python3 setup.py egg_info --egg-base ../build/joint_state_publisher build --build-base /home/hemingshan/exo_ws/src/build/joint_state_publisher/build install --prefix /home/hemingshan/exo_ws/src/install/joint_state_publisher --record /home/hemingshan/exo_ws/src/build/joint_state_publisher/install.log --single-version-externally-managed
[1.329s] Level 1:colcon.colcon_core.environment:checking '/home/hemingshan/exo_ws/src/install/joint_state_publisher' for CMake module files
[1.330s] Level 1:colcon.colcon_core.environment:checking '/home/hemingshan/exo_ws/src/install/joint_state_publisher' for CMake config files
[1.332s] Level 1:colcon.colcon_core.environment:checking '/home/hemingshan/exo_ws/src/install/joint_state_publisher/lib'
[1.336s] Level 1:colcon.colcon_core.environment:checking '/home/hemingshan/exo_ws/src/install/joint_state_publisher/bin'
[1.337s] Level 1:colcon.colcon_core.environment:checking '/home/hemingshan/exo_ws/src/install/joint_state_publisher/lib/pkgconfig/joint_state_publisher.pc'
[1.337s] Level 1:colcon.colcon_core.environment:checking '/home/hemingshan/exo_ws/src/install/joint_state_publisher/lib/python3.8/site-packages'
[1.337s] Level 1:colcon.colcon_core.shell:create_environment_hook('joint_state_publisher', 'pythonpath')
[1.338s] INFO:colcon.colcon_core.shell:Creating environment hook '/home/hemingshan/exo_ws/src/install/joint_state_publisher/share/joint_state_publisher/hook/pythonpath.ps1'
[1.339s] INFO:colcon.colcon_core.shell:Creating environment descriptor '/home/hemingshan/exo_ws/src/install/joint_state_publisher/share/joint_state_publisher/hook/pythonpath.dsv'
[1.340s] INFO:colcon.colcon_core.shell:Creating environment hook '/home/hemingshan/exo_ws/src/install/joint_state_publisher/share/joint_state_publisher/hook/pythonpath.sh'
[1.341s] Level 1:colcon.colcon_core.environment:create_environment_scripts_only(joint_state_publisher)
[1.342s] INFO:colcon.colcon_core.shell:Creating package script '/home/hemingshan/exo_ws/src/install/joint_state_publisher/share/joint_state_publisher/package.ps1'
[1.343s] INFO:colcon.colcon_core.shell:Creating package descriptor '/home/hemingshan/exo_ws/src/install/joint_state_publisher/share/joint_state_publisher/package.dsv'
[1.344s] INFO:colcon.colcon_core.shell:Creating package script '/home/hemingshan/exo_ws/src/install/joint_state_publisher/share/joint_state_publisher/package.sh'
[1.345s] INFO:colcon.colcon_core.shell:Creating package script '/home/hemingshan/exo_ws/src/install/joint_state_publisher/share/joint_state_publisher/package.bash'
[1.346s] INFO:colcon.colcon_core.shell:Creating package script '/home/hemingshan/exo_ws/src/install/joint_state_publisher/share/joint_state_publisher/package.zsh'
[1.348s] Level 1:colcon.colcon_core.environment:create_file_with_runtime_dependencies(/home/hemingshan/exo_ws/src/install/joint_state_publisher/share/colcon-core/packages/joint_state_publisher)
[1.359s] Level 1:colcon.colcon_core.environment:create_environment_scripts_only(exoskeleton_description)
[1.362s] Level 1:colcon.colcon_core.environment:checking '/home/hemingshan/exo_ws/src/install/exoskeleton_description' for CMake module files
[1.364s] DEBUG:colcon.colcon_core.event_handler.log_command:Invoked command in '/home/hemingshan/exo_ws/src/build/security_module' returned '0': CMAKE_PREFIX_PATH=${CMAKE_PREFIX_PATH}:/home/hemingshan/exo_ws/install/pattern_recognition:/opt/ros/foxy /usr/bin/cmake --build /home/hemingshan/exo_ws/src/build/security_module -- -j8 -l8
[1.364s] DEBUG:colcon.colcon_core.event_handler.log_command:Invoking command in '/home/hemingshan/exo_ws/src/build/exoskeleton_control': CMAKE_PREFIX_PATH=${CMAKE_PREFIX_PATH}:/home/hemingshan/exo_ws/install/pattern_recognition:/opt/ros/foxy /usr/bin/cmake --install /home/hemingshan/exo_ws/src/build/exoskeleton_control
[1.365s] DEBUG:colcon.colcon_core.event_handler.log_command:Invoked command in '/home/hemingshan/exo_ws/src/build/exoskeleton_description' returned '0': CMAKE_PREFIX_PATH=${CMAKE_PREFIX_PATH}:/home/hemingshan/exo_ws/install/pattern_recognition:/opt/ros/foxy /usr/bin/cmake --install /home/hemingshan/exo_ws/src/build/exoskeleton_description
[1.365s] Level 1:colcon.colcon_core.environment:checking '/home/hemingshan/exo_ws/src/install/exoskeleton_description' for CMake config files
[1.366s] Level 1:colcon.colcon_core.shell:create_environment_hook('exoskeleton_description', 'cmake_prefix_path')
[1.367s] INFO:colcon.colcon_core.shell:Creating environment hook '/home/hemingshan/exo_ws/src/install/exoskeleton_description/share/exoskeleton_description/hook/cmake_prefix_path.ps1'
[1.368s] INFO:colcon.colcon_core.shell:Creating environment descriptor '/home/hemingshan/exo_ws/src/install/exoskeleton_description/share/exoskeleton_description/hook/cmake_prefix_path.dsv'
[1.371s] INFO:colcon.colcon_core.shell:Creating environment hook '/home/hemingshan/exo_ws/src/install/exoskeleton_description/share/exoskeleton_description/hook/cmake_prefix_path.sh'
[1.373s] Level 1:colcon.colcon_core.environment:checking '/home/hemingshan/exo_ws/src/install/exoskeleton_description/bin'
[1.374s] Level 1:colcon.colcon_core.environment:checking '/home/hemingshan/exo_ws/src/install/exoskeleton_description/lib/pkgconfig/exoskeleton_description.pc'
[1.374s] Level 1:colcon.colcon_core.environment:checking '/home/hemingshan/exo_ws/src/install/exoskeleton_description/lib/python3.8/site-packages'
[1.375s] INFO:colcon.colcon_core.shell:Creating package script '/home/hemingshan/exo_ws/src/install/exoskeleton_description/share/exoskeleton_description/package.ps1'
[1.376s] INFO:colcon.colcon_core.shell:Creating package descriptor '/home/hemingshan/exo_ws/src/install/exoskeleton_description/share/exoskeleton_description/package.dsv'
[1.377s] INFO:colcon.colcon_core.shell:Creating package script '/home/hemingshan/exo_ws/src/install/exoskeleton_description/share/exoskeleton_description/package.sh'
[1.378s] INFO:colcon.colcon_core.shell:Creating package script '/home/hemingshan/exo_ws/src/install/exoskeleton_description/share/exoskeleton_description/package.bash'
[1.379s] INFO:colcon.colcon_core.shell:Creating package script '/home/hemingshan/exo_ws/src/install/exoskeleton_description/share/exoskeleton_description/package.zsh'
[1.379s] Level 1:colcon.colcon_core.environment:create_file_with_runtime_dependencies(/home/hemingshan/exo_ws/src/install/exoskeleton_description/share/colcon-core/packages/exoskeleton_description)
[1.384s] DEBUG:colcon.colcon_core.event_handler.log_command:Invoked command in '/home/hemingshan/exo_ws/src/build/sensor_module' returned '0': CMAKE_PREFIX_PATH=${CMAKE_PREFIX_PATH}:/home/hemingshan/exo_ws/install/pattern_recognition:/opt/ros/foxy /usr/bin/cmake --build /home/hemingshan/exo_ws/src/build/sensor_module -- -j8 -l8
[1.388s] Level 1:colcon.colcon_core.environment:create_environment_scripts_only(exoskeleton_control)
[1.390s] Level 1:colcon.colcon_core.environment:checking '/home/hemingshan/exo_ws/src/install/exoskeleton_control' for CMake module files
[1.390s] DEBUG:colcon.colcon_core.event_handler.log_command:Invoked command in '/home/hemingshan/exo_ws/src/build/exoskeleton_control' returned '0': CMAKE_PREFIX_PATH=${CMAKE_PREFIX_PATH}:/home/hemingshan/exo_ws/install/pattern_recognition:/opt/ros/foxy /usr/bin/cmake --install /home/hemingshan/exo_ws/src/build/exoskeleton_control
[1.391s] Level 1:colcon.colcon_core.environment:checking '/home/hemingshan/exo_ws/src/install/exoskeleton_control' for CMake config files
[1.391s] Level 1:colcon.colcon_core.shell:create_environment_hook('exoskeleton_control', 'cmake_prefix_path')
[1.392s] INFO:colcon.colcon_core.shell:Creating environment hook '/home/hemingshan/exo_ws/src/install/exoskeleton_control/share/exoskeleton_control/hook/cmake_prefix_path.ps1'
[1.393s] INFO:colcon.colcon_core.shell:Creating environment descriptor '/home/hemingshan/exo_ws/src/install/exoskeleton_control/share/exoskeleton_control/hook/cmake_prefix_path.dsv'
[1.394s] INFO:colcon.colcon_core.shell:Creating environment hook '/home/hemingshan/exo_ws/src/install/exoskeleton_control/share/exoskeleton_control/hook/cmake_prefix_path.sh'
[1.395s] Level 1:colcon.colcon_core.environment:checking '/home/hemingshan/exo_ws/src/install/exoskeleton_control/lib'
[1.395s] Level 1:colcon.colcon_core.environment:checking '/home/hemingshan/exo_ws/src/install/exoskeleton_control/bin'
[1.395s] Level 1:colcon.colcon_core.environment:checking '/home/hemingshan/exo_ws/src/install/exoskeleton_control/lib/pkgconfig/exoskeleton_control.pc'
[1.395s] Level 1:colcon.colcon_core.environment:checking '/home/hemingshan/exo_ws/src/install/exoskeleton_control/lib/python3.8/site-packages'
[1.396s] INFO:colcon.colcon_core.shell:Creating package script '/home/hemingshan/exo_ws/src/install/exoskeleton_control/share/exoskeleton_control/package.ps1'
[1.397s] INFO:colcon.colcon_core.shell:Creating package descriptor '/home/hemingshan/exo_ws/src/install/exoskeleton_control/share/exoskeleton_control/package.dsv'
[1.397s] INFO:colcon.colcon_core.shell:Creating package script '/home/hemingshan/exo_ws/src/install/exoskeleton_control/share/exoskeleton_control/package.sh'
[1.398s] INFO:colcon.colcon_core.shell:Creating package script '/home/hemingshan/exo_ws/src/install/exoskeleton_control/share/exoskeleton_control/package.bash'
[1.398s] INFO:colcon.colcon_core.shell:Creating package script '/home/hemingshan/exo_ws/src/install/exoskeleton_control/share/exoskeleton_control/package.zsh'
[1.398s] Level 1:colcon.colcon_core.environment:create_file_with_runtime_dependencies(/home/hemingshan/exo_ws/src/install/exoskeleton_control/share/colcon-core/packages/exoskeleton_control)
[1.406s] DEBUG:colcon.colcon_core.event_handler.log_command:Invoking command in '/home/hemingshan/exo_ws/src/build/security_module': CMAKE_PREFIX_PATH=${CMAKE_PREFIX_PATH}:/home/hemingshan/exo_ws/install/pattern_recognition:/opt/ros/foxy /usr/bin/cmake --install /home/hemingshan/exo_ws/src/build/security_module
[1.410s] Level 1:colcon.colcon_core.environment:create_environment_scripts_only(exoskeleton_description)
[1.412s] Level 1:colcon.colcon_core.environment:checking '/home/hemingshan/exo_ws/src/install/exoskeleton_description' for CMake module files
[1.413s] Level 1:colcon.colcon_core.environment:checking '/home/hemingshan/exo_ws/src/install/exoskeleton_description' for CMake config files
[1.414s] Level 1:colcon.colcon_core.shell:create_environment_hook('exoskeleton_description', 'cmake_prefix_path')
[1.415s] INFO:colcon.colcon_core.shell:Creating environment hook '/home/hemingshan/exo_ws/src/install/exoskeleton_description/share/exoskeleton_description/hook/cmake_prefix_path.ps1'
[1.417s] INFO:colcon.colcon_core.shell:Creating environment descriptor '/home/hemingshan/exo_ws/src/install/exoskeleton_description/share/exoskeleton_description/hook/cmake_prefix_path.dsv'
[1.426s] INFO:colcon.colcon_core.shell:Creating environment hook '/home/hemingshan/exo_ws/src/install/exoskeleton_description/share/exoskeleton_description/hook/cmake_prefix_path.sh'
[1.427s] Level 1:colcon.colcon_core.environment:checking '/home/hemingshan/exo_ws/src/install/exoskeleton_description/bin'
[1.427s] Level 1:colcon.colcon_core.environment:checking '/home/hemingshan/exo_ws/src/install/exoskeleton_description/lib/pkgconfig/exoskeleton_description.pc'
[1.427s] Level 1:colcon.colcon_core.environment:checking '/home/hemingshan/exo_ws/src/install/exoskeleton_description/lib/python3.8/site-packages'
[1.428s] INFO:colcon.colcon_core.shell:Creating package script '/home/hemingshan/exo_ws/src/install/exoskeleton_description/share/exoskeleton_description/package.ps1'
[1.429s] INFO:colcon.colcon_core.shell:Creating package descriptor '/home/hemingshan/exo_ws/src/install/exoskeleton_description/share/exoskeleton_description/package.dsv'
[1.430s] INFO:colcon.colcon_core.shell:Creating package script '/home/hemingshan/exo_ws/src/install/exoskeleton_description/share/exoskeleton_description/package.sh'
[1.431s] INFO:colcon.colcon_core.shell:Creating package script '/home/hemingshan/exo_ws/src/install/exoskeleton_description/share/exoskeleton_description/package.bash'
[1.431s] INFO:colcon.colcon_core.shell:Creating package script '/home/hemingshan/exo_ws/src/install/exoskeleton_description/share/exoskeleton_description/package.zsh'
[1.432s] Level 1:colcon.colcon_core.environment:create_file_with_runtime_dependencies(/home/hemingshan/exo_ws/src/install/exoskeleton_description/share/colcon-core/packages/exoskeleton_description)
[1.437s] DEBUG:colcon.colcon_core.event_handler.log_command:Invoking command in '/home/hemingshan/exo_ws/src/build/sensor_module': CMAKE_PREFIX_PATH=${CMAKE_PREFIX_PATH}:/home/hemingshan/exo_ws/install/pattern_recognition:/opt/ros/foxy /usr/bin/cmake --install /home/hemingshan/exo_ws/src/build/sensor_module
[1.439s] Level 1:colcon.colcon_core.environment:create_environment_scripts_only(security_module)
[1.441s] Level 1:colcon.colcon_core.environment:checking '/home/hemingshan/exo_ws/src/install/security_module' for CMake module files
[1.442s] DEBUG:colcon.colcon_core.event_handler.log_command:Invoked command in '/home/hemingshan/exo_ws/src/build/security_module' returned '0': CMAKE_PREFIX_PATH=${CMAKE_PREFIX_PATH}:/home/hemingshan/exo_ws/install/pattern_recognition:/opt/ros/foxy /usr/bin/cmake --install /home/hemingshan/exo_ws/src/build/security_module
[1.443s] Level 1:colcon.colcon_core.environment:checking '/home/hemingshan/exo_ws/src/install/security_module' for CMake config files
[1.443s] Level 1:colcon.colcon_core.shell:create_environment_hook('security_module', 'cmake_prefix_path')
[1.444s] INFO:colcon.colcon_core.shell:Creating environment hook '/home/hemingshan/exo_ws/src/install/security_module/share/security_module/hook/cmake_prefix_path.ps1'
[1.445s] INFO:colcon.colcon_core.shell:Creating environment descriptor '/home/hemingshan/exo_ws/src/install/security_module/share/security_module/hook/cmake_prefix_path.dsv'
[1.446s] INFO:colcon.colcon_core.shell:Creating environment hook '/home/hemingshan/exo_ws/src/install/security_module/share/security_module/hook/cmake_prefix_path.sh'
[1.448s] Level 1:colcon.colcon_core.environment:checking '/home/hemingshan/exo_ws/src/install/security_module/lib'
[1.448s] Level 1:colcon.colcon_core.environment:checking '/home/hemingshan/exo_ws/src/install/security_module/bin'
[1.449s] Level 1:colcon.colcon_core.environment:checking '/home/hemingshan/exo_ws/src/install/security_module/lib/pkgconfig/security_module.pc'
[1.449s] Level 1:colcon.colcon_core.environment:checking '/home/hemingshan/exo_ws/src/install/security_module/lib/python3.8/site-packages'
[1.451s] INFO:colcon.colcon_core.shell:Creating package script '/home/hemingshan/exo_ws/src/install/security_module/share/security_module/package.ps1'
[1.452s] INFO:colcon.colcon_core.shell:Creating package descriptor '/home/hemingshan/exo_ws/src/install/security_module/share/security_module/package.dsv'
[1.453s] INFO:colcon.colcon_core.shell:Creating package script '/home/hemingshan/exo_ws/src/install/security_module/share/security_module/package.sh'
[1.454s] INFO:colcon.colcon_core.shell:Creating package script '/home/hemingshan/exo_ws/src/install/security_module/share/security_module/package.bash'
[1.455s] INFO:colcon.colcon_core.shell:Creating package script '/home/hemingshan/exo_ws/src/install/security_module/share/security_module/package.zsh'
[1.455s] Level 1:colcon.colcon_core.environment:create_file_with_runtime_dependencies(/home/hemingshan/exo_ws/src/install/security_module/share/colcon-core/packages/security_module)
[1.462s] Level 1:colcon.colcon_core.environment:create_environment_scripts_only(exoskeleton_control)
[1.464s] Level 1:colcon.colcon_core.environment:checking '/home/hemingshan/exo_ws/src/install/exoskeleton_control' for CMake module files
[1.465s] Level 1:colcon.colcon_core.environment:checking '/home/hemingshan/exo_ws/src/install/exoskeleton_control' for CMake config files
[1.465s] Level 1:colcon.colcon_core.shell:create_environment_hook('exoskeleton_control', 'cmake_prefix_path')
[1.467s] INFO:colcon.colcon_core.shell:Creating environment hook '/home/hemingshan/exo_ws/src/install/exoskeleton_control/share/exoskeleton_control/hook/cmake_prefix_path.ps1'
[1.468s] INFO:colcon.colcon_core.shell:Creating environment descriptor '/home/hemingshan/exo_ws/src/install/exoskeleton_control/share/exoskeleton_control/hook/cmake_prefix_path.dsv'
[1.468s] INFO:colcon.colcon_core.shell:Creating environment hook '/home/hemingshan/exo_ws/src/install/exoskeleton_control/share/exoskeleton_control/hook/cmake_prefix_path.sh'
[1.469s] Level 1:colcon.colcon_core.environment:checking '/home/hemingshan/exo_ws/src/install/exoskeleton_control/lib'
[1.469s] Level 1:colcon.colcon_core.environment:checking '/home/hemingshan/exo_ws/src/install/exoskeleton_control/bin'
[1.469s] Level 1:colcon.colcon_core.environment:checking '/home/hemingshan/exo_ws/src/install/exoskeleton_control/lib/pkgconfig/exoskeleton_control.pc'
[1.469s] Level 1:colcon.colcon_core.environment:checking '/home/hemingshan/exo_ws/src/install/exoskeleton_control/lib/python3.8/site-packages'
[1.471s] INFO:colcon.colcon_core.shell:Creating package script '/home/hemingshan/exo_ws/src/install/exoskeleton_control/share/exoskeleton_control/package.ps1'
[1.472s] INFO:colcon.colcon_core.shell:Creating package descriptor '/home/hemingshan/exo_ws/src/install/exoskeleton_control/share/exoskeleton_control/package.dsv'
[1.472s] INFO:colcon.colcon_core.shell:Creating package script '/home/hemingshan/exo_ws/src/install/exoskeleton_control/share/exoskeleton_control/package.sh'
[1.473s] INFO:colcon.colcon_core.shell:Creating package script '/home/hemingshan/exo_ws/src/install/exoskeleton_control/share/exoskeleton_control/package.bash'
[1.473s] INFO:colcon.colcon_core.shell:Creating package script '/home/hemingshan/exo_ws/src/install/exoskeleton_control/share/exoskeleton_control/package.zsh'
[1.474s] Level 1:colcon.colcon_core.environment:create_file_with_runtime_dependencies(/home/hemingshan/exo_ws/src/install/exoskeleton_control/share/colcon-core/packages/exoskeleton_control)
[1.475s] Level 1:colcon.colcon_core.environment:create_environment_scripts_only(sensor_module)
[1.477s] Level 1:colcon.colcon_core.environment:checking '/home/hemingshan/exo_ws/src/install/sensor_module' for CMake module files
[1.478s] DEBUG:colcon.colcon_core.event_handler.log_command:Invoked command in '/home/hemingshan/exo_ws/src/build/sensor_module' returned '0': CMAKE_PREFIX_PATH=${CMAKE_PREFIX_PATH}:/home/hemingshan/exo_ws/install/pattern_recognition:/opt/ros/foxy /usr/bin/cmake --install /home/hemingshan/exo_ws/src/build/sensor_module
[1.479s] Level 1:colcon.colcon_core.environment:checking '/home/hemingshan/exo_ws/src/install/sensor_module' for CMake config files
[1.479s] Level 1:colcon.colcon_core.shell:create_environment_hook('sensor_module', 'cmake_prefix_path')
[1.480s] INFO:colcon.colcon_core.shell:Creating environment hook '/home/hemingshan/exo_ws/src/install/sensor_module/share/sensor_module/hook/cmake_prefix_path.ps1'
[1.480s] INFO:colcon.colcon_core.shell:Creating environment descriptor '/home/hemingshan/exo_ws/src/install/sensor_module/share/sensor_module/hook/cmake_prefix_path.dsv'
[1.481s] INFO:colcon.colcon_core.shell:Creating environment hook '/home/hemingshan/exo_ws/src/install/sensor_module/share/sensor_module/hook/cmake_prefix_path.sh'
[1.481s] Level 1:colcon.colcon_core.environment:checking '/home/hemingshan/exo_ws/src/install/sensor_module/lib'
[1.481s] Level 1:colcon.colcon_core.environment:checking '/home/hemingshan/exo_ws/src/install/sensor_module/bin'
[1.481s] Level 1:colcon.colcon_core.environment:checking '/home/hemingshan/exo_ws/src/install/sensor_module/lib/pkgconfig/sensor_module.pc'
[1.482s] Level 1:colcon.colcon_core.environment:checking '/home/hemingshan/exo_ws/src/install/sensor_module/lib/python3.8/site-packages'
[1.482s] INFO:colcon.colcon_core.shell:Creating package script '/home/hemingshan/exo_ws/src/install/sensor_module/share/sensor_module/package.ps1'
[1.483s] INFO:colcon.colcon_core.shell:Creating package descriptor '/home/hemingshan/exo_ws/src/install/sensor_module/share/sensor_module/package.dsv'
[1.484s] INFO:colcon.colcon_core.shell:Creating package script '/home/hemingshan/exo_ws/src/install/sensor_module/share/sensor_module/package.sh'
[1.485s] INFO:colcon.colcon_core.shell:Creating package script '/home/hemingshan/exo_ws/src/install/sensor_module/share/sensor_module/package.bash'
[1.485s] INFO:colcon.colcon_core.shell:Creating package script '/home/hemingshan/exo_ws/src/install/sensor_module/share/sensor_module/package.zsh'
[1.486s] Level 1:colcon.colcon_core.environment:create_file_with_runtime_dependencies(/home/hemingshan/exo_ws/src/install/sensor_module/share/colcon-core/packages/sensor_module)
[1.491s] Level 1:colcon.colcon_core.environment:create_environment_scripts_only(security_module)
[1.492s] Level 1:colcon.colcon_core.environment:checking '/home/hemingshan/exo_ws/src/install/security_module' for CMake module files
[1.493s] Level 1:colcon.colcon_core.environment:checking '/home/hemingshan/exo_ws/src/install/security_module' for CMake config files
[1.493s] Level 1:colcon.colcon_core.shell:create_environment_hook('security_module', 'cmake_prefix_path')
[1.494s] INFO:colcon.colcon_core.shell:Creating environment hook '/home/hemingshan/exo_ws/src/install/security_module/share/security_module/hook/cmake_prefix_path.ps1'
[1.495s] INFO:colcon.colcon_core.shell:Creating environment descriptor '/home/hemingshan/exo_ws/src/install/security_module/share/security_module/hook/cmake_prefix_path.dsv'
[1.496s] INFO:colcon.colcon_core.shell:Creating environment hook '/home/hemingshan/exo_ws/src/install/security_module/share/security_module/hook/cmake_prefix_path.sh'
[1.496s] Level 1:colcon.colcon_core.environment:checking '/home/hemingshan/exo_ws/src/install/security_module/lib'
[1.497s] Level 1:colcon.colcon_core.environment:checking '/home/hemingshan/exo_ws/src/install/security_module/bin'
[1.497s] Level 1:colcon.colcon_core.environment:checking '/home/hemingshan/exo_ws/src/install/security_module/lib/pkgconfig/security_module.pc'
[1.497s] Level 1:colcon.colcon_core.environment:checking '/home/hemingshan/exo_ws/src/install/security_module/lib/python3.8/site-packages'
[1.498s] INFO:colcon.colcon_core.shell:Creating package script '/home/hemingshan/exo_ws/src/install/security_module/share/security_module/package.ps1'
[1.499s] INFO:colcon.colcon_core.shell:Creating package descriptor '/home/hemingshan/exo_ws/src/install/security_module/share/security_module/package.dsv'
[1.500s] INFO:colcon.colcon_core.shell:Creating package script '/home/hemingshan/exo_ws/src/install/security_module/share/security_module/package.sh'
[1.500s] INFO:colcon.colcon_core.shell:Creating package script '/home/hemingshan/exo_ws/src/install/security_module/share/security_module/package.bash'
[1.501s] INFO:colcon.colcon_core.shell:Creating package script '/home/hemingshan/exo_ws/src/install/security_module/share/security_module/package.zsh'
[1.502s] Level 1:colcon.colcon_core.environment:create_file_with_runtime_dependencies(/home/hemingshan/exo_ws/src/install/security_module/share/colcon-core/packages/security_module)
[1.525s] Level 1:colcon.colcon_core.environment:create_environment_scripts_only(sensor_module)
[1.526s] Level 1:colcon.colcon_core.environment:checking '/home/hemingshan/exo_ws/src/install/sensor_module' for CMake module files
[1.527s] Level 1:colcon.colcon_core.environment:checking '/home/hemingshan/exo_ws/src/install/sensor_module' for CMake config files
[1.527s] Level 1:colcon.colcon_core.shell:create_environment_hook('sensor_module', 'cmake_prefix_path')
[1.528s] INFO:colcon.colcon_core.shell:Creating environment hook '/home/hemingshan/exo_ws/src/install/sensor_module/share/sensor_module/hook/cmake_prefix_path.ps1'
[1.528s] INFO:colcon.colcon_core.shell:Creating environment descriptor '/home/hemingshan/exo_ws/src/install/sensor_module/share/sensor_module/hook/cmake_prefix_path.dsv'
[1.529s] INFO:colcon.colcon_core.shell:Creating environment hook '/home/hemingshan/exo_ws/src/install/sensor_module/share/sensor_module/hook/cmake_prefix_path.sh'
[1.529s] Level 1:colcon.colcon_core.environment:checking '/home/hemingshan/exo_ws/src/install/sensor_module/lib'
[1.529s] Level 1:colcon.colcon_core.environment:checking '/home/hemingshan/exo_ws/src/install/sensor_module/bin'
[1.529s] Level 1:colcon.colcon_core.environment:checking '/home/hemingshan/exo_ws/src/install/sensor_module/lib/pkgconfig/sensor_module.pc'
[1.529s] Level 1:colcon.colcon_core.environment:checking '/home/hemingshan/exo_ws/src/install/sensor_module/lib/python3.8/site-packages'
[1.530s] INFO:colcon.colcon_core.shell:Creating package script '/home/hemingshan/exo_ws/src/install/sensor_module/share/sensor_module/package.ps1'
[1.531s] INFO:colcon.colcon_core.shell:Creating package descriptor '/home/hemingshan/exo_ws/src/install/sensor_module/share/sensor_module/package.dsv'
[1.531s] INFO:colcon.colcon_core.shell:Creating package script '/home/hemingshan/exo_ws/src/install/sensor_module/share/sensor_module/package.sh'
[1.532s] INFO:colcon.colcon_core.shell:Creating package script '/home/hemingshan/exo_ws/src/install/sensor_module/share/sensor_module/package.bash'
[1.532s] INFO:colcon.colcon_core.shell:Creating package script '/home/hemingshan/exo_ws/src/install/sensor_module/share/sensor_module/package.zsh'
[1.533s] Level 1:colcon.colcon_core.environment:create_file_with_runtime_dependencies(/home/hemingshan/exo_ws/src/install/sensor_module/share/colcon-core/packages/sensor_module)
[1.674s] Level 1:colcon.colcon_core.environment:checking '/home/hemingshan/exo_ws/src/install/pattern_recognition' for CMake module files
[1.674s] DEBUG:colcon.colcon_core.event_handler.log_command:Invoked command in '/home/hemingshan/exo_ws/src/pattern_recognition' returned '0': PYTHONPATH=/home/hemingshan/exo_ws/src/install/pattern_recognition/lib/python3.8/site-packages:${PYTHONPATH} /usr/bin/python3 setup.py egg_info --egg-base ../build/pattern_recognition build --build-base /home/hemingshan/exo_ws/src/build/pattern_recognition/build install --prefix /home/hemingshan/exo_ws/src/install/pattern_recognition --record /home/hemingshan/exo_ws/src/build/pattern_recognition/install.log --single-version-externally-managed
[1.675s] Level 1:colcon.colcon_core.environment:checking '/home/hemingshan/exo_ws/src/install/pattern_recognition' for CMake config files
[1.675s] Level 1:colcon.colcon_core.environment:checking '/home/hemingshan/exo_ws/src/install/pattern_recognition/lib'
[1.676s] Level 1:colcon.colcon_core.environment:checking '/home/hemingshan/exo_ws/src/install/pattern_recognition/bin'
[1.676s] Level 1:colcon.colcon_core.environment:checking '/home/hemingshan/exo_ws/src/install/pattern_recognition/lib/pkgconfig/pattern_recognition.pc'
[1.676s] Level 1:colcon.colcon_core.environment:checking '/home/hemingshan/exo_ws/src/install/pattern_recognition/lib/python3.8/site-packages'
[1.676s] Level 1:colcon.colcon_core.shell:create_environment_hook('pattern_recognition', 'pythonpath')
[1.677s] INFO:colcon.colcon_core.shell:Creating environment hook '/home/hemingshan/exo_ws/src/install/pattern_recognition/share/pattern_recognition/hook/pythonpath.ps1'
[1.677s] INFO:colcon.colcon_core.shell:Creating environment descriptor '/home/hemingshan/exo_ws/src/install/pattern_recognition/share/pattern_recognition/hook/pythonpath.dsv'
[1.677s] INFO:colcon.colcon_core.shell:Creating environment hook '/home/hemingshan/exo_ws/src/install/pattern_recognition/share/pattern_recognition/hook/pythonpath.sh'
[1.678s] Level 1:colcon.colcon_core.environment:create_environment_scripts_only(pattern_recognition)
[1.678s] INFO:colcon.colcon_core.shell:Creating package script '/home/hemingshan/exo_ws/src/install/pattern_recognition/share/pattern_recognition/package.ps1'
[1.679s] INFO:colcon.colcon_core.shell:Creating package descriptor '/home/hemingshan/exo_ws/src/install/pattern_recognition/share/pattern_recognition/package.dsv'
[1.679s] INFO:colcon.colcon_core.shell:Creating package script '/home/hemingshan/exo_ws/src/install/pattern_recognition/share/pattern_recognition/package.sh'
[1.680s] INFO:colcon.colcon_core.shell:Creating package script '/home/hemingshan/exo_ws/src/install/pattern_recognition/share/pattern_recognition/package.bash'
[1.680s] INFO:colcon.colcon_core.shell:Creating package script '/home/hemingshan/exo_ws/src/install/pattern_recognition/share/pattern_recognition/package.zsh'
[1.680s] Level 1:colcon.colcon_core.environment:create_file_with_runtime_dependencies(/home/hemingshan/exo_ws/src/install/pattern_recognition/share/colcon-core/packages/pattern_recognition)
[1.681s] DEBUG:colcon.colcon_parallel_executor.executor.parallel:closing loop
[1.681s] DEBUG:colcon.colcon_parallel_executor.executor.parallel:loop closed
[1.681s] DEBUG:colcon.colcon_parallel_executor.executor.parallel:run_until_complete finished with '0'
[1.681s] DEBUG:colcon.colcon_core.event_reactor:joining thread
[1.689s] INFO:colcon.colcon_core.plugin_system:Skipping extension 'colcon_notification.desktop_notification.terminal_notifier': Not used on non-Darwin systems
[1.690s] INFO:colcon.colcon_core.plugin_system:Skipping extension 'colcon_notification.desktop_notification.win32': Not used on non-Windows systems
[1.690s] INFO:colcon.colcon_notification.desktop_notification:Sending desktop notification using 'notify2'
[1.702s] DEBUG:colcon.colcon_core.event_reactor:joined thread
[1.704s] INFO:colcon.colcon_core.shell:Creating prefix script '/home/hemingshan/exo_ws/src/install/local_setup.ps1'
[1.705s] INFO:colcon.colcon_core.shell:Creating prefix util module '/home/hemingshan/exo_ws/src/install/_local_setup_util_ps1.py'
[1.707s] INFO:colcon.colcon_core.shell:Creating prefix chain script '/home/hemingshan/exo_ws/src/install/setup.ps1'
[1.709s] INFO:colcon.colcon_core.shell:Creating prefix script '/home/hemingshan/exo_ws/src/install/local_setup.sh'
[1.710s] INFO:colcon.colcon_core.shell:Creating prefix util module '/home/hemingshan/exo_ws/src/install/_local_setup_util_sh.py'
[1.711s] INFO:colcon.colcon_core.shell:Creating prefix chain script '/home/hemingshan/exo_ws/src/install/setup.sh'
[1.713s] INFO:colcon.colcon_core.shell:Creating prefix script '/home/hemingshan/exo_ws/src/install/local_setup.bash'
[1.714s] INFO:colcon.colcon_core.shell:Creating prefix chain script '/home/hemingshan/exo_ws/src/install/setup.bash'
[1.717s] INFO:colcon.colcon_core.shell:Creating prefix script '/home/hemingshan/exo_ws/src/install/local_setup.zsh'
[1.718s] INFO:colcon.colcon_core.shell:Creating prefix chain script '/home/hemingshan/exo_ws/src/install/setup.zsh'
